#
# A fatal error has been detected by the Java Runtime Environment:
#
#  SIGSEGV (0xb) at pc=0x0000000000000000, pid=5204, tid=140337149986560
#
# JRE version: OpenJDK Runtime Environment (7.0_79-b14) (build 1.7.0_79-b14)
# Java VM: OpenJDK 64-Bit Server VM (24.79-b02 mixed mode linux-amd64 compressed oops)
# Derivative: IcedTea 2.5.6
# Distribution: Ubuntu 14.04 LTS, package 7u79-2.5.6-0ubuntu1.14.04.1
# Problematic frame:
# C  0x0000000000000000
#
# Failed to write core dump. Core dumps have been disabled. To enable core dumping, try "ulimit -c unlimited" before starting Java again
#
# If you would like to submit a bug report, please include
# instructions on how to reproduce the bug and visit:
#   http://icedtea.classpath.org/bugzilla
#

---------------  T H R E A D  ---------------

Current thread is native thread

siginfo:si_signo=SIGSEGV: si_errno=0, si_code=1 (SEGV_MAPERR), si_addr=0x0000000000000000

Registers:
RAX=0x00007fa30f1087c0, RBX=0x0000000000000400, RCX=0x00007fa2d055c600, RDX=0x00007fa2d055c600
RSP=0x00007fa2c9f93d18, RBP=0x00007fa2d0547480, RSI=0x0000000000000000, RDI=0x00007fa2d0547480
R8 =0x0000000000135c00, R9 =0x0000000000000001, R10=0x00007fa2d05474a4, R11=0x0000000000000000
R12=0x00007fa2d054b610, R13=0x0000000000012000, R14=0x0000000000001000, R15=0x00007fa2c9f93ec8
RIP=0x0000000000000000, EFLAGS=0x0000000000010246, CSGSFS=0x0000000000000033, ERR=0x0000000000000014
  TRAPNO=0x000000000000000e

Top of Stack: (sp=0x00007fa2c9f93d18)
0x00007fa2c9f93d18:   00007fa30eed14d1 00000000ffffffff
0x00007fa2c9f93d28:   00007fa2c4005b60 00007fa2bb800000
0x00007fa2c9f93d38:   00007fa34b91b899 0000000000000000
0x00007fa2c9f93d48:   00007fa2cf967fd2 00007fa2d052c1a0
0x00007fa2c9f93d58:   0000000000000000 0000000000000000
0x00007fa2c9f93d68:   0000000000000000 00007fa2d05432a0
0x00007fa2c9f93d78:   00007fa2d05425d0 0000000000002000
0x00007fa2c9f93d88:   00007fa2cf96fcda 00007fa2d05424a0
0x00007fa2c9f93d98:   00007fa2bc000ce0 0000000000000000
0x00007fa2c9f93da8:   5700000000000001 0000000000002000
0x00007fa2c9f93db8:   00007fa2cf9717eb 0000000000000000
0x00007fa2c9f93dc8:   0000000000000000 0000000000000000
0x00007fa2c9f93dd8:   0000000000000000 0000000000000000
0x00007fa2c9f93de8:   0000000000002000 00007fa2d05425d0
0x00007fa2c9f93df8:   00007fa2c9f93ec8 00007fa2c9f93ec0
0x00007fa2c9f93e08:   00007fa2d054b610 00007fa2cf98ac80
0x00007fa2c9f93e18:   00007fa2cfddbbd2 00007fa2ca185040
0x00007fa2c9f93e28:   00007fa2ca175040 00000400c9f93e70
0x00007fa2c9f93e38:   00007fa2c9f93e50 0000000000000000
0x00007fa2c9f93e48:   00007fa2cfde0ea2 00001fa00000037f
0x00007fa2c9f93e58:   00007fa2cf9559ff 00007fa2d05432a0
0x00007fa2c9f93e68:   0000000000002000 00007fa2d0542a80
0x00007fa2c9f93e78:   0000000000000000 00007fa2d0547480
0x00007fa2c9f93e88:   0000000000000008 00007fa2c9f93ec8
0x00007fa2c9f93e98:   00007fa30eee7544 0000000000000000
0x00007fa2c9f93ea8:   00007fa2c9f93ec0 0000000000002000
0x00007fa2c9f93eb8:   00000000000063d8 00007fa2ca175040
0x00007fa2c9f93ec8:   0000000000002000 0000000000000000
0x00007fa2c9f93ed8:   00007fa2d0546140 0000000000000000
0x00007fa2c9f93ee8:   0000000000000000 0000000000000000
0x00007fa2c9f93ef8:   00007fa2c9f949c0 00007fa2c9f94700
0x00007fa2c9f93f08:   00007fa30eeda73a 00007fa2c9f94700 

Instructions: (pc=0x0000000000000000)
0xffffffffffffffe0:   

Register to memory mapping:

RAX=0x00007fa30f1087c0: <offset 0x2577c0> in /home/roah/Documents/Jmonkey/3.1/MultiverseKing_Latest_2/MultiverseKing_JME/MultiverseKingBattle/libopenal64.so at 0x00007fa30eeb1000
RBX=0x0000000000000400 is an unknown value
RCX=0x00007fa2d055c600 is an unknown value
RDX=0x00007fa2d055c600 is an unknown value
RSP=0x00007fa2c9f93d18 is an unknown value
RBP=0x00007fa2d0547480 is an unknown value
RSI=0x0000000000000000 is an unknown value
RDI=0x00007fa2d0547480 is an unknown value
R8 =0x0000000000135c00 is an unknown value
R9 =0x0000000000000001 is an unknown value
R10=0x00007fa2d05474a4 is an unknown value
R11=0x0000000000000000 is an unknown value
R12=0x00007fa2d054b610 is an unknown value
R13=0x0000000000012000 is an unknown value
R14=0x0000000000001000 is an unknown value
R15=0x00007fa2c9f93ec8 is an unknown value


Stack: [0x00007fa2c9e94000,0x00007fa2c9f95000],  sp=0x00007fa2c9f93d18,  free space=1023k

---------------  P R O C E S S  ---------------

VM state:at safepoint (shutting down)

VM Mutex/Monitor currently owned by a thread:  ([mutex/lock_event])
[0x00007fa3440079f0] Threads_lock - owner thread: 0x00007fa34407f800

Heap
 PSYoungGen      total 37376K, used 33962K [0x00000007d6a00000, 0x00000007db300000, 0x0000000800000000)
  eden space 32256K, 89% used [0x00000007d6a00000,0x00000007d862dea0,0x00000007d8980000)
  from space 5120K, 99% used [0x00000007d8980000,0x00000007d8e7caa8,0x00000007d8e80000)
  to   space 5120K, 0% used [0x00000007dae00000,0x00000007dae00000,0x00000007db300000)
 ParOldGen       total 84480K, used 13697K [0x0000000783e00000, 0x0000000789080000, 0x00000007d6a00000)
  object space 84480K, 16% used [0x0000000783e00000,0x0000000784b60578,0x0000000789080000)
 PSPermGen       total 25600K, used 25534K [0x0000000779800000, 0x000000077b100000, 0x0000000783e00000)
  object space 25600K, 99% used [0x0000000779800000,0x000000077b0efbc8,0x000000077b100000)

Card table byte_map: [0x00007fa348710000,0x00007fa348b45000] byte_map_base: 0x00007fa344b44000

Polling page: 0x00007fa34c022000

Code Cache  [0x00007fa341000000, 0x00007fa341270000, 0x00007fa344000000)
 total_blobs=1023 nmethods=349 adapters=627 free_code_cache=47832Kb largest_free_block=48947584

Compilation events (10 events):
Event: 3,447 Thread 0x00007fa3440b3800  350             sun.awt.SunToolkit::awtLock (7 bytes)
Event: 3,447 Thread 0x00007fa3440b6000  351             sun.awt.SunToolkit::awtUnlock (7 bytes)
Event: 3,449 Thread 0x00007fa3440b3800 nmethod 350 0x00007fa341141e90 code [0x00007fa341142040, 0x00007fa341142260]
Event: 3,450 Thread 0x00007fa3440b6000 nmethod 351 0x00007fa341141990 code [0x00007fa341141ae0, 0x00007fa341141c88]
Event: 3,464 Thread 0x00007fa3440b3800  352             java.util.HashMap$HashIterator::nextEntry (99 bytes)
Event: 3,466 Thread 0x00007fa3440b3800 nmethod 352 0x00007fa3410a49d0 code [0x00007fa3410a4b20, 0x00007fa3410a4c78]
Event: 3,469 Thread 0x00007fa3440b6000  353             java.util.Arrays::fill (21 bytes)
Event: 3,473 Thread 0x00007fa3440b6000 nmethod 353 0x00007fa3410a4590 code [0x00007fa3410a46e0, 0x00007fa3410a48d8]
Event: 6,197 Thread 0x00007fa3440b3800  356             sun.awt.X11.Native::getInt (8 bytes)
Event: 6,198 Thread 0x00007fa3440b3800 nmethod 356 0x00007fa34114e850 code [0x00007fa34114e980, 0x00007fa34114e9f8]

GC Heap History (6 events):
Event: 2,191 GC heap before
{Heap before GC invocations=1 (full 0):
 PSYoungGen      total 37376K, used 32256K [0x00000007d6a00000, 0x00000007d9380000, 0x0000000800000000)
  eden space 32256K, 100% used [0x00000007d6a00000,0x00000007d8980000,0x00000007d8980000)
  from space 5120K, 0% used [0x00000007d8e80000,0x00000007d8e80000,0x00000007d9380000)
  to   space 5120K, 0% used [0x00000007d8980000,0x00000007d8980000,0x00000007d8e80000)
 ParOldGen       total 84480K, used 0K [0x0000000783e00000, 0x0000000789080000, 0x00000007d6a00000)
  object space 84480K, 0% used [0x0000000783e00000,0x0000000783e00000,0x0000000789080000)
 PSPermGen       total 21504K, used 19806K [0x0000000779800000, 0x000000077ad00000, 0x0000000783e00000)
  object space 21504K, 92% used [0x0000000779800000,0x000000077ab57be8,0x000000077ad00000)
Event: 2,200 GC heap after
Heap after GC invocations=1 (full 0):
 PSYoungGen      total 37376K, used 5092K [0x00000007d6a00000, 0x00000007d9380000, 0x0000000800000000)
  eden space 32256K, 0% used [0x00000007d6a00000,0x00000007d6a00000,0x00000007d8980000)
  from space 5120K, 99% used [0x00000007d8980000,0x00000007d8e79070,0x00000007d8e80000)
  to   space 5120K, 0% used [0x00000007d8e80000,0x00000007d8e80000,0x00000007d9380000)
 ParOldGen       total 84480K, used 4263K [0x0000000783e00000, 0x0000000789080000, 0x00000007d6a00000)
  object space 84480K, 5% used [0x0000000783e00000,0x0000000784229d60,0x0000000789080000)
 PSPermGen       total 21504K, used 19806K [0x0000000779800000, 0x000000077ad00000, 0x0000000783e00000)
  object space 21504K, 92% used [0x0000000779800000,0x000000077ab57be8,0x000000077ad00000)
}
Event: 2,769 GC heap before
{Heap before GC invocations=2 (full 0):
 PSYoungGen      total 37376K, used 37348K [0x00000007d6a00000, 0x00000007d9380000, 0x0000000800000000)
  eden space 32256K, 100% used [0x00000007d6a00000,0x00000007d8980000,0x00000007d8980000)
  from space 5120K, 99% used [0x00000007d8980000,0x00000007d8e79070,0x00000007d8e80000)
  to   space 5120K, 0% used [0x00000007d8e80000,0x00000007d8e80000,0x00000007d9380000)
 ParOldGen       total 84480K, used 4263K [0x0000000783e00000, 0x0000000789080000, 0x00000007d6a00000)
  object space 84480K, 5% used [0x0000000783e00000,0x0000000784229d60,0x0000000789080000)
 PSPermGen       total 24064K, used 24015K [0x0000000779800000, 0x000000077af80000, 0x0000000783e00000)
  object space 24064K, 99% used [0x0000000779800000,0x000000077af73c68,0x000000077af80000)
Event: 2,777 GC heap after
Heap after GC invocations=2 (full 0):
 PSYoungGen      total 37376K, used 5110K [0x00000007d6a00000, 0x00000007d9380000, 0x0000000800000000)
  eden space 32256K, 0% used [0x00000007d6a00000,0x00000007d6a00000,0x00000007d8980000)
  from space 5120K, 99% used [0x00000007d8e80000,0x00000007d937d978,0x00000007d9380000)
  to   space 5120K, 0% used [0x00000007d8980000,0x00000007d8980000,0x00000007d8e80000)
 ParOldGen       total 84480K, used 10964K [0x0000000783e00000, 0x0000000789080000, 0x00000007d6a00000)
  object space 84480K, 12% used [0x0000000783e00000,0x00000007848b5080,0x0000000789080000)
 PSPermGen       total 24064K, used 24015K [0x0000000779800000, 0x000000077af80000, 0x0000000783e00000)
  object space 24064K, 99% used [0x0000000779800000,0x000000077af73c68,0x000000077af80000)
}
Event: 2,972 GC heap before
{Heap before GC invocations=3 (full 0):
 PSYoungGen      total 37376K, used 37366K [0x00000007d6a00000, 0x00000007d9380000, 0x0000000800000000)
  eden space 32256K, 100% used [0x00000007d6a00000,0x00000007d8980000,0x00000007d8980000)
  from space 5120K, 99% used [0x00000007d8e80000,0x00000007d937d978,0x00000007d9380000)
  to   space 5120K, 0% used [0x00000007d8980000,0x00000007d8980000,0x00000007d8e80000)
 ParOldGen       total 84480K, used 10964K [0x0000000783e00000, 0x0000000789080000, 0x00000007d6a00000)
  object space 84480K, 12% used [0x0000000783e00000,0x00000007848b5080,0x0000000789080000)
 PSPermGen       total 24576K, used 24459K [0x0000000779800000, 0x000000077b000000, 0x0000000783e00000)
  object space 24576K, 99% used [0x0000000779800000,0x000000077afe2e38,0x000000077b000000)
Event: 2,979 GC heap after
Heap after GC invocations=3 (full 0):
 PSYoungGen      total 37376K, used 5106K [0x00000007d6a00000, 0x00000007db300000, 0x0000000800000000)
  eden space 32256K, 0% used [0x00000007d6a00000,0x00000007d6a00000,0x00000007d8980000)
  from space 5120K, 99% used [0x00000007d8980000,0x00000007d8e7caa8,0x00000007d8e80000)
  to   space 5120K, 0% used [0x00000007dae00000,0x00000007dae00000,0x00000007db300000)
 ParOldGen       total 84480K, used 13697K [0x0000000783e00000, 0x0000000789080000, 0x00000007d6a00000)
  object space 84480K, 16% used [0x0000000783e00000,0x0000000784b60578,0x0000000789080000)
 PSPermGen       total 24576K, used 24459K [0x0000000779800000, 0x000000077b000000, 0x0000000783e00000)
  object space 24576K, 99% used [0x0000000779800000,0x000000077afe2e38,0x000000077b000000)
}

Deoptimization events (10 events):
Event: 3,237 Thread 0x00007fa34436e000 Uncommon trap: reason=class_check action=maybe_recompile pc=0x00007fa3410cb9d8 method=java.util.regex.Pattern$5.isSatisfiedBy(I)Z @ 5
Event: 3,237 Thread 0x00007fa34436e000 Uncommon trap: reason=class_check action=maybe_recompile pc=0x00007fa3410cb9d8 method=java.util.regex.Pattern$5.isSatisfiedBy(I)Z @ 5
Event: 3,237 Thread 0x00007fa34436e000 Uncommon trap: reason=unreached action=reinterpret pc=0x00007fa34113009c method=java.nio.ByteBuffer.hasArray()Z @ 4
Event: 3,334 Thread 0x00007fa34436e000 Uncommon trap: reason=null_check action=make_not_entrant pc=0x00007fa3410b53b4 method=sun.awt.image.ByteInterleavedRaster.getDataElements(IIIILjava/lang/Object;)Ljava/lang/Object; @ 8
Event: 3,366 Thread 0x00007fa34436e000 Uncommon trap: reason=predicate action=maybe_recompile pc=0x00007fa34108f3ac method=java.util.Arrays.fill([Ljava/lang/Object;Ljava/lang/Object;)V @ 10
Event: 3,423 Thread 0x00007fa2d1ab8000 Uncommon trap: reason=predicate action=maybe_recompile pc=0x00007fa34111b124 method=java.lang.Class.getConstructor0([Ljava/lang/Class;I)Ljava/lang/reflect/Constructor; @ 32
Event: 3,423 Thread 0x00007fa2d1ab8000 Uncommon trap: reason=unreached action=reinterpret pc=0x00007fa341107df4 method=java.lang.Class.arrayContentsEq([Ljava/lang/Object;[Ljava/lang/Object;)Z @ 1
Event: 3,455 Thread 0x00007fa2d1ab8000 Uncommon trap: reason=unreached action=reinterpret pc=0x00007fa341108434 method=java.lang.ref.SoftReference.get()Ljava/lang/Object; @ 6
Event: 3,456 Thread 0x00007fa2d1ab8000 Uncommon trap: reason=predicate action=maybe_recompile pc=0x00007fa34112e8c0 method=java.nio.charset.CharsetDecoder.decode(Ljava/nio/ByteBuffer;Ljava/nio/CharBuffer;Z)Ljava/nio/charset/CoderResult; @ 54
Event: 3,466 Thread 0x00007fa2d0021800 Uncommon trap: reason=class_check action=maybe_recompile pc=0x00007fa3410ac408 method=java.util.concurrent.locks.AbstractQueuedSynchronizer.release(I)Z @ 2

Internal exceptions (10 events):
Event: 3,370 Thread 0x00007fa2d1ab8000 Threw 0x00000007d8357ce0 at /build/openjdk-7-FO0dNI/openjdk-7-7u79-2.5.6/build/openjdk/hotspot/src/share/vm/prims/jvm.cpp:1284
Event: 3,423 Thread 0x00007fa2d1ab8000 Implicit null exception at 0x00007fa34111ab5b to 0x00007fa34111b0fd
Event: 3,423 Thread 0x00007fa2d1ab8000 Implicit null exception at 0x00007fa341107d6c to 0x00007fa341107de1
Event: 3,424 Thread 0x00007fa34436e000 Threw 0x00000007d831edf0 at /build/openjdk-7-FO0dNI/openjdk-7-7u79-2.5.6/build/openjdk/hotspot/src/share/vm/prims/jvm.cpp:1284
Event: 3,451 Thread 0x00007fa34436e000 Threw 0x00000007d83259c0 at /build/openjdk-7-FO0dNI/openjdk-7-7u79-2.5.6/build/openjdk/hotspot/src/share/vm/prims/jvm.cpp:1284
Event: 3,466 Thread 0x00007fa2d1ab8000 Threw 0x00000007d83c6b30 at /build/openjdk-7-FO0dNI/openjdk-7-7u79-2.5.6/build/openjdk/hotspot/src/share/vm/prims/jvm.cpp:1284
Event: 3,469 Thread 0x00007fa34436e000 Threw 0x00000007d833a040 at /build/openjdk-7-FO0dNI/openjdk-7-7u79-2.5.6/build/openjdk/hotspot/src/share/vm/prims/jvm.cpp:1284
Event: 6,149 Thread 0x00007fa2d1ab8000 Threw 0x00000007d8524cd8 at /build/openjdk-7-FO0dNI/openjdk-7-7u79-2.5.6/build/openjdk/hotspot/src/share/vm/prims/jni.cpp:747
Event: 6,211 Thread 0x00007fa34434b000 Threw 0x00000007d840db50 at /build/openjdk-7-FO0dNI/openjdk-7-7u79-2.5.6/build/openjdk/hotspot/src/share/vm/classfile/systemDictionary.cpp:183
Event: 6,211 Thread 0x00007fa34434b000 Threw 0x00000007d840dde0 at /build/openjdk-7-FO0dNI/openjdk-7-7u79-2.5.6/build/openjdk/hotspot/src/share/vm/classfile/systemDictionary.cpp:183

Events (10 events):
Event: 7,213 Thread 0x00007fa34436e000 Thread added: 0x00007fa34436e000
Event: 7,213 Thread 0x00007fa2e4044000 Thread exited: 0x00007fa2e4044000
Event: 7,213 loading class 0x00007fa2fc15f880
Event: 7,213 Thread 0x00007fa34434f000 Thread exited: 0x00007fa34434f000
Event: 7,213 loading class 0x00007fa2fc14c790
Event: 7,213 loading class 0x00007fa2fc14c790 done
Event: 7,213 loading class 0x00007fa2fc15f880 done
Event: 7,214 Thread 0x00007fa344350800 Thread exited: 0x00007fa344350800
Event: 7,214 Thread 0x00007fa34436e000 Thread exited: 0x00007fa34436e000
Event: 7,214 Thread 0x00007fa34400b800 Thread exited: 0x00007fa34400b800


Dynamic libraries:
00400000-00401000 r-xp 00000000 08:02 6950259                            /usr/lib/jvm/java-7-openjdk-amd64/jre/bin/java
00600000-00601000 r--p 00000000 08:02 6950259                            /usr/lib/jvm/java-7-openjdk-amd64/jre/bin/java
00601000-00602000 rw-p 00001000 08:02 6950259                            /usr/lib/jvm/java-7-openjdk-amd64/jre/bin/java
01f8c000-01fad000 rw-p 00000000 00:00 0                                  [heap]
779800000-77b100000 rw-p 00000000 00:00 0 
77b100000-783e00000 rw-p 00000000 00:00 0 
783e00000-789080000 rw-p 00000000 00:00 0 
789080000-7d6a00000 rw-p 00000000 00:00 0 
7d6a00000-7db300000 rw-p 00000000 00:00 0 
7db300000-800000000 rw-p 00000000 00:00 0 
7fa2b4000000-7fa2b4021000 rw-p 00000000 00:00 0 
7fa2b4021000-7fa2b8000000 ---p 00000000 00:00 0 
7fa2ba7fd000-7fa2babfd000 rw-s 132f4c000 00:05 14583                     /dev/nvidiactl
7fa2bb3ff000-7fa2bb7ff000 rw-s 20d4ca000 00:05 14583                     /dev/nvidiactl
7fa2bb7ff000-7fa2bbbff000 rw-s 12876000 00:05 14583                      /dev/nvidiactl
7fa2bc000000-7fa2bc021000 rw-p 00000000 00:00 0 
7fa2bc021000-7fa2c0000000 ---p 00000000 00:00 0 
7fa2c0000000-7fa2c0241000 rw-p 00000000 00:00 0 
7fa2c0241000-7fa2c4000000 ---p 00000000 00:00 0 
7fa2c4000000-7fa2c4021000 rw-p 00000000 00:00 0 
7fa2c4021000-7fa2c8000000 ---p 00000000 00:00 0 
7fa2c8901000-7fa2c8904000 ---p 00000000 00:00 0 
7fa2c8904000-7fa2c8a02000 rw-p 00000000 00:00 0                          [stack:5243]
7fa2c8a02000-7fa2c8a52000 r-xp 00000000 08:02 6956304                    /usr/lib/x86_64-linux-gnu/liblcms2.so.2.0.5
7fa2c8a52000-7fa2c8c51000 ---p 00050000 08:02 6956304                    /usr/lib/x86_64-linux-gnu/liblcms2.so.2.0.5
7fa2c8c51000-7fa2c8c52000 r--p 0004f000 08:02 6956304                    /usr/lib/x86_64-linux-gnu/liblcms2.so.2.0.5
7fa2c8c52000-7fa2c8c57000 rw-p 00050000 08:02 6956304                    /usr/lib/x86_64-linux-gnu/liblcms2.so.2.0.5
7fa2c8c57000-7fa2c8c5b000 r-xp 00000000 08:02 6949805                    /usr/lib/jvm/java-7-openjdk-amd64/jre/lib/amd64/libjavalcms.so
7fa2c8c5b000-7fa2c8e5a000 ---p 00004000 08:02 6949805                    /usr/lib/jvm/java-7-openjdk-amd64/jre/lib/amd64/libjavalcms.so
7fa2c8e5a000-7fa2c8e5b000 r--p 00003000 08:02 6949805                    /usr/lib/jvm/java-7-openjdk-amd64/jre/lib/amd64/libjavalcms.so
7fa2c8e5b000-7fa2c8e5c000 rw-p 00004000 08:02 6949805                    /usr/lib/jvm/java-7-openjdk-amd64/jre/lib/amd64/libjavalcms.so
7fa2c8e5c000-7fa2c8e9f000 r-xp 00000000 08:02 6956286                    /usr/lib/x86_64-linux-gnu/libjpeg.so.8.0.2
7fa2c8e9f000-7fa2c909f000 ---p 00043000 08:02 6956286                    /usr/lib/x86_64-linux-gnu/libjpeg.so.8.0.2
7fa2c909f000-7fa2c90a0000 r--p 00043000 08:02 6956286                    /usr/lib/x86_64-linux-gnu/libjpeg.so.8.0.2
7fa2c90a0000-7fa2c90a1000 rw-p 00044000 08:02 6956286                    /usr/lib/x86_64-linux-gnu/libjpeg.so.8.0.2
7fa2c90a1000-7fa2c90b1000 rw-p 00000000 00:00 0 
7fa2c90b1000-7fa2c90bb000 r-xp 00000000 08:02 6949784                    /usr/lib/jvm/java-7-openjdk-amd64/jre/lib/amd64/libjavajpeg.so
7fa2c90bb000-7fa2c92ba000 ---p 0000a000 08:02 6949784                    /usr/lib/jvm/java-7-openjdk-amd64/jre/lib/amd64/libjavajpeg.so
7fa2c92ba000-7fa2c92bb000 r--p 00009000 08:02 6949784                    /usr/lib/jvm/java-7-openjdk-amd64/jre/lib/amd64/libjavajpeg.so
7fa2c92bb000-7fa2c92bc000 rw-p 0000a000 08:02 6949784                    /usr/lib/jvm/java-7-openjdk-amd64/jre/lib/amd64/libjavajpeg.so
7fa2c92bc000-7fa2c9abe000 rw-p 00000000 00:00 0 
7fa2c9abe000-7fa2c9b92000 r-xp 00000000 08:02 6949820                    /usr/lib/jvm/java-7-openjdk-amd64/jre/lib/amd64/libmlib_image.so
7fa2c9b92000-7fa2c9d91000 ---p 000d4000 08:02 6949820                    /usr/lib/jvm/java-7-openjdk-amd64/jre/lib/amd64/libmlib_image.so
7fa2c9d91000-7fa2c9d92000 r--p 000d3000 08:02 6949820                    /usr/lib/jvm/java-7-openjdk-amd64/jre/lib/amd64/libmlib_image.so
7fa2c9d92000-7fa2c9d93000 rw-p 000d4000 08:02 6949820                    /usr/lib/jvm/java-7-openjdk-amd64/jre/lib/amd64/libmlib_image.so
7fa2c9d93000-7fa2c9d96000 ---p 00000000 00:00 0 
7fa2c9d96000-7fa2c9e94000 rw-p 00000000 00:00 0                          [stack:5239]
7fa2c9e94000-7fa2c9e95000 ---p 00000000 00:00 0 
7fa2c9e95000-7fa2c9f95000 rw-p 00000000 00:00 0                          [stack:5238]
7fa2c9f95000-7fa2cdf96000 rw-s 00000000 00:15 242260                     /run/shm/pulse-shm-508820202
7fa2cdf96000-7fa2cdf97000 ---p 00000000 00:00 0 
7fa2cdf97000-7fa2ce797000 rw-p 00000000 00:00 0                          [stack:5237]
7fa2ce797000-7fa2ce79e000 r-xp 00000000 08:02 6956392                    /usr/lib/x86_64-linux-gnu/libogg.so.0.8.1
7fa2ce79e000-7fa2ce99e000 ---p 00007000 08:02 6956392                    /usr/lib/x86_64-linux-gnu/libogg.so.0.8.1
7fa2ce99e000-7fa2ce99f000 r--p 00007000 08:02 6956392                    /usr/lib/x86_64-linux-gnu/libogg.so.0.8.1
7fa2ce99f000-7fa2ce9a0000 rw-p 00008000 08:02 6956392                    /usr/lib/x86_64-linux-gnu/libogg.so.0.8.1
7fa2ce9a0000-7fa2ce9cc000 r-xp 00000000 08:02 6956627                    /usr/lib/x86_64-linux-gnu/libvorbis.so.0.4.5
7fa2ce9cc000-7fa2cebcb000 ---p 0002c000 08:02 6956627                    /usr/lib/x86_64-linux-gnu/libvorbis.so.0.4.5
7fa2cebcb000-7fa2cebcc000 r--p 0002b000 08:02 6956627                    /usr/lib/x86_64-linux-gnu/libvorbis.so.0.4.5
7fa2cebcc000-7fa2cebcd000 rw-p 0002c000 08:02 6956627                    /usr/lib/x86_64-linux-gnu/libvorbis.so.0.4.5
7fa2cebcd000-7fa2cee80000 r-xp 00000000 08:02 6956629                    /usr/lib/x86_64-linux-gnu/libvorbisenc.so.2.0.8
7fa2cee80000-7fa2cf07f000 ---p 002b3000 08:02 6956629                    /usr/lib/x86_64-linux-gnu/libvorbisenc.so.2.0.8
7fa2cf07f000-7fa2cf09b000 r--p 002b2000 08:02 6956629                    /usr/lib/x86_64-linux-gnu/libvorbisenc.so.2.0.8
7fa2cf09b000-7fa2cf09c000 rw-p 002ce000 08:02 6956629                    /usr/lib/x86_64-linux-gnu/libvorbisenc.so.2.0.8
7fa2cf09c000-7fa2cf0cc000 r-xp 00000000 08:02 6947501                    /usr/lib/x86_64-linux-gnu/libFLAC.so.8.3.0
7fa2cf0cc000-7fa2cf2cb000 ---p 00030000 08:02 6947501                    /usr/lib/x86_64-linux-gnu/libFLAC.so.8.3.0
7fa2cf2cb000-7fa2cf2cc000 r--p 0002f000 08:02 6947501                    /usr/lib/x86_64-linux-gnu/libFLAC.so.8.3.0
7fa2cf2cc000-7fa2cf2cd000 rw-p 00030000 08:02 6947501                    /usr/lib/x86_64-linux-gnu/libFLAC.so.8.3.0
7fa2cf2cd000-7fa2cf2d2000 r-xp 00000000 08:02 6955860                    /usr/lib/x86_64-linux-gnu/libasyncns.so.0.3.1
7fa2cf2d2000-7fa2cf4d1000 ---p 00005000 08:02 6955860                    /usr/lib/x86_64-linux-gnu/libasyncns.so.0.3.1
7fa2cf4d1000-7fa2cf4d2000 r--p 00004000 08:02 6955860                    /usr/lib/x86_64-linux-gnu/libasyncns.so.0.3.1
7fa2cf4d2000-7fa2cf4d3000 rw-p 00005000 08:02 6955860                    /usr/lib/x86_64-linux-gnu/libasyncns.so.0.3.1
7fa2cf4d3000-7fa2cf534000 r-xp 00000000 08:02 6956536                    /usr/lib/x86_64-linux-gnu/libsndfile.so.1.0.25
7fa2cf534000-7fa2cf734000 ---p 00061000 08:02 6956536                    /usr/lib/x86_64-linux-gnu/libsndfile.so.1.0.25
7fa2cf734000-7fa2cf736000 r--p 00061000 08:02 6956536                    /usr/lib/x86_64-linux-gnu/libsndfile.so.1.0.25
7fa2cf736000-7fa2cf737000 rw-p 00063000 08:02 6956536                    /usr/lib/x86_64-linux-gnu/libsndfile.so.1.0.25
7fa2cf737000-7fa2cf73b000 rw-p 00000000 00:00 0 
7fa2cf73b000-7fa2cf743000 r-xp 00000000 08:02 1052766                    /lib/x86_64-linux-gnu/libwrap.so.0.7.6
7fa2cf743000-7fa2cf942000 ---p 00008000 08:02 1052766                    /lib/x86_64-linux-gnu/libwrap.so.0.7.6
7fa2cf942000-7fa2cf943000 r--p 00007000 08:02 1052766                    /lib/x86_64-linux-gnu/libwrap.so.0.7.6
7fa2cf943000-7fa2cf944000 rw-p 00008000 08:02 1052766                    /lib/x86_64-linux-gnu/libwrap.so.0.7.6
7fa2cf944000-7fa2cf945000 rw-p 00000000 00:00 0 
7fa2cf945000-7fa2cf9ab000 r-xp 00000000 08:02 216                        /usr/lib/x86_64-linux-gnu/pulseaudio/libpulsecommon-4.0.so
7fa2cf9ab000-7fa2cfbaa000 ---p 00066000 08:02 216                        /usr/lib/x86_64-linux-gnu/pulseaudio/libpulsecommon-4.0.so
7fa2cfbaa000-7fa2cfbab000 r--p 00065000 08:02 216                        /usr/lib/x86_64-linux-gnu/pulseaudio/libpulsecommon-4.0.so
7fa2cfbab000-7fa2cfbac000 rw-p 00066000 08:02 216                        /usr/lib/x86_64-linux-gnu/pulseaudio/libpulsecommon-4.0.so
7fa2cfbac000-7fa2cfbb6000 r-xp 00000000 08:02 1052648                    /lib/x86_64-linux-gnu/libjson-c.so.2.0.0
7fa2cfbb6000-7fa2cfdb5000 ---p 0000a000 08:02 1052648                    /lib/x86_64-linux-gnu/libjson-c.so.2.0.0
7fa2cfdb5000-7fa2cfdb6000 r--p 00009000 08:02 1052648                    /lib/x86_64-linux-gnu/libjson-c.so.2.0.0
7fa2cfdb6000-7fa2cfdb7000 rw-p 0000a000 08:02 1052648                    /lib/x86_64-linux-gnu/libjson-c.so.2.0.0
7fa2cfdb7000-7fa2cfdfe000 r-xp 00000000 08:02 6948083                    /usr/lib/x86_64-linux-gnu/libpulse.so.0.16.2
7fa2cfdfe000-7fa2cfffe000 ---p 00047000 08:02 6948083                    /usr/lib/x86_64-linux-gnu/libpulse.so.0.16.2
7fa2cfffe000-7fa2cffff000 r--p 00047000 08:02 6948083                    /usr/lib/x86_64-linux-gnu/libpulse.so.0.16.2
7fa2cffff000-7fa2d0000000 rw-p 00048000 08:02 6948083                    /usr/lib/x86_64-linux-gnu/libpulse.so.0.16.2
7fa2d0000000-7fa2d1d07000 rw-p 00000000 00:00 0 
7fa2d1d07000-7fa2d4000000 ---p 00000000 00:00 0 
7fa2d4000000-7fa2d4021000 rw-p 00000000 00:00 0 
7fa2d4021000-7fa2d8000000 ---p 00000000 00:00 0 
7fa2d8000000-7fa2d8021000 rw-p 00000000 00:00 0 
7fa2d8021000-7fa2dc000000 ---p 00000000 00:00 0 
7fa2dc000000-7fa2dc024000 rw-p 00000000 00:00 0 
7fa2dc024000-7fa2e0000000 ---p 00000000 00:00 0 
7fa2e0000000-7fa2e0030000 rw-p 00000000 00:00 0 
7fa2e0030000-7fa2e4000000 ---p 00000000 00:00 0 
7fa2e4000000-7fa2e415f000 rw-p 00000000 00:00 0 
7fa2e415f000-7fa2e8000000 ---p 00000000 00:00 0 
7fa2e8000000-7fa2e8021000 rw-p 00000000 00:00 0 
7fa2e8021000-7fa2ec000000 ---p 00000000 00:00 0 
7fa2ec000000-7fa2ec021000 rw-p 00000000 00:00 0 
7fa2ec021000-7fa2f0000000 ---p 00000000 00:00 0 
7fa2f0000000-7fa2f0021000 rw-p 00000000 00:00 0 
7fa2f0021000-7fa2f4000000 ---p 00000000 00:00 0 
7fa2f4000000-7fa2f4021000 rw-p 00000000 00:00 0 
7fa2f4021000-7fa2f8000000 ---p 00000000 00:00 0 
7fa2f8000000-7fa2f845a000 rw-p 00000000 00:00 0 
7fa2f845a000-7fa2fc000000 ---p 00000000 00:00 0 
7fa2fc000000-7fa2fc8a3000 rw-p 00000000 00:00 0 
7fa2fc8a3000-7fa300000000 ---p 00000000 00:00 0 
7fa300000000-7fa300021000 rw-p 00000000 00:00 0 
7fa300021000-7fa304000000 ---p 00000000 00:00 0 
7fa304000000-7fa304021000 rw-p 00000000 00:00 0 
7fa304021000-7fa308000000 ---p 00000000 00:00 0 
7fa308000000-7fa308021000 rw-p 00000000 00:00 0 
7fa308021000-7fa30c000000 ---p 00000000 00:00 0 
7fa30c062000-7fa30c067000 r--s 0004d000 08:02 6948861                    /usr/lib/jvm/java-7-openjdk-amd64/jre/lib/jsse.jar
7fa30c067000-7fa30c073000 r--p 00000000 08:02 135613                     /usr/share/locale-langpack/fr/LC_MESSAGES/pulseaudio.mo
7fa30c073000-7fa30c075000 rw-p 00000000 00:00 0 
7fa30c075000-7fa30c0f5000 rw-s 24a3a000 00:05 14583                      /dev/nvidiactl
7fa30c3ce000-7fa30c4d2000 rw-s 21085b000 00:05 14583                     /dev/nvidiactl
7fa30c4d2000-7fa30d740000 r-xp 00000000 08:02 17451                      /usr/lib/nvidia-355/libnvidia-glcore.so.355.06
7fa30d740000-7fa30d760000 rwxp 0126e000 08:02 17451                      /usr/lib/nvidia-355/libnvidia-glcore.so.355.06
7fa30d760000-7fa30dacf000 r-xp 0128e000 08:02 17451                      /usr/lib/nvidia-355/libnvidia-glcore.so.355.06
7fa30dacf000-7fa30dccf000 ---p 015fd000 08:02 17451                      /usr/lib/nvidia-355/libnvidia-glcore.so.355.06
7fa30dccf000-7fa30e083000 rw-p 015fd000 08:02 17451                      /usr/lib/nvidia-355/libnvidia-glcore.so.355.06
7fa30e083000-7fa30e097000 rw-p 00000000 00:00 0 
7fa30e097000-7fa30e09a000 r-xp 00000000 08:02 17454                      /usr/lib/nvidia-355/tls/libnvidia-tls.so.355.06
7fa30e09a000-7fa30e29a000 ---p 00003000 08:02 17454                      /usr/lib/nvidia-355/tls/libnvidia-tls.so.355.06
7fa30e29a000-7fa30e29b000 rw-p 00003000 08:02 17454                      /usr/lib/nvidia-355/tls/libnvidia-tls.so.355.06
7fa30e29b000-7fa30e358000 r-xp 00000000 08:02 17479                      /usr/lib/nvidia-355/libGL.so.355.06
7fa30e358000-7fa30e38b000 rwxp 000bd000 08:02 17479                      /usr/lib/nvidia-355/libGL.so.355.06
7fa30e38b000-7fa30e39d000 r-xp 000f0000 08:02 17479                      /usr/lib/nvidia-355/libGL.so.355.06
7fa30e39d000-7fa30e59c000 ---p 00102000 08:02 17479                      /usr/lib/nvidia-355/libGL.so.355.06
7fa30e59c000-7fa30e5c4000 rw-p 00101000 08:02 17479                      /usr/lib/nvidia-355/libGL.so.355.06
7fa30e5c4000-7fa30e5ca000 rw-p 00000000 00:00 0 
7fa30e5ca000-7fa30e5cd000 ---p 00000000 00:00 0 
7fa30e5cd000-7fa30e603000 rw-p 00000000 00:00 0                          [stack:5233]
7fa30e603000-7fa30e607000 r-xp 00000000 08:02 6955825                    /usr/lib/x86_64-linux-gnu/libXxf86vm.so.1.0.0
7fa30e607000-7fa30e807000 ---p 00004000 08:02 6955825                    /usr/lib/x86_64-linux-gnu/libXxf86vm.so.1.0.0
7fa30e807000-7fa30e808000 r--p 00004000 08:02 6955825                    /usr/lib/x86_64-linux-gnu/libXxf86vm.so.1.0.0
7fa30e808000-7fa30e809000 rw-p 00005000 08:02 6955825                    /usr/lib/x86_64-linux-gnu/libXxf86vm.so.1.0.0
7fa30e809000-7fa30e812000 r-xp 00000000 08:02 6955807                    /usr/lib/x86_64-linux-gnu/libXrandr.so.2.2.0
7fa30e812000-7fa30ea11000 ---p 00009000 08:02 6955807                    /usr/lib/x86_64-linux-gnu/libXrandr.so.2.2.0
7fa30ea11000-7fa30ea12000 r--p 00008000 08:02 6955807                    /usr/lib/x86_64-linux-gnu/libXrandr.so.2.2.0
7fa30ea12000-7fa30ea13000 rw-p 00009000 08:02 6955807                    /usr/lib/x86_64-linux-gnu/libXrandr.so.2.2.0
7fa30ea3b000-7fa30ea3c000 rw-s f6060000 00:05 14584                      /dev/nvidia0
7fa30ea3c000-7fa30eaac000 r-xp 00000000 08:02 3300972                    /home/roah/Documents/Jmonkey/3.1/MultiverseKing_Latest_2/MultiverseKing_JME/MultiverseKingBattle/liblwjgl64.so
7fa30eaac000-7fa30ecac000 ---p 00070000 08:02 3300972                    /home/roah/Documents/Jmonkey/3.1/MultiverseKing_Latest_2/MultiverseKing_JME/MultiverseKingBattle/liblwjgl64.so
7fa30ecac000-7fa30ecae000 r--p 00070000 08:02 3300972                    /home/roah/Documents/Jmonkey/3.1/MultiverseKing_Latest_2/MultiverseKing_JME/MultiverseKingBattle/liblwjgl64.so
7fa30ecae000-7fa30ecaf000 rw-p 00072000 08:02 3300972                    /home/roah/Documents/Jmonkey/3.1/MultiverseKing_Latest_2/MultiverseKing_JME/MultiverseKingBattle/liblwjgl64.so
7fa30ecaf000-7fa30ecb0000 r-xp 00000000 08:02 6949809                    /usr/lib/jvm/java-7-openjdk-amd64/jre/lib/amd64/libjawt.so
7fa30ecb0000-7fa30eeaf000 ---p 00001000 08:02 6949809                    /usr/lib/jvm/java-7-openjdk-amd64/jre/lib/amd64/libjawt.so
7fa30eeaf000-7fa30eeb0000 r--p 00000000 08:02 6949809                    /usr/lib/jvm/java-7-openjdk-amd64/jre/lib/amd64/libjawt.so
7fa30eeb0000-7fa30eeb1000 rw-p 00001000 08:02 6949809                    /usr/lib/jvm/java-7-openjdk-amd64/jre/lib/amd64/libjawt.so
7fa30eeb1000-7fa30ef06000 r-xp 00000000 08:02 3300975                    /home/roah/Documents/Jmonkey/3.1/MultiverseKing_Latest_2/MultiverseKing_JME/MultiverseKingBattle/libopenal64.so
7fa30ef06000-7fa30f105000 ---p 00055000 08:02 3300975                    /home/roah/Documents/Jmonkey/3.1/MultiverseKing_Latest_2/MultiverseKing_JME/MultiverseKingBattle/libopenal64.so
7fa30f105000-7fa30f108000 r--p 00054000 08:02 3300975                    /home/roah/Documents/Jmonkey/3.1/MultiverseKing_Latest_2/MultiverseKing_JME/MultiverseKingBattle/libopenal64.so
7fa30f108000-7fa30f109000 rw-p 00057000 08:02 3300975                    /home/roah/Documents/Jmonkey/3.1/MultiverseKing_Latest_2/MultiverseKing_JME/MultiverseKingBattle/libopenal64.so
7fa30f109000-7fa30f10a000 rw-p 00000000 00:00 0 
7fa30f10a000-7fa30f10d000 ---p 00000000 00:00 0 
7fa30f10d000-7fa30f20b000 rw-p 00000000 00:00 0 
7fa30f20b000-7fa30f215000 r--s 00203000 08:02 6947991                    /usr/lib/jvm/java-7-openjdk-amd64/jre/lib/charsets.jar
7fa30f272000-7fa30f349000 rw-s 00000000 00:04 63406106                   /SYSV00000000 (deleted)
7fa30f349000-7fa30f39b000 r-xp 00000000 08:02 6949788                    /usr/lib/jvm/java-7-openjdk-amd64/jre/lib/amd64/libfontmanager.so
7fa30f39b000-7fa30f59a000 ---p 00052000 08:02 6949788                    /usr/lib/jvm/java-7-openjdk-amd64/jre/lib/amd64/libfontmanager.so
7fa30f59a000-7fa30f59d000 r--p 00051000 08:02 6949788                    /usr/lib/jvm/java-7-openjdk-amd64/jre/lib/amd64/libfontmanager.so
7fa30f59d000-7fa30f59e000 rw-p 00054000 08:02 6949788                    /usr/lib/jvm/java-7-openjdk-amd64/jre/lib/amd64/libfontmanager.so
7fa30f59e000-7fa30f5a1000 ---p 00000000 00:00 0 
7fa30f5a1000-7fa30f69f000 rw-p 00000000 00:00 0 
7fa30f69f000-7fa30f6a2000 ---p 00000000 00:00 0 
7fa30f6a2000-7fa30f7a0000 rw-p 00000000 00:00 0 
7fa30f7a0000-7fa30f7a1000 r--s 00000000 08:02 4456543                    /var/cache/fontconfig/c05880de57d1f5e948fdfacc138775d9-le64.cache-4
7fa30f7a1000-7fa30f7ac000 r--s 00000000 08:02 4456537                    /var/cache/fontconfig/945677eb7aeaf62f1d50efc3fb3ec7d8-le64.cache-4
7fa30f7ac000-7fa30f7ae000 r--s 00000000 08:02 4467670                    /var/cache/fontconfig/99e8ed0e538f840c565b6ed5dad60d56-le64.cache-4
7fa30f7ae000-7fa30f7b7000 r--s 00000000 08:02 4467669                    /var/cache/fontconfig/a6d8cf8e4ec09cdbc8633c31745a07dd-le64.cache-4
7fa30f7b7000-7fa30f7ba000 ---p 00000000 00:00 0 
7fa30f7ba000-7fa30f8b8000 rw-p 00000000 00:00 0 
7fa30f8b8000-7fa30f8bb000 ---p 00000000 00:00 0 
7fa30f8bb000-7fa30f9b9000 rw-p 00000000 00:00 0 
7fa30f9b9000-7fa30f9bc000 ---p 00000000 00:00 0 
7fa30f9bc000-7fa30faba000 rw-p 00000000 00:00 0                          [stack:5226]
7fa30faba000-7fa30fabf000 r-xp 00000000 08:02 6956760                    /usr/lib/x86_64-linux-gnu/libXfixes.so.3.1.0
7fa30fabf000-7fa30fcbe000 ---p 00005000 08:02 6956760                    /usr/lib/x86_64-linux-gnu/libXfixes.so.3.1.0
7fa30fcbe000-7fa30fcbf000 r--p 00004000 08:02 6956760                    /usr/lib/x86_64-linux-gnu/libXfixes.so.3.1.0
7fa30fcbf000-7fa30fcc0000 rw-p 00005000 08:02 6956760                    /usr/lib/x86_64-linux-gnu/libXfixes.so.3.1.0
7fa30fcc0000-7fa314000000 rw-p 00000000 00:00 0 
7fa314000000-7fa314021000 rw-p 00000000 00:00 0 
7fa314021000-7fa318000000 ---p 00000000 00:00 0 
7fa318000000-7fa318021000 rw-p 00000000 00:00 0 
7fa318021000-7fa31c000000 ---p 00000000 00:00 0 
7fa31c000000-7fa31c021000 rw-p 00000000 00:00 0 
7fa31c021000-7fa320000000 ---p 00000000 00:00 0 
7fa320000000-7fa320006000 r--s 00000000 08:02 4456522                    /var/cache/fontconfig/2cd17615ca594fa2959ae173292e504c-le64.cache-4
7fa320006000-7fa320007000 r--s 00000000 08:02 4456553                    /var/cache/fontconfig/e7071f4a29fa870f4323321c154eba04-le64.cache-4
7fa320007000-7fa320008000 r--s 00000000 08:02 4456519                    /var/cache/fontconfig/0d8c3b2ac0904cb8a57a757ad11a4a08-le64.cache-4
7fa320008000-7fa32000f000 r--s 00000000 08:02 4456540                    /var/cache/fontconfig/a755afe4a08bf5b97852ceb7400b47bc-le64.cache-4
7fa32000f000-7fa320013000 r--s 00000000 08:02 4456533                    /var/cache/fontconfig/6d41288fd70b0be22e8c3a91e032eec0-le64.cache-4
7fa320013000-7fa320027000 r--s 00000000 08:02 4456517                    /var/cache/fontconfig/04aabc0a78ac019cf9454389977116d2-le64.cache-4
7fa320027000-7fa320028000 r--s 00000000 08:02 4456521                    /var/cache/fontconfig/1ac9eb803944fde146138c791f5cc56a-le64.cache-4
7fa320028000-7fa32002c000 r--s 00000000 08:02 4456526                    /var/cache/fontconfig/385c0604a188198f04d133e54aba7fe7-le64.cache-4
7fa32002c000-7fa32002e000 r--s 00000000 08:02 4456535                    /var/cache/fontconfig/767a8244fc0220cfb567a839d0392e0b-le64.cache-4
7fa32002e000-7fa320030000 r--s 00000000 08:02 4456523                    /var/cache/fontconfig/2fe16cf53f8bd2da9ea33d9eb6e69eee-le64.cache-4
7fa320030000-7fa320035000 r--s 00000000 08:02 4465201                    /var/cache/fontconfig/8801497958630a81b71ace7c5f9b32a8-le64.cache-4
7fa320035000-7fa320070000 r--s 00000000 08:02 4459944                    /var/cache/fontconfig/365b55f210c0a22e9a19e35191240f32-le64.cache-4
7fa320070000-7fa320074000 r--s 00000000 08:02 4473785                    /var/cache/fontconfig/c57959a16110560c8d0fcea73374aeeb-le64.cache-4
7fa320074000-7fa32007d000 r-xp 00000000 08:02 6955781                    /usr/lib/x86_64-linux-gnu/libXcursor.so.1.0.2
7fa32007d000-7fa32027c000 ---p 00009000 08:02 6955781                    /usr/lib/x86_64-linux-gnu/libXcursor.so.1.0.2
7fa32027c000-7fa32027d000 r--p 00008000 08:02 6955781                    /usr/lib/x86_64-linux-gnu/libXcursor.so.1.0.2
7fa32027d000-7fa32027e000 rw-p 00009000 08:02 6955781                    /usr/lib/x86_64-linux-gnu/libXcursor.so.1.0.2
7fa32027e000-7fa320281000 ---p 00000000 00:00 0 
7fa320281000-7fa32037f000 rw-p 00000000 00:00 0                          [stack:5225]
7fa32037f000-7fa320383000 r-xp 00000000 08:02 1052641                    /lib/x86_64-linux-gnu/libgpg-error.so.0.10.0
7fa320383000-7fa320582000 ---p 00004000 08:02 1052641                    /lib/x86_64-linux-gnu/libgpg-error.so.0.10.0
7fa320582000-7fa320583000 r--p 00003000 08:02 1052641                    /lib/x86_64-linux-gnu/libgpg-error.so.0.10.0
7fa320583000-7fa320584000 rw-p 00004000 08:02 1052641                    /lib/x86_64-linux-gnu/libgpg-error.so.0.10.0
7fa320584000-7fa320586000 r-xp 00000000 08:02 1052651                    /lib/x86_64-linux-gnu/libkeyutils.so.1.4
7fa320586000-7fa320786000 ---p 00002000 08:02 1052651                    /lib/x86_64-linux-gnu/libkeyutils.so.1.4
7fa320786000-7fa320787000 r--p 00002000 08:02 1052651                    /lib/x86_64-linux-gnu/libkeyutils.so.1.4
7fa320787000-7fa320788000 rw-p 00003000 08:02 1052651                    /lib/x86_64-linux-gnu/libkeyutils.so.1.4
7fa320788000-7fa3207ad000 r-xp 00000000 08:02 1052723                    /lib/x86_64-linux-gnu/libpng12.so.0.50.0
7fa3207ad000-7fa3209ac000 ---p 00025000 08:02 1052723                    /lib/x86_64-linux-gnu/libpng12.so.0.50.0
7fa3209ac000-7fa3209ad000 r--p 00024000 08:02 1052723                    /lib/x86_64-linux-gnu/libpng12.so.0.50.0
7fa3209ad000-7fa3209ae000 rw-p 00025000 08:02 1052723                    /lib/x86_64-linux-gnu/libpng12.so.0.50.0
7fa3209ae000-7fa3209f2000 r-xp 00000000 08:02 1048742                    /lib/x86_64-linux-gnu/libdbus-1.so.3.7.6
7fa3209f2000-7fa320bf1000 ---p 00044000 08:02 1048742                    /lib/x86_64-linux-gnu/libdbus-1.so.3.7.6
7fa320bf1000-7fa320bf2000 r--p 00043000 08:02 1048742                    /lib/x86_64-linux-gnu/libdbus-1.so.3.7.6
7fa320bf2000-7fa320bf3000 rw-p 00044000 08:02 1048742                    /lib/x86_64-linux-gnu/libdbus-1.so.3.7.6
7fa320bf3000-7fa320c2e000 r-xp 00000000 08:02 6956404                    /usr/lib/x86_64-linux-gnu/libp11-kit.so.0.0.0
7fa320c2e000-7fa320e2d000 ---p 0003b000 08:02 6956404                    /usr/lib/x86_64-linux-gnu/libp11-kit.so.0.0.0
7fa320e2d000-7fa320e33000 r--p 0003a000 08:02 6956404                    /usr/lib/x86_64-linux-gnu/libp11-kit.so.0.0.0
7fa320e33000-7fa320e35000 rw-p 00040000 08:02 6956404                    /usr/lib/x86_64-linux-gnu/libp11-kit.so.0.0.0
7fa320e35000-7fa320e47000 r-xp 00000000 08:02 6953825                    /usr/lib/x86_64-linux-gnu/libtasn1.so.6.2.0
7fa320e47000-7fa321047000 ---p 00012000 08:02 6953825                    /usr/lib/x86_64-linux-gnu/libtasn1.so.6.2.0
7fa321047000-7fa321048000 r--p 00012000 08:02 6953825                    /usr/lib/x86_64-linux-gnu/libtasn1.so.6.2.0
7fa321048000-7fa321049000 rw-p 00013000 08:02 6953825                    /usr/lib/x86_64-linux-gnu/libtasn1.so.6.2.0
7fa321049000-7fa3210c5000 r-xp 00000000 08:02 1050529                    /lib/x86_64-linux-gnu/libgcrypt.so.11.8.2
7fa3210c5000-7fa3212c5000 ---p 0007c000 08:02 1050529                    /lib/x86_64-linux-gnu/libgcrypt.so.11.8.2
7fa3212c5000-7fa3212c6000 r--p 0007c000 08:02 1050529                    /lib/x86_64-linux-gnu/libgcrypt.so.11.8.2
7fa3212c6000-7fa3212c9000 rw-p 0007d000 08:02 1050529                    /lib/x86_64-linux-gnu/libgcrypt.so.11.8.2
7fa3212c9000-7fa3212d3000 r-xp 00000000 08:02 6947512                    /usr/lib/x86_64-linux-gnu/libkrb5support.so.0.1
7fa3212d3000-7fa3214d2000 ---p 0000a000 08:02 6947512                    /usr/lib/x86_64-linux-gnu/libkrb5support.so.0.1
7fa3214d2000-7fa3214d3000 r--p 00009000 08:02 6947512                    /usr/lib/x86_64-linux-gnu/libkrb5support.so.0.1
7fa3214d3000-7fa3214d4000 rw-p 0000a000 08:02 6947512                    /usr/lib/x86_64-linux-gnu/libkrb5support.so.0.1
7fa3214d4000-7fa3214d7000 r-xp 00000000 08:02 1048803                    /lib/x86_64-linux-gnu/libcom_err.so.2.1
7fa3214d7000-7fa3216d6000 ---p 00003000 08:02 1048803                    /lib/x86_64-linux-gnu/libcom_err.so.2.1
7fa3216d6000-7fa3216d7000 r--p 00002000 08:02 1048803                    /lib/x86_64-linux-gnu/libcom_err.so.2.1
7fa3216d7000-7fa3216d8000 rw-p 00003000 08:02 1048803                    /lib/x86_64-linux-gnu/libcom_err.so.2.1
7fa3216d8000-7fa321704000 r-xp 00000000 08:02 6946844                    /usr/lib/x86_64-linux-gnu/libk5crypto.so.3.1
7fa321704000-7fa321903000 ---p 0002c000 08:02 6946844                    /usr/lib/x86_64-linux-gnu/libk5crypto.so.3.1
7fa321903000-7fa321905000 r--p 0002b000 08:02 6946844                    /usr/lib/x86_64-linux-gnu/libk5crypto.so.3.1
7fa321905000-7fa321906000 rw-p 0002d000 08:02 6946844                    /usr/lib/x86_64-linux-gnu/libk5crypto.so.3.1
7fa321906000-7fa321907000 rw-p 00000000 00:00 0 
7fa321907000-7fa3219c3000 r-xp 00000000 08:02 6947242                    /usr/lib/x86_64-linux-gnu/libkrb5.so.3.3
7fa3219c3000-7fa321bc3000 ---p 000bc000 08:02 6947242                    /usr/lib/x86_64-linux-gnu/libkrb5.so.3.3
7fa321bc3000-7fa321bd0000 r--p 000bc000 08:02 6947242                    /usr/lib/x86_64-linux-gnu/libkrb5.so.3.3
7fa321bd0000-7fa321bd2000 rw-p 000c9000 08:02 6947242                    /usr/lib/x86_64-linux-gnu/libkrb5.so.3.3
7fa321bd2000-7fa321bd7000 r-xp 00000000 08:02 6955785                    /usr/lib/x86_64-linux-gnu/libXdmcp.so.6.0.0
7fa321bd7000-7fa321dd6000 ---p 00005000 08:02 6955785                    /usr/lib/x86_64-linux-gnu/libXdmcp.so.6.0.0
7fa321dd6000-7fa321dd7000 r--p 00004000 08:02 6955785                    /usr/lib/x86_64-linux-gnu/libXdmcp.so.6.0.0
7fa321dd7000-7fa321dd8000 rw-p 00005000 08:02 6955785                    /usr/lib/x86_64-linux-gnu/libXdmcp.so.6.0.0
7fa321dd8000-7fa321dda000 r-xp 00000000 08:02 6955774                    /usr/lib/x86_64-linux-gnu/libXau.so.6.0.0
7fa321dda000-7fa321fda000 ---p 00002000 08:02 6955774                    /usr/lib/x86_64-linux-gnu/libXau.so.6.0.0
7fa321fda000-7fa321fdb000 r--p 00002000 08:02 6955774                    /usr/lib/x86_64-linux-gnu/libXau.so.6.0.0
7fa321fdb000-7fa321fdc000 rw-p 00003000 08:02 6955774                    /usr/lib/x86_64-linux-gnu/libXau.so.6.0.0
7fa321fdc000-7fa322003000 r-xp 00000000 08:02 1048767                    /lib/x86_64-linux-gnu/libexpat.so.1.6.0
7fa322003000-7fa322203000 ---p 00027000 08:02 1048767                    /lib/x86_64-linux-gnu/libexpat.so.1.6.0
7fa322203000-7fa322205000 r--p 00027000 08:02 1048767                    /lib/x86_64-linux-gnu/libexpat.so.1.6.0
7fa322205000-7fa322206000 rw-p 00029000 08:02 1048767                    /lib/x86_64-linux-gnu/libexpat.so.1.6.0
7fa322206000-7fa3222a3000 r-xp 00000000 08:02 6947040                    /usr/lib/x86_64-linux-gnu/libfreetype.so.6.11.1
7fa3222a3000-7fa3224a2000 ---p 0009d000 08:02 6947040                    /usr/lib/x86_64-linux-gnu/libfreetype.so.6.11.1
7fa3224a2000-7fa3224a8000 r--p 0009c000 08:02 6947040                    /usr/lib/x86_64-linux-gnu/libfreetype.so.6.11.1
7fa3224a8000-7fa3224a9000 rw-p 000a2000 08:02 6947040                    /usr/lib/x86_64-linux-gnu/libfreetype.so.6.11.1
7fa3224a9000-7fa3224b8000 r-xp 00000000 08:02 6955872                    /usr/lib/x86_64-linux-gnu/libavahi-client.so.3.2.9
7fa3224b8000-7fa3226b8000 ---p 0000f000 08:02 6955872                    /usr/lib/x86_64-linux-gnu/libavahi-client.so.3.2.9
7fa3226b8000-7fa3226b9000 r--p 0000f000 08:02 6955872                    /usr/lib/x86_64-linux-gnu/libavahi-client.so.3.2.9
7fa3226b9000-7fa3226ba000 