#
# A fatal error has been detected by the Java Runtime Environment:
#
#  SIGSEGV (0xb) at pc=0x0000000000000000, pid=5969, tid=140033653892864
#
# JRE version: OpenJDK Runtime Environment (7.0_91-b02) (build 1.7.0_91-b02)
# Java VM: OpenJDK 64-Bit Server VM (24.91-b01 mixed mode linux-amd64 compressed oops)
# Derivative: IcedTea 2.6.3
# Distribution: Ubuntu 14.04 LTS, package 7u91-2.6.3-0ubuntu0.14.04.1
# Problematic frame:
# C  0x0000000000000000
#
# Failed to write core dump. Core dumps have been disabled. To enable core dumping, try "ulimit -c unlimited" before starting Java again
#
# If you would like to submit a bug report, please include
# instructions on how to reproduce the bug and visit:
#   http://icedtea.classpath.org/bugzilla
#

---------------  T H R E A D  ---------------

Current thread is native thread

siginfo:si_signo=SIGSEGV: si_errno=0, si_code=1 (SEGV_MAPERR), si_addr=0x0000000000000000

Registers:
RAX=0x00007f5c4145e7c0, RBX=0x0000000000000400, RCX=0x00007f5c2859c280, RDX=0x00007f5c2859c280
RSP=0x00007f5c20325d18, RBP=0x00007f5c28587120, RSI=0x0000000000000000, RDI=0x00007f5c28587120
R8 =0x0000000000137c00, R9 =0x0000000000000001, R10=0x00007f5c28587144, R11=0x0000000000000000
R12=0x00007f5c2858b2b0, R13=0x0000000000012000, R14=0x0000000000001000, R15=0x00007f5c20325ec8
RIP=0x0000000000000000, EFLAGS=0x0000000000010246, CSGSFS=0x0000000000000033, ERR=0x0000000000000014
  TRAPNO=0x000000000000000e

Top of Stack: (sp=0x00007f5c20325d18)
0x00007f5c20325d18:   00007f5c412274d1 00000000ffffffff
0x00007f5c20325d28:   00007f5c10005b60 00007f5cbb800000
0x00007f5c20325d38:   00007f5c99c8b899 0000000000000000
0x00007f5c20325d48:   00007f5c21cf8fd2 00007f5c2846a810
0x00007f5c20325d58:   0000000000000000 0000000000000000
0x00007f5c20325d68:   0000000000000000 00007f5c285336e0
0x00007f5c20325d78:   00007f5c28457210 0000000000002000
0x00007f5c20325d88:   00007f5c21d00cda 00007f5c284565a0
0x00007f5c20325d98:   00007f5c08000fb0 0000000000000000
0x00007f5c20325da8:   5700000000000001 0000000000002000
0x00007f5c20325db8:   00007f5c21d027eb 0000000000000000
0x00007f5c20325dc8:   0000000000000000 0000000000000000
0x00007f5c20325dd8:   0000000000000000 0000000000000000
0x00007f5c20325de8:   0000000000002000 00007f5c28457210
0x00007f5c20325df8:   00007f5c20325ec8 00007f5c20325ec0
0x00007f5c20325e08:   00007f5c2858b2b0 00007f5c21d1bc80
0x00007f5c20325e18:   00007f5c2216cbd2 00007f5c1820f040
0x00007f5c20325e28:   00007f5c1821f040 0000040020325e70
0x00007f5c20325e38:   00007f5c20325e50 0000000000000000
0x00007f5c20325e48:   00007f5c22171ea2 00001fa00000037f
0x00007f5c20325e58:   00007f5c21ce69ff 00007f5c285336e0
0x00007f5c20325e68:   0000000000002000 00007f5c2846ab30
0x00007f5c20325e78:   0000000000000000 00007f5c28587120
0x00007f5c20325e88:   0000000000000008 00007f5c20325ec8
0x00007f5c20325e98:   00007f5c4123d544 0000000000000000
0x00007f5c20325ea8:   00007f5c20325ec0 0000000000002000
0x00007f5c20325eb8:   0000000000006000 00007f5c1821f040
0x00007f5c20325ec8:   0000000000002000 0000000000000000
0x00007f5c20325ed8:   00007f5c28537080 0000000000000000
0x00007f5c20325ee8:   0000000000000000 0000000000000000
0x00007f5c20325ef8:   00007f5c203269c0 00007f5c20326700
0x00007f5c20325f08:   00007f5c4123073a 00007f5c20326700 

Instructions: (pc=0x0000000000000000)
0xffffffffffffffe0:   

Register to memory mapping:

RAX=0x00007f5c4145e7c0: <offset 0x2577c0> in /home/roah/Documents/Jmonkey/3.1/MultiverseKing_Latest_2/MultiverseKing_JME/MultiverseKingBattle/libopenal64.so at 0x00007f5c41207000
RBX=0x0000000000000400 is an unknown value
RCX=0x00007f5c2859c280 is an unknown value
RDX=0x00007f5c2859c280 is an unknown value
RSP=0x00007f5c20325d18 is an unknown value
RBP=0x00007f5c28587120 is an unknown value
RSI=0x0000000000000000 is an unknown value
RDI=0x00007f5c28587120 is an unknown value
R8 =0x0000000000137c00 is an unknown value
R9 =0x0000000000000001 is an unknown value
R10=0x00007f5c28587144 is an unknown value
R11=0x0000000000000000 is an unknown value
R12=0x00007f5c2858b2b0 is an unknown value
R13=0x0000000000012000 is an unknown value
R14=0x0000000000001000 is an unknown value
R15=0x00007f5c20325ec8 is an unknown value


Stack: [0x00007f5c20226000,0x00007f5c20327000],  sp=0x00007f5c20325d18,  free space=1023k

---------------  P R O C E S S  ---------------

VM state:at safepoint (shutting down)

VM Mutex/Monitor currently owned by a thread:  ([mutex/lock_event])
[0x00007f5c90007990] Threads_lock - owner thread: 0x00007f5c9007f800

Heap
 PSYoungGen      total 37376K, used 26672K [0x00000007d6a00000, 0x00000007db300000, 0x0000000800000000)
  eden space 32256K, 66% used [0x00000007d6a00000,0x00000007d7f0f008,0x00000007d8980000)
  from space 5120K, 99% used [0x00000007d8980000,0x00000007d8e7d3a0,0x00000007d8e80000)
  to   space 5120K, 0% used [0x00000007dae00000,0x00000007dae00000,0x00000007db300000)
 ParOldGen       total 84480K, used 13428K [0x0000000783e00000, 0x0000000789080000, 0x00000007d6a00000)
  object space 84480K, 15% used [0x0000000783e00000,0x0000000784b1d298,0x0000000789080000)
 PSPermGen       total 26112K, used 25606K [0x0000000779800000, 0x000000077b180000, 0x0000000783e00000)
  object space 26112K, 98% used [0x0000000779800000,0x000000077b101b20,0x000000077b180000)

Card table byte_map: [0x00007f5c96a74000,0x00007f5c96ea9000] byte_map_base: 0x00007f5c92ea8000

Polling page: 0x00007f5c9a391000

Code Cache  [0x00007f5c8d000000, 0x00007f5c8d270000, 0x00007f5c90000000)
 total_blobs=1032 nmethods=357 adapters=628 free_code_cache=47823Kb largest_free_block=48933568

Compilation events (10 events):
Event: 5,570 Thread 0x00007f5c900b6000  366   !         sun.awt.AppContext::get (121 bytes)
Event: 5,581 Thread 0x00007f5c900b6000 nmethod 366 0x00007f5c8d150cd0 code [0x00007f5c8d150e60, 0x00007f5c8d151758]
Event: 5,970 Thread 0x00007f5c900b3000  367             java.util.logging.Logger::isLoggable (25 bytes)
Event: 5,971 Thread 0x00007f5c900b3000 nmethod 367 0x00007f5c8d0a27d0 code [0x00007f5c8d0a2920, 0x00007f5c8d0a29b8]
Event: 6,626 Thread 0x00007f5c900b6000  368             sun.util.logging.PlatformLogger$JavaLoggerProxy::isLoggable (12 bytes)
Event: 6,626 Thread 0x00007f5c900b3000  369             java.util.logging.LoggingProxyImpl::isLoggable (12 bytes)
Event: 6,627 Thread 0x00007f5c900b3000 nmethod 369 0x00007f5c8d1521d0 code [0x00007f5c8d152320, 0x00007f5c8d152418]
Event: 6,627 Thread 0x00007f5c900b6000 nmethod 368 0x00007f5c8d151d10 code [0x00007f5c8d151e60, 0x00007f5c8d151f78]
Event: 6,627 Thread 0x00007f5c900b6000  370             sun.util.logging.LoggingSupport::isLoggable (14 bytes)
Event: 6,628 Thread 0x00007f5c900b6000 nmethod 370 0x00007f5c8d14b510 code [0x00007f5c8d14b660, 0x00007f5c8d14b738]

GC Heap History (6 events):
Event: 2,696 GC heap before
{Heap before GC invocations=1 (full 0):
 PSYoungGen      total 37376K, used 32256K [0x00000007d6a00000, 0x00000007d9380000, 0x0000000800000000)
  eden space 32256K, 100% used [0x00000007d6a00000,0x00000007d8980000,0x00000007d8980000)
  from space 5120K, 0% used [0x00000007d8e80000,0x00000007d8e80000,0x00000007d9380000)
  to   space 5120K, 0% used [0x00000007d8980000,0x00000007d8980000,0x00000007d8e80000)
 ParOldGen       total 84480K, used 0K [0x0000000783e00000, 0x0000000789080000, 0x00000007d6a00000)
  object space 84480K, 0% used [0x0000000783e00000,0x0000000783e00000,0x0000000789080000)
 PSPermGen       total 21504K, used 20129K [0x0000000779800000, 0x000000077ad00000, 0x0000000783e00000)
  object space 21504K, 93% used [0x0000000779800000,0x000000077aba8770,0x000000077ad00000)
Event: 2,714 GC heap after
Heap after GC invocations=1 (full 0):
 PSYoungGen      total 37376K, used 5094K [0x00000007d6a00000, 0x00000007d9380000, 0x0000000800000000)
  eden space 32256K, 0% used [0x00000007d6a00000,0x00000007d6a00000,0x00000007d8980000)
  from space 5120K, 99% used [0x00000007d8980000,0x00000007d8e79860,0x00000007d8e80000)
  to   space 5120K, 0% used [0x00000007d8e80000,0x00000007d8e80000,0x00000007d9380000)
 ParOldGen       total 84480K, used 5623K [0x0000000783e00000, 0x0000000789080000, 0x00000007d6a00000)
  object space 84480K, 6% used [0x0000000783e00000,0x000000078437dd00,0x0000000789080000)
 PSPermGen       total 21504K, used 20129K [0x0000000779800000, 0x000000077ad00000, 0x0000000783e00000)
  object space 21504K, 93% used [0x0000000779800000,0x000000077aba8770,0x000000077ad00000)
}
Event: 3,287 GC heap before
{Heap before GC invocations=2 (full 0):
 PSYoungGen      total 37376K, used 37350K [0x00000007d6a00000, 0x00000007d9380000, 0x0000000800000000)
  eden space 32256K, 100% used [0x00000007d6a00000,0x00000007d8980000,0x00000007d8980000)
  from space 5120K, 99% used [0x00000007d8980000,0x00000007d8e79860,0x00000007d8e80000)
  to   space 5120K, 0% used [0x00000007d8e80000,0x00000007d8e80000,0x00000007d9380000)
 ParOldGen       total 84480K, used 5623K [0x0000000783e00000, 0x0000000789080000, 0x00000007d6a00000)
  object space 84480K, 6% used [0x0000000783e00000,0x000000078437dd00,0x0000000789080000)
 PSPermGen       total 24064K, used 23992K [0x0000000779800000, 0x000000077af80000, 0x0000000783e00000)
  object space 24064K, 99% used [0x0000000779800000,0x000000077af6e098,0x000000077af80000)
Event: 3,295 GC heap after
Heap after GC invocations=2 (full 0):
 PSYoungGen      total 37376K, used 5111K [0x00000007d6a00000, 0x00000007db300000, 0x0000000800000000)
  eden space 32256K, 0% used [0x00000007d6a00000,0x00000007d6a00000,0x00000007d8980000)
  from space 5120K, 99% used [0x00000007d8e80000,0x00000007d937dd48,0x00000007d9380000)
  to   space 5120K, 0% used [0x00000007d8980000,0x00000007d8980000,0x00000007d8e80000)
 ParOldGen       total 84480K, used 11758K [0x0000000783e00000, 0x0000000789080000, 0x00000007d6a00000)
  object space 84480K, 13% used [0x0000000783e00000,0x000000078497bae0,0x0000000789080000)
 PSPermGen       total 24064K, used 23992K [0x0000000779800000, 0x000000077af80000, 0x0000000783e00000)
  object space 24064K, 99% used [0x0000000779800000,0x000000077af6e098,0x000000077af80000)
}
Event: 3,628 GC heap before
{Heap before GC invocations=3 (full 0):
 PSYoungGen      total 37376K, used 37152K [0x00000007d6a00000, 0x00000007db300000, 0x0000000800000000)
  eden space 32256K, 99% used [0x00000007d6a00000,0x00000007d894a3e8,0x00000007d8980000)
  from space 5120K, 99% used [0x00000007d8e80000,0x00000007d937dd48,0x00000007d9380000)
  to   space 5120K, 0% used [0x00000007d8980000,0x00000007d8980000,0x00000007d8e80000)
 ParOldGen       total 84480K, used 11758K [0x0000000783e00000, 0x0000000789080000, 0x00000007d6a00000)
  object space 84480K, 13% used [0x0000000783e00000,0x000000078497bae0,0x0000000789080000)
 PSPermGen       total 25088K, used 24998K [0x0000000779800000, 0x000000077b080000, 0x0000000783e00000)
  object space 25088K, 99% used [0x0000000779800000,0x000000077b0698d8,0x000000077b080000)
Event: 3,634 GC heap after
Heap after GC invocations=3 (full 0):
 PSYoungGen      total 37376K, used 5108K [0x00000007d6a00000, 0x00000007db300000, 0x0000000800000000)
  eden space 32256K, 0% used [0x00000007d6a00000,0x00000007d6a00000,0x00000007d8980000)
  from space 5120K, 99% used [0x00000007d8980000,0x00000007d8e7d3a0,0x00000007d8e80000)
  to   space 5120K, 0% used [0x00000007dae00000,0x00000007dae00000,0x00000007db300000)
 ParOldGen       total 84480K, used 13428K [0x0000000783e00000, 0x0000000789080000, 0x00000007d6a00000)
  object space 84480K, 15% used [0x0000000783e00000,0x0000000784b1d298,0x0000000789080000)
 PSPermGen       total 25088K, used 24998K [0x0000000779800000, 0x000000077b080000, 0x0000000783e00000)
  object space 25088K, 99% used [0x0000000779800000,0x000000077b0698d8,0x000000077b080000)
}

Deoptimization events (10 events):
Event: 3,705 Thread 0x00007f5c9035a800 Uncommon trap: reason=unstable_if action=reinterpret pc=0x00007f5c8d1400f4 method=com.jme3.export.binary.BinaryInputCapsule.readFloatArray([B)[F @ 23
Event: 3,783 Thread 0x00007f5c9035a800 Uncommon trap: reason=class_check action=maybe_recompile pc=0x00007f5c8d0cd9a0 method=java.util.regex.Pattern$5.isSatisfiedBy(I)Z @ 5
Event: 3,783 Thread 0x00007f5c9035a800 Uncommon trap: reason=class_check action=maybe_recompile pc=0x00007f5c8d0cd9a0 method=java.util.regex.Pattern$5.isSatisfiedBy(I)Z @ 5
Event: 3,783 Thread 0x00007f5c9035a800 Uncommon trap: reason=class_check action=maybe_recompile pc=0x00007f5c8d0cd9a0 method=java.util.regex.Pattern$5.isSatisfiedBy(I)Z @ 5
Event: 3,783 Thread 0x00007f5c9035a800 Uncommon trap: reason=class_check action=maybe_recompile pc=0x00007f5c8d0cd9a0 method=java.util.regex.Pattern$5.isSatisfiedBy(I)Z @ 5
Event: 3,876 Thread 0x00007f5c29974800 Uncommon trap: reason=unstable_if action=reinterpret pc=0x00007f5c8d117614 method=java.lang.Class.arrayContentsEq([Ljava/lang/Object;[Ljava/lang/Object;)Z @ 1
Event: 3,927 Thread 0x00007f5c29974800 Uncommon trap: reason=unstable_if action=reinterpret pc=0x00007f5c8d11b1b4 method=java.lang.ref.SoftReference.get()Ljava/lang/Object; @ 6
Event: 3,927 Thread 0x00007f5c29974800 Uncommon trap: reason=unstable_if action=reinterpret pc=0x00007f5c8d132ef4 method=java.nio.charset.CharsetDecoder.decode(Ljava/nio/ByteBuffer;Ljava/nio/CharBuffer;Z)Ljava/nio/charset/CoderResult; @ 1
Event: 3,927 Thread 0x00007f5c29974800 Uncommon trap: reason=unstable_if action=reinterpret pc=0x00007f5c8d09c39c method=java.lang.reflect.Modifier.isPublic(I)Z @ 3
Event: 3,939 Thread 0x00007f5c28029000 Uncommon trap: reason=class_check action=maybe_recompile pc=0x00007f5c8d0a3fd8 method=java.util.concurrent.locks.AbstractQueuedSynchronizer.release(I)Z @ 2

Internal exceptions (10 events):
Event: 3,784 Thread 0x00007f5c9035a800 Threw 0x00000007d7b8bf58 at /build/openjdk-7-zaTxYK/openjdk-7-7u91-2.6.3/build/openjdk/hotspot/src/share/vm/prims/jvm.cpp:1322
Event: 3,784 Thread 0x00007f5c29974800 Threw 0x00000007d7bfe228 at /build/openjdk-7-zaTxYK/openjdk-7-7u91-2.6.3/build/openjdk/hotspot/src/share/vm/prims/jvm.cpp:1322
Event: 3,876 Thread 0x00007f5c29974800 Implicit null exception at 0x00007f5c8d11756c to 0x00007f5c8d117601
Event: 3,877 Thread 0x00007f5c9035a800 Threw 0x00000007d7b93e68 at /build/openjdk-7-zaTxYK/openjdk-7-7u91-2.6.3/build/openjdk/hotspot/src/share/vm/prims/jvm.cpp:1322
Event: 3,924 Thread 0x00007f5c9035a800 Threw 0x00000007d7b9b5b0 at /build/openjdk-7-zaTxYK/openjdk-7-7u91-2.6.3/build/openjdk/hotspot/src/share/vm/prims/jvm.cpp:1322
Event: 3,933 Thread 0x00007f5c29974800 Threw 0x00000007d7c86df0 at /build/openjdk-7-zaTxYK/openjdk-7-7u91-2.6.3/build/openjdk/hotspot/src/share/vm/prims/jvm.cpp:1322
Event: 3,943 Thread 0x00007f5c9035a800 Threw 0x00000007d7bb1ff8 at /build/openjdk-7-zaTxYK/openjdk-7-7u91-2.6.3/build/openjdk/hotspot/src/share/vm/prims/jvm.cpp:1322
Event: 6,588 Thread 0x00007f5c29974800 Threw 0x00000007d7e025f8 at /build/openjdk-7-zaTxYK/openjdk-7-7u91-2.6.3/build/openjdk/hotspot/src/share/vm/prims/jni.cpp:747
Event: 6,623 Thread 0x00007f5c90337800 Threw 0x00000007d7cd1128 at /build/openjdk-7-zaTxYK/openjdk-7-7u91-2.6.3/build/openjdk/hotspot/src/share/vm/classfile/systemDictionary.cpp:183
Event: 6,623 Thread 0x00007f5c90337800 Threw 0x00000007d7cd13b8 at /build/openjdk-7-zaTxYK/openjdk-7-7u91-2.6.3/build/openjdk/hotspot/src/share/vm/classfile/systemDictionary.cpp:183

Events (10 events):
Event: 7,625 Thread 0x00007f5c9035a800 Thread added: 0x00007f5c9035a800
Event: 7,625 Thread 0x00007f5c9033d000 Thread added: 0x00007f5c9033d000
Event: 7,625 loading class 0x00007f5c502b1170
Event: 7,625 Thread 0x00007f5c2c024000 Thread exited: 0x00007f5c2c024000
Event: 7,625 loading class 0x00007f5c502b1170 done
Event: 7,625 loading class 0x00007f5c4c04f480 done
Event: 7,625 Thread 0x00007f5c9033d000 Thread exited: 0x00007f5c9033d000
Event: 7,626 Thread 0x00007f5c9033b800 Thread exited: 0x00007f5c9033b800
Event: 7,626 Thread 0x00007f5c9035a800 Thread exited: 0x00007f5c9035a800
Event: 7,626 Thread 0x00007f5c9000b800 Thread exited: 0x00007f5c9000b800


Dynamic libraries:
00400000-00401000 r-xp 00000000 08:02 6959559                            /usr/lib/jvm/java-7-openjdk-amd64/jre/bin/java
00600000-00601000 r--p 00000000 08:02 6959559                            /usr/lib/jvm/java-7-openjdk-amd64/jre/bin/java
00601000-00602000 rw-p 00001000 08:02 6959559                            /usr/lib/jvm/java-7-openjdk-amd64/jre/bin/java
00712000-00733000 rw-p 00000000 00:00 0                                  [heap]
779800000-77b180000 rw-p 00000000 00:00 0 
77b180000-783e00000 rw-p 00000000 00:00 0 
783e00000-789080000 rw-p 00000000 00:00 0 
789080000-7d6a00000 rw-p 00000000 00:00 0 
7d6a00000-7db300000 rw-p 00000000 00:00 0 
7db300000-800000000 rw-p 00000000 00:00 0 
7f5c00000000-7f5c00021000 rw-p 00000000 00:00 0 
7f5c00021000-7f5c04000000 ---p 00000000 00:00 0 
7f5c08000000-7f5c08021000 rw-p 00000000 00:00 0 
7f5c08021000-7f5c0c000000 ---p 00000000 00:00 0 
7f5c0c000000-7f5c0c243000 rw-p 00000000 00:00 0 
7f5c0c243000-7f5c10000000 ---p 00000000 00:00 0 
7f5c10000000-7f5c10021000 rw-p 00000000 00:00 0 
7f5c10021000-7f5c14000000 ---p 00000000 00:00 0 
7f5c14360000-7f5c14760000 rw-s b67b3000 00:05 529                        /dev/nvidiactl
7f5c14760000-7f5c14b60000 rw-s 13b55000 00:05 529                        /dev/nvidiactl
7f5c14f61000-7f5c15361000 rw-s 034f1000 00:05 529                        /dev/nvidiactl
7f5c15762000-7f5c15f64000 rw-p 00000000 00:00 0 
7f5c16364000-7f5c16564000 rw-s 9c6c9000 00:05 529                        /dev/nvidiactl
7f5c1736f000-7f5c17372000 ---p 00000000 00:00 0 
7f5c17372000-7f5c17470000 rw-p 00000000 00:00 0                          [stack:6007]
7f5c17470000-7f5c174c0000 r-xp 00000000 08:02 6956304                    /usr/lib/x86_64-linux-gnu/liblcms2.so.2.0.5
7f5c174c0000-7f5c176bf000 ---p 00050000 08:02 6956304                    /usr/lib/x86_64-linux-gnu/liblcms2.so.2.0.5
7f5c176bf000-7f5c176c0000 r--p 0004f000 08:02 6956304                    /usr/lib/x86_64-linux-gnu/liblcms2.so.2.0.5
7f5c176c0000-7f5c176c5000 rw-p 00050000 08:02 6956304                    /usr/lib/x86_64-linux-gnu/liblcms2.so.2.0.5
7f5c176c5000-7f5c176c9000 r-xp 00000000 08:02 6960442                    /usr/lib/jvm/java-7-openjdk-amd64/jre/lib/amd64/libjavalcms.so
7f5c176c9000-7f5c178c8000 ---p 00004000 08:02 6960442                    /usr/lib/jvm/java-7-openjdk-amd64/jre/lib/amd64/libjavalcms.so
7f5c178c8000-7f5c178c9000 r--p 00003000 08:02 6960442                    /usr/lib/jvm/java-7-openjdk-amd64/jre/lib/amd64/libjavalcms.so
7f5c178c9000-7f5c178ca000 rw-p 00004000 08:02 6960442                    /usr/lib/jvm/java-7-openjdk-amd64/jre/lib/amd64/libjavalcms.so
7f5c178ca000-7f5c1790d000 r-xp 00000000 08:02 6956286                    /usr/lib/x86_64-linux-gnu/libjpeg.so.8.0.2
7f5c1790d000-7f5c17b0d000 ---p 00043000 08:02 6956286                    /usr/lib/x86_64-linux-gnu/libjpeg.so.8.0.2
7f5c17b0d000-7f5c17b0e000 r--p 00043000 08:02 6956286                    /usr/lib/x86_64-linux-gnu/libjpeg.so.8.0.2
7f5c17b0e000-7f5c17b0f000 rw-p 00044000 08:02 6956286                    /usr/lib/x86_64-linux-gnu/libjpeg.so.8.0.2
7f5c17b0f000-7f5c17b1f000 rw-p 00000000 00:00 0 
7f5c17b1f000-7f5c17b29000 r-xp 00000000 08:02 6960420                    /usr/lib/jvm/java-7-openjdk-amd64/jre/lib/amd64/libjavajpeg.so
7f5c17b29000-7f5c17d28000 ---p 0000a000 08:02 6960420                    /usr/lib/jvm/java-7-openjdk-amd64/jre/lib/amd64/libjavajpeg.so
7f5c17d28000-7f5c17d29000 r--p 00009000 08:02 6960420                    /usr/lib/jvm/java-7-openjdk-amd64/jre/lib/amd64/libjavajpeg.so
7f5c17d29000-7f5c17d2a000 rw-p 0000a000 08:02 6960420                    /usr/lib/jvm/java-7-openjdk-amd64/jre/lib/amd64/libjavajpeg.so
7f5c17d2a000-7f5c17dfe000 r-xp 00000000 08:02 6960441                    /usr/lib/jvm/java-7-openjdk-amd64/jre/lib/amd64/libmlib_image.so
7f5c17dfe000-7f5c17ffd000 ---p 000d4000 08:02 6960441                    /usr/lib/jvm/java-7-openjdk-amd64/jre/lib/amd64/libmlib_image.so
7f5c17ffd000-7f5c17ffe000 r--p 000d3000 08:02 6960441                    /usr/lib/jvm/java-7-openjdk-amd64/jre/lib/amd64/libmlib_image.so
7f5c17ffe000-7f5c17fff000 rw-p 000d4000 08:02 6960441                    /usr/lib/jvm/java-7-openjdk-amd64/jre/lib/amd64/libmlib_image.so
7f5c17fff000-7f5c1c000000 rw-s 00000000 00:15 45116850                   /run/shm/pulse-shm-101756664
7f5c1c000000-7f5c1c021000 rw-p 00000000 00:00 0 
7f5c1c021000-7f5c20000000 ---p 00000000 00:00 0 
7f5c20125000-7f5c20128000 ---p 00000000 00:00 0 
7f5c20128000-7f5c20226000 rw-p 00000000 00:00 0                          [stack:6003]
7f5c20226000-7f5c20227000 ---p 00000000 00:00 0 
7f5c20227000-7f5c20327000 rw-p 00000000 00:00 0                          [stack:6002]
7f5c20327000-7f5c20328000 ---p 00000000 00:00 0 
7f5c20328000-7f5c20b28000 rw-p 00000000 00:00 0                          [stack:6001]
7f5c20b28000-7f5c20b2f000 r-xp 00000000 08:02 6956392                    /usr/lib/x86_64-linux-gnu/libogg.so.0.8.1
7f5c20b2f000-7f5c20d2f000 ---p 00007000 08:02 6956392                    /usr/lib/x86_64-linux-gnu/libogg.so.0.8.1
7f5c20d2f000-7f5c20d30000 r--p 00007000 08:02 6956392                    /usr/lib/x86_64-linux-gnu/libogg.so.0.8.1
7f5c20d30000-7f5c20d31000 rw-p 00008000 08:02 6956392                    /usr/lib/x86_64-linux-gnu/libogg.so.0.8.1
7f5c20d31000-7f5c20d5d000 r-xp 00000000 08:02 6956627                    /usr/lib/x86_64-linux-gnu/libvorbis.so.0.4.5
7f5c20d5d000-7f5c20f5c000 ---p 0002c000 08:02 6956627                    /usr/lib/x86_64-linux-gnu/libvorbis.so.0.4.5
7f5c20f5c000-7f5c20f5d000 r--p 0002b000 08:02 6956627                    /usr/lib/x86_64-linux-gnu/libvorbis.so.0.4.5
7f5c20f5d000-7f5c20f5e000 rw-p 0002c000 08:02 6956627                    /usr/lib/x86_64-linux-gnu/libvorbis.so.0.4.5
7f5c20f5e000-7f5c21211000 r-xp 00000000 08:02 6956629                    /usr/lib/x86_64-linux-gnu/libvorbisenc.so.2.0.8
7f5c21211000-7f5c21410000 ---p 002b3000 08:02 6956629                    /usr/lib/x86_64-linux-gnu/libvorbisenc.so.2.0.8
7f5c21410000-7f5c2142c000 r--p 002b2000 08:02 6956629                    /usr/lib/x86_64-linux-gnu/libvorbisenc.so.2.0.8
7f5c2142c000-7f5c2142d000 rw-p 002ce000 08:02 6956629                    /usr/lib/x86_64-linux-gnu/libvorbisenc.so.2.0.8
7f5c2142d000-7f5c2145d000 r-xp 00000000 08:02 6947501                    /usr/lib/x86_64-linux-gnu/libFLAC.so.8.3.0
7f5c2145d000-7f5c2165c000 ---p 00030000 08:02 6947501                    /usr/lib/x86_64-linux-gnu/libFLAC.so.8.3.0
7f5c2165c000-7f5c2165d000 r--p 0002f000 08:02 6947501                    /usr/lib/x86_64-linux-gnu/libFLAC.so.8.3.0
7f5c2165d000-7f5c2165e000 rw-p 00030000 08:02 6947501                    /usr/lib/x86_64-linux-gnu/libFLAC.so.8.3.0
7f5c2165e000-7f5c21663000 r-xp 00000000 08:02 6955860                    /usr/lib/x86_64-linux-gnu/libasyncns.so.0.3.1
7f5c21663000-7f5c21862000 ---p 00005000 08:02 6955860                    /usr/lib/x86_64-linux-gnu/libasyncns.so.0.3.1
7f5c21862000-7f5c21863000 r--p 00004000 08:02 6955860                    /usr/lib/x86_64-linux-gnu/libasyncns.so.0.3.1
7f5c21863000-7f5c21864000 rw-p 00005000 08:02 6955860                    /usr/lib/x86_64-linux-gnu/libasyncns.so.0.3.1
7f5c21864000-7f5c218c5000 r-xp 00000000 08:02 6950264                    /usr/lib/x86_64-linux-gnu/libsndfile.so.1.0.25
7f5c218c5000-7f5c21ac5000 ---p 00061000 08:02 6950264                    /usr/lib/x86_64-linux-gnu/libsndfile.so.1.0.25
7f5c21ac5000-7f5c21ac7000 r--p 00061000 08:02 6950264                    /usr/lib/x86_64-linux-gnu/libsndfile.so.1.0.25
7f5c21ac7000-7f5c21ac8000 rw-p 00063000 08:02 6950264                    /usr/lib/x86_64-linux-gnu/libsndfile.so.1.0.25
7f5c21ac8000-7f5c21acc000 rw-p 00000000 00:00 0 
7f5c21acc000-7f5c21ad4000 r-xp 00000000 08:02 1052766                    /lib/x86_64-linux-gnu/libwrap.so.0.7.6
7f5c21ad4000-7f5c21cd3000 ---p 00008000 08:02 1052766                    /lib/x86_64-linux-gnu/libwrap.so.0.7.6
7f5c21cd3000-7f5c21cd4000 r--p 00007000 08:02 1052766                    /lib/x86_64-linux-gnu/libwrap.so.0.7.6
7f5c21cd4000-7f5c21cd5000 rw-p 00008000 08:02 1052766                    /lib/x86_64-linux-gnu/libwrap.so.0.7.6
7f5c21cd5000-7f5c21cd6000 rw-p 00000000 00:00 0 
7f5c21cd6000-7f5c21d3c000 r-xp 00000000 08:02 216                        /usr/lib/x86_64-linux-gnu/pulseaudio/libpulsecommon-4.0.so
7f5c21d3c000-7f5c21f3b000 ---p 00066000 08:02 216                        /usr/lib/x86_64-linux-gnu/pulseaudio/libpulsecommon-4.0.so
7f5c21f3b000-7f5c21f3c000 r--p 00065000 08:02 216                        /usr/lib/x86_64-linux-gnu/pulseaudio/libpulsecommon-4.0.so
7f5c21f3c000-7f5c21f3d000 rw-p 00066000 08:02 216                        /usr/lib/x86_64-linux-gnu/pulseaudio/libpulsecommon-4.0.so
7f5c21f3d000-7f5c21f47000 r-xp 00000000 08:02 1052648                    /lib/x86_64-linux-gnu/libjson-c.so.2.0.0
7f5c21f47000-7f5c22146000 ---p 0000a000 08:02 1052648                    /lib/x86_64-linux-gnu/libjson-c.so.2.0.0
7f5c22146000-7f5c22147000 r--p 00009000 08:02 1052648                    /lib/x86_64-linux-gnu/libjson-c.so.2.0.0
7f5c22147000-7f5c22148000 rw-p 0000a000 08:02 1052648                    /lib/x86_64-linux-gnu/libjson-c.so.2.0.0
7f5c22148000-7f5c2218f000 r-xp 00000000 08:02 6948083                    /usr/lib/x86_64-linux-gnu/libpulse.so.0.16.2
7f5c2218f000-7f5c2238f000 ---p 00047000 08:02 6948083                    /usr/lib/x86_64-linux-gnu/libpulse.so.0.16.2
7f5c2238f000-7f5c22390000 r--p 00047000 08:02 6948083                    /usr/lib/x86_64-linux-gnu/libpulse.so.0.16.2
7f5c22390000-7f5c22391000 rw-p 00048000 08:02 6948083                    /usr/lib/x86_64-linux-gnu/libpulse.so.0.16.2
7f5c223b5000-7f5c223ba000 r--s 0004e000 08:02 6960473                    /usr/lib/jvm/java-7-openjdk-amd64/jre/lib/jsse.jar
7f5c223ba000-7f5c2243a000 rw-s 8ab87000 00:05 529                        /dev/nvidiactl
7f5c2243a000-7f5c236a9000 r-xp 00000000 08:02 7100956                    /usr/lib/nvidia-355/libnvidia-glcore.so.355.11
7f5c236a9000-7f5c236c9000 rwxp 0126f000 08:02 7100956                    /usr/lib/nvidia-355/libnvidia-glcore.so.355.11
7f5c236c9000-7f5c23a38000 r-xp 0128f000 08:02 7100956                    /usr/lib/nvidia-355/libnvidia-glcore.so.355.11
7f5c23a38000-7f5c23c38000 ---p 015fe000 08:02 7100956                    /usr/lib/nvidia-355/libnvidia-glcore.so.355.11
7f5c23c38000-7f5c23fec000 rw-p 015fe000 08:02 7100956                    /usr/lib/nvidia-355/libnvidia-glcore.so.355.11
7f5c23fec000-7f5c24000000 rw-p 00000000 00:00 0 
7f5c24000000-7f5c24022000 rw-p 00000000 00:00 0 
7f5c24022000-7f5c28000000 ---p 00000000 00:00 0 
7f5c28000000-7f5c29999000 rw-p 00000000 00:00 0 
7f5c29999000-7f5c2c000000 ---p 00000000 00:00 0 
7f5c2c000000-7f5c2c174000 rw-p 00000000 00:00 0 
7f5c2c174000-7f5c30000000 ---p 00000000 00:00 0 
7f5c30000000-7f5c30021000 rw-p 00000000 00:00 0 
7f5c30021000-7f5c34000000 ---p 00000000 00:00 0 
7f5c34000000-7f5c34021000 rw-p 00000000 00:00 0 
7f5c34021000-7f5c38000000 ---p 00000000 00:00 0 
7f5c38000000-7f5c38030000 rw-p 00000000 00:00 0 
7f5c38030000-7f5c3c000000 ---p 00000000 00:00 0 
7f5c3c000000-7f5c3c021000 rw-p 00000000 00:00 0 
7f5c3c021000-7f5c40000000 ---p 00000000 00:00 0 
7f5c40002000-7f5c4000e000 r--p 00000000 08:02 135613                     /usr/share/locale-langpack/fr/LC_MESSAGES/pulseaudio.mo
7f5c4000e000-7f5c40010000 rw-p 00000000 00:00 0 
7f5c40012000-7f5c40092000 rw-s 15aa1000 00:05 529                        /dev/nvidiactl
7f5c40092000-7f5c40112000 rw-s 6a749000 00:05 529                        /dev/nvidiactl
7f5c402e9000-7f5c403ed000 rw-s 11d70000 00:05 529                        /dev/nvidiactl
7f5c403ed000-7f5c403f0000 r-xp 00000000 08:02 8533                       /usr/lib/nvidia-355/tls/libnvidia-tls.so.355.11
7f5c403f0000-7f5c405f0000 ---p 00003000 08:02 8533                       /usr/lib/nvidia-355/tls/libnvidia-tls.so.355.11
7f5c405f0000-7f5c405f1000 rw-p 00003000 08:02 8533                       /usr/lib/nvidia-355/tls/libnvidia-tls.so.355.11
7f5c405f1000-7f5c406ae000 r-xp 00000000 08:02 7100953                    /usr/lib/nvidia-355/libGL.so.355.11
7f5c406ae000-7f5c406e1000 rwxp 000bd000 08:02 7100953                    /usr/lib/nvidia-355/libGL.so.355.11
7f5c406e1000-7f5c406f3000 r-xp 000f0000 08:02 7100953                    /usr/lib/nvidia-355/libGL.so.355.11
7f5c406f3000-7f5c408f2000 ---p 00102000 08:02 7100953                    /usr/lib/nvidia-355/libGL.so.355.11
7f5c408f2000-7f5c4091a000 rw-p 00101000 08:02 7100953                    /usr/lib/nvidia-355/libGL.so.355.11
7f5c4091a000-7f5c40920000 rw-p 00000000 00:00 0 
7f5c40920000-7f5c40923000 ---p 00000000 00:00 0 
7f5c40923000-7f5c40959000 rw-p 00000000 00:00 0                          [stack:5998]
7f5c40959000-7f5c4095d000 r-xp 00000000 08:02 6955825                    /usr/lib/x86_64-linux-gnu/libXxf86vm.so.1.0.0
7f5c4095d000-7f5c40b5d000 ---p 00004000 08:02 6955825                    /usr/lib/x86_64-linux-gnu/libXxf86vm.so.1.0.0
7f5c40b5d000-7f5c40b5e000 r--p 00004000 08:02 6955825                    /usr/lib/x86_64-linux-gnu/libXxf86vm.so.1.0.0
7f5c40b5e000-7f5c40b5f000 rw-p 00005000 08:02 6955825                    /usr/lib/x86_64-linux-gnu/libXxf86vm.so.1.0.0
7f5c40b5f000-7f5c40b68000 r-xp 00000000 08:02 6955807                    /usr/lib/x86_64-linux-gnu/libXrandr.so.2.2.0
7f5c40b68000-7f5c40d67000 ---p 00009000 08:02 6955807                    /usr/lib/x86_64-linux-gnu/libXrandr.so.2.2.0
7f5c40d67000-7f5c40d68000 r--p 00008000 08:02 6955807                    /usr/lib/x86_64-linux-gnu/libXrandr.so.2.2.0
7f5c40d68000-7f5c40d69000 rw-p 00009000 08:02 6955807                    /usr/lib/x86_64-linux-gnu/libXrandr.so.2.2.0
7f5c40d91000-7f5c40d92000 rw-s f6060000 00:05 530                        /dev/nvidia0
7f5c40d92000-7f5c40e02000 r-xp 00000000 08:02 3300972                    /home/roah/Documents/Jmonkey/3.1/MultiverseKing_Latest_2/MultiverseKing_JME/MultiverseKingBattle/liblwjgl64.so
7f5c40e02000-7f5c41002000 ---p 00070000 08:02 3300972                    /home/roah/Documents/Jmonkey/3.1/MultiverseKing_Latest_2/MultiverseKing_JME/MultiverseKingBattle/liblwjgl64.so
7f5c41002000-7f5c41004000 r--p 00070000 08:02 3300972                    /home/roah/Documents/Jmonkey/3.1/MultiverseKing_Latest_2/MultiverseKing_JME/MultiverseKingBattle/liblwjgl64.so
7f5c41004000-7f5c41005000 rw-p 00072000 08:02 3300972                    /home/roah/Documents/Jmonkey/3.1/MultiverseKing_Latest_2/MultiverseKing_JME/MultiverseKingBattle/liblwjgl64.so
7f5c41005000-7f5c41006000 r-xp 00000000 08:02 6960454                    /usr/lib/jvm/java-7-openjdk-amd64/jre/lib/amd64/libjawt.so
7f5c41006000-7f5c41205000 ---p 00001000 08:02 6960454                    /usr/lib/jvm/java-7-openjdk-amd64/jre/lib/amd64/libjawt.so
7f5c41205000-7f5c41206000 r--p 00000000 08:02 6960454                    /usr/lib/jvm/java-7-openjdk-amd64/jre/lib/amd64/libjawt.so
7f5c41206000-7f5c41207000 rw-p 00001000 08:02 6960454                    /usr/lib/jvm/java-7-openjdk-amd64/jre/lib/amd64/libjawt.so
7f5c41207000-7f5c4125c000 r-xp 00000000 08:02 3300975                    /home/roah/Documents/Jmonkey/3.1/MultiverseKing_Latest_2/MultiverseKing_JME/MultiverseKingBattle/libopenal64.so
7f5c4125c000-7f5c4145b000 ---p 00055000 08:02 3300975                    /home/roah/Documents/Jmonkey/3.1/MultiverseKing_Latest_2/MultiverseKing_JME/MultiverseKingBattle/libopenal64.so
7f5c4145b000-7f5c4145e000 r--p 00054000 08:02 3300975                    /home/roah/Documents/Jmonkey/3.1/MultiverseKing_Latest_2/MultiverseKing_JME/MultiverseKingBattle/libopenal64.so
7f5c4145e000-7f5c4145f000 rw-p 00057000 08:02 3300975                    /home/roah/Documents/Jmonkey/3.1/MultiverseKing_Latest_2/MultiverseKing_JME/MultiverseKingBattle/libopenal64.so
7f5c4145f000-7f5c41460000 rw-p 00000000 00:00 0 
7f5c41460000-7f5c41463000 ---p 00000000 00:00 0 
7f5c41463000-7f5c41561000 rw-p 00000000 00:00 0 
7f5c41561000-7f5c4156c000 r--s 00203000 08:02 6960387                    /usr/lib/jvm/java-7-openjdk-amd64/jre/lib/charsets.jar
7f5c415c9000-7f5c416a0000 rw-s 00000000 00:04 286621760                  /SYSV00000000 (deleted)
7f5c416a0000-7f5c416f2000 r-xp 00000000 08:02 6960425                    /usr/lib/jvm/java-7-openjdk-amd64/jre/lib/amd64/libfontmanager.so
7f5c416f2000-7f5c418f2000 ---p 00052000 08:02 6960425                    /usr/lib/jvm/java-7-openjdk-amd64/jre/lib/amd64/libfontmanager.so
7f5c418f2000-7f5c418f5000 r--p 00052000 08:02 6960425                    /usr/lib/jvm/java-7-openjdk-amd64/jre/lib/amd64/libfontmanager.so
7f5c418f5000-7f5c418f6000 rw-p 00055000 08:02 6960425                    /usr/lib/jvm/java-7-openjdk-amd64/jre/lib/amd64/libfontmanager.so
7f5c418f6000-7f5c418f9000 ---p 00000000 00:00 0 
7f5c418f9000-7f5c419f7000 rw-p 00000000 00:00 0 
7f5c419f7000-7f5c419fa000 ---p 00000000 00:00 0 
7f5c419fa000-7f5c41af8000 rw-p 00000000 00:00 0 
7f5c41af8000-7f5c41af9000 r--s 00000000 08:02 4472121                    /var/cache/fontconfig/c05880de57d1f5e948fdfacc138775d9-le64.cache-4
7f5c41af9000-7f5c41b04000 r--s 00000000 08:02 4456549                    /var/cache/fontconfig/945677eb7aeaf62f1d50efc3fb3ec7d8-le64.cache-4
7f5c41b04000-7f5c41b0f000 r--s 00000000 08:02 4472112                    /var/cache/fontconfig/a7bcf6dc40cb2a848b4d0f872ba4345e-le64.cache-4
7f5c41b0f000-7f5c41b11000 r--s 00000000 08:02 4472072                    /var/cache/fontconfig/99e8ed0e538f840c565b6ed5dad60d56-le64.cache-4
7f5c41b11000-7f5c41b1a000 r--s 00000000 08:02 4472060                    /var/cache/fontconfig/a6d8cf8e4ec09cdbc8633c31745a07dd-le64.cache-4
7f5c41b1a000-7f5c41b20000 r--s 00000000 08:02 4472056                    /var/cache/fontconfig/2cd17615ca594fa2959ae173292e504c-le64.cache-4
7f5c41b20000-7f5c41b21000 r--s 00000000 08:02 4472025                    /var/cache/fontconfig/e7071f4a29fa870f4323321c154eba04-le64.cache-4
7f5c41b21000-7f5c41b22000 r--s 00000000 08:02 4471970                    /var/cache/fontconfig/0d8c3b2ac0904cb8a57a757ad11a4a08-le64.cache-4
7f5c41b22000-7f5c41b29000 r--s 00000000 08:02 4471966                    /var/cache/fontconfig/a755afe4a08bf5b97852ceb7400b47bc-le64.cache-4
7f5c41b29000-7f5c41b2d000 r--s 00000000 08:02 4471950                    /var/cache/fontconfig/6d41288fd70b0be22e8c3a91e032eec0-le64.cache-4
7f5c41b2d000-7f5c41b41000 r--s 00000000 08:02 4471942                    /var/cache/fontconfig/04aabc0a78ac019cf9454389977116d2-le64.cache-4
7f5c41b41000-7f5c41b42000 r--s 00000000 08:02 4471923                    /var/cache/fontconfig/1ac9eb803944fde146138c791f5cc56a-le64.cache-4
7f5c41b42000-7f5c41b46000 r--s 00000000 08:02 4471910                    /var/cache/fontconfig/385c0604a188198f04d133e54aba7fe7-le64.cache-4
7f5c41b46000-7f5c41b47000 r--s 00000000 08:02 4471897                    /var/cache/fontconfig/dc05db6664285cc2f12bf69c139ae4c3-le64.cache-4
7f5c41b47000-7f5c41b49000 r--s 00000000 08:02 4471892                    /var/cache/fontconfig/767a8244fc0220cfb567a839d0392e0b-le64.cache-4
7f5c41b49000-7f5c41b4b000 r--s 00000000 08:02 4471876                    /var/cache/fontconfig/2fe16cf53f8bd2da9ea33d9eb6e69eee-le64.cache-4
7f5c41b4b000-7f5c41b50000 r--s 00000000 08:02 4471823                    /var/cache/fontconfig/8801497958630a81b71ace7c5f9b32a8-le64.cache-4
7f5c41b50000-7f5c41b8b000 r--s 00000000 08:02 4471821                    /var/cache/fontconfig/365b55f210c0a22e9a19e35191240f32-le64.cache-4
7f5c41b8b000-7f5c41b8f000 r--s 00000000 08:02 4471814                    /var/cache/fontconfig/c57959a16110560c8d0fcea73374aeeb-le64.cache-4
7f5c41b8f000-7f5c41b92000 ---p 00000000 00:00 0 
7f5c41b92000-7f5c41c90000 rw-p 00000000 00:00 0 
7f5c41c90000-7f5c41c93000 ---p 00000000 00:00 0 
7f5c41c93000-7f5c41d91000 rw-p 00000000 00:00 0 
7f5c41d91000-7f5c41d94000 ---p 00000000 00:00 0 
7f5c41d94000-7f5c41e92000 rw-p 00000000 00:00 0                          [stack:5991]
7f5c41e92000-7f5c41e97000 r-xp 00000000 08:02 6956760                    /usr/lib/x86_64-linux-gnu/libXfixes.so.3.1.0
7f5c41e97000-7f5c42096000 ---p 00005000 08:02 6956760                    /usr/lib/x86_64-linux-gnu/libXfixes.so.3.1.0
7f5c42096000-7f5c42097000 r--p 00004000 08:02 6956760                    /usr/lib/x86_64-linux-gnu/libXfixes.so.3.1.0
7f5c42097000-7f5c42098000 rw-p 00005000 08:02 6956760                    /usr/lib/x86_64-linux-gnu/libXfixes.so.3.1.0
7f5c42098000-7f5c420a1000 r-xp 00000000 08:02 6955781                    /usr/lib/x86_64-linux-gnu/libXcursor.so.1.0.2
7f5c420a1000-7f5c422a0000 ---p 00009000 08:02 6955781                    /usr/lib/x86_64-linux-gnu/libXcursor.so.1.0.2
7f5c422a0000-7f5c422a1000 r--p 00008000 08:02 6955781                    /usr/lib/x86_64-linux-gnu/libXcursor.so.1.0.2
7f5c422a1000-7f5c422a2000 rw-p 00009000 08:02 6955781                    /usr/lib/x86_64-linux-gnu/libXcursor.so.1.0.2
7f5c422a2000-7f5c422a5000 ---p 00000000 00:00 0 
7f5c422a5000-7f5c423a3000 rw-p 00000000 00:00 0                          [stack:5990]
7f5c423a3000-7f5c423a7000 r-xp 00000000 08:02 1052641                    /lib/x86_64-linux-gnu/libgpg-error.so.0.10.0
7f5c423a7000-7f5c425a6000 ---p 00004000 08:02 1052641                    /lib/x86_64-linux-gnu/libgpg-error.so.0.10.0
7f5c425a6000-7f5c425a7000 r--p 00003000 08:02 1052641                    /lib/x86_64-linux-gnu/libgpg-error.so.0.10.0
7f5c425a7000-7f5c425a8000 rw-p 00004000 08:02 1052641                    /lib/x86_64-linux-gnu/libgpg-error.so.0.10.0
7f5c425a8000-7f5c425aa000 r-xp 00000000 08:02 1052651                    /lib/x86_64-linux-gnu/libkeyutils.so.1.4
7f5c425aa000-7f5c427aa000 ---p 00002000 08:02 1052651                    /lib/x86_64-linux-gnu/libkeyutils.so.1.4
7f5c427aa000-7f5c427ab000 r--p 00002000 08:02 1052651                    /lib/x86_64-linux-gnu/libkeyutils.so.1.4
7f5c427ab000-7f5c427ac000 rw-p 00003000 08:02 1052651                    /lib/x86_64-linux-gnu/libkeyutils.so.1.4
7f5c427ac000-7f5c427d1000 r-xp 00000000 08:02 1055389                    /lib/x86_64-linux-gnu/libpng12.so.0.50.0
7f5c427d1000-7f5c429d0000 ---p 00025000 08:02 1055389                    /lib/x86_64-linux-gnu/libpng12.so.0.50.0
7f5c429d0000-7f5c429d1000 r--p 00024000 08:02 1055389                    /lib/x86_64-linux-gnu/libpng12.so.0.50.0
7f5c429d1000-7f5c429d2000 rw-p 00025000 08:02 1055389                    /lib/x86_64-linux-gnu/libpng12.so.0.50.0
7f5c429d2000-7f5c42a16000 r-xp 00000000 08:02 1048742                    /lib/x86_64-linux-gnu/libdbus-1.so.3.7.6
7f5c42a16000-7f5c42c15000 ---p 00044000 08:02 1048742                    /lib/x86_64-linux-gnu/libdbus-1.so.3.7.6
7f5c42c15000-7f5c42c16000 r--p 00043000 08:02 1048742                    /lib/x86_64-linux-gnu/libdbus-1.so.3.7.6
7f5c42c16000-7f5c42c17000 rw-p 00044000 08:02 1048742                    /lib/x86_64-linux-gnu/libdbus-1.so.3.7.6
7f5c42c17000-7f5c42c52000 r-xp 00000000 08:02 6956404                    /usr/lib/x86_64-linux-gnu/libp11-kit.so.0.0.0
7f5c42c52000-7f5c42e51000 ---p 0003b000 08:02 6956404                    /usr/lib/x86_64-linux-gnu/libp11-kit.so.0.0.0
7f5c42e51000-7f5c42e57000 r--p 0003a000 08:02 6956404                    /usr/lib/x86_64-linux-gnu/libp11-kit.so.0.0.0
7f5c42e57000-7f5c42e59000 rw-p 00040000 08:02 6956404                    /usr/lib/x86_64-linux-gnu/libp11-kit.so.0.0.0
7f5c42e59000-7f5c42e6b000 r-xp 00000000 08:02 6953825                    /usr/lib/x86_64-linux-gnu/libtasn1.so.6.2.0
7f5c42e6b000-7f5c4306b000 ---p 00012000 08:02 6953825                    /usr/lib/x86_64-linux-gnu/libtasn1.so.6.2.0
7f5c4306b000-7f5c4306c000 r--p 00012000 08:02 6953825                    /usr/lib/x86_64-linux-gnu/libtasn1.so.6.2.0
7f5c4306c000-7f5c4306d000 rw-p 00013000 08:02 6953825                    /usr/lib/x86_64-linux-gnu/libtasn1.so.6.2.0
7f5c4306d000-7f5c430e9000 r-xp 00000000 08:02 1050529                    /lib/x86_64-linux-gnu/libgcrypt.so.11.8.2
7f5c430e9000-7f5c432e9000 ---p 0007c000 08:02 1050529                    /lib/x86_64-linux-gnu/libgcrypt.so.11.8.2
7f5c432e9000-7f5c432ea000 r--p 0007c000 08:02 1050529                    /lib/x86_64-linux-gnu/libgcrypt.so.11.8.2
7f5c432ea000-7f5c432ed000 rw-p 0007d000 08:02 1050529                    /lib/x86_64-linux-gnu/libgcrypt.so.11.8.2
7f5c432ed000-7f5c432f7000 r-xp 00000000 08:02 6947328                    /usr/lib/x86_64-linux-gnu/libkrb5support.so.0.1
7f5c432f7000-7f5c434f6000 ---p 0000a000 08:02 6947328                    /usr/lib/x86_64-linux-gnu/libkrb5support.so.0.1
7f5c434f6000-7f5c434f7000 r--p 00009000 08:02 6947328                    /usr/lib/x86_64-linux-gnu/libkrb5support.so.0.1
7f5c434f7000-7f5c434f8000 rw-p 0000a000 08:02 6947328                    /usr/lib/x86_64-linux-gnu/libkrb5support.so.0.1
7f5c434f8000-7f5c434fb000 r-xp 00000000 08:02 1059573                    /lib/x86_64-linux-gnu/libcom_err.so.2.1
7f5c434fb000-7f5c436fa000 ---p 00003000 08:02 1059573                    /lib/x86_64-linux-gnu/libcom_err.so.2.1
7f5c436fa000-7f5c436fb000 r--p 00002000 08:02 1059573                    /lib/x86_64-linux-gnu/libcom_err.so.2.1
7f5c436fb000-7f5c436fc000 rw-p 00003000 08:02 1059573                    /lib/x86_64-linux-gnu/libcom_err.so.2.1
7f5c436fc000-7f5c43728000 r-xp 00000000 08:02 6950113                    /usr/lib/x86_64-linux-gnu/libk5crypto.so.3.1
7f5c43728000-7f5c43927000 ---p 0002c000 08:02 6950113                    /usr/lib/x86_64-linux-gnu/libk5crypto.so.3.1
7f5c43927000-7f5c43929000 r--p 0002b000 08:02 6950113                    /usr/lib/x86_64-linux-gnu/libk5crypto.so.3.1
7f5c43929000-7f5c4392a000 rw-p 0002d000 08:02 6950113                    /usr/lib/x86_64-linux-gnu/libk5crypto.so.3.1
7f5c4392a000-7f5c4392b000 rw-p 00000000 00:00 0 
7f5c4392b000-7f5c439e7000 r-xp 00000000 08:02 6947208                    /usr/lib/x86_64-linux-gnu/libkrb5.so.3.3
7f5c439e7000-7f5c43be7000 ---p 000bc000 08:02 6947208                    /usr/lib/x86_64-linux-gnu/libkrb5.so.3.3
7f5c43be7000-7f5c43bf4000 r--p 000bc000 08:02 6947208                    /usr/lib/x86_64-linux-gnu/libkrb5.so.3.3
7f5c43bf4000-7f5c43bf6000 rw-p 000c9000 08:02 6947208                    /usr/lib/x86_64-linux-gnu/libkrb5.so.3.3
7f5c43bf6000-7f5c43bfb000 r-xp 00000000 08:02 6955785                    /usr/lib/x86_64-linux-gnu/libXdmcp.so.6.0.0
7f5c43bfb000-7f5c43dfa000 ---p 00005000 08:02 6955785                    /usr/lib/x86_64-linux-gnu/libXdmcp.so.6.0.0
7f5c43dfa000-7f5c43dfb000 r--p 00004000 08:02 6955785                    /usr/lib/x86_64-linux-gnu/libXdmcp.so.6.0.0
7f5c43dfb000-7f5c43dfc000 rw-p 00005000 08:02 6955785                    /usr/lib/x86_64-linux-gnu/libXdmcp.so.6.0.0
7f5c43dfc000-7f5c43dfe000 r-xp 00000000 08:02 6955774                    /usr/lib/x86_64-linux-gnu/libXau.so.6.0.0
7f5c43dfe000-7f5c43ffe000 ---p 00002000 08:02 6955774                    /usr/lib/x86_64-linux-gnu/libXau.so.6.0.0
7f5c43ffe000-7f5c43fff000 r--p 00002000 08:02 6955774                    /usr/lib/x86_64-linux-gnu/libXau.so.6.0.0
7f5c43fff000-7f5c44000000 rw-p 00003000 08:02 6955774                    /usr/lib/x86_64-linux-gnu/libXau.so.6.0.0
7f5c44000000-7f5c44021000 rw-p 00000000 00:00 0 
7f5c44021000-7f5c48000000 ---p 00000000 00:00 0 
7f5c48000000-7f5c48021000 rw-p 00000000 00:00 0 
7f5c48021000-7f5c4c000000 ---p 00000000 00:00 0 
7f5c4c000000-7f5c4c6e8000 rw-p 00000000 00:00 0 
7f5c4c6e8000-7f5c50000000 ---p 00000000 00:00 0 
7f5c50000000-7f5c5066c000 rw-p 00000000 00:00 0 
7f5c5066c000-7f5c54000000 ---p 00000000 00:00 0 
7f5c54000000-7f5c54021000 rw-p 00000000 00:00 0 
7f5c54021000-7f5c58000000 ---p 00000000 00:00 0 
7f5c58000000-7f5c58021000 rw-p 00000000 00:00 0 
7f5c58021000-7f5c5c000000 ---p 00000000 00:00 0 
7f5c5c000000-7f5c5c021000 rw-p 00000000 00:00 0 
7f5c5c021000-7f5c60000000 ---p 00000000 00:00 0 
7f5c60000000-7f5c60021000 rw-p 00000000 00:00 0 
7f5c60021000-7f5c64000000 ---p 00000000 00:00 0 
7f5c64000000-7f5c64021000 rw-p 00000000 00:00 0 
7f5c64021000-7f5c68000000 ---p 00000000 00:00 0 
7f5c68000000-7f5c68027000 r-xp 00000000 08:02 1048767                    /lib/x86_64-linux-gnu/libexpat.so.1.6.0
7f5c68027000-7f5c68227000 ---p 00027000 08:02 1048767                    /lib/x86_64-linux-gnu/libexpat.so.1.6.0
7f5c68227000-7f5c68229000 r--p 00027000 08:02 1048767                    /lib/x86_64-linux-gnu/libexpat.so.1.6.0
7f5c68229000-7f5c6822a000 rw-p 00029000 08:02 1048767                    /lib/x86_64-linux-gnu/libexpat.so.1.6.0
7f5c6822a000-7f5c682c7000 r-xp 00000000 08:02 6947039                    /usr/lib/x86_64-linux-gnu/libfreetype.so.6.11.1
7f5c682c7000-7f5c684c6000 ---p 0009d000 08:02 6947039                    /usr/lib/x86_64-linux-gnu/libfreetype.so.6.11.1
7f5c684c6000-7f5c684cc000 r--p 0009c000 08:02 6947039                    /usr/lib/x86_64-linux-gnu/libfreetype.so.6.11.1
7f5c684cc000-7f5c684cd000 rw-p 000a2000 08:02 6947039                    /usr/lib/x86_64-linux-gnu/libfreetype.so.6.11.1
7f5c684cd000-7f5c684dc000 r-xp 00000000 08:02 6955872                    /usr/lib/x86_64-linux-gnu/libavahi-client.so.3.2.9
7f5c684dc000-7f5c686dc000 ---p 0000f000 08:02 6955872                    /usr/lib/x86_64-linux-gnu/libavahi-client.so.3.2.9
7f5c686dc000-7f5c686dd000 r--p 0000f000 08:02 6955872                    /usr/lib/x86_64-linux-gnu/libavahi-client.so.3.2.9
7f5c686dd000-7f5c686de000 rw-p 00010000 08:02 6955872                    /usr/lib/x86_64-linux-gnu/libavahi-client.so.3.2.9
7f5c686de000-7f5c686e9000 r-xp 00000000 08:02 6955874                    /usr/lib/x86_64-linux-gnu/libavahi-common.so.3.5.3
7f5c686e9000-7f5c688e8000 ---p 0000b000 08:02 6955874                    /usr/lib/x86_64-linux-gnu/libavahi-common.so.3.5.3
7f5c688e8000-7f5c688e9000 r--p 0000a000 08:02 6955874                    /usr/lib/x86_64-linux-gnu/libavahi-common.so.3.5.3
7f5c688e9000-7f5c688ea000 rw-p 0000b000 08:02 6955874                    /usr/lib/x86_64-linux-gnu/libavahi-common.so.3.5.3
7f5c688ea000-7f5c689a0000 r-xp 00000000 08:02 6947088                    /usr/lib/x86_64-linux-gnu/libgnutls.so.26.22.6
7f5c689a0000-7f5c68ba0000 ---p 000b6000 08:02 6947088                    /usr/lib/x86_64-linux-gnu/libgnutls.so.26.22.6
7f5c68ba0000-7f5c68ba6000 r--p 000b6000 08:02 6947088                    /usr/lib/x86_64-linux-gnu/libgnutls.so.26.22.6
7f5c68ba6000-7f5c68ba7000 rw-p 000bc000 08:02 6947088                    /usr/lib/x86_64-linux-gnu/libgnutls.so.26.22.6
7f5c68ba7000-7f5c68ba8000 rw-p 00000000 00:00 0 
7f5c68ba8000-7f5c68bec000 r-xp 00000000 08:02 6946924                    /usr/lib/x86_64-linux-gnu/libgssapi_krb5.so.2.2
7f5c68bec000-7f5c68dec000 ---p 00044000 08:02 6946924                    /usr/lib/x86_64-linux-gnu/libgssapi_krb5.so.2.2
7f5c68dec000-7f5c68ded000 r--p 00044000 08:02 6946924                    /usr/lib/x86_64-linux-gnu/libgssapi_krb5.so.2.2
7f5c68ded000-7f5c68def000 rw-p 00045000 08:02 6946924                    /usr/lib/x86_64-linux-gnu/libgssapi_krb5.so.2.2
7f5c68def000-7f5c68e0c000 r-xp 00000000 08:02 6956693                    /usr/lib/x86_64-linux-gnu/libxcb.so.1.1.0
7f5c68e0c000-7f5c6900c000 ---p 0001d000 08:02 6956693                    /usr/lib/x86_64-linux-gnu/libxcb.so.1.1.0
7f5c6900c000-7f5c6900d000 r--p 0001d000 08:02 6956693                    /usr/lib/x86_64-linux-gnu/libxcb.so.1.1.0
7f5c6900d000-7f5c6900e000 rw-p 0001e000 08:02 6956693                    /usr/lib/x86_64-linux-gnu/libxcb.so.1.1.0
7f5c6900e000-7f5c69048000 r-xp 00000000 08:02 6956029                    /usr/lib/x86_64-linux-gnu/libfontconfig.so.1.8.0
7f5c69048000-7f5c69247000 ---p 0003a000 08:02 6956029                    /usr/lib/x86_64-linux-gnu/libfontconfig.so.1.8.0
7f5c69247000-7f5c69249000 r--p 00039000 08:02 6956029                    /usr/lib/x86_64-linux-gnu/libfontconfig.so.1.8.0
7f5c69249000-7f5c6924a000 rw-p 0003b000 08:02 6956029                    /usr/lib/x86_64-linux-gnu/libfontconfig.so.1.8.0
7f5c6924a000-7f5c692b6000 r-xp 00000000 08:02 6947562                    /usr/lib/x86_64-linux-gnu/libcups.so.2
7f5c692b6000-7f5c694b6000 ---p 0006c000 08:02 6947562                    /usr/lib/x86_64-linux-gnu/libcups.so.2
7f5c694b6000-7f5c694bd000 r--p 0006c000 08:02 6947562                    /usr/lib/x86_64-linux-gnu/libcups.so.2
7f5c694bd000-7f5c694be000 rw-p 00073000 08:02 6947562                    /usr/lib/x86_64-linux-gnu/libcups.so.2
7f5c694be000-7f5c694cd000 r-xp 00000000 08:02 6958552                    /usr/lib/x86_64-linux-gnu/libXi.so.6.1.0
7f5c694cd000-7f5c696cc000 ---p 0000f000 08:02 6958552                    /usr/lib/x86_64-linux-gnu/libXi.so.6.1.0
7f5c696cc000-7f5c696cd000 r--p 0000e000 08:02 6958552                    /usr/lib/x86_64-linux-gnu/libXi.so.6.1.0
7f5c696cd000-7f5c696ce000 rw-p 0000f000 08:02 6958552                    /usr/lib/x86_64-linux-gnu/libXi.so.6.1.0
7f5c696ce000-7f5c696d3000 r-xp 00000000 08:02 6955815                    /usr/lib/x86_64-linux-gnu/libXtst.so.6.1.0
7f5c696d3000-7f5c698d2000 ---p 00005000 08:02 6955815                    /usr/lib/x86_64-linux-gnu/libXtst.so.6.1.0
7f5c698d2000-7f5c698d3000 r--p 00004000 08:02 6955815                    /usr/lib/x86_64-linux-gnu/libXtst.so.6.1.0
7f5c698d3000-7f5c698d4000 rw-p 00005000 08:02 6955815                    /usr/lib/x86_64-linux-gnu/libXtst.so.6.1.0
7f5c698d4000-7f5c698dd000 r-xp 00000000 08:02 6958555                    /usr/lib/x86_64-linux-gnu/libXrender.so.1.3.0
7f5c698dd000-7f5c69adc000 ---p 00009000 08:02 6958555                    /usr/lib/x86_64-linux-gnu/libXrender.so.1.3.0
7f5c69adc000-7f5c69add000 r--p 00008000 08:02 6958555                    /usr/lib/x86_64-linux-gnu/libXrender.so.1.3.0
7f5c69add000-7f5c69ade000 rw-p 00009000 08:02 6958555                    /usr/lib/x86_64-linux-gnu/libXrender.so.1.3.0
7f5c69ade000-7f5c69c0e000 r-xp 00000000 08:02 6955772                    /usr/lib/x86_64-linux-gnu/libX11.so.6.3.0
7f5c69c0e000-7f5c69e0e000 ---p 00130000 08:02 6955772                    /usr/lib/x86_64-linux-gnu/libX11.so.6.3.0
7f5c69e0e000-7f5c69e0f000 r--p 00130000 08:02 6955772                    /usr/lib/x86_64-linux-gnu/libX11.so.6.3.0
7f5c69e0f000-7f5c69e13000 rw-p 00131000 08:02 6955772                    /usr/lib/x86_64-linux-gnu/libX11.so.6.3.0
7f5c69e13000-7f5c69e24000 r-xp 00000000 08:02 6949730                    /usr/lib/x86_64-linux-gnu/libXext.so.6.4.0
7f5c69e24000-7f5c6a023000 ---p 00011000 08:02 6949730                    /usr/lib/x86_64-linux-gnu/libXext.so.6.4.0
7f5c6a023000-7f5c6a024000 r--p 00010000 08:02 6949730                    /usr/lib/x86_64-linux-gnu/libXext.so.6.4.0
7f5c6a024000-7f5c6a025000 rw-p 00011000 08:02 6949730                    /usr/lib/x86_64-linux-gnu/libXext.so.6.4.0
7f5c6a025000-7f5c6a06d000 r-xp 00000000 08:02 6956338                    /usr/lib/jvm/java-7-openjdk-amd64/jre/lib/amd64/xawt/libmawt.so
7f5c6a06d000-7f5c6a26c000 ---p 00048000 08:02 6956338                    /usr/lib/jvm/java-7-openjdk-amd64/jre/lib/amd64/xawt/libmawt.so
7f5c6a26c000-7f5c6a26d000 r--p 00047000 08:02 6956338                    /usr/lib/jvm/java-7-openjdk-amd64/jre/lib/amd64/xawt/libmawt.so
7f5c6a26d000-7f5c6a270000 rw-p 00048000 08:02 6956338                    /usr/lib/jvm/java-7-openjdk-amd64/jre/lib/amd64/xawt/libmawt.so
7f5c6a270000-7f5c6a271000 rw-p 00000000 00:00 0 
7f5c6a271000-7f5c6a311000 r-xp 00000000 08:02 6960419                    /usr/lib/jvm/java-7-openjdk-amd64/jre/lib/amd64/libawt.so
7f5c6a311000-7f5c6a511000 ---p 000a0000 08:02 6960419                    /usr/lib/jvm/java-7-openjdk-amd64/jre/lib/amd64/libawt.so
7f5c6a511000-7f5c6a512000 r--p 000a0000 08:02 6960419                    /usr/lib/jvm/java-7-openjdk-amd64/jre/lib/amd64/libawt.so
7f5c6a512000-7f5c6a51d000 rw-p 000a1000 08:02 6960419                    /usr/lib/jvm/java-7-openjdk-amd64/jre/lib/amd64/libawt.so
7f5c6a51d000-7f5c6a542000 rw-p 00000000 00:00 0 
7f5c6a542000-7f5c6a552000 r-xp 00000000 08:02 6960411                    /usr/lib/jvm/java-7-openjdk-amd64/jre/lib/amd64/libnio.so
7f5c6a552000-7f5c6a752000 ---p 00010000 08:02 6960411                    /usr/lib/jvm/java-7-openjdk-amd64/jre/lib/amd64/libnio.so
7f5c6a752000-7f5c6a753000 r--p 00010000 08:02 6960411                    /usr/lib/jvm/java-7-openjdk-amd64/jre/lib/amd64/libnio.so
7f5c6a753000-7f5c6a754000 rw-p 00011000 08:02 6960411                    /usr/lib/jvm/java-7-openjdk-amd64/jre/lib/amd64/libnio.so
7f5c6a754000-7f5c6a791000 r-xp 00000000 08:02 1050061                    /lib/x86_64-linux-gnu/libpcre.so.3.13.1
7f5c6a791000-7f5c6a990000 ---p 0003d000 08:02 1050061                    /lib/x86_64-linux-gnu/libpcre.so.3.13.1
7f5c6a990000-7f5c6a991000 r--p 0003c000 08:02 1050061                    /lib/x86_64-linux-gnu/libpcre.so.3.13.1
7f5c6a991000-7f5c6a992000 rw-p 0003d000 08:02 1050061                    /lib/x86_64-linux-gnu/libpcre.so.3.13.1
7f5c6a992000-7f5c6a999000 r-xp 00000000 08:02 6947242                    /usr/lib/x86_64-linux-gnu/libffi.so.6.0.1
7f5c6a999000-7f5c6ab98000 ---p 00007000 08:02 6947242                    /usr/lib/x86_64-linux-gnu/libffi.so.6.0.1
7f5c6ab98000-7f5c6ab99000 r--p 00006000 08:02 6947242                    /usr/lib/x86_64-linux-gnu/libffi.so.6.0.1
7f5c6ab99000-7f5c6ab9a000 rw-p 00007000 08:02 6947242                    /usr/lib/x86_64-linux-gnu/libffi.so.6.0.1
7f5c6ab9a000-7f5c6abb1000 r-xp 00000000 08:02 1052929                    /lib/x86_64-linux-gnu/libresolv-2.19.so
7f5c6abb1000-7f5c6adb1000 ---p 00017000 08:02 1052929                    /lib/x86_64-linux-gnu/libresolv-2.19.so
7f5c6adb1000-7f5c6adb2000 r--p 00017000 08:02 1052929                    /lib/x86_64-linux-gnu/libresolv-2.19.so
7f5c6adb2000-7f5c6adb3000 rw-p 00018000 08:02 1052929                    /lib/x86_64-linux-gnu/libresolv-2.19.so
7f5c6adb3000-7f5c6adb5000 rw-p 00000000 00:00 0 
7f5c6adb5000-7f5c6add5000 r-xp 00000000 08:02 1052738                    /lib/x86_64-linux-gnu/libselinux.so.1
7f5c6add5000-7f5c6afd4000 ---p 00020000 08:02 1052738                    /lib/x86_64-linux-gnu/libselinux.so.1
7f5c6afd4000-7f5c6afd5000 r--p 0001f000 08:02 1052738                    /lib/x86_64-linux-gnu/libselinux.so.1
7f5c6afd5000-7f5c6afd6000 rw-p 00020000 08:02 1052738                    /lib/x86_64-linux-gnu/libselinux.so.1
7f5c6afd6000-7f5c6afd8000 rw-p 00000000 00:00 0 
7f5c6afd8000-7f5c6afdb000 r-xp 00000000 08:02 6947275                    /usr/lib/x86_64-linux-gnu/libgmodule-2.0.so.0.4002.0
7f5c6afdb000-7f5c6b1da000 ---p 00003000 08:02 6947275                    /usr/lib/x86_64-linux-gnu/libgmodule-2.0.so.0.4002.0
7f5c6b1da000-7f5c6b1db000 r--p 00002000 08:02 6947275                    /usr/lib/x86_64-linux-gnu/libgmodule-2.0.so.0.4002.0
7f5c6b1db000-7f5c6b1dc000 rw-p 00003000 08:02 6947275                    /usr/lib/x86_64-linux-gnu/libgmodule-2.0.so.0.4002.0
7f5c6b1dc000-7f5c6b2e2000 r-xp 00000000 08:02 1048743                    /lib/x86_64-linux-gnu/libglib-2.0.so.0.4002.0
7f5c6b2e2000-7f5c6b4e1000 ---p 00106000 08:02 1048743                    /lib/x86_64-linux-gnu/libglib-2.0.so.0.4002.0
7f5c6b4e1000-7f5c6b4e2000 r--p 00105000 08:02 1048743                    /lib/x86_64-linux-gnu/libglib-2.0.so.0.4002.0
7f5c6b4e2000-7f5c6b4e3000 rw-p 00106000 08:02 1048743                    /lib/x86_64-linux-gnu/libglib-2.0.so.0.4002.0
7f5c6b4e3000-7f5c6b4e4000 rw-p 00000000 00:00 0 
7f5c6b4e4000-7f5c6b533000 r-xp 00000000 08:02 6951170                    /usr/lib/x86_64-linux-gnu/libgobject-2.0.so.0.4002.0
7f5c6b533000-7f5c6b733000 ---p 0004f000 08:02 6951170                    /usr/lib/x86_64-linux-gnu/libgobject-2.0.so.0.4002.0
7f5c6b733000-7f5c6b734000 r--p 0004f000 08:02 6951170                    /usr/lib/x86_64-linux-gnu/libgobject-2.0.so.0.4002.0
7f5c6b734000-7f5c6b735000 rw-p 00050000 08:02 6951170                    /usr/lib/x86_64-linux-gnu/libgobject-2.0.so.0.4002.0
7f5c6b735000-7f5c6b8a1000 r-xp 00000000 08:02 6951185                    /usr/lib/x86_64-linux-gnu/libgio-2.0.so.0.4002.0
7f5c6b8a1000-7f5c6baa0000 ---p 0016c000 08:02 6951185                    /usr/lib/x86_64-linux-gnu/libgio-2.0.so.0.4002.0
7f5c6baa0000-7f5c6baa4000 r--p 0016b000 08:02 6951185                    /usr/lib/x86_64-linux-gnu/libgio-2.0.so.0.4002.0
7f5c6baa4000-7f5c6baa6000 rw-p 0016f000 08:02 6951185                    /usr/lib/x86_64-linux-gnu/libgio-2.0.so.0.4002.0
7f5c6baa6000-7f5c6baa8000 rw-p 00000000 00:00 0 
7f5c6baa8000-7f5c6babf000 r-xp 00000000 08:02 6960457                    /usr/lib/jvm/java-7-openjdk-amd64/jre/lib/amd64/libnet.so
7f5c6babf000-7f5c6bcbe000 ---p 00017000 08:02 6960457                    /usr/lib/jvm/java-7-openjdk-amd64/jre/lib/amd64/libnet.so
7f5c6bcbe000-7f5c6bcbf000 r--p 00016000 08:02 6960457                    /usr/lib/jvm/java-7-openjdk-amd64/jre/lib/amd64/libnet.so
7f5c6bcbf000-7f5c6bcc0000 rw-p 00017000 08:02 6960457                    /usr/lib/jvm/java-7-openjdk-amd64/jre/lib/amd64/libnet.so
7f5c6bcc0000-7f5c70000000 rw-p 00000000 00:00 0 
7f5c70000000-7f5c70021000 rw-p 00000000 00:00 0 
7f5c70021000-7f5c74000000 ---p 00000000 00:00 0 
7f5c74000000-7f5c74021000 rw-p 00000000 00:00 0 
7f5c74021000-7f5c78000000 ---p 00000000 00:00 0 
7f5c78000000-7f5c78021000 rw-p 00000000 00:00 0 
7f5c78021000-7f5c7c000000 ---p 00000000 00:00 0 
7f5c7c000000-7f5c7c021000 rw-p 00000000 00:00 0 
7f5c7c021000-7f5c80000000 ---p 00000000 00:00 0 
7f5c80000000-7f5c80021000 rw-p 00000000 00:00 0 
7f5c80021000-7f5c84000000 ---p 00000000 00:00 0 
7f5c84000000-7f5c84021000 rw-p 00000000 00:00 0 
7f5c84021000-7f5c88000000 ---p 00000000 00:00 0 
7f5c88000000-7f5c88021000 rw-p 00000000 00:00 0 
7f5c88021000-7f5c8c000000 ---p 00000000 00:00 0 
7f5c8c000000-7f5c8c001000 r--s 00000000 08:02 4471853                    /var/cache/fontconfig/4794a0821666d79190d59a36cb4f44b5-le64.cache-4
7f5c8c001000-7f5c8c008000 r--s 00000000 08:02 4471809                    /var/cache/fontconfig/3047814df9a2f067bd2d96a2b9c36e5a-le64.cache-4
7f5c8c008000-7f5c8c009000 r--s 00000000 08:02 4471808                    /var/cache/fontconfig/56cf4f4769d0f4abc89a4895d7bd3ae1-le64.cache-4
7f5c8c009000-7f5c8c012000 r--s 00000000 08:02 4471793                    /var/cache/fontconfig/52f7bdb7ce746bfd7eaa1985bd9cfa93-le64.cache-4
7f5c8c012000-7f5c8c025000 r--s 00000000 08:02 4471783                    /var/cache/fontconfig/d52a8644073d54c13679302ca1180695-le64.cache-4
7f5c8c025000-7f5c8c026000 ---p 00000000 00:00 0 
7f5c8c026000-7f5c8c126000 rw-p 00000000 00:00 0 
7f5c8c126000-7f5c8c129000 ---p 00000000 00:00 0 
7f5c8c129000-7f5c8c227000 rw-p 00000000 00:00 0                          [stack:5988]
7f5c8c227000-7f5c8c22a000 ---p 00000000 00:00 0 
7f5c8c22a000-7f5c8c328000 rw-p 00000000 00:00 0                          [stack:5987]
7f5c8c328000-7f5c8c32b000 ---p 00000000 00:00 0 
7f5c8c32b000-7f5c8c429000 rw-p 00000000 00:00 0                          [stack:5986]
7f5c8c429000-7f5c8c42c000 ---p 00000000 00:00 0 
7f5c8c42c000-7f5c8c52a000 rw-p 00000000 00:00 0                          [stack:5985]
7f5c8c52a000-7f5c8c7f8000 r--p 00000000 08:02 6954776                    /usr/lib/locale/locale-archive
7f5c8c7f8000-7f5c8c7fb000 ---p 00000000 00:00 0 
7f5c8c7fb000-7f5c8c8f9000 rw-p 00000000 00:00 0                          [stack:5984]
7f5c8c8f9000-7f5c8c8fc000 ---p 00000000 00:00 0 
7f5c8c8fc000-7f5c8c9fa000 rw-p 00000000 00:00 0                          [stack:5983]
7f5c8c9fa000-7f5c8c9fb000 ---p 00000000 00:00 0 
7f5c8c9fb000-7f5c8d000000 rw-p 00000000 00:00 0 
7f5c8d000000-7f5c8d270000 rwxp 00000000 00:00 0 
7f5c8d270000-7f5c90364000 rw-p 00000000 00:00 0 
7f5c90364000-7f5c94000000 ---p 00000000 00:00 0 
7f5c94000000-7f5c94001000 r--s 00000000 08:02 4471803                    /var/cache/fontconfig/b9d506c9ac06c20b433354fa67a72993-le64.cache-4
7f5c94001000-7f5c94007000 r--s 00000000 08:02 4471799                    /var/cache/fontconfig/b47c4e1ecd0709278f4910c18777a504-le64.cache-4
7f5c94007000-7f5c94010000 r--s 00000000 08:02 4471777                    /var/cache/fontconfig/3f7329c5293ffd510edef78f73874cfd-le64.cache-4
7f5c94010000-7f5c9401b000 r--s 00000000 08:02 4471774                    /var/cache/fontconfig/d589a48862398ed80a3d6066f4f56f4c-le64.cache-4
7f5c9401b000-7f5c94028000 r--s 00000000 08:02 4471650                    /var/cache/fontconfig/e13b20fdb08344e0e664864cc2ede53d-le64.cache-4
7f5c94028000-7f5c9402c000 r--s 00000000 08:02 4456520                    /var/cache/fontconfig/7ef2298fde41cc6eeb7af42e48b7d293-le64.cache-4
7f5c9402c000-7f5c94039000 r--s 00000000 08:02 4472132                    /var/cache/fontconfig/8f02d4cb045bd6ce15663e43f347c9f8-le64.cache-4
7f5c94039000-7f5c94043000 r--s 000ae000 08:02 6960483                    /usr/lib/jvm/java-7-openjdk-amd64/jre/lib/resources.jar
7f5c94043000-7f5c9404a000 r--s 00000000 08:02 10897                      /usr/lib/x86_64-linux-gnu/gconv/gconv-modules.cache
7f5c9404a000-7f5c9407b000 rw-p 00000000 00:00 0 
7f5c9407b000-7f5c9407c000 r--s 00000000 08:02 4470914                    /var/cache/fontconfig/0c9eb80ebd1c36541ebe2852d3bb0c49-le64.cache-4
7f5c9407c000-7f5c9407e000 r--s 00000000 08:02 4471700                    /var/cache/fontconfig/16326683038b281783a0ef8c680e3a10-le64.cache-4
7f5c9407e000-7f5c940a4000 r--p 00000000 08:02 135680                     /usr/share/locale-langpack/fr/LC_MESSAGES/libc.mo
7f5c940a4000-7f5c940a8000 r--s 00031000 08:02 3283930                    /home/roah/jmonkeyplatform/3.1/jmonkeyplatform/libs/jme3-plugins-3.1.0-alpha1.jar
7f5c940a8000-7f5c940ab000 r--s 00080000 08:02 3283934                    /home/roah/jmonkeyplatform/3.1/jmonkeyplatform/libs/jme3-effects-3.1.0-alpha1.jar
7f5c940ab000-7f5c940ac000 r--s 00002000 08:02 3283401                    /home/roah/jmonkeyplatform/3.1/jmonkeyplatform/libs/jinput-platform-2.0.5-natives-osx.jar
7f5c940ac000-7f5c940ad000 r--s 00025000 08:02 3283173                    /home/roah/jmonkeyplatform/3.1/jmonkeyplatform/libs/jinput-platform-2.0.5-natives-windows.jar
7f5c940ad000-7f5c940ae000 r--s 00002000 08:02 3283273                    /home/roah/jmonkeyplatform/3.1/jmonkeyplatform/libs/jinput-platform-2.0.5-natives-linux.jar
7f5c940ae000-7f5c940af000 r--s 00001000 08:02 3287542                    /home/roah/jmonkeyplatform/3.1/jmonkeyplatform/libs/jutils-1.0.0.jar
7f5c940af000-7f5c940b3000 r--s 0002f000 08:02 3287539                    /home/roah/jmonkeyplatform/3.1/jmonkeyplatform/libs/jinput-2.0.5.jar
7f5c940b3000-7f5c940b4000 r--s 00068000 08:02 3283454                    /home/roah/jmonkeyplatform/3.1/jmonkeyplatform/libs/lwjgl-platform-2.9.3-natives-osx.jar
7f5c940b4000-7f5c940b5000 r--s 0008d000 08:02 3283330                    /home/roah/jmonkeyplatform/3.1/jmonkeyplatform/libs/lwjgl-platform-2.9.3-natives-linux.jar
7f5c940b5000-7f5c940c4000 r--s 000f2000 08:02 3287688                    /home/roah/jmonkeyplatform/3.1/jmonkeyplatform/libs/lwjgl-2.9.3.jar
7f5c940c4000-7f5c940c6000 r--s 0000c000 08:02 3284095                    /home/roah/jmonkeyplatform/3.1/jmonkeyplatform/libs/jme3-lwjgl-3.1.0-alpha1.jar
7f5c940c6000-7f5c940c9000 r--s 0003a000 08:02 3283933                    /home/roah/jmonkeyplatform/3.1/jmonkeyplatform/libs/jme3-desktop-3.1.0-alpha1.jar
7f5c940c9000-7f5c940cb000 r--s 0000e000 08:02 3287360                    /home/roah/jmonkeyplatform/3.1/jmonkeyplatform/libs/denseC64-0.27.jar
7f5c940cb000-7f5c940d0000 r--s 00041000 08:02 3287525                    /home/roah/jmonkeyplatform/3.1/jmonkeyplatform/libs/dense64-0.27.jar
7f5c940d0000-7f5c940d8000 r--s 0006a000 08:02 3283929                    /home/roah/jmonkeyplatform/3.1/jmonkeyplatform/libs/jme3-blender-3.1.0-alpha1.jar
7f5c940d8000-7f5c940eb000 r--s 00149000 08:02 3284161                    /home/roah/jmonkeyplatform/3.1/jmonkeyplatform/libs/jme3-core-3.1.0-alpha1.jar
7f5c940eb000-7f5c940f1000 r--s 0003f000 08:02 3282776                    /home/roah/Documents/Jmonkey/3.1/MultiverseKing_Latest_2/MultiverseKing_JME/externalLibs/logback-classic-1.1.3.jar
7f5c940f1000-7f5c95879000 rw-p 00000000 00:00 0 
7f5c95879000-7f5c95a2b000 r--s 01d2e000 08:02 6960402                    /usr/lib/jvm/java-7-openjdk-amd64/jre/lib/rt.jar
7f5c95a2b000-7f5c95f83000 rw-p 00000000 00:00 0 
7f5c95f83000-7f5c95f84000 ---p 00000000 00:00 0 
7f5c95f84000-7f5c96084000 rw-p 00000000 00:00 0                          [stack:5981]
7f5c96084000-7f5c96085000 ---p 00000000 00:00 0 
7f5c96085000-7f5c96185000 rw-p 00000000 00:00 0                          [stack:5980]
7f5c96185000-7f5c96186000 ---p 00000000 00:00 0 
7f5c96186000-7f5c96286000 rw-p 00000000 00:00 0                          [stack:5979]
7f5c96286000-7f5c96287000 ---p 00000000 00:00 0 
7f5c96287000-7f5c96387000 rw-p 00000000 00:00 0                          [stack:5978]
7f5c96387000-7f5c96388000 ---p 00000000 00:00 0 
7f5c96388000-7f5c96488000 rw-p 00000000 00:00 0                          [stack:5977]
7f5c96488000-7f5c96489000 ---p 00000000 00:00 0 
7f5c96489000-7f5c96589000 rw-p 00000000 00:00 0                          [stack:5976]
7f5c96589000-7f5c9658a000 ---p 00000000 00:00 0 
7f5c9658a000-7f5c9668a000 rw-p 00000000 00:00 0                          [stack:5975]
7f5c9668a000-7f5c9668b000 ---p 00000000 00:00 0 
7f5c9668b000-7f5c96798000 rw-p 00000000 00:00 0                          [stack:5974]
7f5c96798000-7f5c967de000 rw-p 00000000 00:00 0 
7f5c967de000-7f5c96808000 rw-p 00000000 00:00 0 
7f5c96808000-7f5c96a74000 rw-p 00000000 00:00 0 
7f5c96a74000-7f5c96a81000 rw-p 00000000 00:00 0 
7f5c96a81000-7f5c96ac7000 rw-p 00000000 00:00 0 
7f5c96ac7000-7f5c96af1000 rw-p 00000000 00:00 0 
7f5c96af1000-7f5c96d5d000 rw-p 00000000 00:00 0 
7f5c96d5d000-7f5c96d82000 rw-p 00000000 00:00 0 
7f5c96d82000-7f5c96ea8000 rw-p 00000000 00:00 0 
7f5c96ea8000-7f5c96ea9000 rw-p 00000000 00:00 0 
7f5c96ea9000-7f5c96eb1000 r-xp 00000000 08:02 6960417                    /usr/lib/jvm/java-7-openjdk-amd64/jre/lib/amd64/libzip.so
7f5c96eb1000-7f5c970b0000 ---p 00008000 08:02 6960417                    /usr/lib/jvm/java-7-openjdk-amd64/jre/lib/amd64/libzip.so
7f5c970b0000-7f5c970b1000 r--p 00007000 08:02 6960417                    /usr/lib/jvm/java-7-openjdk-amd64/jre/lib/amd64/libzip.so
7f5c970b1000-7f5c970b2000 rw-p 00008000 08:02 6960417                    /usr/lib/jvm/java-7-openjdk-amd64/jre/lib/amd64/libzip.so
7f5c970b2000-7f5c970bd000 r-xp 00000000 08:02 1053713                    /lib/x86_64-linux-gnu/libnss_files-2.19.so
7f5c970bd000-7f5c972bc000 ---p 0000b000 08:02 1053713                    /lib/x86_64-linux-gnu/libnss_files-2.19.so
7f5c972bc000-7f5c972bd000 r--p 0000a000 08:02 1053713                    /lib/x86_64-linux-gnu/libnss_files-2.19.so
7f5c972bd000-7f5c972be000 rw-p 0000b000 08:02 1053713                    /lib/x86_64-linux-gnu/libnss_files-2.19.so
7f5c972be000-7f5c972c9000 r-xp 00000000 08:02 1053753                    /lib/x86_64-linux-gnu/libnss_nis-2.19.so
7f5c972c9000-7f5c974c8000 ---p 0000b000 08:02 1053753                    /lib/x86_64-linux-gnu/libnss_nis-2.19.so
7f5c974c8000-7f5c974c9000 r--p 0000a000 08:02 1053753                    /lib/x86_64-linux-gnu/libnss_nis-2.19.so
7f5c974c9000-7f5c974ca000 rw-p 0000b000 08:02 1053753                    /lib/x86_64-linux-gnu/libnss_nis-2.19.so
7f5c974ca000-7f5c974e1000 r-xp 00000000 08:02 1053731                    /lib/x86_64-linux-gnu/libnsl-2.19.so
7f5c974e1000-7f5c976e0000 ---p 00017000 08:02 1053731                    /lib/x86_64-linux-gnu/libnsl-2.19.so
7f5c976e0000-7f5c976e1000 r--p 00016000 08:02 1053731                    /lib/x86_64-linux-gnu/libnsl-2.19.so
7f5c976e1000-7f5c976e2000 rw-p 00017000 08:02 1053731                    /lib/x86_64-linux-gnu/libnsl-2.19.so
7f5c976e2000-7f5c976e4000 rw-p 00000000 00:00 0 
7f5c976e4000-7f5c976ed000 r-xp 00000000 08:02 1053729                    /lib/x86_64-linux-gnu/libnss_compat-2.19.so
7f5c976ed000-7f5c978ec000 ---p 00009000 08:02 1053729                    /lib/x86_64-linux-gnu/libnss_compat-2.19.so
7f5c978ec000-7f5c978ed000 r--p 00008000 08:02 1053729                    /lib/x86_64-linux-gnu/libnss_compat-2.19.so
7f5c978ed000-7f5c978ee000 rw-p 00009000 08:02 1053729                    /lib/x86_64-linux-gnu/libnss_compat-2.19.so
7f5c978ee000-7f5c97919000 r-xp 00000000 08:02 6960429                    /usr/lib/jvm/java-7-openjdk-amd64/jre/lib/amd64/libjava.so
7f5c97919000-7f5c97b19000 ---p 0002b000 08:02 6960429                    /usr/lib/jvm/java-7-openjdk-amd64/jre/lib/amd64/libjava.so
7f5c97b19000-7f5c97b1a000 r--p 0002b000 08:02 6960429                    /usr/lib/jvm/java-7-openjdk-amd64/jre/lib/amd64/libjava.so
7f5c97b1a000-7f5c97b1c000 rw-p 0002c000 08:02 6960429                    /usr/lib/jvm/java-7-openjdk-amd64/jre/lib/amd64/libjava.so
7f5c97b1c000-7f5c97b2c000 r-xp 00000000 08:02 6960451                    /usr/lib/jvm/java-7-openjdk-amd64/jre/lib/amd64/libverify.so
7f5c97b2c000-7f5c97d2b000 ---p 00010000 08:02 6960451                    /usr/lib/jvm/java-7-openjdk-amd64/jre/lib/amd64/libverify.so
7f5c97d2b000-7f5c97d2d000 r--p 0000f000 08:02 6960451                    /usr/lib/jvm/java-7-openjdk-amd64/jre/lib/amd64/libverify.so
7f5c97d2d000-7f5c97d2e000 rw-p 00011000 08:02 6960451                    /usr/lib/jvm/java-7-openjdk-amd64/jre/lib/amd64/libverify.so
7f5c97d2e000-7f5c97d35000 r-xp 00000000 08:02 1053747                    /lib/x86_64-linux-gnu/librt-2.19.so
7f5c97d35000-7f5c97f34000 ---p 00007000 08:02 1053747                    /lib/x86_64-linux-gnu/librt-2.19.so
7f5c97f34000-7f5c97f35000 r--p 00006000 08:02 1053747                    /lib/x86_64-linux-gnu/librt-2.19.so
7f5c97f35000-7f5c97f36000 rw-p 00007000 08:02 1053747                    /lib/x86_64-linux-gnu/librt-2.19.so
7f5c97f36000-7f5c97f4c000 r-xp 00000000 08:02 1052693                    /lib/x86_64-linux-gnu/libgcc_s.so.1
7f5c97f4c000-7f5c9814b000 ---p 00016000 08:02 1052693                    /lib/x86_64-linux-gnu/libgcc_s.so.1
7f5c9814b000-7f5c9814c000 rw-p 00015000 08:02 1052693                    /lib/x86_64-linux-gnu/libgcc_s.so.1
7f5c9814c000-7f5c98251000 r-xp 00000000 08:02 1052931                    /lib/x86_64-linux-gnu/libm-2.19.so
7f5c98251000-7f5c98450000 ---p 00105000 08:02 1052931                    /lib/x86_64-linux-gnu/libm-2.19.so
7f5c98450000-7f5c98451000 r--p 00104000 08:02 1052931                    /lib/x86_64-linux-gnu/libm-2.19.so
7f5c98451000-7f5c98452000 rw-p 00105000 08:02 1052931                    /lib/x86_64-linux-gnu/libm-2.19.so
7f5c98452000-7f5c98538000 r-xp 00000000 08:02 6951687                    /usr/lib/x86_64-linux-gnu/libstdc++.so.6.0.19
7f5c98538000-7f5c98737000 ---p 000e6000 08:02 6951687                    /usr/lib/x86_64-linux-gnu/libstdc++.so.6.0.19
7f5c98737000-7f5c9873f000 r--p 000e5000 08:02 6951687                    /usr/lib/x86_64-linux-gnu/libstdc++.so.6.0.19
7f5c9873f000-7f5c98741000 rw-p 000ed000 08:02 6951687                    /usr/lib/x86_64-linux-gnu/libstdc++.so.6.0.19
7f5c98741000-7f5c98756000 rw-p 00000000 00:00 0 
7f5c98756000-7f5c9927a000 r-xp 00000000 08:02 6960438                    /usr/lib/jvm/java-7-openjdk-amd64/jre/lib/amd64/server/libjvm.so
7f5c9927a000-7f5c9947a000 ---p 00b24000 08:02 6960438                    /usr/lib/jvm/java-7-openjdk-amd64/jre/lib/amd64/server/libjvm.so
7f5c9947a000-7f5c99514000 r--p 00b24000 08:02 6960438                    /usr/lib/jvm/java-7-openjdk-amd64/jre/lib/amd64/server/libjvm.so
7f5c99514000-7f5c99537000 rw-p 00bbe000 08:02 6960438                    /usr/lib/jvm/java-7-openjdk-amd64/jre/lib/amd64/server/libjvm.so
7f5c99537000-7f5c99565000 rw-p 00000000 00:00 0 
7f5c99565000-7f5c9957d000 r-xp 00000000 08:02 1052769                    /lib/x86_64-linux-gnu/libz.so.1.2.8
7f5c9957d000-7f5c9977c000 ---p 00018000 08:02 1052769                    /lib/x86_64-linux-gnu/libz.so.1.2.8
7f5c9977c000-7f5c9977d000 r--p 00017000 08:02 1052769                    /lib/x86_64-linux-gnu/libz.so.1.2.8
7f5c9977d000-7f5c9977e000 rw-p 00018000 08:02 1052769                    /lib/x86_64-linux-gnu/libz.so.1.2.8
7f5c9977e000-7f5c99797000 r-xp 00000000 08:02 1053743                    /lib/x86_64-linux-gnu/libpthread-2.19.so
7f5c99797000-7f5c99996000 ---p 00019000 08:02 1053743                    /lib/x86_64-linux-gnu/libpthread-2.19.so
7f5c99996000-7f5c99997000 r--p 00018000 08:02 1053743                    /lib/x86_64-linux-gnu/libpthread-2.19.so
7f5c99997000-7f5c99998000 rw-p 00019000 08:02 1053743                    /lib/x86_64-linux-gnu/libpthread-2.19.so
7f5c99998000-7f5c9999c000 rw-p 00000000 00:00 0 
7f5c9999c000-7f5c9999f000 r-xp 00000000 08:02 1053719                    /lib/x86_64-linux-gnu/libdl-2.19.so
7f5c9999f000-7f5c99b9e000 ---p 00003000 08:02 1053719                    /lib/x86_64-linux-gnu/libdl-2.19.so
7f5c99b9e000-7f5c99b9f000 r--p 00002000 08:02 1053719                    /lib/x86_64-linux-gnu/libdl-2.19.so
7f5c99b9f000-7f5c99ba0000 rw-p 00003000 08:02 1053719                    /lib/x86_64-linux-gnu/libdl-2.19.so
7f5c99ba0000-7f5c99d5b000 r-xp 00000000 08:02 1053741                    /lib/x86_64-linux-gnu/libc-2.19.so
7f5c99d5b000-7f5c99f5a000 ---p 001bb000 08:02 1053741                    /lib/x86_64-linux-gnu/libc-2.19.so
7f5c99f5a000-7f5c99f5e000 r--p 001ba000 08:02 1053741                    /lib/x86_64-linux-gnu/libc-2.19.so
7f5c99f5e000-7f5c99f60000 rw-p 001be000 08:02 1053741                    /lib/x86_64-linux-gnu/libc-2.19.so
7f5c99f60000-7f5c99f65000 rw-p 00000000 00:00 0 
7f5c99f65000-7f5c99f72000 r-xp 00000000 08:02 6960452                    /usr/lib/jvm/java-7-openjdk-amd64/jre/lib/amd64/jli/libjli.so
7f5c99f72000-7f5c9a171000 ---p 0000d000 08:02 6960452                    /usr/lib/jvm/java-7-openjdk-amd64/jre/lib/amd64/jli/libjli.so
7f5c9a171000-7f5c9a172000 r--p 0000c000 08:02 6960452                    /usr/lib/jvm/java-7-openjdk-amd64/jre/lib/amd64/jli/libjli.so
7f5c9a172000-7f5c9a173000 rw-p 0000d000 08:02 6960452                    /usr/lib/jvm/java-7-openjdk-amd64/jre/lib/amd64/jli/libjli.so
7f5c9a173000-7f5c9a196000 r-xp 00000000 08:02 1053735                    /lib/x86_64-linux-gnu/ld-2.19.so
7f5c9a196000-7f5c9a197000 r--s 00095000 08:02 3283217                    /home/roah/jmonkeyplatform/3.1/jmonkeyplatform/libs/lwjgl-platform-2.9.3-natives-windows.jar
7f5c9a197000-7f5c9a199000 r--s 0000f000 08:02 3290144                    /home/roah/jmonkeyplatform/3.1/jmonkeyplatform/libs/core-0.27.jar
7f5c9a199000-7f5c9a1a4000 r--s 00065000 08:02 3301023                    /home/roah/Documents/Jmonkey/3.1/MultiverseKing_Latest_2/MultiverseKing_JME/externalLibs/logback-core-1.1.3.jar
7f5c9a1a4000-7f5c9a1ae000 rw-p 00000000 00:00 0 
7f5c9a1ae000-7f5c9a264000 rw-p 00000000 00:00 0 
7f5c9a264000-7f5c9a267000 ---p 00000000 00:00 0 
7f5c9a267000-7f5c9a369000 rw-p 00000000 00:00 0 
7f5c9a369000-7f5c9a36a000 r--s 00002000 08:02 3287691                    /home/roah/jmonkeyplatform/3.1/jmonkeyplatform/libs/simple-0.27.jar
7f5c9a36a000-7f5c9a36e000 r--s 00036000 08:02 3300956                    /home/roah/Documents/Jmonkey/3.1/MultiverseKing_Latest_2/MultiverseKing_JME/externalLibs/Zay-ES.jar
7f5c9a36e000-7f5c9a36f000 r--s 00005000 08:02 3300955                    /home/roah/Documents/Jmonkey/3.1/MultiverseKing_Latest_2/MultiverseKing_JME/externalLibs/json-simple-1.1.1.jar
7f5c9a36f000-7f5c9a371000 r--s 00005000 08:02 3300958                    /home/roah/Documents/Jmonkey/3.1/MultiverseKing_Latest_2/MultiverseKing_JME/externalLibs/slf4j-api-1.7.5.jar
7f5c9a371000-7f5c9a374000 r--s 00022000 08:02 3300961                    /home/roah/Documents/Jmonkey/3.1/MultiverseKing_Latest_2/MultiverseKing_JME/externalLibs/libnoiseforjava.jar
7f5c9a374000-7f5c9a378000 r--s 0003c000 08:02 6960396                    /usr/lib/jvm/java-7-openjdk-amd64/jre/lib/ext/sunpkcs11.jar
7f5c9a378000-7f5c9a37a000 r--s 00012000 08:02 6960390                    /usr/lib/jvm/java-7-openjdk-amd64/jre/lib/ext/zipfs.jar
7f5c9a37a000-7f5c9a37b000 r--s 00002000 08:02 6960398                    /usr/lib/jvm/java-7-openjdk-amd64/jre/lib/ext/dnsns.jar
7f5c9a37b000-7f5c9a37e000 r--s 0000f000 08:02 6960393                    /usr/lib/jvm/java-7-openjdk-amd64/jre/lib/ext/icedtea-sound.jar
7f5c9a37e000-7f5c9a380000 r--s 00006000 08:02 9734                       /usr/share/java/java-atk-wrapper.jar
7f5c9a380000-7f5c9a384000 r--s 00085000 08:02 6960392                    /usr/lib/jvm/java-7-openjdk-amd64/jre/lib/ext/localedata.jar
7f5c9a384000-7f5c9a388000 r--s 00034000 08:02 6960395                    /usr/lib/jvm/java-7-openjdk-amd64/jre/lib/ext/sunjce_provider.jar
7f5c9a388000-7f5c9a390000 rw-s 00000000 08:02 5516617                    /tmp/hsperfdata_roah/5969 (deleted)
7f5c9a390000-7f5c9a391000 rw-p 00000000 00:00 0 
7f5c9a391000-7f5c9a392000 ---p 00000000 00:00 0 
7f5c9a392000-7f5c9a395000 rw-p 00000000 00:00 0 
7f5c9a395000-7f5c9a396000 r--p 00022000 08:02 1053735                    /lib/x86_64-linux-gnu/ld-2.19.so
7f5c9a396000-7f5c9a397000 rw-p 00023000 08:02 1053735                    /lib/x86_64-linux-gnu/ld-2.19.so
7f5c9a397000-7f5c9a398000 rw-p 00000000 00:00 0 
7ffd7400e000-7ffd74030000 rw-p 00000000 00:00 0                          [stack]
7ffd7414c000-7ffd7414e000 r-xp 00000000 00:00 0                          [vdso]
ffffffffff600000-ffffffffff601000 r-xp 00000000 00:00 0                  [vsyscall]

VM Arguments:
jvm_args: -Dfile.encoding=UTF-8 
java_command: org.multiverseking.battle.standalonetest.Main
Launcher Type: SUN_STANDARD

Environment Variables:
PATH=/usr/local/sbin:/usr/local/bin:/usr/sbin:/usr/bin:/sbin:/bin:/usr/games:/usr/local/games
LD_LIBRARY_PATH=/home/roah/jmonkeyplatform/3.1/bin/../jdk/jre/lib/amd64:/home/roah/jmonkeyplatform/3.1/bin/../jdk/jre/lib/i386:
SHELL=/bin/bash
DISPLAY=:0

Signal Handlers:
SIGSEGV: [libjvm.so+0x9548f0], sa_mask[0]=0x7ffbfeff, sa_flags=0x10000004
SIGBUS: [libjvm.so+0x9548f0], sa_mask[0]=0x7ffbfeff, sa_flags=0x10000004
SIGFPE: [libjvm.so+0x7cb0b0], sa_mask[0]=0x7ffbfeff, sa_flags=0x10000004
SIGPIPE: [libjvm.so+0x7cb0b0], sa_mask[0]=0x7ffbfeff, sa_flags=0x10000004
SIGXFSZ: [libjvm.so+0x7cb0b0], sa_mask[0]=0x7ffbfeff, sa_flags=0x10000004
SIGILL: [libjvm.so+0x7cb0b0], sa_mask[0]=0x7ffbfeff, sa_flags=0x10000004
SIGUSR1: SIG_DFL, sa_mask[0]=0x00000000, sa_flags=0x00000000
SIGUSR2: [libjvm.so+0x7caf50], sa_mask[0]=0x00000004, sa_flags=0x10000004
SIGHUP: [libjvm.so+0x7cb130], sa_mask[0]=0x7ffbfeff, sa_flags=0x10000004
SIGINT: SIG_IGN, sa_mask[0]=0x00000000, sa_flags=0x00000000
SIGTERM: [libjvm.so+0x7cb130], sa_mask[0]=0x7ffbfeff, sa_flags=0x10000004
SIGQUIT: [libjvm.so+0x7cb130], sa_mask[0]=0x7ffbfeff, sa_flags=0x10000004
SIGTRAP: SIG_DFL, sa_mask[0]=0x00000000, sa_flags=0x00000000


---------------  S Y S T E M  ---------------

OS:Ubuntu 14.04 (trusty)
uname:Linux 3.13.0-74-generic #118-Ubuntu SMP Thu Dec 17 22:52:10 UTC 2015 x86_64
libc:glibc 2.19 NPTL 2.19 
rlimit: STACK 8192k, CORE 0k, NPROC 61783, NOFILE 4096, AS infinity
load average:0,32 1,32 1,77

/proc/meminfo:
MemTotal:        8128140 kB
MemFree:          412816 kB
Buffers:          176196 kB
Cached:          1952236 kB
SwapCached:        13404 kB
Active:          5058360 kB
Inactive:        2019044 kB
Active(anon):    4131204 kB
Inactive(anon):  1127980 kB
Active(file):     927156 kB
Inactive(file):   891064 kB
Unevictable:          32 kB
Mlocked:              32 kB
SwapTotal:       8340476 kB
SwapFree:        8221712 kB
Dirty:               412 kB
Writeback:             0 kB
AnonPages:       4936932 kB
Mapped:           636048 kB
Shmem:            310212 kB
Slab:             378876 kB
SReclaimable:     315784 kB
SUnreclaim:        63092 kB
KernelStack:        7864 kB
PageTables:        72008 kB
NFS_Unstable:          0 kB
Bounce:                0 kB
WritebackTmp:          0 kB
CommitLimit:    12404544 kB
Committed_AS:   12466420 kB
VmallocTotal:   34359738367 kB
VmallocUsed:      126800 kB
VmallocChunk:   34359606780 kB
HardwareCorrupted:     0 kB
AnonHugePages:   1294336 kB
HugePages_Total:       0
HugePages_Free:        0
HugePages_Rsvd:        0
HugePages_Surp:        0
Hugepagesize:       2048 kB
DirectMap4k:     1448860 kB
DirectMap2M:     6891520 kB


CPU:total 8 (4 cores per cpu, 2 threads per core) family 6 model 58 stepping 9, cmov, cx8, fxsr, mmx, sse, sse2, sse3, ssse3, sse4.1, sse4.2, popcnt, avx, aes, erms, ht, tsc, tscinvbit, tscinv

/proc/cpuinfo:
processor	: 0
vendor_id	: GenuineIntel
cpu family	: 6
model		: 58
model name	: Intel(R) Core(TM) i7-3770 CPU @ 3.40GHz
stepping	: 9
microcode	: 0x12
cpu MHz		: 3401.000
cache size	: 8192 KB
physical id	: 0
siblings	: 8
core id		: 0
cpu cores	: 4
apicid		: 0
initial apicid	: 0
fpu		: yes
fpu_exception	: yes
cpuid level	: 13
wp		: yes
flags		: fpu vme de pse tsc msr pae mce cx8 apic sep mtrr pge mca cmov pat pse36 clflush dts acpi mmx fxsr sse sse2 ss ht tm pbe syscall nx rdtscp lm constant_tsc arch_perfmon pebs bts rep_good nopl xtopology nonstop_tsc aperfmperf eagerfpu pni pclmulqdq dtes64 monitor ds_cpl vmx smx est tm2 ssse3 cx16 xtpr pdcm pcid sse4_1 sse4_2 x2apic popcnt tsc_deadline_timer aes xsave avx f16c rdrand lahf_lm ida arat epb xsaveopt pln pts dtherm tpr_shadow vnmi flexpriority ept vpid fsgsbase smep erms
bogomips	: 6799.70
clflush size	: 64
cache_alignment	: 64
address sizes	: 36 bits physical, 48 bits virtual
power management:

processor	: 1
vendor_id	: GenuineIntel
cpu family	: 6
model		: 58
model name	: Intel(R) Core(TM) i7-3770 CPU @ 3.40GHz
stepping	: 9
microcode	: 0x12
cpu MHz		: 3401.000
cache size	: 8192 KB
physical id	: 0
siblings	: 8
core id		: 1
cpu cores	: 4
apicid		: 2
initial apicid	: 2
fpu		: yes
fpu_exception	: yes
cpuid level	: 13
wp		: yes
flags		: fpu vme de pse tsc msr pae mce cx8 apic sep mtrr pge mca cmov pat pse36 clflush dts acpi mmx fxsr sse sse2 ss ht tm pbe syscall nx rdtscp lm constant_tsc arch_perfmon pebs bts rep_good nopl xtopology nonstop_tsc aperfmperf eagerfpu pni pclmulqdq dtes64 monitor ds_cpl vmx smx est tm2 ssse3 cx16 xtpr pdcm pcid sse4_1 sse4_2 x2apic popcnt tsc_deadline_timer aes xsave avx f16c rdrand lahf_lm ida arat epb xsaveopt pln pts dtherm tpr_shadow vnmi flexpriority ept vpid fsgsbase smep erms
bogomips	: 6799.70
clflush size	: 64
cache_alignment	: 64
address sizes	: 36 bits physical, 48 bits virtual
power management:

processor	: 2
vendor_id	: GenuineIntel
cpu family	: 6
model		: 58
model name	: Intel(R) Core(TM) i7-3770 CPU @ 3.40GHz
stepping	: 9
microcode	: 0x12
cpu MHz		: 1600.000
cache size	: 8192 KB
physical id	: 0
siblings	: 8
core id		: 2
cpu cores	: 4
apicid		: 4
initial apicid	: 4
fpu		: yes
fpu_exception	: yes
cpuid level	: 13
wp		: yes
flags		: fpu vme de pse tsc msr pae mce cx8 apic sep mtrr pge mca cmov pat pse36 clflush dts acpi mmx fxsr sse sse2 ss ht tm pbe syscall nx rdtscp lm constant_tsc arch_perfmon pebs bts rep_good nopl xtopology nonstop_tsc aperfmperf eagerfpu pni pclmulqdq dtes64 monitor ds_cpl vmx smx est tm2 ssse3 cx16 xtpr pdcm pcid sse4_1 sse4_2 x2apic popcnt tsc_deadline_timer aes xsave avx f16c rdrand lahf_lm ida arat epb xsaveopt pln pts dtherm tpr_shadow vnmi flexpriority ept vpid fsgsbase smep erms
bogomips	: 6799.70
clflush size	: 64
cache_alignment	: 64
address sizes	: 36 bits physical, 48 bits virtual
power management:

processor	: 3
vendor_id	: GenuineIntel
cpu family	: 6
model		: 58
model name	: Intel(R) Core(TM) i7-3770 CPU @ 3.40GHz
stepping	: 9
microcode	: 0x12
cpu MHz		: 1600.000
cache size	: 8192 KB
physical id	: 0
siblings	: 8
core id		: 3
cpu cores	: 4
apicid		: 6
initial apicid	: 6
fpu		: yes
fpu_exception	: yes
cpuid level	: 13
wp		: yes
flags		: fpu vme de pse tsc msr pae mce cx8 apic sep mtrr pge mca cmov pat pse36 clflush dts acpi mmx fxsr sse sse2 ss ht tm pbe syscall nx rdtscp lm constant_tsc arch_perfmon pebs bts rep_good nopl xtopology nonstop_tsc aperfmperf eagerfpu pni pclmulqdq dtes64 monitor ds_cpl vmx smx est tm2 ssse3 cx16 xtpr pdcm pcid sse4_1 sse4_2 x2apic popcnt tsc_deadline_timer aes xsave avx f16c rdrand lahf_lm ida arat epb xsaveopt pln pts dtherm tpr_shadow vnmi flexpriority ept vpid fsgsbase smep erms
bogomips	: 6799.70
clflush size	: 64
cache_alignment	: 64
address sizes	: 36 bits physical, 48 bits virtual
power management:

processor	: 4
vendor_id	: GenuineIntel
cpu family	: 6
model		: 58
model name	: Intel(R) Core(TM) i7-3770 CPU @ 3.40GHz
stepping	: 9
microcode	: 0x12
cpu MHz		: 3100.000
cache size	: 8192 KB
physical id	: 0
siblings	: 8
core id		: 0
cpu cores	: 4
apicid		: 1
initial apicid	: 1
fpu		: yes
fpu_exception	: yes
cpuid level	: 13
wp		: yes
flags		: fpu vme de pse tsc msr pae mce cx8 apic sep mtrr pge mca cmov pat pse36 clflush dts acpi mmx fxsr sse sse2 ss ht tm pbe syscall nx rdtscp lm constant_tsc arch_perfmon pebs bts rep_good nopl xtopology nonstop_tsc aperfmperf eagerfpu pni pclmulqdq dtes64 monitor ds_cpl vmx smx est tm2 ssse3 cx16 xtpr pdcm pcid sse4_1 sse4_2 x2apic popcnt tsc_deadline_timer aes xsave avx f16c rdrand lahf_lm ida arat epb xsaveopt pln pts dtherm tpr_shadow vnmi flexpriority ept vpid fsgsbase smep erms
bogomips	: 6799.70
clflush size	: 64
cache_alignment	: 64
address sizes	: 36 bits physical, 48 bits virtual
power management:

processor	: 5
vendor_id	: GenuineIntel
cpu family	: 6
model		: 58
model name	: Intel(R) Core(TM) i7-3770 CPU @ 3.40GHz
stepping	: 9
microcode	: 0x12
cpu MHz		: 2500.000
cache size	: 8192 KB
physical id	: 0
siblings	: 8
core id		: 1
cpu cores	: 4
apicid		: 3
initial apicid	: 3
fpu		: yes
fpu_exception	: yes
cpuid level	: 13
wp		: yes
flags		: fpu vme de pse tsc msr pae mce cx8 apic sep mtrr pge mca cmov pat pse36 clflush dts acpi mmx fxsr sse sse2 ss ht tm pbe syscall nx rdtscp lm constant_tsc arch_perfmon pebs bts rep_good nopl xtopology nonstop_tsc aperfmperf eagerfpu pni pclmulqdq dtes64 monitor ds_cpl vmx smx est tm2 ssse3 cx16 xtpr pdcm pcid sse4_1 sse4_2 x2apic popcnt tsc_deadline_timer aes xsave avx f16c rdrand lahf_lm ida arat epb xsaveopt pln pts dtherm tpr_shadow vnmi flexpriority ept vpid fsgsbase smep erms
bogomips	: 6799.70
clflush size	: 64
cache_alignment	: 64
address sizes	: 36 bits physical, 48 bits virtual
power management:

processor	: 6
vendor_id	: GenuineIntel
cpu family	: 6
model		: 58
model name	: Intel(R) Core(TM) i7-3770 CPU @ 3.40GHz
stepping	: 9
microcode	: 0x12
cpu MHz		: 1600.000
cache size	: 8192 KB
physical id	: 0
siblings	: 8
core id		: 2
cpu cores	: 4
apicid		: 5
initial apicid	: 5
fpu		: yes
fpu_exception	: yes
cpuid level	: 13
wp		: yes
flags		: fpu vme de pse tsc msr pae mce cx8 apic sep mtrr pge mca cmov pat pse36 clflush dts acpi mmx fxsr sse sse2 ss ht tm pbe syscall nx rdtscp lm constant_tsc arch_perfmon pebs bts rep_good nopl xtopology nonstop_tsc aperfmperf eagerfpu pni pclmulqdq dtes64 monitor ds_cpl vmx smx est tm2 ssse3 cx16 xtpr pdcm pcid sse4_1 sse4_2 x2apic popcnt tsc_deadline_timer aes xsave avx f16c rdrand lahf_lm ida arat epb xsaveopt pln pts dtherm tpr_shadow vnmi flexpriority ept vpid fsgsbase smep erms
bogomips	: 6799.70
clflush size	: 64
cache_alignment	: 64
address sizes	: 36 bits physical, 48 bits virtual
power management:

processor	: 7
vendor_id	: GenuineIntel
cpu family	: 6
model		: 58
model name	: Intel(R) Core(TM) i7-3770 CPU @ 3.40GHz
stepping	: 9
microcode	: 0x12
cpu MHz		: 1600.000
cache size	: 8192 KB
physical id	: 0
siblings	: 8
core id		: 3
cpu cores	: 4
apicid		: 7
initial apicid	: 7
fpu		: yes
fpu_exception	: yes
cpuid level	: 13
wp		: yes
flags		: fpu vme de pse tsc msr pae mce cx8 apic sep mtrr pge mca cmov pat pse36 clflush dts acpi mmx fxsr sse sse2 ss ht tm pbe syscall nx rdtscp lm constant_tsc arch_perfmon pebs bts rep_good nopl xtopology nonstop_tsc aperfmperf eagerfpu pni pclmulqdq dtes64 monitor ds_cpl vmx smx est tm2 ssse3 cx16 xtpr pdcm pcid sse4_1 sse4_2 x2apic popcnt tsc_deadline_timer aes xsave avx f16c rdrand lahf_lm ida arat epb xsaveopt pln pts dtherm tpr_shadow vnmi flexpriority ept vpid fsgsbase smep erms
bogomips	: 6799.70
clflush size	: 64
cache_alignment	: 64
address sizes	: 36 bits physical, 48 bits virtual
power management:



Memory: 4k page, physical 8128140k(413208k free), swap 8340476k(8221712k free)

vm_info: OpenJDK 64-Bit Server VM (24.91-b01) for linux-amd64 JRE (1.7.0_91-b02), built on Nov 19 2015 06:14:37 by "buildd" with gcc 4.8.2

time: Sun Jan 24 18:21:15 2016
elapsed time: 7 seconds

