#
# A fatal error has been detected by the Java Runtime Environment:
#
#  SIGSEGV (0xb) at pc=0x0000000000000000, pid=9540, tid=140369174759168
#
# JRE version: OpenJDK Runtime Environment (7.0_79-b14) (build 1.7.0_79-b14)
# Java VM: OpenJDK 64-Bit Server VM (24.79-b02 mixed mode linux-amd64 compressed oops)
# Derivative: IcedTea 2.5.6
# Distribution: Ubuntu 14.04 LTS, package 7u79-2.5.6-0ubuntu1.14.04.1
# Problematic frame:
# C  0x0000000000000000
#
# Failed to write core dump. Core dumps have been disabled. To enable core dumping, try "ulimit -c unlimited" before starting Java again
#
# If you would like to submit a bug report, please include
# instructions on how to reproduce the bug and visit:
#   http://icedtea.classpath.org/bugzilla
#

---------------  T H R E A D  ---------------

Current thread is native thread

siginfo:si_signo=SIGSEGV: si_errno=0, si_code=1 (SEGV_MAPERR), si_addr=0x0000000000000000

Registers:
RAX=0x00007faa4beca7c0, RBX=0x0000000000000400, RCX=0x00007faa40571280, RDX=0x00007faa40571280
RSP=0x00007faa3ecc7d18, RBP=0x00007faa4055c120, RSI=0x0000000000000000, RDI=0x00007faa4055c120
R8 =0x000000000011f000, R9 =0x0000000000000001, R10=0x00007faa4055c144, R11=0x0000000000000000
R12=0x00007faa405602b0, R13=0x0000000000012000, R14=0x0000000000001000, R15=0x00007faa3ecc7ec8
RIP=0x0000000000000000, EFLAGS=0x0000000000010246, CSGSFS=0x0000000000000033, ERR=0x0000000000000014
  TRAPNO=0x000000000000000e

Top of Stack: (sp=0x00007faa3ecc7d18)
0x00007faa3ecc7d18:   00007faa4bc934d1 00000000ffffffff
0x00007faa3ecc7d28:   00007faa2c005b60 00007faabb800000
0x00007faa3ecc7d38:   00007faab86e2899 0000000000000000
0x00007faa3ecc7d48:   00007faa48778fd2 00007faa40531f90
0x00007faa3ecc7d58:   0000000000000000 0000000000000000
0x00007faa3ecc7d68:   0000000000000000 00007faa40532bf0
0x00007faa3ecc7d78:   00007faa40465eb0 0000000000002000
0x00007faa3ecc7d88:   00007faa48780cda 00007faa405323a0
0x00007faa3ecc7d98:   00007faa24000fb0 0000000000000000
0x00007faa3ecc7da8:   5700000000000001 0000000000002000
0x00007faa3ecc7db8:   00007faa487827eb 0000000000000000
0x00007faa3ecc7dc8:   0000000000000000 0000000000000000
0x00007faa3ecc7dd8:   0000000000000000 0000000000000000
0x00007faa3ecc7de8:   0000000000002000 00007faa40465eb0
0x00007faa3ecc7df8:   00007faa3ecc7ec8 00007faa3ecc7ec0
0x00007faa3ecc7e08:   00007faa405602b0 00007faa4879bc80
0x00007faa3ecc7e18:   00007faa48becbd2 00007faa3439f040
0x00007faa3ecc7e28:   00007faa343ef040 000004003ecc7e70
0x00007faa3ecc7e38:   00007faa3ecc7e50 0000000000000000
0x00007faa3ecc7e48:   00007faa48bf1ea2 00001fa00000037f
0x00007faa3ecc7e58:   00007faa487669ff 00007faa40532bf0
0x00007faa3ecc7e68:   0000000000002000 00007faa40466580
0x00007faa3ecc7e78:   0000000000000000 00007faa4055c120
0x00007faa3ecc7e88:   0000000000000008 00007faa3ecc7ec8
0x00007faa3ecc7e98:   00007faa4bca9544 0000000000000000
0x00007faa3ecc7ea8:   00007faa3ecc7ec0 0000000000002000
0x00007faa3ecc7eb8:   00000000000063d8 00007faa343ef040
0x00007faa3ecc7ec8:   0000000000002000 0000000000000000
0x00007faa3ecc7ed8:   00007faa40465d50 0000000000000000
0x00007faa3ecc7ee8:   0000000000000000 0000000000000000
0x00007faa3ecc7ef8:   00007faa3ecc89c0 00007faa3ecc8700
0x00007faa3ecc7f08:   00007faa4bc9c73a 00007faa3ecc8700 

Instructions: (pc=0x0000000000000000)
0xffffffffffffffe0:   

Register to memory mapping:

RAX=0x00007faa4beca7c0: <offset 0x2577c0> in /home/roah/Documents/Jmonkey/3.1/MultiverseKing_Latest_2/MultiverseKing_JME/MultiverseKingBattle/libopenal64.so at 0x00007faa4bc73000
RBX=0x0000000000000400 is an unknown value
RCX=0x00007faa40571280 is an unknown value
RDX=0x00007faa40571280 is an unknown value
RSP=0x00007faa3ecc7d18 is an unknown value
RBP=0x00007faa4055c120 is an unknown value
RSI=0x0000000000000000 is an unknown value
RDI=0x00007faa4055c120 is an unknown value
R8 =0x000000000011f000 is an unknown value
R9 =0x0000000000000001 is an unknown value
R10=0x00007faa4055c144 is an unknown value
R11=0x0000000000000000 is an unknown value
R12=0x00007faa405602b0 is an unknown value
R13=0x0000000000012000 is an unknown value
R14=0x0000000000001000 is an unknown value
R15=0x00007faa3ecc7ec8 is an unknown value


Stack: [0x00007faa3ebc8000,0x00007faa3ecc9000],  sp=0x00007faa3ecc7d18,  free space=1023k

---------------  P R O C E S S  ---------------

VM state:at safepoint (shutting down)

VM Mutex/Monitor currently owned by a thread:  ([mutex/lock_event])
[0x00007faab00079f0] Threads_lock - owner thread: 0x00007faab007f800

Heap
 PSYoungGen      total 37376K, used 28926K [0x00000007d6a00000, 0x00000007db300000, 0x0000000800000000)
  eden space 32256K, 73% used [0x00000007d6a00000,0x00000007d813fbb8,0x00000007d8980000)
  from space 5120K, 99% used [0x00000007d8980000,0x00000007d8e7fdf8,0x00000007d8e80000)
  to   space 5120K, 0% used [0x00000007dae00000,0x00000007dae00000,0x00000007db300000)
 ParOldGen       total 84480K, used 15369K [0x0000000783e00000, 0x0000000789080000, 0x00000007d6a00000)
  object space 84480K, 18% used [0x0000000783e00000,0x0000000784d02768,0x0000000789080000)
 PSPermGen       total 25600K, used 25508K [0x0000000779800000, 0x000000077b100000, 0x0000000783e00000)
  object space 25600K, 99% used [0x0000000779800000,0x000000077b0e9088,0x000000077b100000)

Card table byte_map: [0x00007faab54d7000,0x00007faab590c000] byte_map_base: 0x00007faab190b000

Polling page: 0x00007faab8de9000

Code Cache  [0x00007faaad000000, 0x00007faaad270000, 0x00007faab0000000)
 total_blobs=1022 nmethods=349 adapters=626 free_code_cache=47812Kb largest_free_block=48911360

Compilation events (10 events):
Event: 2,986 Thread 0x00007faab00b6000  349             java.util.concurrent.locks.ReentrantLock::lock (8 bytes)
Event: 2,986 Thread 0x00007faab00b3800  350             java.util.concurrent.locks.ReentrantLock$NonfairSync::lock (25 bytes)
Event: 2,987 Thread 0x00007faab00b3800 nmethod 350 0x00007faaad148190 code [0x00007faaad148300, 0x00007faaad148468]
Event: 2,988 Thread 0x00007faab00b6000 nmethod 349 0x00007faaad147a90 code [0x00007faaad147c40, 0x00007faaad147e80]
Event: 3,788 Thread 0x00007faab00b3800  351             sun.awt.SunToolkit::awtLock (7 bytes)
Event: 3,788 Thread 0x00007faab00b6000  352             sun.awt.SunToolkit::awtUnlock (7 bytes)
Event: 3,793 Thread 0x00007faab00b3800 nmethod 351 0x00007faaad15a490 code [0x00007faaad15a640, 0x00007faaad15a880]
Event: 3,793 Thread 0x00007faab00b6000 nmethod 352 0x00007faaad147610 code [0x00007faaad147760, 0x00007faaad1478e8]
Event: 3,953 Thread 0x00007faab00b3800  354             sun.awt.X11.Native::getInt (8 bytes)
Event: 3,954 Thread 0x00007faab00b3800 nmethod 354 0x00007faaad08f210 code [0x00007faaad08f340, 0x00007faaad08f3b8]

GC Heap History (6 events):
Event: 1,739 GC heap before
{Heap before GC invocations=1 (full 0):
 PSYoungGen      total 37376K, used 32256K [0x00000007d6a00000, 0x00000007d9380000, 0x0000000800000000)
  eden space 32256K, 100% used [0x00000007d6a00000,0x00000007d8980000,0x00000007d8980000)
  from space 5120K, 0% used [0x00000007d8e80000,0x00000007d8e80000,0x00000007d9380000)
  to   space 5120K, 0% used [0x00000007d8980000,0x00000007d8980000,0x00000007d8e80000)
 ParOldGen       total 84480K, used 0K [0x0000000783e00000, 0x0000000789080000, 0x00000007d6a00000)
  object space 84480K, 0% used [0x0000000783e00000,0x0000000783e00000,0x0000000789080000)
 PSPermGen       total 21504K, used 20061K [0x0000000779800000, 0x000000077ad00000, 0x0000000783e00000)
  object space 21504K, 93% used [0x0000000779800000,0x000000077ab974f8,0x000000077ad00000)
Event: 1,746 GC heap after
Heap after GC invocations=1 (full 0):
 PSYoungGen      total 37376K, used 5094K [0x00000007d6a00000, 0x00000007d9380000, 0x0000000800000000)
  eden space 32256K, 0% used [0x00000007d6a00000,0x00000007d6a00000,0x00000007d8980000)
  from space 5120K, 99% used [0x00000007d8980000,0x00000007d8e79bf0,0x00000007d8e80000)
  to   space 5120K, 0% used [0x00000007d8e80000,0x00000007d8e80000,0x00000007d9380000)
 ParOldGen       total 84480K, used 5636K [0x0000000783e00000, 0x0000000789080000, 0x00000007d6a00000)
  object space 84480K, 6% used [0x0000000783e00000,0x0000000784381218,0x0000000789080000)
 PSPermGen       total 21504K, used 20061K [0x0000000779800000, 0x000000077ad00000, 0x0000000783e00000)
  object space 21504K, 93% used [0x0000000779800000,0x000000077ab974f8,0x000000077ad00000)
}
Event: 2,344 GC heap before
{Heap before GC invocations=2 (full 0):
 PSYoungGen      total 37376K, used 37350K [0x00000007d6a00000, 0x00000007d9380000, 0x0000000800000000)
  eden space 32256K, 100% used [0x00000007d6a00000,0x00000007d8980000,0x00000007d8980000)
  from space 5120K, 99% used [0x00000007d8980000,0x00000007d8e79bf0,0x00000007d8e80000)
  to   space 5120K, 0% used [0x00000007d8e80000,0x00000007d8e80000,0x00000007d9380000)
 ParOldGen       total 84480K, used 5636K [0x0000000783e00000, 0x0000000789080000, 0x00000007d6a00000)
  object space 84480K, 6% used [0x0000000783e00000,0x0000000784381218,0x0000000789080000)
 PSPermGen       total 24064K, used 24010K [0x0000000779800000, 0x000000077af80000, 0x0000000783e00000)
  object space 24064K, 99% used [0x0000000779800000,0x000000077af728a0,0x000000077af80000)
Event: 2,351 GC heap after
Heap after GC invocations=2 (full 0):
 PSYoungGen      total 37376K, used 5108K [0x00000007d6a00000, 0x00000007d9380000, 0x0000000800000000)
  eden space 32256K, 0% used [0x00000007d6a00000,0x00000007d6a00000,0x00000007d8980000)
  from space 5120K, 99% used [0x00000007d8e80000,0x00000007d937d150,0x00000007d9380000)
  to   space 5120K, 0% used [0x00000007d8980000,0x00000007d8980000,0x00000007d8e80000)
 ParOldGen       total 84480K, used 11657K [0x0000000783e00000, 0x0000000789080000, 0x00000007d6a00000)
  object space 84480K, 13% used [0x0000000783e00000,0x00000007849626b8,0x0000000789080000)
 PSPermGen       total 24064K, used 24010K [0x0000000779800000, 0x000000077af80000, 0x0000000783e00000)
  object space 24064K, 99% used [0x0000000779800000,0x000000077af728a0,0x000000077af80000)
}
Event: 2,558 GC heap before
{Heap before GC invocations=3 (full 0):
 PSYoungGen      total 37376K, used 37364K [0x00000007d6a00000, 0x00000007d9380000, 0x0000000800000000)
  eden space 32256K, 100% used [0x00000007d6a00000,0x00000007d8980000,0x00000007d8980000)
  from space 5120K, 99% used [0x00000007d8e80000,0x00000007d937d150,0x00000007d9380000)
  to   space 5120K, 0% used [0x00000007d8980000,0x00000007d8980000,0x00000007d8e80000)
 ParOldGen       total 84480K, used 11657K [0x0000000783e00000, 0x0000000789080000, 0x00000007d6a00000)
  object space 84480K, 13% used [0x0000000783e00000,0x00000007849626b8,0x0000000789080000)
 PSPermGen       total 24576K, used 24452K [0x0000000779800000, 0x000000077b000000, 0x0000000783e00000)
  object space 24576K, 99% used [0x0000000779800000,0x000000077afe1278,0x000000077b000000)
Event: 2,564 GC heap after
Heap after GC invocations=3 (full 0):
 PSYoungGen      total 37376K, used 5119K [0x00000007d6a00000, 0x00000007db300000, 0x0000000800000000)
  eden space 32256K, 0% used [0x00000007d6a00000,0x00000007d6a00000,0x00000007d8980000)
  from space 5120K, 99% used [0x00000007d8980000,0x00000007d8e7fdf8,0x00000007d8e80000)
  to   space 5120K, 0% used [0x00000007dae00000,0x00000007dae00000,0x00000007db300000)
 ParOldGen       total 84480K, used 15369K [0x0000000783e00000, 0x0000000789080000, 0x00000007d6a00000)
  object space 84480K, 18% used [0x0000000783e00000,0x0000000784d02768,0x0000000789080000)
 PSPermGen       total 24576K, used 24452K [0x0000000779800000, 0x000000077b000000, 0x0000000783e00000)
  object space 24576K, 99% used [0x0000000779800000,0x000000077afe1278,0x000000077b000000)
}

Deoptimization events (10 events):
Event: 2,855 Thread 0x00007faab037e000 Uncommon trap: reason=bimorphic action=maybe_recompile pc=0x00007faaad0df344 method=java.util.regex.Pattern$Curly.match(Ljava/util/regex/Matcher;ILjava/lang/CharSequence;)Z @ 19
Event: 2,855 Thread 0x00007faab037e000 Uncommon trap: reason=class_check action=maybe_recompile pc=0x00007faaad06ddd8 method=java.util.regex.Pattern$5.isSatisfiedBy(I)Z @ 5
Event: 2,855 Thread 0x00007faab037e000 Uncommon trap: reason=bimorphic action=maybe_recompile pc=0x00007faaad0df344 method=java.util.regex.Pattern$Curly.match(Ljava/util/regex/Matcher;ILjava/lang/CharSequence;)Z @ 19
Event: 2,855 Thread 0x00007faab037e000 Uncommon trap: reason=class_check action=maybe_recompile pc=0x00007faaad06ddd8 method=java.util.regex.Pattern$5.isSatisfiedBy(I)Z @ 5
Event: 2,855 Thread 0x00007faab037e000 Uncommon trap: reason=class_check action=maybe_recompile pc=0x00007faaad06ddd8 method=java.util.regex.Pattern$5.isSatisfiedBy(I)Z @ 5
Event: 2,855 Thread 0x00007faab037e000 Uncommon trap: reason=class_check action=maybe_recompile pc=0x00007faaad06ddd8 method=java.util.regex.Pattern$5.isSatisfiedBy(I)Z @ 5
Event: 2,899 Thread 0x00007faa41ad7800 Uncommon trap: reason=predicate action=maybe_recompile pc=0x00007faaad118124 method=java.lang.Class.getConstructor0([Ljava/lang/Class;I)Ljava/lang/reflect/Constructor; @ 32
Event: 2,899 Thread 0x00007faa41ad7800 Uncommon trap: reason=unreached action=reinterpret pc=0x00007faaad1057f4 method=java.lang.Class.arrayContentsEq([Ljava/lang/Object;[Ljava/lang/Object;)Z @ 1
Event: 2,924 Thread 0x00007faa41ad7800 Uncommon trap: reason=unreached action=reinterpret pc=0x00007faaad116874 method=java.lang.ref.SoftReference.get()Ljava/lang/Object; @ 6
Event: 2,924 Thread 0x00007faa41ad7800 Uncommon trap: reason=predicate action=maybe_recompile pc=0x00007faaad1298d4 method=java.nio.charset.CharsetDecoder.decode(Ljava/nio/ByteBuffer;Ljava/nio/CharBuffer;Z)Ljava/nio/charset/CoderResult; @ 54

Internal exceptions (10 events):
Event: 2,899 Thread 0x00007faa41ad7800 Implicit null exception at 0x00007faaad117b5b to 0x00007faaad1180fd
Event: 2,899 Thread 0x00007faa41ad7800 Implicit null exception at 0x00007faaad10576c to 0x00007faaad1057e1
Event: 2,900 Thread 0x00007faab037e000 Threw 0x00000007d7d05f08 at /build/openjdk-7-FO0dNI/openjdk-7-7u79-2.5.6/build/openjdk/hotspot/src/share/vm/prims/jvm.cpp:1284
Event: 2,921 Thread 0x00007faab037e000 Threw 0x00000007d7d0cad8 at /build/openjdk-7-FO0dNI/openjdk-7-7u79-2.5.6/build/openjdk/hotspot/src/share/vm/prims/jvm.cpp:1284
Event: 2,930 Thread 0x00007faa41ad7800 Threw 0x00000007d7d8d0f0 at /build/openjdk-7-FO0dNI/openjdk-7-7u79-2.5.6/build/openjdk/hotspot/src/share/vm/prims/jvm.cpp:1284
Event: 2,939 Thread 0x00007faab037e000 Threw 0x00000007d7dc2bf8 at /build/openjdk-7-FO0dNI/openjdk-7-7u79-2.5.6/build/openjdk/hotspot/src/share/vm/prims/jvm.cpp:1284
Event: 2,986 Thread 0x00007faa41ad7800 Threw 0x00000007d7dabbb8 at /build/openjdk-7-FO0dNI/openjdk-7-7u79-2.5.6/build/openjdk/hotspot/src/share/vm/prims/jni.cpp:747
Event: 4,370 Thread 0x00007faa41ad7800 Threw 0x00000007d8050b00 at /build/openjdk-7-FO0dNI/openjdk-7-7u79-2.5.6/build/openjdk/hotspot/src/share/vm/prims/jni.cpp:747
Event: 4,413 Thread 0x00007faab035b000 Threw 0x00000007d7e5f5d8 at /build/openjdk-7-FO0dNI/openjdk-7-7u79-2.5.6/build/openjdk/hotspot/src/share/vm/classfile/systemDictionary.cpp:183
Event: 4,413 Thread 0x00007faab035b000 Threw 0x00000007d7e5f868 at /build/openjdk-7-FO0dNI/openjdk-7-7u79-2.5.6/build/openjdk/hotspot/src/share/vm/classfile/systemDictionary.cpp:183

Events (10 events):
Event: 5,413 loading class 0x00007faa681712b0
Event: 5,413 loading class 0x00007faa7410acf0
Event: 5,413 loading class 0x00007faa7410acf0 done
Event: 5,413 loading class 0x00007faa681712b0 done
Event: 5,414 Thread 0x00007faab037e000 Thread added: 0x00007faab037e000
Event: 5,414 Thread 0x00007faab035f800 Thread exited: 0x00007faab035f800
Event: 5,414 Thread 0x00007faa4c044000 Thread exited: 0x00007faa4c044000
Event: 5,414 Thread 0x00007faab037e000 Thread exited: 0x00007faab037e000
Event: 5,414 Thread 0x00007faab0360800 Thread exited: 0x00007faab0360800
Event: 5,414 Thread 0x00007faab000b800 Thread exited: 0x00007faab000b800


Dynamic libraries:
00400000-00401000 r-xp 00000000 08:02 6950259                            /usr/lib/jvm/java-7-openjdk-amd64/jre/bin/java
00600000-00601000 r--p 00000000 08:02 6950259                            /usr/lib/jvm/java-7-openjdk-amd64/jre/bin/java
00601000-00602000 rw-p 00001000 08:02 6950259                            /usr/lib/jvm/java-7-openjdk-amd64/jre/bin/java
01aa2000-01ac3000 rw-p 00000000 00:00 0                                  [heap]
779800000-77b100000 rw-p 00000000 00:00 0 
77b100000-783e00000 rw-p 00000000 00:00 0 
783e00000-789080000 rw-p 00000000 00:00 0 
789080000-7d6a00000 rw-p 00000000 00:00 0 
7d6a00000-7db300000 rw-p 00000000 00:00 0 
7db300000-800000000 rw-p 00000000 00:00 0 
7faa1c000000-7faa1c021000 rw-p 00000000 00:00 0 
7faa1c021000-7faa20000000 ---p 00000000 00:00 0 
7faa24000000-7faa24021000 rw-p 00000000 00:00 0 
7faa24021000-7faa28000000 ---p 00000000 00:00 0 
7faa28000000-7faa28241000 rw-p 00000000 00:00 0 
7faa28241000-7faa2c000000 ---p 00000000 00:00 0 
7faa2c000000-7faa2c021000 rw-p 00000000 00:00 0 
7faa2c021000-7faa30000000 ---p 00000000 00:00 0 
7faa337ff000-7faa33bff000 rw-s 12da7a000 00:05 14583                     /dev/nvidiactl
7faa33bff000-7faa33fff000 rw-s 1148a8000 00:05 14583                     /dev/nvidiactl
7faa33fff000-7faa38000000 rw-s 00000000 00:15 390396                     /run/shm/pulse-shm-3416841004
7faa38000000-7faa38021000 rw-p 00000000 00:00 0 
7faa38021000-7faa3c000000 ---p 00000000 00:00 0 
7faa3c733000-7faa3cb33000 rw-s 14ef9f000 00:05 14583                     /dev/nvidiactl
7faa3cb33000-7faa3cd33000 rw-s 132f12000 00:05 14583                     /dev/nvidiactl
7faa3d635000-7faa3d638000 ---p 00000000 00:00 0 
7faa3d638000-7faa3d736000 rw-p 00000000 00:00 0                          [stack:9578]
7faa3d736000-7faa3d786000 r-xp 00000000 08:02 6956304                    /usr/lib/x86_64-linux-gnu/liblcms2.so.2.0.5
7faa3d786000-7faa3d985000 ---p 00050000 08:02 6956304                    /usr/lib/x86_64-linux-gnu/liblcms2.so.2.0.5
7faa3d985000-7faa3d986000 r--p 0004f000 08:02 6956304                    /usr/lib/x86_64-linux-gnu/liblcms2.so.2.0.5
7faa3d986000-7faa3d98b000 rw-p 00050000 08:02 6956304                    /usr/lib/x86_64-linux-gnu/liblcms2.so.2.0.5
7faa3d98b000-7faa3d98f000 r-xp 00000000 08:02 6949805                    /usr/lib/jvm/java-7-openjdk-amd64/jre/lib/amd64/libjavalcms.so
7faa3d98f000-7faa3db8e000 ---p 00004000 08:02 6949805                    /usr/lib/jvm/java-7-openjdk-amd64/jre/lib/amd64/libjavalcms.so
7faa3db8e000-7faa3db8f000 r--p 00003000 08:02 6949805                    /usr/lib/jvm/java-7-openjdk-amd64/jre/lib/amd64/libjavalcms.so
7faa3db8f000-7faa3db90000 rw-p 00004000 08:02 6949805                    /usr/lib/jvm/java-7-openjdk-amd64/jre/lib/amd64/libjavalcms.so
7faa3db90000-7faa3dbd3000 r-xp 00000000 08:02 6956286                    /usr/lib/x86_64-linux-gnu/libjpeg.so.8.0.2
7faa3dbd3000-7faa3ddd3000 ---p 00043000 08:02 6956286                    /usr/lib/x86_64-linux-gnu/libjpeg.so.8.0.2
7faa3ddd3000-7faa3ddd4000 r--p 00043000 08:02 6956286                    /usr/lib/x86_64-linux-gnu/libjpeg.so.8.0.2
7faa3ddd4000-7faa3ddd5000 rw-p 00044000 08:02 6956286                    /usr/lib/x86_64-linux-gnu/libjpeg.so.8.0.2
7faa3ddd5000-7faa3dde5000 rw-p 00000000 00:00 0 
7faa3dde5000-7faa3ddef000 r-xp 00000000 08:02 6949784                    /usr/lib/jvm/java-7-openjdk-amd64/jre/lib/amd64/libjavajpeg.so
7faa3ddef000-7faa3dfee000 ---p 0000a000 08:02 6949784                    /usr/lib/jvm/java-7-openjdk-amd64/jre/lib/amd64/libjavajpeg.so
7faa3dfee000-7faa3dfef000 r--p 00009000 08:02 6949784                    /usr/lib/jvm/java-7-openjdk-amd64/jre/lib/amd64/libjavajpeg.so
7faa3dfef000-7faa3dff0000 rw-p 0000a000 08:02 6949784                    /usr/lib/jvm/java-7-openjdk-amd64/jre/lib/amd64/libjavajpeg.so
7faa3dff0000-7faa3e7f2000 rw-p 00000000 00:00 0 
7faa3e7f2000-7faa3e8c6000 r-xp 00000000 08:02 6949820                    /usr/lib/jvm/java-7-openjdk-amd64/jre/lib/amd64/libmlib_image.so
7faa3e8c6000-7faa3eac5000 ---p 000d4000 08:02 6949820                    /usr/lib/jvm/java-7-openjdk-amd64/jre/lib/amd64/libmlib_image.so
7faa3eac5000-7faa3eac6000 r--p 000d3000 08:02 6949820                    /usr/lib/jvm/java-7-openjdk-amd64/jre/lib/amd64/libmlib_image.so
7faa3eac6000-7faa3eac7000 rw-p 000d4000 08:02 6949820                    /usr/lib/jvm/java-7-openjdk-amd64/jre/lib/amd64/libmlib_image.so
7faa3eac7000-7faa3eaca000 ---p 00000000 00:00 0 
7faa3eaca000-7faa3ebc8000 rw-p 00000000 00:00 0                          [stack:9574]
7faa3ebc8000-7faa3ebc9000 ---p 00000000 00:00 0 
7faa3ebc9000-7faa3ecc9000 rw-p 00000000 00:00 0                          [stack:9573]
7faa3ecc9000-7faa3ecca000 ---p 00000000 00:00 0 
7faa3ecca000-7faa3f4ca000 rw-p 00000000 00:00 0                          [stack:9572]
7faa3f4ca000-7faa3f4d1000 r-xp 00000000 08:02 6956392                    /usr/lib/x86_64-linux-gnu/libogg.so.0.8.1
7faa3f4d1000-7faa3f6d1000 ---p 00007000 08:02 6956392                    /usr/lib/x86_64-linux-gnu/libogg.so.0.8.1
7faa3f6d1000-7faa3f6d2000 r--p 00007000 08:02 6956392                    /usr/lib/x86_64-linux-gnu/libogg.so.0.8.1
7faa3f6d2000-7faa3f6d3000 rw-p 00008000 08:02 6956392                    /usr/lib/x86_64-linux-gnu/libogg.so.0.8.1
7faa3f6d3000-7faa3f6ff000 r-xp 00000000 08:02 6956627                    /usr/lib/x86_64-linux-gnu/libvorbis.so.0.4.5
7faa3f6ff000-7faa3f8fe000 ---p 0002c000 08:02 6956627                    /usr/lib/x86_64-linux-gnu/libvorbis.so.0.4.5
7faa3f8fe000-7faa3f8ff000 r--p 0002b000 08:02 6956627                    /usr/lib/x86_64-linux-gnu/libvorbis.so.0.4.5
7faa3f8ff000-7faa3f900000 rw-p 0002c000 08:02 6956627                    /usr/lib/x86_64-linux-gnu/libvorbis.so.0.4.5
7faa3f900000-7faa3fbb3000 r-xp 00000000 08:02 6956629                    /usr/lib/x86_64-linux-gnu/libvorbisenc.so.2.0.8
7faa3fbb3000-7faa3fdb2000 ---p 002b3000 08:02 6956629                    /usr/lib/x86_64-linux-gnu/libvorbisenc.so.2.0.8
7faa3fdb2000-7faa3fdce000 r--p 002b2000 08:02 6956629                    /usr/lib/x86_64-linux-gnu/libvorbisenc.so.2.0.8
7faa3fdce000-7faa3fdcf000 rw-p 002ce000 08:02 6956629                    /usr/lib/x86_64-linux-gnu/libvorbisenc.so.2.0.8
7faa3fdcf000-7faa3fdff000 r-xp 00000000 08:02 6947501                    /usr/lib/x86_64-linux-gnu/libFLAC.so.8.3.0
7faa3fdff000-7faa3fffe000 ---p 00030000 08:02 6947501                    /usr/lib/x86_64-linux-gnu/libFLAC.so.8.3.0
7faa3fffe000-7faa3ffff000 r--p 0002f000 08:02 6947501                    /usr/lib/x86_64-linux-gnu/libFLAC.so.8.3.0
7faa3ffff000-7faa40000000 rw-p 00030000 08:02 6947501                    /usr/lib/x86_64-linux-gnu/libFLAC.so.8.3.0
7faa40000000-7faa41ae1000 rw-p 00000000 00:00 0 
7faa41ae1000-7faa44000000 ---p 00000000 00:00 0 
7faa44000000-7faa44024000 rw-p 00000000 00:00 0 
7faa44024000-7faa48000000 ---p 00000000 00:00 0 
7faa480de000-7faa480e3000 r-xp 00000000 08:02 6955860                    /usr/lib/x86_64-linux-gnu/libasyncns.so.0.3.1
7faa480e3000-7faa482e2000 ---p 00005000 08:02 6955860                    /usr/lib/x86_64-linux-gnu/libasyncns.so.0.3.1
7faa482e2000-7faa482e3000 r--p 00004000 08:02 6955860                    /usr/lib/x86_64-linux-gnu/libasyncns.so.0.3.1
7faa482e3000-7faa482e4000 rw-p 00005000 08:02 6955860                    /usr/lib/x86_64-linux-gnu/libasyncns.so.0.3.1
7faa482e4000-7faa48345000 r-xp 00000000 08:02 6956536                    /usr/lib/x86_64-linux-gnu/libsndfile.so.1.0.25
7faa48345000-7faa48545000 ---p 00061000 08:02 6956536                    /usr/lib/x86_64-linux-gnu/libsndfile.so.1.0.25
7faa48545000-7faa48547000 r--p 00061000 08:02 6956536                    /usr/lib/x86_64-linux-gnu/libsndfile.so.1.0.25
7faa48547000-7faa48548000 rw-p 00063000 08:02 6956536                    /usr/lib/x86_64-linux-gnu/libsndfile.so.1.0.25
7faa48548000-7faa4854c000 rw-p 00000000 00:00 0 
7faa4854c000-7faa48554000 r-xp 00000000 08:02 1052766                    /lib/x86_64-linux-gnu/libwrap.so.0.7.6
7faa48554000-7faa48753000 ---p 00008000 08:02 1052766                    /lib/x86_64-linux-gnu/libwrap.so.0.7.6
7faa48753000-7faa48754000 r--p 00007000 08:02 1052766                    /lib/x86_64-linux-gnu/libwrap.so.0.7.6
7faa48754000-7faa48755000 rw-p 00008000 08:02 1052766                    /lib/x86_64-linux-gnu/libwrap.so.0.7.6
7faa48755000-7faa48756000 rw-p 00000000 00:00 0 
7faa48756000-7faa487bc000 r-xp 00000000 08:02 216                        /usr/lib/x86_64-linux-gnu/pulseaudio/libpulsecommon-4.0.so
7faa487bc000-7faa489bb000 ---p 00066000 08:02 216                        /usr/lib/x86_64-linux-gnu/pulseaudio/libpulsecommon-4.0.so
7faa489bb000-7faa489bc000 r--p 00065000 08:02 216                        /usr/lib/x86_64-linux-gnu/pulseaudio/libpulsecommon-4.0.so
7faa489bc000-7faa489bd000 rw-p 00066000 08:02 216                        /usr/lib/x86_64-linux-gnu/pulseaudio/libpulsecommon-4.0.so
7faa489bd000-7faa489c7000 r-xp 00000000 08:02 1052648                    /lib/x86_64-linux-gnu/libjson-c.so.2.0.0
7faa489c7000-7faa48bc6000 ---p 0000a000 08:02 1052648                    /lib/x86_64-linux-gnu/libjson-c.so.2.0.0
7faa48bc6000-7faa48bc7000 r--p 00009000 08:02 1052648                    /lib/x86_64-linux-gnu/libjson-c.so.2.0.0
7faa48bc7000-7faa48bc8000 rw-p 0000a000 08:02 1052648                    /lib/x86_64-linux-gnu/libjson-c.so.2.0.0
7faa48bc8000-7faa48c0f000 r-xp 00000000 08:02 6948083                    /usr/lib/x86_64-linux-gnu/libpulse.so.0.16.2
7faa48c0f000-7faa48e0f000 ---p 00047000 08:02 6948083                    /usr/lib/x86_64-linux-gnu/libpulse.so.0.16.2
7faa48e0f000-7faa48e10000 r--p 00047000 08:02 6948083                    /usr/lib/x86_64-linux-gnu/libpulse.so.0.16.2
7faa48e10000-7faa48e11000 rw-p 00048000 08:02 6948083                    /usr/lib/x86_64-linux-gnu/libpulse.so.0.16.2
7faa48e29000-7faa48e2e000 r--s 0004d000 08:02 6948861                    /usr/lib/jvm/java-7-openjdk-amd64/jre/lib/jsse.jar
7faa48e2e000-7faa48e3a000 r--p 00000000 08:02 135613                     /usr/share/locale-langpack/fr/LC_MESSAGES/pulseaudio.mo
7faa48e3a000-7faa48e3b000 rw-p 00000000 00:00 0 
7faa48e3b000-7faa48ebb000 rw-s 09b6b000 00:05 14583                      /dev/nvidiactl
7faa48fbd000-7faa490bd000 rw-s d8e37000 00:05 14583                      /dev/nvidiactl
7faa49190000-7faa49294000 rw-s 21085b000 00:05 14583                     /dev/nvidiactl
7faa49294000-7faa4a502000 r-xp 00000000 08:02 17451                      /usr/lib/nvidia-355/libnvidia-glcore.so.355.06
7faa4a502000-7faa4a522000 rwxp 0126e000 08:02 17451                      /usr/lib/nvidia-355/libnvidia-glcore.so.355.06
7faa4a522000-7faa4a891000 r-xp 0128e000 08:02 17451                      /usr/lib/nvidia-355/libnvidia-glcore.so.355.06
7faa4a891000-7faa4aa91000 ---p 015fd000 08:02 17451                      /usr/lib/nvidia-355/libnvidia-glcore.so.355.06
7faa4aa91000-7faa4ae45000 rw-p 015fd000 08:02 17451                      /usr/lib/nvidia-355/libnvidia-glcore.so.355.06
7faa4ae45000-7faa4ae59000 rw-p 00000000 00:00 0 
7faa4ae59000-7faa4ae5c000 r-xp 00000000 08:02 17454                      /usr/lib/nvidia-355/tls/libnvidia-tls.so.355.06
7faa4ae5c000-7faa4b05c000 ---p 00003000 08:02 17454                      /usr/lib/nvidia-355/tls/libnvidia-tls.so.355.06
7faa4b05c000-7faa4b05d000 rw-p 00003000 08:02 17454                      /usr/lib/nvidia-355/tls/libnvidia-tls.so.355.06
7faa4b05d000-7faa4b11a000 r-xp 00000000 08:02 17479                      /usr/lib/nvidia-355/libGL.so.355.06
7faa4b11a000-7faa4b14d000 rwxp 000bd000 08:02 17479                      /usr/lib/nvidia-355/libGL.so.355.06
7faa4b14d000-7faa4b15f000 r-xp 000f0000 08:02 17479                      /usr/lib/nvidia-355/libGL.so.355.06
7faa4b15f000-7faa4b35e000 ---p 00102000 08:02 17479                      /usr/lib/nvidia-355/libGL.so.355.06
7faa4b35e000-7faa4b386000 rw-p 00101000 08:02 17479                      /usr/lib/nvidia-355/libGL.so.355.06
7faa4b386000-7faa4b38c000 rw-p 00000000 00:00 0 
7faa4b38c000-7faa4b38f000 ---p 00000000 00:00 0 
7faa4b38f000-7faa4b3c5000 rw-p 00000000 00:00 0                          [stack:9569]
7faa4b3c5000-7faa4b3c9000 r-xp 00000000 08:02 6955825                    /usr/lib/x86_64-linux-gnu/libXxf86vm.so.1.0.0
7faa4b3c9000-7faa4b5c9000 ---p 00004000 08:02 6955825                    /usr/lib/x86_64-linux-gnu/libXxf86vm.so.1.0.0
7faa4b5c9000-7faa4b5ca000 r--p 00004000 08:02 6955825                    /usr/lib/x86_64-linux-gnu/libXxf86vm.so.1.0.0
7faa4b5ca000-7faa4b5cb000 rw-p 00005000 08:02 6955825                    /usr/lib/x86_64-linux-gnu/libXxf86vm.so.1.0.0
7faa4b5cb000-7faa4b5d4000 r-xp 00000000 08:02 6955807                    /usr/lib/x86_64-linux-gnu/libXrandr.so.2.2.0
7faa4b5d4000-7faa4b7d3000 ---p 00009000 08:02 6955807                    /usr/lib/x86_64-linux-gnu/libXrandr.so.2.2.0
7faa4b7d3000-7faa4b7d4000 r--p 00008000 08:02 6955807                    /usr/lib/x86_64-linux-gnu/libXrandr.so.2.2.0
7faa4b7d4000-7faa4b7d5000 rw-p 00009000 08:02 6955807                    /usr/lib/x86_64-linux-gnu/libXrandr.so.2.2.0
7faa4b7d5000-7faa4b7d6000 rw-p 00000000 00:00 0 
7faa4b7fe000-7faa4b86e000 r-xp 00000000 08:02 3300972                    /home/roah/Documents/Jmonkey/3.1/MultiverseKing_Latest_2/MultiverseKing_JME/MultiverseKingBattle/liblwjgl64.so
7faa4b86e000-7faa4ba6e000 ---p 00070000 08:02 3300972                    /home/roah/Documents/Jmonkey/3.1/MultiverseKing_Latest_2/MultiverseKing_JME/MultiverseKingBattle/liblwjgl64.so
7faa4ba6e000-7faa4ba70000 r--p 00070000 08:02 3300972                    /home/roah/Documents/Jmonkey/3.1/MultiverseKing_Latest_2/MultiverseKing_JME/MultiverseKingBattle/liblwjgl64.so
7faa4ba70000-7faa4ba71000 rw-p 00072000 08:02 3300972                    /home/roah/Documents/Jmonkey/3.1/MultiverseKing_Latest_2/MultiverseKing_JME/MultiverseKingBattle/liblwjgl64.so
7faa4ba71000-7faa4ba72000 r-xp 00000000 08:02 6949809                    /usr/lib/jvm/java-7-openjdk-amd64/jre/lib/amd64/libjawt.so
7faa4ba72000-7faa4bc71000 ---p 00001000 08:02 6949809                    /usr/lib/jvm/java-7-openjdk-amd64/jre/lib/amd64/libjawt.so
7faa4bc71000-7faa4bc72000 r--p 00000000 08:02 6949809                    /usr/lib/jvm/java-7-openjdk-amd64/jre/lib/amd64/libjawt.so
7faa4bc72000-7faa4bc73000 rw-p 00001000 08:02 6949809                    /usr/lib/jvm/java-7-openjdk-amd64/jre/lib/amd64/libjawt.so
7faa4bc73000-7faa4bcc8000 r-xp 00000000 08:02 3300975                    /home/roah/Documents/Jmonkey/3.1/MultiverseKing_Latest_2/MultiverseKing_JME/MultiverseKingBattle/libopenal64.so
7faa4bcc8000-7faa4bec7000 ---p 00055000 08:02 3300975                    /home/roah/Documents/Jmonkey/3.1/MultiverseKing_Latest_2/MultiverseKing_JME/MultiverseKingBattle/libopenal64.so
7faa4bec7000-7faa4beca000 r--p 00054000 08:02 3300975                    /home/roah/Documents/Jmonkey/3.1/MultiverseKing_Latest_2/MultiverseKing_JME/MultiverseKingBattle/libopenal64.so
7faa4beca000-7faa4becb000 rw-p 00057000 08:02 3300975                    /home/roah/Documents/Jmonkey/3.1/MultiverseKing_Latest_2/MultiverseKing_JME/MultiverseKingBattle/libopenal64.so
7faa4becb000-7faa4becc000 rw-p 00000000 00:00 0 
7faa4bf29000-7faa4c000000 rw-s 00000000 00:04 90243095                   /SYSV00000000 (deleted)
7faa4c000000-7faa4c15f000 rw-p 00000000 00:00 0 
7faa4c15f000-7faa50000000 ---p 00000000 00:00 0 
7faa50000000-7faa50021000 rw-p 00000000 00:00 0 
7faa50021000-7faa54000000 ---p 00000000 00:00 0 
7faa54000000-7faa54021000 rw-p 00000000 00:00 0 
7faa54021000-7faa58000000 ---p 00000000 00:00 0 
7faa58000000-7faa58048000 rw-p 00000000 00:00 0 
7faa58048000-7faa5c000000 ---p 00000000 00:00 0 
7faa5c000000-7faa5c021000 rw-p 00000000 00:00 0 
7faa5c021000-7faa60000000 ---p 00000000 00:00 0 
7faa60000000-7faa60021000 rw-p 00000000 00:00 0 
7faa60021000-7faa64000000 ---p 00000000 00:00 0 
7faa64004000-7faa64005000 rw-s f6060000 00:05 14584                      /dev/nvidia0
7faa64005000-7faa64008000 ---p 00000000 00:00 0 
7faa64008000-7faa64106000 rw-p 00000000 00:00 0 
7faa64106000-7faa64110000 r--s 00203000 08:02 6947991                    /usr/lib/jvm/java-7-openjdk-amd64/jre/lib/charsets.jar
7faa64110000-7faa64162000 r-xp 00000000 08:02 6949788                    /usr/lib/jvm/java-7-openjdk-amd64/jre/lib/amd64/libfontmanager.so
7faa64162000-7faa64361000 ---p 00052000 08:02 6949788                    /usr/lib/jvm/java-7-openjdk-amd64/jre/lib/amd64/libfontmanager.so
7faa64361000-7faa64364000 r--p 00051000 08:02 6949788                    /usr/lib/jvm/java-7-openjdk-amd64/jre/lib/amd64/libfontmanager.so
7faa64364000-7faa64365000 rw-p 00054000 08:02 6949788                    /usr/lib/jvm/java-7-openjdk-amd64/jre/lib/amd64/libfontmanager.so
7faa64365000-7faa64368000 ---p 00000000 00:00 0 
7faa64368000-7faa64466000 rw-p 00000000 00:00 0 
7faa64466000-7faa64469000 ---p 00000000 00:00 0 
7faa64469000-7faa64567000 rw-p 00000000 00:00 0 
7faa64567000-7faa64572000 r--s 00000000 08:02 4456537                    /var/cache/fontconfig/945677eb7aeaf62f1d50efc3fb3ec7d8-le64.cache-4
7faa64572000-7faa6457b000 r--s 00000000 08:02 4467669                    /var/cache/fontconfig/a6d8cf8e4ec09cdbc8633c31745a07dd-le64.cache-4
7faa6457b000-7faa64581000 r--s 00000000 08:02 4456522                    /var/cache/fontconfig/2cd17615ca594fa2959ae173292e504c-le64.cache-4
7faa64581000-7faa64588000 r--s 00000000 08:02 4456540                    /var/cache/fontconfig/a755afe4a08bf5b97852ceb7400b47bc-le64.cache-4
7faa64588000-7faa645c3000 r--s 00000000 08:02 4459944                    /var/cache/fontconfig/365b55f210c0a22e9a19e35191240f32-le64.cache-4
7faa645c3000-7faa645c6000 ---p 00000000 00:00 0 
7faa645c6000-7faa646c4000 rw-p 00000000 00:00 0 
7faa646c4000-7faa646c7000 ---p 00000000 00:00 0 
7faa646c7000-7faa647c5000 rw-p 00000000 00:00 0 
7faa647c5000-7faa647c8000 ---p 00000000 00:00 0 
7faa647c8000-7faa648c6000 rw-p 00000000 00:00 0                          [stack:9562]
7faa648c6000-7faa648cb000 r-xp 00000000 08:02 6956760                    /usr/lib/x86_64-linux-gnu/libXfixes.so.3.1.0
7faa648cb000-7faa64aca000 ---p 00005000 08:02 6956760                    /usr/lib/x86_64-linux-gnu/libXfixes.so.3.1.0
7faa64aca000-7faa64acb000 r--p 00004000 08:02 6956760                    /usr/lib/x86_64-linux-gnu/libXfixes.so.3.1.0
7faa64acb000-7faa64acc000 rw-p 00005000 08:02 6956760                    /usr/lib/x86_64-linux-gnu/libXfixes.so.3.1.0
7faa64acc000-7faa64ad5000 r-xp 00000000 08:02 6955781                    /usr/lib/x86_64-linux-gnu/libXcursor.so.1.0.2
7faa64ad5000-7faa64cd4000 ---p 00009000 08:02 6955781                    /usr/lib/x86_64-linux-gnu/libXcursor.so.1.0.2
7faa64cd4000-7faa64cd5000 r--p 00008000 08:02 6955781                    /usr/lib/x86_64-linux-gnu/libXcursor.so.1.0.2
7faa64cd5000-7faa64cd6000 rw-p 00009000 08:02 6955781                    /usr/lib/x86_64-linux-gnu/libXcursor.so.1.0.2
7faa64cd6000-7faa64cda000 r-xp 00000000 08:02 1052641                    /lib/x86_64-linux-gnu/libgpg-error.so.0.10.0
7faa64cda000-7faa64ed9000 ---p 00004000 08:02 1052641                    /lib/x86_64-linux-gnu/libgpg-error.so.0.10.0
7faa64ed9000-7faa64eda000 r--p 00003000 08:02 1052641                    /lib/x86_64-linux-gnu/libgpg-error.so.0.10.0
7faa64eda000-7faa64edb000 rw-p 00004000 08:02 1052641                    /lib/x86_64-linux-gnu/libgpg-error.so.0.10.0
7faa64edb000-7faa64edd000 r-xp 00000000 08:02 1052651                    /lib/x86_64-linux-gnu/libkeyutils.so.1.4
7faa64edd000-7faa650dd000 ---p 00002000 08:02 1052651                    /lib/x86_64-linux-gnu/libkeyutils.so.1.4
7faa650dd000-7faa650de000 r--p 00002000 08:02 1052651                    /lib/x86_64-linux-gnu/libkeyutils.so.1.4
7faa650de000-7faa650df000 rw-p 00003000 08:02 1052651                    /lib/x86_64-linux-gnu/libkeyutils.so.1.4
7faa650df000-7faa65104000 r-xp 00000000 08:02 1052723                    /lib/x86_64-linux-gnu/libpng12.so.0.50.0
7faa65104000-7faa65303000 ---p 00025000 08:02 1052723                    /lib/x86_64-linux-gnu/libpng12.so.0.50.0
7faa65303000-7faa65304000 r--p 00024000 08:02 1052723                    /lib/x86_64-linux-gnu/libpng12.so.0.50.0
7faa65304000-7faa65305000 rw-p 00025000 08:02 1052723                    /lib/x86_64-linux-gnu/libpng12.so.0.50.0
7faa65305000-7faa65349000 r-xp 00000000 08:02 1048742                    /lib/x86_64-linux-gnu/libdbus-1.so.3.7.6
7faa65349000-7faa65548000 ---p 00044000 08:02 1048742                    /lib/x86_64-linux-gnu/libdbus-1.so.3.7.6
7faa65548000-7faa65549000 r--p 00043000 08:02 1048742                    /lib/x86_64-linux-gnu/libdbus-1.so.3.7.6
7faa65549000-7faa6554a000 rw-p 00044000 08:02 1048742                    /lib/x86_64-linux-gnu/libdbus-1.so.3.7.6
7faa6554a000-7faa65585000 r-xp 00000000 08:02 6956404                    /usr/lib/x86_64-linux-gnu/libp11-kit.so.0.0.0
7faa65585000-7faa65784000 ---p 0003b000 08:02 6956404                    /usr/lib/x86_64-linux-gnu/libp11-kit.so.0.0.0
7faa65784000-7faa6578a000 r--p 0003a000 08:02 6956404                    /usr/lib/x86_64-linux-gnu/libp11-kit.so.0.0.0
7faa6578a000-7faa6578c000 rw-p 00040000 08:02 6956404                    /usr/lib/x86_64-linux-gnu/libp11-kit.so.0.0.0
7faa6578c000-7faa6579e000 r-xp 00000000 08:02 6953825                    /usr/lib/x86_64-linux-gnu/libtasn1.so.6.2.0
7faa6579e000-7faa6599e000 ---p 00012000 08:02 6953825                    /usr/lib/x86_64-linux-gnu/libtasn1.so.6.2.0
7faa6599e000-7faa6599f000 r--p 00012000 08:02 6953825                    /usr/lib/x86_64-linux-gnu/libtasn1.so.6.2.0
7faa6599f000-7faa659a0000 rw-p 00013000 08:02 6953825                    /usr/lib/x86_64-linux-gnu/libtasn1.so.6.2.0
7faa659a0000-7faa65a1c000 r-xp 00000000 08:02 1050529                    /lib/x86_64-linux-gnu/libgcrypt.so.11.8.2
7faa65a1c000-7faa65c1c000 ---p 0007c000 08:02 1050529                    /lib/x86_64-linux-gnu/libgcrypt.so.11.8.2
7faa65c1c000-7faa65c1d000 r--p 0007c000 08:02 1050529                    /lib/x86_64-linux-gnu/libgcrypt.so.11.8.2
7faa65c1d000-7faa65c20000 rw-p 0007d000 08:02 1050529                    /lib/x86_64-linux-gnu/libgcrypt.so.11.8.2
7faa65c20000-7faa65c2a000 r-xp 00000000 08:02 6947512                    /usr/lib/x86_64-linux-gnu/libkrb5support.so.0.1
7faa65c2a000-7faa65e29000 ---p 0000a000 08:02 6947512                    /usr/lib/x86_64-linux-gnu/libkrb5support.so.0.1
7faa65e29000-7faa65e2a000 r--p 00009000 08:02 6947512                    /usr/lib/x86_64-linux-gnu/libkrb5support.so.0.1
7faa65e2a000-7faa65e2b000 rw-p 0000a000 08:02 6947512                    /usr/lib/x86_64-linux-gnu/libkrb5support.so.0.1
7faa65e2b000-7faa65e2e000 r-xp 00000000 08:02 1048803                    /lib/x86_64-linux-gnu/libcom_err.so.2.1
7faa65e2e000-7faa6602d000 ---p 00003000 08:02 1048803                    /lib/x86_64-linux-gnu/libcom_err.so.2.1
7faa6602d000-7faa6602e000 r--p 00002000 08:02 1048803                    /lib/x86_64-linux-gnu/libcom_err.so.2.1
7faa6602e000-7faa6602f000 rw-p 00003000 08:02 1048803                    /lib/x86_64-linux-gnu/libcom_err.so.2.1
7faa6602f000-7faa6605b000 r-xp 00000000 08:02 6946844                    /usr/lib/x86_64-linux-gnu/libk5crypto.so.3.1
7faa6605b000-7faa6625a000 ---p 0002c000 08:02 6946844                    /usr/lib/x86_64-linux-gnu/libk5crypto.so.3.1
7faa6625a000-7faa6625c000 r--p 0002b000 08:02 6946844                    /usr/lib/x86_64-linux-gnu/libk5crypto.so.3.1
7faa6625c000-7faa6625d000 rw-p 0002d000 08:02 6946844                    /usr/lib/x86_64-linux-gnu/libk5crypto.so.3.1
7faa6625d000-7faa6625e000 rw-p 00000000 00:00 0 
7faa6625e000-7faa6631a000 r-xp 00000000 08:02 6947242                    /usr/lib/x86_64-linux-gnu/libkrb5.so.3.3
7faa6631a000-7faa6651a000 ---p 000bc000 08:02 6947242                    /usr/lib/x86_64-linux-gnu/libkrb5.so.3.3
7faa6651a000-7faa66527000 r--p 000bc000 08:02 6947242                    /usr/lib/x86_64-linux-gnu/libkrb5.so.3.3
7faa66527000-7faa66529000 rw-p 000c9000 08:02 6947242                    /usr/lib/x86_64-linux-gnu/libkrb5.so.3.3
7faa66529000-7faa6652e000 r-xp 00000000 08:02 6955785                    /usr/lib/x86_64-linux-gnu/libXdmcp.so.6.0.0
7faa6652e000-7faa6672d000 ---p 00005000 08:02 6955785                    /usr/lib/x86_64-linux-gnu/libXdmcp.so.6.0.0
7faa6672d000-7faa6672e000 r--p 00004000 08:02 6955785                    /usr/lib/x86_64-linux-gnu/libXdmcp.so.6.0.0
7faa6672e000-7faa6672f000 rw-p 00005000 08:02 6955785                    /usr/lib/x86_64-linux-gnu/libXdmcp.so.6.0.0
7faa6672f000-7faa66731000 r-xp 00000000 08:02 6955774                    /usr/lib/x86_64-linux-gnu/libXau.so.6.0.0
7faa66731000-7faa66931000 ---p 00002000 08:02 6955774                    /usr/lib/x86_64-linux-gnu/libXau.so.6.0.0
7faa66931000-7faa66932000 r--p 00002000 08:02 6955774                    /usr/lib/x86_64-linux-gnu/libXau.so.6.0.0
7faa66932000-7faa66933000 rw-p 00003000 08:02 6955774                    /usr/lib/x86_64-linux-gnu/libXau.so.6.0.0
7faa66933000-7faa6695a000 r-xp 00000000 08:02 1048767                    /lib/x86_64-linux-gnu/libexpat.so.1.6.0
7faa6695a000-7faa66b5a000 ---p 00027000 08:02 1048767                    /lib/x86_64-linux-gnu/libexpat.so.1.6.0
7faa66b5a000-7faa66b5c000 r--p 00027000 08:02 1048767                    /lib/x86_64-linux-gnu/libexpat.so.1.6.0
7faa66b5c000-7faa66b5d000 rw-p 00029000 08:02 1048767                    /lib/x86_64-linux-gnu/libexpat.so.1.6.0
7faa66b5d000-7faa66bfa000 r-xp 00000000 08:02 6947040                    /usr/lib/x86_64-linux-gnu/libfreetype.so.6.11.1
7faa66bfa000-7faa66df9000 ---p 0009d000 08:02 6947040                    /usr/lib/x86_64-linux-gnu/libfreetype.so.6.11.1
7faa66df9000-7faa66dff000 r--p 0009c000 08:02 6947040                    /usr/lib/x86_64-linux-gnu/libfreetype.so.6.11.1
7faa66dff000-7faa66e00000 rw-p 000a2000 08:02 6947040                    /usr/lib/x86_64-linux-gnu/libfreetype.so.6.11.1
7faa66e00000-7faa66e0f000 r-xp 00000000 08:02 6955872                    /usr/lib/x86_64-linux-gnu/libavahi-client.so.3.2.9
7faa66e0f000-7faa6700f000 ---p 0000f000 08:02 6955872                    /usr/lib/x86_64-linux-gnu/libavahi-client.so.3.2.9
7faa6700f000-7faa67010000 r--p 0000f000 08:02 6955872                    /usr/lib/x86_64-linux-gnu/libavahi-client.so.3.2.9
7faa67010000-7faa67011000 rw-p 00010000 08:02 6955872                    /usr/lib/x86_64-linux-gnu/libavahi-client.so.3.2.9
7faa67011000-7faa6701c000 r-xp 00000000 08:02 6955874                    /usr/lib/x86_64-linux-gnu/libavahi-common.so.3.5.3
7faa6701c000-7faa6721b000 ---p 0000b000 08:02 6955874                    /usr/lib/x86_64-linux-gnu/libavahi-common.so.3.5.3
7faa6721b000-7faa6721c000 r--p 0000a000 08:02 6955874                    /usr/lib/x86_64-linux-gnu/libavahi-common.so.3.5.3
7faa6721c000-7faa6721d000 rw-p 0000b000 08:02 6955874                    /usr/lib/x86_64-linux-gnu/libavahi-common.so.3.5.3
7faa6721d000-7faa672d3000 r-xp 00000000 08:02 6948260                    /usr/lib/x86_64-linux-gnu/libgnutls.so.26.22.6
7faa672d3000-7faa674d3000 ---p 000b6000 08:02 6948260                    /usr/lib/x86_64-linux-gnu/libgnutls.so.26.22.6
7faa674d3000-7faa674d9000 r--p 000b6000 08:02 6948260                    /usr/lib/x86_64-linux-gnu/libgnutls.so.26.22.6
7faa674d9000-7faa674da000 rw-p 000bc000 08:02 6948260                    /usr/lib/x86_64-linux-gnu/libgnutls.so.26.22.6
7faa674da000-7faa674db000 rw-p 00000000 00:00 0 
7faa674db000-7faa6751e000 r-xp 00000000 08:02 6946986                    /usr/lib/x86_64-linux-gnu/libgssapi_krb5.so.2.2
7faa6751e000-7faa6771e000 ---p 00043000 08:02 6946986                    /usr/lib/x86_64-linux-gnu/libgssapi_krb5.so.2.2
7faa6771e000-7faa6771f000 r--p 00043000 08:02 6946986                    /usr/lib/x86_64-linux-gnu/libgssapi_krb5.so.2.2
7faa6771f000-7faa67721000 rw-p 00044000 08:02 6946986                    /usr/lib/x86_64-linux-gnu/libgssapi_krb5.so.2.2
7faa67721000-7faa6773e000 r-xp 00000000 08:02 6956693                    /usr/lib/x86_64-linux-gnu/libxcb.so.1.1.0
7faa6773e000-7faa6793e000 ---p 0001d000 08:02 6956693                    /usr/lib/x86_64-linux-gnu/libxcb.so.1.1.0
7faa6793e000-7faa6793f000 r--p 0001d000 08:02 6956693                    /usr/lib/x86_64-linux-gnu/libxcb.so.1.1.0
7faa6793f000-7faa67940000 rw-p 0001e000 08:02 6956693                    /usr/lib/x86_64-linux-gnu/libxcb.so.1.1.0
7faa67940000-7faa6797a000 r-xp 00000000 08:02 6956029                    /usr/lib/x86_64-linux-gnu/libfontconfig.so.1.8.0
7faa6797a000-7faa67b79000 ---p 0003a000 08:02 6956029                    /usr/lib/x86_64-linux-gnu/libfontconfig.so.1.8.0
7faa67b79000-7faa67b7b000 r--p 00039000 08:02 6956029                    /usr/lib/x86_64-linux-gnu/libfontconfig.so.1.8.0
7faa67b7b000-7faa67b7c000 rw-p 0003b000 08:02 6956029                    /usr/lib/x86_64-linux-gnu/libfontconfig.so.1.8.0
7faa67b7c000-7faa67be8000 r-xp 00000000 08:02 6947539                    /usr/lib/x86_64-linux-gnu/libcups.so.2
7faa67be8000-7faa67de8000 ---p 0006c000 08:02 6947539                    /usr/lib/x86_64-linux-gnu/libcups.so.2
7faa67de8000-7faa67def000 r--p 0006c000 08:02 6947539                    /usr/lib/x86_64-linux-gnu/libcups.so.2
7faa67def000-7faa67df0000 rw-p 00073000 08:02 6947539                    /usr/lib/x86_64-linux-gnu/libcups.so.2
7faa67df0000-7faa67dff000 r-xp 00000000 08:02 6958552                    /usr/lib/x86_64-linux-gnu/libXi.so.6.1.0
7faa67dff000-7faa67ffe000 ---p 0000f000 08:02 6958552                    /usr/lib/x86_64-linux-gnu/libXi.so.6.1.0
7faa67ffe000-7faa67fff000 r--p 0000e000 08:02 6958552                    /usr/lib/x86_64-linux-gnu/libXi.so.6.1.0
7faa67fff000-7faa68000000 rw-p 0000f000 08:02 6958552                    /usr/lib/x86_64-linux-gnu/libXi.so.6.1.0
7faa68000000-7faa68797000 rw-p 00000000 00:00 0 
7faa68797000-7faa6c000000 ---p 00000000 00:00 0 
7faa6c000000-7faa6c021000 rw-p 00000000 00:00 0 
7faa6c021000-7faa70000000 ---p 00000000 00:00 0 
7faa70000000-7faa70021000 rw-p 00000000 00:00 0 
7faa70021000-7faa74000000 ---p 00000000 00:00 0 
7faa74000000-7faa7453f000 rw-p 00000000 00:00 0 
7faa7453f000-7faa78000000 ---p 00000000 00:00 0 
7faa78000000-7faa78021000 rw-p 00000000 00:00 0 
7faa78021000-7faa7c000000 ---p 00000000 00:00 0 
7faa7c000000-7faa7c021000 rw-p 00000000 00:00 0 
7faa7c021000-7faa80000000 ---p 00000000 00:00 0 
7faa80000000-7faa80021000 rw-p 00000000 00:00 0 
7faa80021000-7faa84000000 ---p 00000000 00:00 0 
7faa84000000-7faa84001000 r--s 00000000 08:02 4456543                    /var/cache/fontconfig/c05880de57d1f5e948fdfacc138775d9-le64.cache-4
7faa84001000-7faa84003000 r--s 00000000 08:02 4467670                    /var/cache/fontconfig/99e8ed0e538f840c565b6ed5dad60d56-le64.cache-4
7faa84003000-7faa84004000 r--s 00000000 08:02 4456553                    /var/cache/fontconfig/e7071f4a29fa870f4323321c154eba04-le64.cache-4
7faa84004000-7faa84005000 r--s 00000000 08:02 4456519                    /var/cache/fontconfig/0d8c3b2ac0904cb8a57a757ad11a4a08-le64.cache-4
7faa84005000-7faa84009000 r--s 00000000 08:02 4456533                    /var/cache/fontconfig/6d41288fd70b0be22e8c3a91e032eec0-le64.cache-4
7faa84009000-7faa8401d000 r--s 00000000 08:02 4456517                    /var/cache/fontconfig/04aabc0a78ac019cf9454389977116d2-le64.cache-4
7faa8401d000-7faa8401e000 r--s 00000000 08:02 4456521                    /var/cache/fontconfig/1ac9eb803944fde146138c791f5cc56a-le64.cache-4
7faa8401e000-7faa84022000 r--s 00000000 08:02 4456526                    /var/cache/fontconfig/385c0604a188198f04d133e54aba7fe7-le64.cache-4
7faa84022000-7faa84023000 r--s 00000000 08:02 4456550                    /var/cache/fontconfig/dc05db6664285cc2f12bf69c139ae4c3-le64.cache-4
7faa84023000-7faa84025000 r--s 00000000 08:02 4456535                    /var/cache/fontconfig/767a8244fc0220cfb567a839d0392e0b-le64.cache-4
7faa84025000-7faa84027000 r--s 00000000 08:02 4456523                    /var/cache/fontconfig/2fe16cf53f8bd2da9ea33d9eb6e69eee-le64.cache-4
7faa84027000-7faa84028000 r--s 00000000 08:02 4472544                    /var/cache/fontconfig/4794a0821666d79190d59a36cb4f44b5-le64.cache-4
7faa84028000-7faa8402d000 r--s 00000000 08:02 4465201                    /var/cache/fontconfig/8801497958630a81b71ace7c5f9b32a8-le64.cache-4
7faa8402d000-7faa84031000 r--s 00000000 08:02 4473785                    /var/cache/fontconfig/c57959a16110560c8d0fcea73374aeeb-le64.cache-4
7faa84031000-7faa84038000 r--s 00000000 08:02 4456524                    /var/cache/fontconfig/3047814df9a2f067bd2d96a2b9c36e5a-le64.cache-4
7faa84038000-7faa8403e000 r--s 00000000 08:02 4456541                    /var/cache/fontconfig/b47c4e1ecd0709278f4910c18777a504-le64.cache-4
7faa8403e000-7faa84047000 r--s 00000000 08:02 4467667                    /var/cache/fontconfig/52f7bdb7ce746bfd7eaa1985bd9cfa93-le64.cache-4
7faa84047000-7faa8405a000 r--s 00000000 08:02 4456547                    /var/cache/fontconfig/d52a8644073d54c13679302ca1180695-le64.cache-4
7faa8405a000-7faa84063000 r--s 00000000 08:02 4466934                    /var/cache/fontconfig/3f7329c5293ffd510edef78f73874cfd-le64.cache-4
7faa84063000-7faa84066000 ---p 00000000 00:00 0 
7faa84066000-7faa84164000 rw-p 00000000 00:00 0                          [stack:9561]
7faa84164000-7faa84169000 r-xp 00000000 08:02 6955815                    /usr/lib/x86_64-linux-gnu/libXtst.so.6.1.0
7faa84169000-7faa84368000 ---p 00005000 08:02 6955815                    /usr/lib/x86_64-linux-gnu/libXtst.so.6.1.0
7faa84368000-7faa84369000 r--p 00004000 08:02 6955815                    /usr/lib/x86_64-linux-gnu/libXtst.so.6.1.0
7faa84369000-7faa8436a000 rw-p 00005000 08:02 6955815                    /usr/lib/x86_64-linux-gnu/libXtst.so.6.1.0
7faa8436a000-7faa84373000 r-xp 00000000 08:02 6958555                    /usr/lib/x86_64-linux-gnu/libXrender.so.1.3.0
7faa84373000-7faa84572000 ---p 00009000 08:02 6958555                    /usr/lib/x86_64-linux-gnu/libXrender.so.1.3.0
7faa84572000-7faa84573000 r--p 00008000 08:02 6958555                    /usr/lib/x86_64-linux-gnu/libXrender.so.1.3.0
7faa84573000-7faa84574000 rw-p 00009000 08:02 6958555                    /usr/lib/x86_64-linux-gnu/libXrender.so.1.3.0
7faa84574000-7faa846a4000 r-xp 00000000 08:02 6955772                    /usr/lib/x86_64-linux-gnu/libX11.so.6.3.0
7faa846a4000-7faa848a4000 ---p 00130000 08:02 6955772                    /usr/lib/x86_64-linux-gnu/libX11.so.6.3.0
7faa848a4000-7faa848a5000 r--p 00130000 08:02 6955772                    /usr/lib/x86_64-linux-gnu/libX11.so.6.3.0
7faa848a5000-7faa848a9000 rw-p 00131000 08:02 6955772                    /usr/lib/x86_64-linux-gnu/libX11.so.6.3.0
7faa848a9000-7faa848ba000 r-xp 00000000 08:02 6949730                    /usr/lib/x86_64-linux-gnu/libXext.so.6.4.0
7faa848ba000-7faa84ab9000 ---p 00011000 08:02 6949730                    /usr/lib/x86_64-linux-gnu/libXext.so.6.4.0
7faa84ab9000-7faa84aba000 r--p 00010000 08:02 6949730                    /usr/lib/x86_64-linux-gnu/libXext.so.6.4.0
7faa84aba000-7faa84abb000 rw-p 00011000 08:02 6949730                    /usr/lib/x86_64-linux-gnu/libXext.so.6.4.0
7faa84abb000-7faa84abc000 r--s 00000000 08:02 4456530                    /var/cache/fontconfig/56cf4f4769d0f4abc89a4895d7bd3ae1-le64.cache-4
7faa84abc000-7faa84abd000 r--s 00000000 08:02 4456542                    /var/cache/fontconfig/b9d506c9ac06c20b433354fa67a72993-le64.cache-4
7faa84abd000-7faa84ac8000 r--s 00000000 08:02 4456548                    /var/cache/fontconfig/d589a48862398ed80a3d6066f4f56f4c-le64.cache-4
7faa84ac8000-7faa84ac9000 r--s 00000000 08:02 4456518                    /var/cache/fontconfig/0c9eb80ebd1c36541ebe2852d3bb0c49-le64.cache-4
7faa84ac9000-7faa84acd000 r--s 00000000 08:02 4465200                    /var/cache/fontconfig/7ef2298fde41cc6eeb7af42e48b7d293-le64.cache-4
7faa84acd000-7faa84ada000 r--s 00000000 08:02 4466936                    /var/cache/fontconfig/8f02d4cb045bd6ce15663e43f347c9f8-le64.cache-4
7faa84ada000-7faa84ae4000 r--s 000ae000 08:02 6947992                    /usr/lib/jvm/java-7-openjdk-amd64/jre/lib/resources.jar
7faa84ae4000-7faa84b2c000 r-xp 00000000 08:02 6947679                    /usr/lib/jvm/java-7-openjdk-amd64/jre/lib/amd64/xawt/libmawt.so
7faa84b2c000-7faa84d2b000 ---p 00048000 08:02 6947679                    /usr/lib/jvm/java-7-openjdk-amd64/jre/lib/amd64/xawt/libmawt.so
7faa84d2b000-7faa84d2c000 r--p 00047000 08:02 6947679                    /usr/lib/jvm/java-7-openjdk-amd64/jre/lib/amd64/xawt/libmawt.so
7faa84d2c000-7faa84d2f000 rw-p 00048000 08:02 6947679                    /usr/lib/jvm/java-7-openjdk-amd64/jre/lib/amd64/xawt/libmawt.so
7faa84d2f000-7faa84d30000 rw-p 00000000 00:00 0 
7faa84d30000-7faa84dd0000 r-xp 00000000 08:02 6949792                    /usr/lib/jvm/java-7-openjdk-amd64/jre/lib/amd64/libawt.so
7faa84dd0000-7faa84fd0000 ---p 000a0000 08:02 6949792                    /usr/lib/jvm/java-7-openjdk-amd64/jre/lib/amd64/libawt.so
7faa84fd0000-7faa84fd1000 r--p 000a0000 08:02 6949792                    /usr/lib/jvm/java-7-openjdk-amd64/jre/lib/amd64/libawt.so
7faa84fd1000-7faa84fdc000 rw-p 000a1000 08:02 6949792                    /usr/lib/jvm/java-7-openjdk-amd64/jre/lib/amd64/libawt.so
7faa84fdc000-7faa85001000 rw-p 00000000 00:00 0 
7faa85001000-7faa85011000 r-xp 00000000 08:02 6949850                    /usr/lib/jvm/java-7-openjdk-amd64/jre/lib/amd64/libnio.so
7faa85011000-7faa85211000 ---p 00010000 08:02 6949850                    /usr/lib/jvm/java-7-openjdk-amd64/jre/lib/amd64/libnio.so
7faa85211000-7faa85212000 r--p 00010000 08:02 6949850                    /usr/lib/jvm/java-7-openjdk-amd64/jre/lib/amd64/libnio.so
7faa85212000-7faa85213000 rw-p 00011000 08:02 6949850                    /usr/lib/jvm/java-7-openjdk-amd64/jre/lib/amd64/libnio.so
7faa85213000-7faa8521a000 r--s 00000000 08:02 10897                      /usr/lib/x86_64-linux-gnu/gconv/gconv-modules.cache
7faa8521a000-7faa8524b000 rw-p 00000000 00:00 0 
7faa8524b000-7faa85288000 r-xp 00000000 08:02 1050061                    /lib/x86_64-linux-gnu/libpcre.so.3.13.1
7faa85288000-7faa85487000 ---p 0003d000 08:02 1050061                    /lib/x86_64-linux-gnu/libpcre.so.3.13.1
7faa85487000-7faa85488000 r--p 0003c000 08:02 1050061                    /lib/x86_64-linux-gnu/libpcre.so.3.13.1
7faa85488000-7faa85489000 rw-p 0003d000 08:02 1050061                    /lib/x86_64-linux-gnu/libpcre.so.3.13.1
7faa85489000-7faa85490000 r-xp 00000000 08:02 6956021                    /usr/lib/x86_64-linux-gnu/libffi.so.6.0.1
7faa85490000-7faa8568f000 ---p 00007000 08:02 6956021                    /usr/lib/x86_64-linux-gnu/libffi.so.6.0.1
7faa8568f000-7faa85690000 r--p 00006000 08:02 6956021                    /usr/lib/x86_64-linux-gnu/libffi.so.6.0.1
7faa85690000-7faa85691000 rw-p 00007000 08:02 6956021                    /usr/lib/x86_64-linux-gnu/libffi.so.6.0.1
7faa85691000-7faa856a8000 r-xp 00000000 08:02 1052929                    /lib/x86_64-linux-gnu/libresolv-2.19.so
7faa856a8000-7faa858a8000 ---p 00017000 08:02 1052929                    /lib/x86_64-linux-gnu/libresolv-2.19.so
7faa858a8000-7faa858a9000 r--p 00017000 08:02 1052929                    /lib/x86_64-linux-gnu/libresolv-2.19.so
7faa858a9000-7faa858aa000 rw-p 00018000 08:02 1052929                    /lib/x86_64-linux-gnu/libresolv-2.19.so
7faa858aa000-7faa858ac000 rw-p 00000000 00:00 0 
7faa858ac000-7faa858cc000 r-xp 00000000 08:02 1052738                    /lib/x86_64-linux-gnu/libselinux.so.1
7faa858cc000-7faa85acb000 ---p 00020000 08:02 1052738                    /lib/x86_64-linux-gnu/libselinux.so.1
7faa85acb000-7faa85acc000 r--p 0001f000 08:02 1052738                    /lib/x86_64-linux-gnu/libselinux.so.1
7faa85acc000-7faa85acd000 rw-p 00020000 08:02 1052738                    /lib/x86_64-linux-gnu/libselinux.so.1
7faa85acd000-7faa85acf000 rw-p 00000000 00:00 0 
7faa85acf000-7faa85ad2000 r-xp 00000000 08:02 6947275                    /usr/lib/x86_64-linux-gnu/libgmodule-2.0.so.0.4002.0
7faa85ad2000-7faa85cd1000 ---p 00003000 08:02 6947275                    /usr/lib/x86_64-linux-gnu/libgmodule-2.0.so.0.4002.0
7faa85cd1000-7faa85cd2000 r--p 00002000 08:02 6947275                    /usr/lib/x86_64-linux-gnu/libgmodule-2.0.so.0.4002.0
7faa85cd2000-7faa85cd3000 rw-p 00003000 08:02 6947275                    /usr/lib/x86_64-linux-gnu/libgmodule-2.0.so.0.4002.0
7faa85cd3000-7faa85dd9000 r-xp 00000000 08:02 1048743                    /lib/x86_64-linux-gnu/libglib-2.0.so.0.4002.0
7faa85dd9000-7faa85fd8000 ---p 00106000 08:02 1048743                    /lib/x86_64-linux-gnu/libglib-2.0.so.0.4002.0
7faa85fd8000-7faa85fd9000 r--p 00105000 08:02 1048743                    /lib/x86_64-linux-gnu/libglib-2.0.so.0.4002.0
7faa85fd9000-7faa85fda000 rw-p 00106000 08:02 1048743                    /lib/x86_64-linux-gnu/libglib-2.0.so.0.4002.0
7faa85fda000-7faa85fdb000 rw-p 00000000 00:00 0 
7faa85fdb000-7faa8602a000 r-xp 00000000 08:02 6951170                    /usr/lib/x86_64-linux-gnu/libgobject-2.0.so.0.4002.0
7faa8602a000-7faa8622a000 ---p 0004f000 08:02 6951170                    /usr/lib/x86_64-linux-gnu/libgobject-2.0.so.0.4002.0
7faa8622a000-7faa8622b000 r--p 0004f000 08:02 6951170                    /usr/lib/x86_64-linux-gnu/libgobject-2.0.so.0.4002.0
7faa8622b000-7faa8622c000 rw-p 00050000 08:02 6951170                    /usr/lib/x86_64-linux-gnu/libgobject-2.0.so.0.4002.0
7faa8622c000-7faa86398000 r-xp 00000000 08:02 6951185                    /usr/lib/x86_64-linux-gnu/libgio-2.0.so.0.4002.0
7faa86398000-7faa86597000 ---p 0016c000 08:02 6951185                    /usr/lib/x86_64-linux-gnu/libgio-2.0.so.0.4002.0
7faa86597000-7faa8659b000 r--p 0016b000 08:02 6951185                    /usr/lib/x86_64-linux-gnu/libgio-2.0.so.0.4002.0
7faa8659b000-7faa8659d000 rw-p 0016f000 08:02 6951185                    /usr/lib/x86_64-linux-gnu/libgio-2.0.so.0.4002.0
7faa8659d000-7faa8659f000 rw-p 00000000 00:00 0 
7faa8659f000-7faa865a2000 r--s 00000000 08:02 4456494                    /var/cache/fontconfig/e13b20fdb08344e0e664864cc2ede53d-le64.cache-4
7faa865a2000-7faa865c8000 r--p 00000000 08:02 135680                     /usr/share/locale-langpack/fr/LC_MESSAGES/libc.mo
7faa865c8000-7faa865df000 r-xp 00000000 08:02 6949810                    /usr/lib/jvm/java-7-openjdk-amd64/jre/lib/amd64/libnet.so
7faa865df000-7faa867de000 ---p 00017000 08:02 6949810                    /usr/lib/jvm/java-7-openjdk-amd64/jre/lib/amd64/libnet.so
7faa867de000-7faa867df000 r--p 00016000 08:02 6949810                    /usr/lib/jvm/java-7-openjdk-amd64/jre/lib/amd64/libnet.so
7faa867df000-7faa867e0000 rw-p 00017000 08:02 6949810                    /usr/lib/jvm/java-7-openjdk-amd64/jre/lib/amd64/libnet.so
7faa867e0000-7faa867e1000 ---p 00000000 00:00 0 
7faa867e1000-7faa868e1000 rw-p 00000000 00:00 0 
7faa868e1000-7faa868e4000 ---p 00000000 00:00 0 
7faa868e4000-7faa869e2000 rw-p 00000000 00:00 0                          [stack:9559]
7faa869e2000-7faa869e5000 ---p 00000000 00:00 0 
7faa869e5000-7faa86ae3000 rw-p 00000000 00:00 0                          [stack:9558]
7faa86ae3000-7faa86ae6000 ---p 00000000 00:00 0 
7faa86ae6000-7faa86be4000 rw-p 00000000 00:00 0                          [stack:9557]
7faa86be4000-7faa86be7000 ---p 00000000 00:00 0 
7faa86be7000-7faa86ce5000 rw-p 00000000 00:00 0                          [stack:9556]
7faa86ce5000-7faa86fb3000 r--p 00000000 08:02 6954776                    /usr/lib/locale/locale-archive
7faa86fb3000-7faa86fb6000 ---p 00000000 00:00 0 
7faa86fb6000-7faa870b4000 rw-p 00000000 00:00 0                          [stack:9555]
7faa870b4000-7faa870b7000 ---p 00000000 00:00 0 
7faa870b7000-7faa871b5000 rw-p 00000000 00:00 0                          [stack:9554]
7faa871b5000-7faa871b6000 ---p 00000000 00:00 0 
7faa871b6000-7faa8c000000 rw-p 00000000 00:00 0 
7faa8c000000-7faa8c021000 rw-p 00000000 00:00 0 
7faa8c021000-7faa90000000 ---p 00000000 00:00 0 
7faa90000000-7faa90021000 rw-p 00000000 00:00 0 
7faa90021000-7faa94000000 ---p 00000000 00:00 0 
7faa94000000-7faa94021000 rw-p 00000000 00:00 0 
7faa94021000-7faa98000000 ---p 00000000 00:00 0 
7faa98000000-7faa98021000 rw-p 00000000 00:00 0 
7faa98021000-7faa9c000000 ---p 00000000 00:00 0 
7faa9c000000-7faa9c021000 rw-p 00000000 00:00 0 
7faa9c021000-7faaa0000000 ---p 00000000 00:00 0 
7faaa0000000-7faaa0021000 rw-p 00000000 00:00 0 
7faaa0021000-7faaa4000000 ---p 00000000 00:00 0 
7faaa4000000-7faaa4021000 rw-p 00000000 00:00 0 
7faaa4021000-7faaa8000000 ---p 00000000 00:00 0 
7faaa8000000-7faaa8021000 rw-p 00000000 00:00 0 
7faaa8021000-7faaac000000 ---p 00000000 00:00 0 
7faaac000000-7faaac002000 r--s 00000000 08:02 4473830                    /var/cache/fontconfig/16326683038b281783a0ef8c680e3a10-le64.cache-4
7faaac002000-7faaac006000 r--s 00031000 08:02 3283930                    /home/roah/jmonkeyplatform/3.1/jmonkeyplatform/libs/jme3-plugins-3.1.0-alpha1.jar
7faaac006000-7faaac009000 r--s 00080000 08:02 3283934                    /home/roah/jmonkeyplatform/3.1/jmonkeyplatform/libs/jme3-effects-3.1.0-alpha1.jar
7faaac009000-7faaac00a000 r--s 00002000 08:02 3283401                    /home/roah/jmonkeyplatform/3.1/jmonkeyplatform/libs/jinput-platform-2.0.5-natives-osx.jar
7faaac00a000-7faaac00b000 r--s 00025000 08:02 3283173                    /home/roah/jmonkeyplatform/3.1/jmonkeyplatform/libs/jinput-platform-2.0.5-natives-windows.jar
7faaac00b000-7faaac00c000 r--s 00002000 08:02 3283273                    /home/roah/jmonkeyplatform/3.1/jmonkeyplatform/libs/jinput-platform-2.0.5-natives-linux.jar
7faaac00c000-7faaac00d000 r--s 00001000 08:02 3287542                    /home/roah/jmonkeyplatform/3.1/jmonkeyplatform/libs/jutils-1.0.0.jar
7faaac00d000-7faaac011000 r--s 0002f000 08:02 3287539                    /home/roah/jmonkeyplatform/3.1/jmonkeyplatform/libs/jinput-2.0.5.jar
7faaac011000-7faaac012000 r--s 00068000 08:02 3283454                    /home/roah/jmonkeyplatform/3.1/jmonkeyplatform/libs/lwjgl-platform-2.9.3-natives-osx.jar
7faaac012000-7faaac021000 r--s 000f2000 08:02 3287688                    /home/roah/jmonkeyplatform/3.1/jmonkeyplatform/libs/lwjgl-2.9.3.jar
7faaac021000-7faaac023000 r--s 0000c000 08:02 3284095                    /home/roah/jmonkeyplatform/3.1/jmonkeyplatform/libs/jme3-lwjgl-3.1.0-alpha1.jar
7faaac023000-7faaac026000 r--s 0003a000 08:02 3283933                    /home/roah/jmonkeyplatform/3.1/jmonkeyplatform/libs/jme3-desktop-3.1.0-alpha1.jar
7faaac026000-7faaac02b000 r--s 00041000 08:02 3287525                    /home/roah/jmonkeyplatform/3.1/jmonkeyplatform/libs/dense64-0.27.jar
7faaac02b000-7faaac033000 r--s 0006a000 08:02 3283929                    /home/roah/jmonkeyplatform/3.1/jmonkeyplatform/libs/jme3-blender-3.1.0-alpha1.jar
7faaac033000-7faaac046000 r--s 00149000 08:02 3284161                    /home/roah/jmonkeyplatform/3.1/jmonkeyplatform/libs/jme3-core-3.1.0-alpha1.jar
7faaac046000-7faaac04c000 r--s 0003f000 08:02 3282776                    /home/roah/Documents/Jmonkey/3.1/MultiverseKing_Latest_2/MultiverseKing_JME/externalLibs/logback-classic-1.1.3.jar
7faaac04c000-7faaad000000 rw-p 00000000 00:00 0 
7faaad000000-7faaad270000 rwxp 00000000 00:00 0 
7faaad270000-7faab0388000 rw-p 00000000 00:00 0 
7faab0388000-7faab4000000 ---p 00000000 00:00 0 
7faab4000000-7faab4001000 r--s 0008d000 08:02 3283330                    /home/roah/jmonkeyplatform/3.1/jmonkeyplatform/libs/lwjgl-platform-2.9.3-natives-linux.jar
7faab4001000-7faab4003000 r--s 0000e000 08:02 3287360                    /home/roah/jmonkeyplatform/3.1/jmonkeyplatform/libs/denseC64-0.27.jar
7faab4003000-7faab400e000 r--s 00065000 08:02 3301023                    /home/roah/Documents/Jmonkey/3.1/MultiverseKing_Latest_2/MultiverseKing_JME/externalLibs/logback-core-1.1.3.jar
7faab400e000-7faab42dd000 rw-p 00000000 00:00 0 
7faab42dd000-7faab448e000 r--s 01d29000 08:02 6947783                    /usr/lib/jvm/java-7-openjdk-amd64/jre/lib/rt.jar
7faab448e000-7faab49e6000 rw-p 00000000 00:00 0 
7faab49e6000-7faab49e7000 ---p 00000000 00:00 0 
7faab49e7000-7faab4ae7000 rw-p 00000000 00:00 0                          [stack:9552]
7faab4ae7000-7faab4ae8000 ---p 00000000 00:00 0 
7faab4ae8000-7faab4be8000 rw-p 00000000 00:00 0                          [stack:9551]
7faab4be8000-7faab4be9000 ---p 00000000 00:00 0 
7faab4be9000-7faab4ce9000 rw-p 00000000 00:00 0                          [stack:9550]
7faab4ce9000-7faab4cea000 ---p 00000000 00:00 0 
7faab4cea000-7faab4dea000 rw-p 00000000 00:00 0                          [stack:9549]
7faab4dea000-7faab4deb000 ---p 00000000 00:00 0 
7faab4deb000-7faab4eeb000 rw-p 00000000 00:00 0                          [stack:9548]
7faab4eeb000-7faab4eec000 ---p 00000000 00:00 0 
7faab4eec000-7faab4fec000 rw-p 00000000 00:00 0                          [stack:9547]
7faab4fec000-7faab4fed000 ---p 00000000 00:00 0 
7faab4fed000-7faab50ed000 rw-p 00000000 00:00 0                          [stack:9546]
7faab50ed000-7faab50ee000 ---p 00000000 00:00 0 
7faab50ee000-7faab51fb000 rw-p 00000000 00:00 0                          [stack:9545]
7faab51fb000-7faab5241000 rw-p 00000000 00:00 0 
7faab5241000-7faab526b000 rw-p 00000000 00:00 0 
7faab526b000-7faab54d7000 rw-p 00000000 00:00 0 
7faab54d7000-7faab54e4000 rw-p 00000000 00:00 0 
7faab54e4000-7faab552a000 rw-p 00000000 00:00 0 
7faab552a000-7faab5554000 rw-p 00000000 00:00 0 
7faab5554000-7faab57c0000 rw-p 00000000 00:00 0 
7faab57c0000-7faab57e5000 rw-p 00000000 00:00 0 
7faab57e5000-7faab590b000 rw-p 00000000 00:00 0 
7faab590b000-7faab590c000 rw-p 00000000 00:00 0 
7faab590c000-7faab5914000 r-xp 00000000 08:02 6949741                    /usr/lib/jvm/java-7-openjdk-amd64/jre/lib/amd64/libzip.so
7faab5914000-7faab5b13000 ---p 00008000 08:02 6949741                    /usr/lib/jvm/java-7-openjdk-amd64/jre/lib/amd64/libzip.so
7faab5b13000-7faab5b14000 r--p 00007000 08:02 6949741                    /usr/lib/jvm/java-7-openjdk-amd64/jre/lib/amd64/libzip.so
7faab5b14000-7faab5b15000 rw-p 00008000 08:02 6949741                    /usr/lib/jvm/java-7-openjdk-amd64/jre/lib/amd64/libzip.so
7faab5b15000-7faab5b20000 r-xp 00000000 08:02 1053713                    /lib/x86_64-linux-gnu/libnss_files-2.19.so
7faab5b20000-7faab5d1f000 ---p 0000b000 08:02 1053713                    /lib/x86_64-linux-gnu/libnss_files-2.19.so
7faab5d1f000-7faab5d20000 r--p 0000a000 08:02 1053713                    /lib/x86_64-linux-gnu/libnss_files-2.19.so
7faab5d20000-7faab5d21000 rw-p 0000b000 08:02 1053713                    /lib/x86_64-linux-gnu/libnss_files-2.19.so
7faab5d21000-7faab5d2c000 r-xp 00000000 08:02 1053753                    /lib/x86_64-linux-gnu/libnss_nis-2.19.so
7faab5d2c000-7faab5f2b000 ---p 0000b000 08:02 1053753                    /lib/x86_64-linux-gnu/libnss_nis-2.19.so
7faab5f2b000-7faab5f2c000 r--p 0000a000 08:02 1053753                    /lib/x86_64-linux-gnu/libnss_nis-2.19.so
7faab5f2c000-7faab5f2d000 rw-p 0000b000 08:02 1053753                    /lib/x86_64-linux-gnu/libnss_nis-2.19.so
7faab5f2d000-7faab5f44000 r-xp 00000000 08:02 1053731                    /lib/x86_64-linux-gnu/libnsl-2.19.so
7faab5f44000-7faab6143000 ---p 00017000 08:02 1053731                    /lib/x86_64-linux-gnu/libnsl-2.19.so
7faab6143000-7faab6144000 r--p 00016000 08:02 1053731                    /lib/x86_64-linux-gnu/libnsl-2.19.so
7faab6144000-7faab6145000 rw-p 00017000 08:02 1053731                    /lib/x86_64-linux-gnu/libnsl-2.19.so
7faab6145000-7faab614700