#
# A fatal error has been detected by the Java Runtime Environment:
#
#  SIGSEGV (0xb) at pc=0x0000000000000000, pid=5264, tid=140297460733696
#
# JRE version: OpenJDK Runtime Environment (7.0_79-b14) (build 1.7.0_79-b14)
# Java VM: OpenJDK 64-Bit Server VM (24.79-b02 mixed mode linux-amd64 compressed oops)
# Derivative: IcedTea 2.5.6
# Distribution: Ubuntu 14.04 LTS, package 7u79-2.5.6-0ubuntu1.14.04.1
# Problematic frame:
# C  0x0000000000000000
#
# Failed to write core dump. Core dumps have been disabled. To enable core dumping, try "ulimit -c unlimited" before starting Java again
#
# If you would like to submit a bug report, please include
# instructions on how to reproduce the bug and visit:
#   http://icedtea.classpath.org/bugzilla
#

---------------  T H R E A D  ---------------

Current thread is native thread

siginfo:si_signo=SIGSEGV: si_errno=0, si_code=1 (SEGV_MAPERR), si_addr=0x0000000000000000

Registers:
RAX=0x00007f9994e237c0, RBX=0x0000000000000800, RCX=0x00007f994055d4c0, RDX=0x00007f994055d4c0
RSP=0x00007f998c4f4d18, RBP=0x00007f9940547340, RSI=0x0000000000000000, RDI=0x00007f9940547340
R8 =0x0000000000000000, R9 =0x0000000000000001, R10=0x00007f9940547364, R11=0x0000000000000000
R12=0x00007f994054b4d0, R13=0x0000000000012000, R14=0x0000000000002000, R15=0x00007f998c4f4ec8
RIP=0x0000000000000000, EFLAGS=0x0000000000010246, CSGSFS=0x0000000000000033, ERR=0x0000000000000014
  TRAPNO=0x000000000000000e

Top of Stack: (sp=0x00007f998c4f4d18)
0x00007f998c4f4d18:   00007f9994bec4d1 00000000ffffffff
0x00007f998c4f4d28:   00007f9938005b60 00007f99bb800000
0x00007f998c4f4d38:   00007f99bd30b899 0000000000000000
0x00007f998c4f4d48:   00007f998d6c6fb7 00007f99404b0a70
0x00007f998c4f4d58:   0000000000000000 0000000000000000
0x00007f998c4f4d68:   0000000000000000 00007f9940543160
0x00007f998c4f4d78:   00007f99405425c0 0000000000004000
0x00007f998c4f4d88:   00007f998d6cecda 00007f9940542490
0x00007f998c4f4d98:   00007f9928000fb0 0000000000000000
0x00007f998c4f4da8:   5700000000000001 0000000000004000
0x00007f998c4f4db8:   00007f998d6d07eb 0000000000000000
0x00007f998c4f4dc8:   0000000000000000 0000000000000000
0x00007f998c4f4dd8:   0000000000000000 0000000000000000
0x00007f998c4f4de8:   0000000000004000 00007f99405425c0
0x00007f998c4f4df8:   00007f998c4f4ec8 00007f998c4f4ec0
0x00007f998c4f4e08:   00007f994054b4d0 00007f998d6e9c80
0x00007f998c4f4e18:   00007f998db3abd2 00007f99301df040
0x00007f998c4f4e28:   00007f99304af040 000008008c4f4e70
0x00007f998c4f4e38:   00007f998c4f4e50 0000000000000000
0x00007f998c4f4e48:   00007f998db3fea2 00001fa00000037f
0x00007f998c4f4e58:   00007f998d6b49ff 00007f9940543160
0x00007f998c4f4e68:   0000000000004000 00007f9940542900
0x00007f998c4f4e78:   0000000000000000 00007f9940547340
0x00007f998c4f4e88:   0000000000000008 00007f998c4f4ec8
0x00007f998c4f4e98:   00007f9994c02544 0000000000000000
0x00007f998c4f4ea8:   00007f998c4f4ec0 0000000000002000
0x00007f998c4f4eb8:   00000000000063d8 00007f99304af040
0x00007f998c4f4ec8:   0000000000004000 0000000000000000
0x00007f998c4f4ed8:   00007f9940546000 0000000000000000
0x00007f998c4f4ee8:   0000000000000000 0000000000000000
0x00007f998c4f4ef8:   00007f998c4f59c0 00007f998c4f5700
0x00007f998c4f4f08:   00007f9994bf573a 00007f998c4f5700 

Instructions: (pc=0x0000000000000000)
0xffffffffffffffe0:   

Register to memory mapping:

RAX=0x00007f9994e237c0: <offset 0x2577c0> in /home/roah/Documents/Jmonkey/3.1/MultiverseKing_Latest_2/MultiverseKing_JME/MultiverseKingBattle/libopenal64.so at 0x00007f9994bcc000
RBX=0x0000000000000800 is an unknown value
RCX=0x00007f994055d4c0 is an unknown value
RDX=0x00007f994055d4c0 is an unknown value
RSP=0x00007f998c4f4d18 is an unknown value
RBP=0x00007f9940547340 is an unknown value
RSI=0x0000000000000000 is an unknown value
RDI=0x00007f9940547340 is an unknown value
R8 =0x0000000000000000 is an unknown value
R9 =0x0000000000000001 is an unknown value
R10=0x00007f9940547364 is an unknown value
R11=0x0000000000000000 is an unknown value
R12=0x00007f994054b4d0 is an unknown value
R13=0x0000000000012000 is an unknown value
R14=0x0000000000002000 is an unknown value
R15=0x00007f998c4f4ec8 is an unknown value


Stack: [0x00007f998c3f5000,0x00007f998c4f6000],  sp=0x00007f998c4f4d18,  free space=1023k

---------------  P R O C E S S  ---------------

VM state:at safepoint (shutting down)

VM Mutex/Monitor currently owned by a thread:  ([mutex/lock_event])
[0x00007f99b40079f0] Threads_lock - owner thread: 0x00007f99b407f800

Heap
 PSYoungGen      total 37376K, used 34444K [0x00000007d6a00000, 0x00000007db300000, 0x0000000800000000)
  eden space 32256K, 91% used [0x00000007d6a00000,0x00000007d86aa560,0x00000007d8980000)
  from space 5120K, 99% used [0x00000007d8980000,0x00000007d8e78ad8,0x00000007d8e80000)
  to   space 5120K, 0% used [0x00000007dae00000,0x00000007dae00000,0x00000007db300000)
 ParOldGen       total 84480K, used 12911K [0x0000000783e00000, 0x0000000789080000, 0x00000007d6a00000)
  object space 84480K, 15% used [0x0000000783e00000,0x0000000784a9be80,0x0000000789080000)
 PSPermGen       total 25600K, used 25539K [0x0000000779800000, 0x000000077b100000, 0x0000000783e00000)
  object space 25600K, 99% used [0x0000000779800000,0x000000077b0f0ca8,0x000000077b100000)

Card table byte_map: [0x00007f99ba100000,0x00007f99ba535000] byte_map_base: 0x00007f99b6534000

Polling page: 0x00007f99bda12000

Code Cache  [0x00007f99b1000000, 0x00007f99b1270000, 0x00007f99b4000000)
 total_blobs=1034 nmethods=360 adapters=627 free_code_cache=47829Kb largest_free_block=48936832

Compilation events (10 events):
Event: 5,732 Thread 0x00007f99b40b6000  365             java.awt.Component::getParent_NoClientCode (5 bytes)
Event: 5,733 Thread 0x00007f99b40b6000 nmethod 365 0x00007f99b10a22d0 code [0x00007f99b10a2400, 0x00007f99b10a2478]
Event: 5,760 Thread 0x00007f99b40b3800  366             java.util.logging.Logger::isLoggable (25 bytes)
Event: 5,761 Thread 0x00007f99b40b3800 nmethod 366 0x00007f99b11516d0 code [0x00007f99b1151800, 0x00007f99b1151898]
Event: 6,012 Thread 0x00007f99b40b6000  367             sun.util.logging.LoggingSupport::isLoggable (14 bytes)
Event: 6,012 Thread 0x00007f99b40b3800  368             java.util.logging.LoggingProxyImpl::isLoggable (12 bytes)
Event: 6,013 Thread 0x00007f99b40b6000 nmethod 367 0x00007f99b114fb90 code [0x00007f99b114fce0, 0x00007f99b114fdb8]
Event: 6,013 Thread 0x00007f99b40b6000  369             sun.util.logging.PlatformLogger$JavaLoggerProxy::isLoggable (12 bytes)
Event: 6,013 Thread 0x00007f99b40b3800 nmethod 368 0x00007f99b10f9050 code [0x00007f99b10f91a0, 0x00007f99b10f9298]
Event: 6,014 Thread 0x00007f99b40b6000 nmethod 369 0x00007f99b10f8c50 code [0x00007f99b10f8da0, 0x00007f99b10f8eb8]

GC Heap History (6 events):
Event: 2,139 GC heap before
{Heap before GC invocations=1 (full 0):
 PSYoungGen      total 37376K, used 32256K [0x00000007d6a00000, 0x00000007d9380000, 0x0000000800000000)
  eden space 32256K, 100% used [0x00000007d6a00000,0x00000007d8980000,0x00000007d8980000)
  from space 5120K, 0% used [0x00000007d8e80000,0x00000007d8e80000,0x00000007d9380000)
  to   space 5120K, 0% used [0x00000007d8980000,0x00000007d8980000,0x00000007d8e80000)
 ParOldGen       total 84480K, used 0K [0x0000000783e00000, 0x0000000789080000, 0x00000007d6a00000)
  object space 84480K, 0% used [0x0000000783e00000,0x0000000783e00000,0x0000000789080000)
 PSPermGen       total 21504K, used 19808K [0x0000000779800000, 0x000000077ad00000, 0x0000000783e00000)
  object space 21504K, 92% used [0x0000000779800000,0x000000077ab58280,0x000000077ad00000)
Event: 2,154 GC heap after
Heap after GC invocations=1 (full 0):
 PSYoungGen      total 37376K, used 5110K [0x00000007d6a00000, 0x00000007d9380000, 0x0000000800000000)
  eden space 32256K, 0% used [0x00000007d6a00000,0x00000007d6a00000,0x00000007d8980000)
  from space 5120K, 99% used [0x00000007d8980000,0x00000007d8e7d870,0x00000007d8e80000)
  to   space 5120K, 0% used [0x00000007d8e80000,0x00000007d8e80000,0x00000007d9380000)
 ParOldGen       total 84480K, used 3056K [0x0000000783e00000, 0x0000000789080000, 0x00000007d6a00000)
  object space 84480K, 3% used [0x0000000783e00000,0x00000007840fc260,0x0000000789080000)
 PSPermGen       total 21504K, used 19808K [0x0000000779800000, 0x000000077ad00000, 0x0000000783e00000)
  object space 21504K, 92% used [0x0000000779800000,0x000000077ab58280,0x000000077ad00000)
}
Event: 2,710 GC heap before
{Heap before GC invocations=2 (full 0):
 PSYoungGen      total 37376K, used 37366K [0x00000007d6a00000, 0x00000007d9380000, 0x0000000800000000)
  eden space 32256K, 100% used [0x00000007d6a00000,0x00000007d8980000,0x00000007d8980000)
  from space 5120K, 99% used [0x00000007d8980000,0x00000007d8e7d870,0x00000007d8e80000)
  to   space 5120K, 0% used [0x00000007d8e80000,0x00000007d8e80000,0x00000007d9380000)
 ParOldGen       total 84480K, used 3056K [0x0000000783e00000, 0x0000000789080000, 0x00000007d6a00000)
  object space 84480K, 3% used [0x0000000783e00000,0x00000007840fc260,0x0000000789080000)
 PSPermGen       total 24064K, used 24019K [0x0000000779800000, 0x000000077af80000, 0x0000000783e00000)
  object space 24064K, 99% used [0x0000000779800000,0x000000077af74c68,0x000000077af80000)
Event: 2,717 GC heap after
Heap after GC invocations=2 (full 0):
 PSYoungGen      total 37376K, used 5106K [0x00000007d6a00000, 0x00000007db300000, 0x0000000800000000)
  eden space 32256K, 0% used [0x00000007d6a00000,0x00000007d6a00000,0x00000007d8980000)
  from space 5120K, 99% used [0x00000007d8e80000,0x00000007d937ca90,0x00000007d9380000)
  to   space 5120K, 0% used [0x00000007d8980000,0x00000007d8980000,0x00000007d8e80000)
 ParOldGen       total 84480K, used 9123K [0x0000000783e00000, 0x0000000789080000, 0x00000007d6a00000)
  object space 84480K, 10% used [0x0000000783e00000,0x00000007846e8dc8,0x0000000789080000)
 PSPermGen       total 24064K, used 24019K [0x0000000779800000, 0x000000077af80000, 0x0000000783e00000)
  object space 24064K, 99% used [0x0000000779800000,0x000000077af74c68,0x000000077af80000)
}
Event: 2,908 GC heap before
{Heap before GC invocations=3 (full 0):
 PSYoungGen      total 37376K, used 37362K [0x00000007d6a00000, 0x00000007db300000, 0x0000000800000000)
  eden space 32256K, 100% used [0x00000007d6a00000,0x00000007d8980000,0x00000007d8980000)
  from space 5120K, 99% used [0x00000007d8e80000,0x00000007d937ca90,0x00000007d9380000)
  to   space 5120K, 0% used [0x00000007d8980000,0x00000007d8980000,0x00000007d8e80000)
 ParOldGen       total 84480K, used 9123K [0x0000000783e00000, 0x0000000789080000, 0x00000007d6a00000)
  object space 84480K, 10% used [0x0000000783e00000,0x00000007846e8dc8,0x0000000789080000)
 PSPermGen       total 24576K, used 24461K [0x0000000779800000, 0x000000077b000000, 0x0000000783e00000)
  object space 24576K, 99% used [0x0000000779800000,0x000000077afe36c8,0x000000077b000000)
Event: 2,916 GC heap after
Heap after GC invocations=3 (full 0):
 PSYoungGen      total 37376K, used 5090K [0x00000007d6a00000, 0x00000007db300000, 0x0000000800000000)
  eden space 32256K, 0% used [0x00000007d6a00000,0x00000007d6a00000,0x00000007d8980000)
  from space 5120K, 99% used [0x00000007d8980000,0x00000007d8e78ad8,0x00000007d8e80000)
  to   space 5120K, 0% used [0x00000007dae00000,0x00000007dae00000,0x00000007db300000)
 ParOldGen       total 84480K, used 12911K [0x0000000783e00000, 0x0000000789080000, 0x00000007d6a00000)
  object space 84480K, 15% used [0x0000000783e00000,0x0000000784a9be80,0x0000000789080000)
 PSPermGen       total 24576K, used 24461K [0x0000000779800000, 0x000000077b000000, 0x0000000783e00000)
  object space 24576K, 99% used [0x0000000779800000,0x000000077afe36c8,0x000000077b000000)
}

Deoptimization events (10 events):
Event: 3,118 Thread 0x00007f99b438e000 Uncommon trap: reason=class_check action=maybe_recompile pc=0x00007f99b10d1118 method=java.util.regex.Pattern$5.isSatisfiedBy(I)Z @ 5
Event: 3,118 Thread 0x00007f99b438e000 Uncommon trap: reason=class_check action=maybe_recompile pc=0x00007f99b10d1118 method=java.util.regex.Pattern$5.isSatisfiedBy(I)Z @ 5
Event: 3,119 Thread 0x00007f99b438e000 Uncommon trap: reason=unreached action=reinterpret pc=0x00007f99b11321dc method=java.nio.ByteBuffer.hasArray()Z @ 4
Event: 3,214 Thread 0x00007f99b438e000 Uncommon trap: reason=null_check action=make_not_entrant pc=0x00007f99b1146a34 method=sun.awt.image.ByteInterleavedRaster.getDataElements(IIIILjava/lang/Object;)Ljava/lang/Object; @ 8
Event: 3,238 Thread 0x00007f99b438e000 Uncommon trap: reason=predicate action=maybe_recompile pc=0x00007f99b114582c method=java.util.Arrays.fill([Ljava/lang/Object;Ljava/lang/Object;)V @ 10
Event: 3,286 Thread 0x00007f9941a77800 Uncommon trap: reason=predicate action=maybe_recompile pc=0x00007f99b1118ea4 method=java.lang.Class.getConstructor0([Ljava/lang/Class;I)Ljava/lang/reflect/Constructor; @ 32
Event: 3,286 Thread 0x00007f9941a77800 Uncommon trap: reason=unreached action=reinterpret pc=0x00007f99b1101274 method=java.lang.Class.arrayContentsEq([Ljava/lang/Object;[Ljava/lang/Object;)Z @ 1
Event: 3,309 Thread 0x00007f9941a77800 Uncommon trap: reason=unreached action=reinterpret pc=0x00007f99b11134f4 method=java.lang.ref.SoftReference.get()Ljava/lang/Object; @ 6
Event: 3,309 Thread 0x00007f9941a77800 Uncommon trap: reason=predicate action=maybe_recompile pc=0x00007f99b1137c40 method=java.nio.charset.CharsetDecoder.decode(Ljava/nio/ByteBuffer;Ljava/nio/CharBuffer;Z)Ljava/nio/charset/CoderResult; @ 54
Event: 3,320 Thread 0x00007f9940014000 Uncommon trap: reason=class_check action=maybe_recompile pc=0x00007f99b10ad108 method=java.util.concurrent.locks.AbstractQueuedSynchronizer.release(I)Z @ 2

Internal exceptions (10 events):
Event: 3,243 Thread 0x00007f9941a77800 Threw 0x00000007d8362340 at /build/openjdk-7-FO0dNI/openjdk-7-7u79-2.5.6/build/openjdk/hotspot/src/share/vm/prims/jvm.cpp:1284
Event: 3,286 Thread 0x00007f9941a77800 Implicit null exception at 0x00007f99b11188db to 0x00007f99b1118e7d
Event: 3,286 Thread 0x00007f9941a77800 Implicit null exception at 0x00007f99b11011ec to 0x00007f99b1101261
Event: 3,286 Thread 0x00007f99b438e000 Threw 0x00000007d8360448 at /build/openjdk-7-FO0dNI/openjdk-7-7u79-2.5.6/build/openjdk/hotspot/src/share/vm/prims/jvm.cpp:1284
Event: 3,306 Thread 0x00007f99b438e000 Threw 0x00000007d83d2978 at /build/openjdk-7-FO0dNI/openjdk-7-7u79-2.5.6/build/openjdk/hotspot/src/share/vm/prims/jvm.cpp:1284
Event: 3,317 Thread 0x00007f9941a77800 Threw 0x00000007d84430c0 at /build/openjdk-7-FO0dNI/openjdk-7-7u79-2.5.6/build/openjdk/hotspot/src/share/vm/prims/jvm.cpp:1284
Event: 3,324 Thread 0x00007f99b438e000 Threw 0x00000007d83e6ff8 at /build/openjdk-7-FO0dNI/openjdk-7-7u79-2.5.6/build/openjdk/hotspot/src/share/vm/prims/jvm.cpp:1284
Event: 5,998 Thread 0x00007f9941a77800 Threw 0x00000007d85bd790 at /build/openjdk-7-FO0dNI/openjdk-7-7u79-2.5.6/build/openjdk/hotspot/src/share/vm/prims/jni.cpp:747
Event: 6,011 Thread 0x00007f99b436b000 Threw 0x00000007d849c6e0 at /build/openjdk-7-FO0dNI/openjdk-7-7u79-2.5.6/build/openjdk/hotspot/src/share/vm/classfile/systemDictionary.cpp:183
Event: 6,012 Thread 0x00007f99b436b000 Threw 0x00000007d849c970 at /build/openjdk-7-FO0dNI/openjdk-7-7u79-2.5.6/build/openjdk/hotspot/src/share/vm/classfile/systemDictionary.cpp:183

Events (10 events):
Event: 7,010 Thread 0x00007f99b438e000 Thread added: 0x00007f99b438e000
Event: 7,010 loading class 0x00007f99b4273f80
Event: 7,010 Thread 0x00007f9944079000 Thread exited: 0x00007f9944079000
Event: 7,011 Thread 0x00007f99b438e000 Thread exited: 0x00007f99b438e000
Event: 7,011 loading class 0x00007f99680190f0
Event: 7,011 loading class 0x00007f99680190f0 done
Event: 7,011 loading class 0x00007f99b4273f80 done
Event: 7,012 Thread 0x00007f99b436f800 Thread exited: 0x00007f99b436f800
Event: 7,012 Thread 0x00007f99b4370800 Thread exited: 0x00007f99b4370800
Event: 7,012 Thread 0x00007f99b400b800 Thread exited: 0x00007f99b400b800


Dynamic libraries:
00400000-00401000 r-xp 00000000 08:02 6950259                            /usr/lib/jvm/java-7-openjdk-amd64/jre/bin/java
00600000-00601000 r--p 00000000 08:02 6950259                            /usr/lib/jvm/java-7-openjdk-amd64/jre/bin/java
00601000-00602000 rw-p 00001000 08:02 6950259                            /usr/lib/jvm/java-7-openjdk-amd64/jre/bin/java
019a2000-019c3000 rw-p 00000000 00:00 0                                  [heap]
779800000-77b100000 rw-p 00000000 00:00 0 
77b100000-783e00000 rw-p 00000000 00:00 0 
783e00000-789080000 rw-p 00000000 00:00 0 
789080000-7d6a00000 rw-p 00000000 00:00 0 
7d6a00000-7db300000 rw-p 00000000 00:00 0 
7db300000-800000000 rw-p 00000000 00:00 0 
7f9920000000-7f9920241000 rw-p 00000000 00:00 0 
7f9920241000-7f9924000000 ---p 00000000 00:00 0 
7f9924000000-7f9924021000 rw-p 00000000 00:00 0 
7f9924021000-7f9928000000 ---p 00000000 00:00 0 
7f9928000000-7f9928021000 rw-p 00000000 00:00 0 
7f9928021000-7f992c000000 ---p 00000000 00:00 0 
7f992ffff000-7f9934000000 rw-s 00000000 00:15 253494                     /run/shm/pulse-shm-2084832268
7f9934000000-7f9934021000 rw-p 00000000 00:00 0 
7f9934021000-7f9938000000 ---p 00000000 00:00 0 
7f9938000000-7f9938021000 rw-p 00000000 00:00 0 
7f9938021000-7f993c000000 ---p 00000000 00:00 0 
7f993c000000-7f993c024000 rw-p 00000000 00:00 0 
7f993c024000-7f9940000000 ---p 00000000 00:00 0 
7f9940000000-7f9941cd7000 rw-p 00000000 00:00 0 
7f9941cd7000-7f9944000000 ---p 00000000 00:00 0 
7f9944000000-7f994415f000 rw-p 00000000 00:00 0 
7f994415f000-7f9948000000 ---p 00000000 00:00 0 
7f9948000000-7f9948021000 rw-p 00000000 00:00 0 
7f9948021000-7f994c000000 ---p 00000000 00:00 0 
7f994c000000-7f994c021000 rw-p 00000000 00:00 0 
7f994c021000-7f9950000000 ---p 00000000 00:00 0 
7f9950000000-7f9950030000 rw-p 00000000 00:00 0 
7f9950030000-7f9954000000 ---p 00000000 00:00 0 
7f9954000000-7f9954021000 rw-p 00000000 00:00 0 
7f9954021000-7f9958000000 ---p 00000000 00:00 0 
7f9958000000-7f9958021000 rw-p 00000000 00:00 0 
7f9958021000-7f995c000000 ---p 00000000 00:00 0 
7f995c000000-7f995c4a2000 rw-p 00000000 00:00 0 
7f995c4a2000-7f9960000000 ---p 00000000 00:00 0 
7f9960000000-7f9960021000 rw-p 00000000 00:00 0 
7f9960021000-7f9964000000 ---p 00000000 00:00 0 
7f9964000000-7f9964021000 rw-p 00000000 00:00 0 
7f9964021000-7f9968000000 ---p 00000000 00:00 0 
7f9968000000-7f99688c2000 rw-p 00000000 00:00 0 
7f99688c2000-7f996c000000 ---p 00000000 00:00 0 
7f996c000000-7f996c021000 rw-p 00000000 00:00 0 
7f996c021000-7f9970000000 ---p 00000000 00:00 0 
7f9970000000-7f9970021000 rw-p 00000000 00:00 0 
7f9970021000-7f9974000000 ---p 00000000 00:00 0 
7f9974000000-7f9974021000 rw-p 00000000 00:00 0 
7f9974021000-7f9978000000 ---p 00000000 00:00 0 
7f997bcc0000-7f9980000000 rw-p 00000000 00:00 0 
7f9980000000-7f9980021000 rw-p 00000000 00:00 0 
7f9980021000-7f9984000000 ---p 00000000 00:00 0 
7f9986642000-7f9986645000 ---p 00000000 00:00 0 
7f9986645000-7f9986743000 rw-p 00000000 00:00 0                          [stack:5302]
7f9986743000-7f9986793000 r-xp 00000000 08:02 6956304                    /usr/lib/x86_64-linux-gnu/liblcms2.so.2.0.5
7f9986793000-7f9986992000 ---p 00050000 08:02 6956304                    /usr/lib/x86_64-linux-gnu/liblcms2.so.2.0.5
7f9986992000-7f9986993000 r--p 0004f000 08:02 6956304                    /usr/lib/x86_64-linux-gnu/liblcms2.so.2.0.5
7f9986993000-7f9986998000 rw-p 00050000 08:02 6956304                    /usr/lib/x86_64-linux-gnu/liblcms2.so.2.0.5
7f9986998000-7f998699c000 r-xp 00000000 08:02 6949805                    /usr/lib/jvm/java-7-openjdk-amd64/jre/lib/amd64/libjavalcms.so
7f998699c000-7f9986b9b000 ---p 00004000 08:02 6949805                    /usr/lib/jvm/java-7-openjdk-amd64/jre/lib/amd64/libjavalcms.so
7f9986b9b000-7f9986b9c000 r--p 00003000 08:02 6949805                    /usr/lib/jvm/java-7-openjdk-amd64/jre/lib/amd64/libjavalcms.so
7f9986b9c000-7f9986b9d000 rw-p 00004000 08:02 6949805                    /usr/lib/jvm/java-7-openjdk-amd64/jre/lib/amd64/libjavalcms.so
7f9986b9d000-7f9986be0000 r-xp 00000000 08:02 6956286                    /usr/lib/x86_64-linux-gnu/libjpeg.so.8.0.2
7f9986be0000-7f9986de0000 ---p 00043000 08:02 6956286                    /usr/lib/x86_64-linux-gnu/libjpeg.so.8.0.2
7f9986de0000-7f9986de1000 r--p 00043000 08:02 6956286                    /usr/lib/x86_64-linux-gnu/libjpeg.so.8.0.2
7f9986de1000-7f9986de2000 rw-p 00044000 08:02 6956286                    /usr/lib/x86_64-linux-gnu/libjpeg.so.8.0.2
7f9986de2000-7f9986df2000 rw-p 00000000 00:00 0 
7f9986df2000-7f9986dfc000 r-xp 00000000 08:02 6949784                    /usr/lib/jvm/java-7-openjdk-amd64/jre/lib/amd64/libjavajpeg.so
7f9986dfc000-7f9986ffb000 ---p 0000a000 08:02 6949784                    /usr/lib/jvm/java-7-openjdk-amd64/jre/lib/amd64/libjavajpeg.so
7f9986ffb000-7f9986ffc000 r--p 00009000 08:02 6949784                    /usr/lib/jvm/java-7-openjdk-amd64/jre/lib/amd64/libjavajpeg.so
7f9986ffc000-7f9986ffd000 rw-p 0000a000 08:02 6949784                    /usr/lib/jvm/java-7-openjdk-amd64/jre/lib/amd64/libjavajpeg.so
7f9986ffd000-7f99877ff000 rw-p 00000000 00:00 0 
7f99877ff000-7f9987800000 ---p 00000000 00:00 0 
7f9987800000-7f9988000000 rw-p 00000000 00:00 0                          [stack:5296]
7f9988000000-7f9988021000 rw-p 00000000 00:00 0 
7f9988021000-7f998c000000 ---p 00000000 00:00 0 
7f998c01f000-7f998c0f3000 r-xp 00000000 08:02 6949820                    /usr/lib/jvm/java-7-openjdk-amd64/jre/lib/amd64/libmlib_image.so
7f998c0f3000-7f998c2f2000 ---p 000d4000 08:02 6949820                    /usr/lib/jvm/java-7-openjdk-amd64/jre/lib/amd64/libmlib_image.so
7f998c2f2000-7f998c2f3000 r--p 000d3000 08:02 6949820                    /usr/lib/jvm/java-7-openjdk-amd64/jre/lib/amd64/libmlib_image.so
7f998c2f3000-7f998c2f4000 rw-p 000d4000 08:02 6949820                    /usr/lib/jvm/java-7-openjdk-amd64/jre/lib/amd64/libmlib_image.so
7f998c2f4000-7f998c2f7000 ---p 00000000 00:00 0 
7f998c2f7000-7f998c3f5000 rw-p 00000000 00:00 0                          [stack:5298]
7f998c3f5000-7f998c3f6000 ---p 00000000 00:00 0 
7f998c3f6000-7f998c4f6000 rw-p 00000000 00:00 0                          [stack:5297]
7f998c4f6000-7f998c4fd000 r-xp 00000000 08:02 6956392                    /usr/lib/x86_64-linux-gnu/libogg.so.0.8.1
7f998c4fd000-7f998c6fd000 ---p 00007000 08:02 6956392                    /usr/lib/x86_64-linux-gnu/libogg.so.0.8.1
7f998c6fd000-7f998c6fe000 r--p 00007000 08:02 6956392                    /usr/lib/x86_64-linux-gnu/libogg.so.0.8.1
7f998c6fe000-7f998c6ff000 rw-p 00008000 08:02 6956392                    /usr/lib/x86_64-linux-gnu/libogg.so.0.8.1
7f998c6ff000-7f998c72b000 r-xp 00000000 08:02 6956627                    /usr/lib/x86_64-linux-gnu/libvorbis.so.0.4.5
7f998c72b000-7f998c92a000 ---p 0002c000 08:02 6956627                    /usr/lib/x86_64-linux-gnu/libvorbis.so.0.4.5
7f998c92a000-7f998c92b000 r--p 0002b000 08:02 6956627                    /usr/lib/x86_64-linux-gnu/libvorbis.so.0.4.5
7f998c92b000-7f998c92c000 rw-p 0002c000 08:02 6956627                    /usr/lib/x86_64-linux-gnu/libvorbis.so.0.4.5
7f998c92c000-7f998cbdf000 r-xp 00000000 08:02 6956629                    /usr/lib/x86_64-linux-gnu/libvorbisenc.so.2.0.8
7f998cbdf000-7f998cdde000 ---p 002b3000 08:02 6956629                    /usr/lib/x86_64-linux-gnu/libvorbisenc.so.2.0.8
7f998cdde000-7f998cdfa000 r--p 002b2000 08:02 6956629                    /usr/lib/x86_64-linux-gnu/libvorbisenc.so.2.0.8
7f998cdfa000-7f998cdfb000 rw-p 002ce000 08:02 6956629                    /usr/lib/x86_64-linux-gnu/libvorbisenc.so.2.0.8
7f998cdfb000-7f998ce2b000 r-xp 00000000 08:02 6947501                    /usr/lib/x86_64-linux-gnu/libFLAC.so.8.3.0
7f998ce2b000-7f998d02a000 ---p 00030000 08:02 6947501                    /usr/lib/x86_64-linux-gnu/libFLAC.so.8.3.0
7f998d02a000-7f998d02b000 r--p 0002f000 08:02 6947501                    /usr/lib/x86_64-linux-gnu/libFLAC.so.8.3.0
7f998d02b000-7f998d02c000 rw-p 00030000 08:02 6947501                    /usr/lib/x86_64-linux-gnu/libFLAC.so.8.3.0
7f998d02c000-7f998d031000 r-xp 00000000 08:02 6955860                    /usr/lib/x86_64-linux-gnu/libasyncns.so.0.3.1
7f998d031000-7f998d230000 ---p 00005000 08:02 6955860                    /usr/lib/x86_64-linux-gnu/libasyncns.so.0.3.1
7f998d230000-7f998d231000 r--p 00004000 08:02 6955860                    /usr/lib/x86_64-linux-gnu/libasyncns.so.0.3.1
7f998d231000-7f998d232000 rw-p 00005000 08:02 6955860                    /usr/lib/x86_64-linux-gnu/libasyncns.so.0.3.1
7f998d232000-7f998d293000 r-xp 00000000 08:02 6956536                    /usr/lib/x86_64-linux-gnu/libsndfile.so.1.0.25
7f998d293000-7f998d493000 ---p 00061000 08:02 6956536                    /usr/lib/x86_64-linux-gnu/libsndfile.so.1.0.25
7f998d493000-7f998d495000 r--p 00061000 08:02 6956536                    /usr/lib/x86_64-linux-gnu/libsndfile.so.1.0.25
7f998d495000-7f998d496000 rw-p 00063000 08:02 6956536                    /usr/lib/x86_64-linux-gnu/libsndfile.so.1.0.25
7f998d496000-7f998d49a000 rw-p 00000000 00:00 0 
7f998d49a000-7f998d4a2000 r-xp 00000000 08:02 1052766                    /lib/x86_64-linux-gnu/libwrap.so.0.7.6
7f998d4a2000-7f998d6a1000 ---p 00008000 08:02 1052766                    /lib/x86_64-linux-gnu/libwrap.so.0.7.6
7f998d6a1000-7f998d6a2000 r--p 00007000 08:02 1052766                    /lib/x86_64-linux-gnu/libwrap.so.0.7.6
7f998d6a2000-7f998d6a3000 rw-p 00008000 08:02 1052766                    /lib/x86_64-linux-gnu/libwrap.so.0.7.6
7f998d6a3000-7f998d6a4000 rw-p 00000000 00:00 0 
7f998d6a4000-7f998d70a000 r-xp 00000000 08:02 216                        /usr/lib/x86_64-linux-gnu/pulseaudio/libpulsecommon-4.0.so
7f998d70a000-7f998d909000 ---p 00066000 08:02 216                        /usr/lib/x86_64-linux-gnu/pulseaudio/libpulsecommon-4.0.so
7f998d909000-7f998d90a000 r--p 00065000 08:02 216                        /usr/lib/x86_64-linux-gnu/pulseaudio/libpulsecommon-4.0.so
7f998d90a000-7f998d90b000 rw-p 00066000 08:02 216                        /usr/lib/x86_64-linux-gnu/pulseaudio/libpulsecommon-4.0.so
7f998d90b000-7f998d915000 r-xp 00000000 08:02 1052648                    /lib/x86_64-linux-gnu/libjson-c.so.2.0.0
7f998d915000-7f998db14000 ---p 0000a000 08:02 1052648                    /lib/x86_64-linux-gnu/libjson-c.so.2.0.0
7f998db14000-7f998db15000 r--p 00009000 08:02 1052648                    /lib/x86_64-linux-gnu/libjson-c.so.2.0.0
7f998db15000-7f998db16000 rw-p 0000a000 08:02 1052648                    /lib/x86_64-linux-gnu/libjson-c.so.2.0.0
7f998db16000-7f998db5d000 r-xp 00000000 08:02 6948083                    /usr/lib/x86_64-linux-gnu/libpulse.so.0.16.2
7f998db5d000-7f998dd5d000 ---p 00047000 08:02 6948083                    /usr/lib/x86_64-linux-gnu/libpulse.so.0.16.2
7f998dd5d000-7f998dd5e000 r--p 00047000 08:02 6948083                    /usr/lib/x86_64-linux-gnu/libpulse.so.0.16.2
7f998dd5e000-7f998dd5f000 rw-p 00048000 08:02 6948083                    /usr/lib/x86_64-linux-gnu/libpulse.so.0.16.2
7f998dd88000-7f998de08000 rw-s 12ca1e000 00:05 14583                     /dev/nvidiactl
7f998e008000-7f998e10c000 rw-s 21085b000 00:05 14583                     /dev/nvidiactl
7f998e10c000-7f998f37a000 r-xp 00000000 08:02 17451                      /usr/lib/nvidia-355/libnvidia-glcore.so.355.06
7f998f37a000-7f998f39a000 rwxp 0126e000 08:02 17451                      /usr/lib/nvidia-355/libnvidia-glcore.so.355.06
7f998f39a000-7f998f709000 r-xp 0128e000 08:02 17451                      /usr/lib/nvidia-355/libnvidia-glcore.so.355.06
7f998f709000-7f998f909000 ---p 015fd000 08:02 17451                      /usr/lib/nvidia-355/libnvidia-glcore.so.355.06
7f998f909000-7f998fcbd000 rw-p 015fd000 08:02 17451                      /usr/lib/nvidia-355/libnvidia-glcore.so.355.06
7f998fcbd000-7f998fcd1000 rw-p 00000000 00:00 0 
7f998fcd1000-7f998fd8e000 r-xp 00000000 08:02 17479                      /usr/lib/nvidia-355/libGL.so.355.06
7f998fd8e000-7f998fdc1000 rwxp 000bd000 08:02 17479                      /usr/lib/nvidia-355/libGL.so.355.06
7f998fdc1000-7f998fdd3000 r-xp 000f0000 08:02 17479                      /usr/lib/nvidia-355/libGL.so.355.06
7f998fdd3000-7f998ffd2000 ---p 00102000 08:02 17479                      /usr/lib/nvidia-355/libGL.so.355.06
7f998ffd2000-7f998fffa000 rw-p 00101000 08:02 17479                      /usr/lib/nvidia-355/libGL.so.355.06
7f998fffa000-7f9990000000 rw-p 00000000 00:00 0 
7f9990000000-7f9990021000 rw-p 00000000 00:00 0 
7f9990021000-7f9994000000 ---p 00000000 00:00 0 
7f9994002000-7f999400e000 r--p 00000000 08:02 135613                     /usr/share/locale-langpack/fr/LC_MESSAGES/pulseaudio.mo
7f99940e1000-7f99940e4000 r-xp 00000000 08:02 17454                      /usr/lib/nvidia-355/tls/libnvidia-tls.so.355.06
7f99940e4000-7f99942e4000 ---p 00003000 08:02 17454                      /usr/lib/nvidia-355/tls/libnvidia-tls.so.355.06
7f99942e4000-7f99942e5000 rw-p 00003000 08:02 17454                      /usr/lib/nvidia-355/tls/libnvidia-tls.so.355.06
7f99942e5000-7f99942e8000 ---p 00000000 00:00 0 
7f99942e8000-7f999431e000 rw-p 00000000 00:00 0                          [stack:5293]
7f999431e000-7f9994322000 r-xp 00000000 08:02 6955825                    /usr/lib/x86_64-linux-gnu/libXxf86vm.so.1.0.0
7f9994322000-7f9994522000 ---p 00004000 08:02 6955825                    /usr/lib/x86_64-linux-gnu/libXxf86vm.so.1.0.0
7f9994522000-7f9994523000 r--p 00004000 08:02 6955825                    /usr/lib/x86_64-linux-gnu/libXxf86vm.so.1.0.0
7f9994523000-7f9994524000 rw-p 00005000 08:02 6955825                    /usr/lib/x86_64-linux-gnu/libXxf86vm.so.1.0.0
7f9994524000-7f999452d000 r-xp 00000000 08:02 6955807                    /usr/lib/x86_64-linux-gnu/libXrandr.so.2.2.0
7f999452d000-7f999472c000 ---p 00009000 08:02 6955807                    /usr/lib/x86_64-linux-gnu/libXrandr.so.2.2.0
7f999472c000-7f999472d000 r--p 00008000 08:02 6955807                    /usr/lib/x86_64-linux-gnu/libXrandr.so.2.2.0
7f999472d000-7f999472e000 rw-p 00009000 08:02 6955807                    /usr/lib/x86_64-linux-gnu/libXrandr.so.2.2.0
7f9994732000-7f9994737000 r--s 0004d000 08:02 6948861                    /usr/lib/jvm/java-7-openjdk-amd64/jre/lib/jsse.jar
7f9994757000-7f99947c7000 r-xp 00000000 08:02 3300972                    /home/roah/Documents/Jmonkey/3.1/MultiverseKing_Latest_2/MultiverseKing_JME/MultiverseKingBattle/liblwjgl64.so
7f99947c7000-7f99949c7000 ---p 00070000 08:02 3300972                    /home/roah/Documents/Jmonkey/3.1/MultiverseKing_Latest_2/MultiverseKing_JME/MultiverseKingBattle/liblwjgl64.so
7f99949c7000-7f99949c9000 r--p 00070000 08:02 3300972                    /home/roah/Documents/Jmonkey/3.1/MultiverseKing_Latest_2/MultiverseKing_JME/MultiverseKingBattle/liblwjgl