#
# A fatal error has been detected by the Java Runtime Environment:
#
#  SIGSEGV (0xb) at pc=0x0000000000000000, pid=7521, tid=140445239035648
#
# JRE version: OpenJDK Runtime Environment (7.0_91-b02) (build 1.7.0_91-b02)
# Java VM: OpenJDK 64-Bit Server VM (24.91-b01 mixed mode linux-amd64 compressed oops)
# Derivative: IcedTea 2.6.3
# Distribution: Ubuntu 14.04 LTS, package 7u91-2.6.3-0ubuntu0.14.04.1
# Problematic frame:
# C  0x0000000000000000
#
# Failed to write core dump. Core dumps have been disabled. To enable core dumping, try "ulimit -c unlimited" before starting Java again
#
# If you would like to submit a bug report, please include
# instructions on how to reproduce the bug and visit:
#   http://icedtea.classpath.org/bugzilla
#

---------------  T H R E A D  ---------------

Current thread is native thread

siginfo:si_signo=SIGSEGV: si_errno=0, si_code=1 (SEGV_MAPERR), si_addr=0x0000000000000000

Registers:
RAX=0x00007fbc05da47c0, RBX=0x0000000000000400, RCX=0x00007fbbbc57d8c0, RDX=0x00007fbbbc57d8c0
RSP=0x00007fbbf4953d18, RBP=0x00007fbbbc568760, RSI=0x0000000000000000, RDI=0x00007fbbbc568760
R8 =0x0000000000167800, R9 =0x0000000000000001, R10=0x00007fbbbc568784, R11=0x0000000000000000
R12=0x00007fbbbc56c8f0, R13=0x0000000000012000, R14=0x0000000000001000, R15=0x00007fbbf4953ec8
RIP=0x0000000000000000, EFLAGS=0x0000000000010246, CSGSFS=0x0000000000000033, ERR=0x0000000000000014
  TRAPNO=0x000000000000000e

Top of Stack: (sp=0x00007fbbf4953d18)
0x00007fbbf4953d18:   00007fbc05b6d4d1 00000000ffffffff
0x00007fbbf4953d28:   00007fbbb4005b60 00007fbbbb800000
0x00007fbbf4953d38:   00007fbc32370899 0000000000000000
0x00007fbbf4953d48:   00007fbc042effd2 00007fbbbc5470d0
0x00007fbbf4953d58:   0000000000000000 0000000000000000
0x00007fbbf4953d68:   0000000000000000 00007fbbbc584b00
0x00007fbbf4953d78:   00007fbbbc542bd0 0000000000002000
0x00007fbbf4953d88:   00007fbc042f7cda 00007fbbbc547500
0x00007fbbf4953d98:   00007fbba4000fb0 0000000000000000
0x00007fbbf4953da8:   5700000000000001 0000000000002000
0x00007fbbf4953db8:   00007fbc042f97eb 0000000000000000
0x00007fbbf4953dc8:   0000000000000000 0000000000000000
0x00007fbbf4953dd8:   0000000000000000 0000000000000000
0x00007fbbf4953de8:   0000000000002000 00007fbbbc542bd0
0x00007fbbf4953df8:   00007fbbf4953ec8 00007fbbf4953ec0
0x00007fbbf4953e08:   00007fbbbc56c8f0 00007fbc04312c80
0x00007fbbf4953e18:   00007fbc04763bd2 00007fbbac20f040
0x00007fbbf4953e28:   00007fbbac2bf040 00000400f4953e70
0x00007fbbf4953e38:   00007fbbf4953e50 0000000000000000
0x00007fbbf4953e48:   00007fbc04768ea2 00001fa00000037f
0x00007fbbf4953e58:   00007fbc042dd9ff 00007fbbbc584b00
0x00007fbbf4953e68:   0000000000002000 00007fbbbc543220
0x00007fbbf4953e78:   0000000000000000 00007fbbbc568760
0x00007fbbf4953e88:   0000000000000008 00007fbbf4953ec8
0x00007fbbf4953e98:   00007fbc05b83544 0000000000000000
0x00007fbbf4953ea8:   00007fbbf4953ec0 0000000000002000
0x00007fbbf4953eb8:   0000000000006000 00007fbbac2bf040
0x00007fbbf4953ec8:   0000000000002000 0000000000000000
0x00007fbbf4953ed8:   00007fbbbc544270 0000000000000000
0x00007fbbf4953ee8:   0000000000000000 0000000000000000
0x00007fbbf4953ef8:   00007fbbf49549c0 00007fbbf4954700
0x00007fbbf4953f08:   00007fbc05b7673a 00007fbbf4954700 

Instructions: (pc=0x0000000000000000)
0xffffffffffffffe0:   

Register to memory mapping:

RAX=0x00007fbc05da47c0: <offset 0x2577c0> in /home/roah/Documents/Jmonkey/3.1/MultiverseKing_Latest_2/MultiverseKing_JME/MultiverseKingBattle/libopenal64.so at 0x00007fbc05b4d000
RBX=0x0000000000000400 is an unknown value
RCX=0x00007fbbbc57d8c0 is an unknown value
RDX=0x00007fbbbc57d8c0 is an unknown value
RSP=0x00007fbbf4953d18 is an unknown value
RBP=0x00007fbbbc568760 is an unknown value
RSI=0x0000000000000000 is an unknown value
RDI=0x00007fbbbc568760 is an unknown value
R8 =0x0000000000167800 is an unknown value
R9 =0x0000000000000001 is an unknown value
R10=0x00007fbbbc568784 is an unknown value
R11=0x0000000000000000 is an unknown value
R12=0x00007fbbbc56c8f0 is an unknown value
R13=0x0000000000012000 is an unknown value
R14=0x0000000000001000 is an unknown value
R15=0x00007fbbf4953ec8 is an unknown value


Stack: [0x00007fbbf4854000,0x00007fbbf4955000],  sp=0x00007fbbf4953d18,  free space=1023k

---------------  P R O C E S S  ---------------

VM state:at safepoint (shutting down)

VM Mutex/Monitor currently owned by a thread:  ([mutex/lock_event])
[0x00007fbc2c007990] Threads_lock - owner thread: 0x00007fbc2c07f800

Heap
 PSYoungGen      total 37376K, used 31171K [0x00000007d6a00000, 0x00000007db300000, 0x0000000800000000)
  eden space 32256K, 80% used [0x00000007d6a00000,0x00000007d8371b28,0x00000007d8980000)
  from space 5120K, 99% used [0x00000007d8980000,0x00000007d8e7f0f0,0x00000007d8e80000)
  to   space 5120K, 0% used [0x00000007dae00000,0x00000007dae00000,0x00000007db300000)
 ParOldGen       total 84480K, used 12905K [0x0000000783e00000, 0x0000000789080000, 0x00000007d6a00000)
  object space 84480K, 15% used [0x0000000783e00000,0x0000000784a9a4e0,0x0000000789080000)
 PSPermGen       total 25600K, used 25593K [0x0000000779800000, 0x000000077b100000, 0x0000000783e00000)
  object space 25600K, 99% used [0x0000000779800000,0x000000077b0fe740,0x000000077b100000)

Card table byte_map: [0x00007fbc27f58000,0x00007fbc2838d000] byte_map_base: 0x00007fbc2438c000

Polling page: 0x00007fbc32a76000

Code Cache  [0x00007fbc2838d000, 0x00007fbc285fd000, 0x00007fbc2b38d000)
 total_blobs=1020 nmethods=344 adapters=629 free_code_cache=47839Kb largest_free_block=48956864

Compilation events (10 events):
Event: 7,547 Thread 0x00007fbc2c0b3800 nmethod 358 0x00007fbc284cb910 code [0x00007fbc284cbaa0, 0x00007fbc284cbce0]
Event: 7,548 Thread 0x00007fbc2c0b6000 nmethod 359 0x00007fbc284d8c90 code [0x00007fbc284d8de0, 0x00007fbc284d8f88]
Event: 7,675 Thread 0x00007fbc2c0b3800  360             java.awt.Component::getTreeLock (4 bytes)
Event: 7,675 Thread 0x00007fbc2c0b3800 nmethod 360 0x00007fbc284cb710 code [0x00007fbc284cb840, 0x00007fbc284cb8b8]
Event: 7,723 Thread 0x00007fbc2c0b6000  361             sun.awt.X11.Native::getInt (8 bytes)
Event: 7,724 Thread 0x00007fbc2c0b6000 nmethod 361 0x00007fbc284d6010 code [0x00007fbc284d6140, 0x00007fbc284d61b8]
Event: 8,534 Thread 0x00007fbc2c0b3800  362             java.awt.Component::getParent_NoClientCode (5 bytes)
Event: 8,534 Thread 0x00007fbc2c0b3800 nmethod 362 0x00007fbc284d92d0 code [0x00007fbc284d9400, 0x00007fbc284d9478]
Event: 9,437 Thread 0x00007fbc2c0b6000  363             java.awt.Container::findComponentAtImpl (315 bytes)
Event: 9,458 Thread 0x00007fbc2c0b6000 nmethod 363 0x00007fbc284da9d0 code [0x00007fbc284dac40, 0x00007fbc284dbc48]

GC Heap History (6 events):
Event: 3,489 GC heap before
{Heap before GC invocations=1 (full 0):
 PSYoungGen      total 37376K, used 32256K [0x00000007d6a00000, 0x00000007d9380000, 0x0000000800000000)
  eden space 32256K, 100% used [0x00000007d6a00000,0x00000007d8980000,0x00000007d8980000)
  from space 5120K, 0% used [0x00000007d8e80000,0x00000007d8e80000,0x00000007d9380000)
  to   space 5120K, 0% used [0x00000007d8980000,0x00000007d8980000,0x00000007d8e80000)
 ParOldGen       total 84480K, used 0K [0x0000000783e00000, 0x0000000789080000, 0x00000007d6a00000)
  object space 84480K, 0% used [0x0000000783e00000,0x0000000783e00000,0x0000000789080000)
 PSPermGen       total 21504K, used 20107K [0x0000000779800000, 0x000000077ad00000, 0x0000000783e00000)
  object space 21504K, 93% used [0x0000000779800000,0x000000077aba2fc8,0x000000077ad00000)
Event: 3,501 GC heap after
Heap after GC invocations=1 (full 0):
 PSYoungGen      total 37376K, used 5097K [0x00000007d6a00000, 0x00000007d9380000, 0x0000000800000000)
  eden space 32256K, 0% used [0x00000007d6a00000,0x00000007d6a00000,0x00000007d8980000)
  from space 5120K, 99% used [0x00000007d8980000,0x00000007d8e7a400,0x00000007d8e80000)
  to   space 5120K, 0% used [0x00000007d8e80000,0x00000007d8e80000,0x00000007d9380000)
 ParOldGen       total 84480K, used 5598K [0x0000000783e00000, 0x0000000789080000, 0x00000007d6a00000)
  object space 84480K, 6% used [0x0000000783e00000,0x00000007843778b0,0x0000000789080000)
 PSPermGen       total 21504K, used 20107K [0x0000000779800000, 0x000000077ad00000, 0x0000000783e00000)
  object space 21504K, 93% used [0x0000000779800000,0x000000077aba2fc8,0x000000077ad00000)
}
Event: 4,241 GC heap before
{Heap before GC invocations=2 (full 0):
 PSYoungGen      total 37376K, used 37353K [0x00000007d6a00000, 0x00000007d9380000, 0x0000000800000000)
  eden space 32256K, 100% used [0x00000007d6a00000,0x00000007d8980000,0x00000007d8980000)
  from space 5120K, 99% used [0x00000007d8980000,0x00000007d8e7a400,0x00000007d8e80000)
  to   space 5120K, 0% used [0x00000007d8e80000,0x00000007d8e80000,0x00000007d9380000)
 ParOldGen       total 84480K, used 5598K [0x0000000783e00000, 0x0000000789080000, 0x00000007d6a00000)
  object space 84480K, 6% used [0x0000000783e00000,0x00000007843778b0,0x0000000789080000)
 PSPermGen       total 24064K, used 23968K [0x0000000779800000, 0x000000077af80000, 0x0000000783e00000)
  object space 24064K, 99% used [0x0000000779800000,0x000000077af68388,0x000000077af80000)
Event: 4,249 GC heap after
Heap after GC invocations=2 (full 0):
 PSYoungGen      total 37376K, used 5100K [0x00000007d6a00000, 0x00000007d9380000, 0x0000000800000000)
  eden space 32256K, 0% used [0x00000007d6a00000,0x00000007d6a00000,0x00000007d8980000)
  from space 5120K, 99% used [0x00000007d8e80000,0x00000007d937b338,0x00000007d9380000)
  to   space 5120K, 0% used [0x00000007d8980000,0x00000007d8980000,0x00000007d8e80000)
 ParOldGen       total 84480K, used 10689K [0x0000000783e00000, 0x0000000789080000, 0x00000007d6a00000)
  object space 84480K, 12% used [0x0000000783e00000,0x0000000784870438,0x0000000789080000)
 PSPermGen       total 24064K, used 23968K [0x0000000779800000, 0x000000077af80000, 0x0000000783e00000)
  object space 24064K, 99% used [0x0000000779800000,0x000000077af68388,0x000000077af80000)
}
Event: 4,639 GC heap before
{Heap before GC invocations=3 (full 0):
 PSYoungGen      total 37376K, used 37356K [0x00000007d6a00000, 0x00000007d9380000, 0x0000000800000000)
  eden space 32256K, 100% used [0x00000007d6a00000,0x00000007d8980000,0x00000007d8980000)
  from space 5120K, 99% used [0x00000007d8e80000,0x00000007d937b338,0x00000007d9380000)
  to   space 5120K, 0% used [0x00000007d8980000,0x00000007d8980000,0x00000007d8e80000)
 ParOldGen       total 84480K, used 10689K [0x0000000783e00000, 0x0000000789080000, 0x00000007d6a00000)
  object space 84480K, 12% used [0x0000000783e00000,0x0000000784870438,0x0000000789080000)
 PSPermGen       total 25088K, used 24939K [0x0000000779800000, 0x000000077b080000, 0x0000000783e00000)
  object space 25088K, 99% used [0x0000000779800000,0x000000077b05ae50,0x000000077b080000)
Event: 4,646 GC heap after
Heap after GC invocations=3 (full 0):
 PSYoungGen      total 37376K, used 5116K [0x00000007d6a00000, 0x00000007db300000, 0x0000000800000000)
  eden space 32256K, 0% used [0x00000007d6a00000,0x00000007d6a00000,0x00000007d8980000)
  from space 5120K, 99% used [0x00000007d8980000,0x00000007d8e7f0f0,0x00000007d8e80000)
  to   space 5120K, 0% used [0x00000007dae00000,0x00000007dae00000,0x00000007db300000)
 ParOldGen       total 84480K, used 12905K [0x0000000783e00000, 0x0000000789080000, 0x00000007d6a00000)
  object space 84480K, 15% used [0x0000000783e00000,0x0000000784a9a4e0,0x0000000789080000)
 PSPermGen       total 25088K, used 24939K [0x0000000779800000, 0x000000077b080000, 0x0000000783e00000)
  object space 25088K, 99% used [0x0000000779800000,0x000000077b05ae50,0x000000077b080000)
}

Deoptimization events (10 events):
Event: 4,754 Thread 0x00007fbc2c36d000 Uncommon trap: reason=unstable_if action=reinterpret pc=0x00007fbc284772f4 method=com.jme3.export.binary.BinaryInputCapsule.readFloatArray([B)[F @ 23
Event: 4,838 Thread 0x00007fbc2c36d000 Uncommon trap: reason=null_check action=make_not_entrant pc=0x00007fbc28463658 method=sun.awt.image.ByteInterleavedRaster.getDataElements(IIIILjava/lang/Object;)Ljava/lang/Object; @ 8
Event: 4,853 Thread 0x00007fbc2c36d000 Uncommon trap: reason=class_check action=maybe_recompile pc=0x00007fbc28460720 method=java.util.regex.Pattern$5.isSatisfiedBy(I)Z @ 5
Event: 4,853 Thread 0x00007fbc2c36d000 Uncommon trap: reason=class_check action=maybe_recompile pc=0x00007fbc28460720 method=java.util.regex.Pattern$5.isSatisfiedBy(I)Z @ 5
Event: 4,853 Thread 0x00007fbc2c36d000 Uncommon trap: reason=class_check action=maybe_recompile pc=0x00007fbc28460720 method=java.util.regex.Pattern$5.isSatisfiedBy(I)Z @ 5
Event: 4,853 Thread 0x00007fbc2c36d000 Uncommon trap: reason=class_check action=maybe_recompile pc=0x00007fbc28460720 method=java.util.regex.Pattern$5.isSatisfiedBy(I)Z @ 5
Event: 4,902 Thread 0x00007fbbbd96a000 Uncommon trap: reason=unstable_if action=reinterpret pc=0x00007fbc283f17b4 method=java.lang.Class.arrayContentsEq([Ljava/lang/Object;[Ljava/lang/Object;)Z @ 1
Event: 4,929 Thread 0x00007fbbbd96a000 Uncommon trap: reason=unstable_if action=reinterpret pc=0x00007fbc2849bbb4 method=java.lang.ref.SoftReference.get()Ljava/lang/Object; @ 6
Event: 4,930 Thread 0x00007fbbbd96a000 Uncommon trap: reason=unstable_if action=reinterpret pc=0x00007fbc284b5034 method=java.nio.charset.CharsetDecoder.decode(Ljava/nio/ByteBuffer;Ljava/nio/CharBuffer;Z)Ljava/nio/charset/CoderResult; @ 1
Event: 4,930 Thread 0x00007fbbbd96a000 Uncommon trap: reason=unstable_if action=reinterpret pc=0x00007fbc28420b28 method=java.lang.reflect.Modifier.isPublic(I)Z @ 3

Internal exceptions (10 events):
Event: 4,856 Thread 0x00007fbc2c36d000 Threw 0x00000007d7f5a000 at /build/openjdk-7-zaTxYK/openjdk-7-7u91-2.6.3/build/openjdk/hotspot/src/share/vm/prims/jvm.cpp:1322
Event: 4,856 Thread 0x00007fbbbd96a000 Threw 0x00000007d7fc65a0 at /build/openjdk-7-zaTxYK/openjdk-7-7u91-2.6.3/build/openjdk/hotspot/src/share/vm/prims/jvm.cpp:1322
Event: 4,902 Thread 0x00007fbbbd96a000 Implicit null exception at 0x00007fbc283f172c to 0x00007fbc283f17a1
Event: 4,903 Thread 0x00007fbc2c36d000 Threw 0x00000007d7f61ef0 at /build/openjdk-7-zaTxYK/openjdk-7-7u91-2.6.3/build/openjdk/hotspot/src/share/vm/prims/jvm.cpp:1322
Event: 4,926 Thread 0x00007fbc2c36d000 Threw 0x00000007d7f69638 at /build/openjdk-7-zaTxYK/openjdk-7-7u91-2.6.3/build/openjdk/hotspot/src/share/vm/prims/jvm.cpp:1322
Event: 4,940 Thread 0x00007fbbbd96a000 Threw 0x00000007d8020408 at /build/openjdk-7-zaTxYK/openjdk-7-7u91-2.6.3/build/openjdk/hotspot/src/share/vm/prims/jvm.cpp:1322
Event: 5,413 Thread 0x00007fbc2c36d000 Threw 0x00000007d7f80080 at /build/openjdk-7-zaTxYK/openjdk-7-7u91-2.6.3/build/openjdk/hotspot/src/share/vm/prims/jvm.cpp:1322
Event: 9,731 Thread 0x00007fbbbd96a000 Threw 0x00000007d82738b8 at /build/openjdk-7-zaTxYK/openjdk-7-7u91-2.6.3/build/openjdk/hotspot/src/share/vm/prims/jni.cpp:747
Event: 9,749 Thread 0x00007fbc2c357800 Threw 0x00000007d805d5d0 at /build/openjdk-7-zaTxYK/openjdk-7-7u91-2.6.3/build/openjdk/hotspot/src/share/vm/classfile/systemDictionary.cpp:183
Event: 9,749 Thread 0x00007fbc2c357800 Threw 0x00000007d805d860 at /build/openjdk-7-zaTxYK/openjdk-7-7u91-2.6.3/build/openjdk/hotspot/src/share/vm/classfile/systemDictionary.cpp:183

Events (10 events):
Event: 10,747 Thread 0x00007fbc2c35d000 Thread added: 0x00007fbc2c35d000
Event: 10,748 loading class 0x00007fbbe4027070
Event: 10,748 Thread 0x00007fbbc008c800 Thread exited: 0x00007fbbc008c800
Event: 10,748 Thread 0x00007fbc2c36d000 Thread exited: 0x00007fbc2c36d000
Event: 10,748 Thread 0x00007fbc2c35d000 Thread exited: 0x00007fbc2c35d000
Event: 10,749 loading class 0x00007fbbd8397170
Event: 10,749 loading class 0x00007fbbd8397170 done
Event: 10,749 loading class 0x00007fbbe4027070 done
Event: 10,749 Thread 0x00007fbc2c35b800 Thread exited: 0x00007fbc2c35b800
Event: 10,750 Thread 0x00007fbc2c00b800 Thread exited: 0x00007fbc2c00b800


Dynamic libraries:
00400000-00401000 r-xp 00000000 08:02 6959559                            /usr/lib/jvm/java-7-openjdk-amd64/jre/bin/java
00600000-00601000 r--p 00000000 08:02 6959559                            /usr/lib/jvm/java-7-openjdk-amd64/jre/bin/java
00601000-00602000 rw-p 00001000 08:02 6959559                            /usr/lib/jvm/java-7-openjdk-amd64/jre/bin/java
0225d000-0227e000 rw-p 00000000 00:00 0                                  [heap]
779800000-77b100000 rw-p 00000000 00:00 0 
77b100000-783e00000 rw-p 00000000 00:00 0 
783e00000-789080000 rw-p 00000000 00:00 0 
789080000-7d6a00000 rw-p 00000000 00:00 0 
7d6a00000-7db300000 rw-p 00000000 00:00 0 
7db300000-800000000 rw-p 00000000 00:00 0 
7fbb9c000000-7fbb9c243000 rw-p 00000000 00:00 0 
7fbb9c243000-7fbba0000000 ---p 00000000 00:00 0 
7fbba0000000-7fbba0021000 rw-p 00000000 00:00 0 
7fbba0021000-7fbba4000000 ---p 00000000 00:00 0 
7fbba4000000-7fbba4021000 rw-p 00000000 00:00 0 
7fbba4021000-7fbba8000000 ---p 00000000 00:00 0 
7fbba8995000-7fbba8d95000 rw-s 11200c000 00:05 14555                     /dev/nvidiactl
7fbba8d95000-7fbba9195000 rw-s 112fdc000 00:05 14555                     /dev/nvidiactl
7fbba9596000-7fbba9996000 rw-s 8ccac000 00:05 14555                      /dev/nvidiactl
7fbba9d97000-7fbbaa599000 rw-p 00000000 00:00 0 
7fbbabaa4000-7fbbabaa7000 ---p 00000000 00:00 0 
7fbbabaa7000-7fbbabba5000 rw-p 00000000 00:00 0                          [stack:7560]
7fbbabba5000-7fbbabbf5000 r-xp 00000000 08:02 6956304                    /usr/lib/x86_64-linux-gnu/liblcms2.so.2.0.5
7fbbabbf5000-7fbbabdf4000 ---p 00050000 08:02 6956304                    /usr/lib/x86_64-linux-gnu/liblcms2.so.2.0.5
7fbbabdf4000-7fbbabdf5000 r--p 0004f000 08:02 6956304                    /usr/lib/x86_64-linux-gnu/liblcms2.so.2.0.5
7fbbabdf5000-7fbbabdfa000 rw-p 00050000 08:02 6956304                    /usr/lib/x86_64-linux-gnu/liblcms2.so.2.0.5
7fbbabdfa000-7fbbabdfe000 r-xp 00000000 08:02 6960442                    /usr/lib/jvm/java-7-openjdk-amd64/jre/lib/amd64/libjavalcms.so
7fbbabdfe000-7fbbabffd000 ---p 00004000 08:02 6960442                    /usr/lib/jvm/java-7-openjdk-amd64/jre/lib/amd64/libjavalcms.so
7fbbabffd000-7fbbabffe000 r--p 00003000 08:02 6960442                    /usr/lib/jvm/java-7-openjdk-amd64/jre/lib/amd64/libjavalcms.so
7fbbabffe000-7fbbabfff000 rw-p 00004000 08:02 6960442                    /usr/lib/jvm/java-7-openjdk-amd64/jre/lib/amd64/libjavalcms.so
7fbbabfff000-7fbbb0000000 rw-s 00000000 00:15 126163                     /run/shm/pulse-shm-529142666
7fbbb0000000-7fbbb0021000 rw-p 00000000 00:00 0 
7fbbb0021000-7fbbb4000000 ---p 00000000 00:00 0 
7fbbb4000000-7fbbb4021000 rw-p 00000000 00:00 0 
7fbbb4021000-7fbbb8000000 ---p 00000000 00:00 0 
7fbbb8000000-7fbbb8022000 rw-p 00000000 00:00 0 
7fbbb8022000-7fbbbc000000 ---p 00000000 00:00 0 
7fbbbc000000-7fbbbda89000 rw-p 00000000 00:00 0 
7fbbbda89000-7fbbc0000000 ---p 00000000 00:00 0 
7fbbc0000000-7fbbc0172000 rw-p 00000000 00:00 0 
7fbbc0172000-7fbbc4000000 ---p 00000000 00:00 0 
7fbbc4000000-7fbbc4021000 rw-p 00000000 00:00 0 
7fbbc4021000-7fbbc8000000 ---p 00000000 00:00 0 
7fbbc8000000-7fbbc8021000 rw-p 00000000 00:00 0 
7fbbc8021000-7fbbcc000000 ---p 00000000 00:00 0 
7fbbcc000000-7fbbcc030000 rw-p 00000000 00:00 0 
7fbbcc030000-7fbbd0000000 ---p 00000000 00:00 0 
7fbbd0000000-7fbbd0021000 rw-p 00000000 00:00 0 
7fbbd0021000-7fbbd4000000 ---p 00000000 00:00 0 
7fbbd4000000-7fbbd4021000 rw-p 00000000 00:00 0 
7fbbd4021000-7fbbd8000000 ---p 00000000 00:00 0 
7fbbd8000000-7fbbd86f9000 rw-p 00000000 00:00 0 
7fbbd86f9000-7fbbdc000000 ---p 00000000 00:00 0 
7fbbdc000000-7fbbdc021000 rw-p 00000000 00:00 0 
7fbbdc021000-7fbbe0000000 ---p 00000000 00:00 0 
7fbbe0000000-7fbbe0021000 rw-p 00000000 00:00 0 
7fbbe0021000-7fbbe4000000 ---p 00000000 00:00 0 
7fbbe4000000-7fbbe4619000 rw-p 00000000 00:00 0 
7fbbe4619000-7fbbe8000000 ---p 00000000 00:00 0 
7fbbe8000000-7fbbe8021000 rw-p 00000000 00:00 0 
7fbbe8021000-7fbbec000000 ---p 00000000 00:00 0 
7fbbec000000-7fbbec021000 rw-p 00000000 00:00 0 
7fbbec021000-7fbbf0000000 ---p 00000000 00:00 0 
7fbbf0000000-7fbbf0021000 rw-p 00000000 00:00 0 
7fbbf0021000-7fbbf4000000 ---p 00000000 00:00 0 
7fbbf401e000-7fbbf4061000 r-xp 00000000 08:02 6956286                    /usr/lib/x86_64-linux-gnu/libjpeg.so.8.0.2
7fbbf4061000-7fbbf4261000 ---p 00043000 08:02 6956286                    /usr/lib/x86_64-linux-gnu/libjpeg.so.8.0.2
7fbbf4261000-7fbbf4262000 r--p 00043000 08:02 6956286                    /usr/lib/x86_64-linux-gnu/libjpeg.so.8.0.2
7fbbf4262000-7fbbf4263000 rw-p 00044000 08:02 6956286                    /usr/lib/x86_64-linux-gnu/libjpeg.so.8.0.2
7fbbf4263000-7fbbf4273000 rw-p 00000000 00:00 0 
7fbbf4273000-7fbbf427d000 r-xp 00000000 08:02 6960420                    /usr/lib/jvm/java-7-openjdk-amd64/jre/lib/amd64/libjavajpeg.so
7fbbf427d000-7fbbf447c000 ---p 0000a000 08:02 6960420                    /usr/lib/jvm/java-7-openjdk-amd64/jre/lib/amd64/libjavajpeg.so
7fbbf447c000-7fbbf447d000 r--p 00009000 08:02 6960420                    /usr/lib/jvm/java-7-openjdk-amd64/jre/lib/amd64/libjavajpeg.so
7fbbf447d000-7fbbf447e000 rw-p 0000a000 08:02 6960420                    /usr/lib/jvm/java-7-openjdk-amd64/jre/lib/amd64/libjavajpeg.so
7fbbf447e000-7fbbf4552000 r-xp 00000000 08:02 6960441                    /usr/lib/jvm/java-7-openjdk-amd64/jre/lib/amd64/libmlib_image.so
7fbbf4552000-7fbbf4751000 ---p 000d4000 08:02 6960441                    /usr/lib/jvm/java-7-openjdk-amd64/jre/lib/amd64/libmlib_image.so
7fbbf4751000-7fbbf4752000 r--p 000d3000 08:02 6960441                    /usr/lib/jvm/java-7-openjdk-amd64/jre/lib/amd64/libmlib_image.so
7fbbf4752000-7fbbf4753000 rw-p 000d4000 08:02 6960441                    /usr/lib/jvm/java-7-openjdk-amd64/jre/lib/amd64/libmlib_image.so
7fbbf4753000-7fbbf4756000 ---p 00000000 00:00 0 
7fbbf4756000-7fbbf4854000 rw-p 00000000 00:00 0                          [stack:7556]
7fbbf4854000-7fbbf4855000 ---p 00000000 00:00 0 
7fbbf4855000-7fbbf4955000 rw-p 00000000 00:00 0                          [stack:7555]
7fbbf4955000-7fbbf4956000 ---p 00000000 00:00 0 
7fbbf4956000-7fbbf5156000 rw-p 00000000 00:00 0                          [stack:7554]
7fbbf5156000-7fbbf515d000 r-xp 00000000 08:02 6956392                    /usr/lib/x86_64-linux-gnu/libogg.so.0.8.1
7fbbf515d000-7fbbf535d000 ---p 00007000 08:02 6956392                    /usr/lib/x86_64-linux-gnu/libogg.so.0.8.1
7fbbf535d000-7fbbf535e000 r--p 00007000 08:02 6956392                    /usr/lib/x86_64-linux-gnu/libogg.so.0.8.1
7fbbf535e000-7fbbf535f000 rw-p 00008000 08:02 6956392                    /usr/lib/x86_64-linux-gnu/libogg.so.0.8.1
7fbbf535f000-7fbbf538b000 r-xp 00000000 08:02 6956627                    /usr/lib/x86_64-linux-gnu/libvorbis.so.0.4.5
7fbbf538b000-7fbbf558a000 ---p 0002c000 08:02 6956627                    /usr/lib/x86_64-linux-gnu/libvorbis.so.0.4.5
7fbbf558a000-7fbbf558b000 r--p 0002b000 08:02 6956627                    /usr/lib/x86_64-linux-gnu/libvorbis.so.0.4.5
7fbbf558b000-7fbbf558c000 rw-p 0002c000 08:02 6956627                    /usr/lib/x86_64-linux-gnu/libvorbis.so.0.4.5
7fbbf558c000-7fbbf583f000 r-xp 00000000 08:02 6956629                    /usr/lib/x86_64-linux-gnu/libvorbisenc.so.2.0.8
7fbbf583f000-7fbbf5a3e000 ---p 002b3000 08:02 6956629                    /usr/lib/x86_64-linux-gnu/libvorbisenc.so.2.0.8
7fbbf5a3e000-7fbbf5a5a000 r--p 002b2000 08:02 6956629                    /usr/lib/x86_64-linux-gnu/libvorbisenc.so.2.0.8
7fbbf5a5a000-7fbbf5a5b000 rw-p 002ce000 08:02 6956629                    /usr/lib/x86_64-linux-gnu/libvorbisenc.so.2.0.8
7fbbf5a5b000-7fbbf5a8b000 r-xp 00000000 08:02 6947501                    /usr/lib/x86_64-linux-gnu/libFLAC.so.8.3.0
7fbbf5a8b000-7fbbf5c8a000 ---p 00030000 08:02 6947501                    /usr/lib/x86_64-linux-gnu/libFLAC.so.8.3.0
7fbbf5c8a000-7fbbf5c8b000 r--p 0002f000 08:02 6947501                    /usr/lib/x86_64-linux-gnu/libFLAC.so.8.3.0
7fbbf5c8b000-7fbbf5c8c000 rw-p 00030000 08:02 6947501                    /usr/lib/x86_64-linux-gnu/libFLAC.so.8.3.0
7fbbf5c8c000-7fbbf5c91000 r-xp 00000000 08:02 6955860                    /usr/lib/x86_64-linux-gnu/libasyncns.so.0.3.1
7fbbf5c91000-7fbbf5e90000 ---p 00005000 08:02 6955860                    /usr/lib/x86_64-linux-gnu/libasyncns.so.0.3.1
7fbbf5e90000-7fbbf5e91000 r--p 00004000 08:02 6955860                    /usr/lib/x86_64-linux-gnu/libasyncns.so.0.3.1
7fbbf5e91000-7fbbf5e92000 rw-p 00005000 08:02 6955860                    /usr/lib/x86_64-linux-gnu/libasyncns.so.0.3.1
7fbbf5e92000-7fbbf5ef3000 r-xp 00000000 08:02 6950264                    /usr/lib/x86_64-linux-gnu/libsndfile.so.1.0.25
7fbbf5ef3000-7fbbf60f3000 ---p 00061000 08:02 6950264                    /usr/lib/x86_64-linux-gnu/libsndfile.so.1.0.25
7fbbf60f3000-7fbbf60f5000 r--p 00061000 08:02 6950264                    /usr/lib/x86_64-linux-gnu/libsndfile.so.1.0.25
7fbbf60f5000-7fbbf60f6000 rw-p 00063000 08:02 6950264                    /usr/lib/x86_64-linux-gnu/libsndfile.so.1.0.25
7fbbf60f6000-7fbbf60fa000 rw-p 00000000 00:00 0 
7fbbf60fa000-7fbbf7369000 r-xp 00000000 08:02 7100956                    /usr/lib/nvidia-355/libnvidia-glcore.so.355.11
7fbbf7369000-7fbbf7389000 rwxp 0126f000 08:02 7100956                    /usr/lib/nvidia-355/libnvidia-glcore.so.355.11
7fbbf7389000-7fbbf76f8000 r-xp 0128f000 08:02 7100956                    /usr/lib/nvidia-355/libnvidia-glcore.so.355.11
7fbbf76f8000-7fbbf78f8000 ---p 015fe000 08:02 7100956                    /usr/lib/nvidia-355/libnvidia-glcore.so.355.11
7fbbf78f8000-7fbbf7cac000 rw-p 015fe000 08:02 7100956                    /usr/lib/nvidia-355/libnvidia-glcore.so.355.11
7fbbf7cac000-7fbbfc000000 rw-p 00000000 00:00 0 
7fbbfc000000-7fbbfc021000 rw-p 00000000 00:00 0 
7fbbfc021000-7fbc00000000 ---p 00000000 00:00 0 
7fbc00000000-7fbc00021000 rw-p 00000000 00:00 0 
7fbc00021000-7fbc04000000 ---p 00000000 00:00 0 
7fbc040c3000-7fbc040cb000 r-xp 00000000 08:02 1052766                    /lib/x86_64-linux-gnu/libwrap.so.0.7.6
7fbc040cb000-7fbc042ca000 ---p 00008000 08:02 1052766                    /lib/x86_64-linux-gnu/libwrap.so.0.7.6
7fbc042ca000-7fbc042cb000 r--p 00007000 08:02 1052766                    /lib/x86_64-linux-gnu/libwrap.so.0.7.6
7fbc042cb000-7fbc042cc000 rw-p 00008000 08:02 1052766                    /lib/x86_64-linux-gnu/libwrap.so.0.7.6
7fbc042cc000-7fbc042cd000 rw-p 00000000 00:00 0 
7fbc042cd000-7fbc04333000 r-xp 00000000 08:02 216                        /usr/lib/x86_64-linux-gnu/pulseaudio/libpulsecommon-4.0.so
7fbc04333000-7fbc04532000 ---p 00066000 08:02 216                        /usr/lib/x86_64-linux-gnu/pulseaudio/libpulsecommon-4.0.so
7fbc04532000-7fbc04533000 r--p 00065000 08:02 216                        /usr/lib/x86_64-linux-gnu/pulseaudio/libpulsecommon-4.0.so
7fbc04533000-7fbc04534000 rw-p 00066000 08:02 216                        /usr/lib/x86_64-linux-gnu/pulseaudio/libpulsecommon-4.0.so
7fbc04534000-7fbc0453e000 r-xp 00000000 08:02 1052648                    /lib/x86_64-linux-gnu/libjson-c.so.2.0.0
7fbc0453e000-7fbc0473d000 ---p 0000a000 08:02 1052648                    /lib/x86_64-linux-gnu/libjson-c.so.2.0.0
7fbc0473d000-7fbc0473e000 r--p 00009000 08:02 1052648                    /lib/x86_64-linux-gnu/libjson-c.so.2.0.0
7fbc0473e000-7fbc0473f000 rw-p 0000a000 08:02 1052648                    /lib/x86_64-linux-gnu/libjson-c.so.2.0.0
7fbc0473f000-7fbc04786000 r-xp 00000000 08:02 6948083                    /usr/lib/x86_64-linux-gnu/libpulse.so.0.16.2
7fbc04786000-7fbc04986000 ---p 00047000 08:02 6948083                    /usr/lib/x86_64-linux-gnu/libpulse.so.0.16.2
7fbc04986000-7fbc04987000 r--p 00047000 08:02 6948083                    /usr/lib/x86_64-linux-gnu/libpulse.so.0.16.2
7fbc04987000-7fbc04988000 rw-p 00048000 08:02 6948083                    /usr/lib/x86_64-linux-gnu/libpulse.so.0.16.2
7fbc049a0000-7fbc049a5000 r--s 0004e000 08:02 6960473                    /usr/lib/jvm/java-7-openjdk-amd64/jre/lib/jsse.jar
7fbc049a5000-7fbc049b1000 r--p 00000000 08:02 135613                     /usr/share/locale-langpack/fr/LC_MESSAGES/pulseaudio.mo
7fbc049b1000-7fbc04a31000 rw-s 12428f000 00:05 14555                     /dev/nvidiactl
7fbc04c91000-7fbc04d95000 rw-s 210163000 00:05 14555                     /dev/nvidiactl
7fbc04d95000-7fbc04d98000 r-xp 00000000 08:02 8533                       /usr/lib/nvidia-355/tls/libnvidia-tls.so.355.11
7fbc04d98000-7fbc04f98000 ---p 00003000 08:02 8533                       /usr/lib/nvidia-355/tls/libnvidia-tls.so.355.11
7fbc04f98000-7fbc04f99000 rw-p 00003000 08:02 8533                       /usr/lib/nvidia-355/tls/libnvidia-tls.so.355.11
7fbc04f99000-7fbc05056000 r-xp 00000000 08:02 7100953                    /usr/lib/nvidia-355/libGL.so.355.11
7fbc05056000-7fbc05089000 rwxp 000bd000 08:02 7100953                    /usr/lib/nvidia-355/libGL.so.355.11
7fbc05089000-7fbc0509b000 r-xp 000f0000 08:02 7100953                    /usr/lib/nvidia-355/libGL.so.355.11
7fbc0509b000-7fbc0529a000 ---p 00102000 08:02 7100953                    /usr/lib/nvidia-355/libGL.so.355.11
7fbc0529a000-7fbc052c2000 rw-p 00101000 08:02 7100953                    /usr/lib/nvidia-355/libGL.so.355.11
7fbc052c2000-7fbc052c8000 rw-p 00000000 00:00 0 
7fbc052c8000-7fbc052cc000 r-xp 00000000 08:02 6955825                    /usr/lib/x86_64-linux-gnu/libXxf86vm.so.1.0.0
7fbc052cc000-7fbc054cc000 ---p 00004000 08:02 6955825                    /usr/lib/x86_64-linux-gnu/libXxf86vm.so.1.0.0
7fbc054cc000-7fbc054cd000 r--p 00004000 08:02 6955825                    /usr/lib/x86_64-linux-gnu/libXxf86vm.so.1.0.0
7fbc054cd000-7fbc054ce000 rw-p 00005000 08:02 6955825                    /usr/lib/x86_64-linux-gnu/libXxf86vm.so.1.0.0
7fbc054ce000-7fbc054d7000 r-xp 00000000 08:02 6955807                    /usr/lib/x86_64-linux-gnu/libXrandr.so.2.2.0
7fbc054d7000-7fbc056d6000 ---p 00009000 08:02 6955807                    /usr/lib/x86_64-linux-gnu/libXrandr.so.2.2.0
7fbc056d6000-7fbc056d7000 r--p 00008000 08:02 6955807                    /usr/lib/x86_64-linux-gnu/libXrandr.so.2.2.0
7fbc056d7000-7fbc056d8000 rw-p 00009000 08:02 6955807                    /usr/lib/x86_64-linux-gnu/libXrandr.so.2.2.0
7fbc056d8000-7fbc05748000 r-xp 00000000 08:02 3300972                    /home/roah/Documents/Jmonkey/3.1/MultiverseKing_Latest_2/MultiverseKing_JME/MultiverseKingBattle/liblwjgl64.so
7fbc05748000-7fbc05948000 ---p 00070000 08:02 3300972                    /home/roah/Documents/Jmonkey/3.1/MultiverseKing_Latest_2/MultiverseKing_JME/MultiverseKingBattle/liblwjgl64.so
7fbc05948000-7fbc0594a000 r--p 00070000 08:02 3300972                    /home/roah/Documents/Jmonkey/3.1/MultiverseKing_Latest_2/MultiverseKing_JME/MultiverseKingBattle/liblwjgl64.so
7fbc0594a000-7fbc0594b000 rw-p 00072000 08:02 3300972                    /home/roah/Documents/Jmonkey/3.1/MultiverseKing_Latest_2/MultiverseKing_JME/MultiverseKingBattle/liblwjgl64.so
7fbc0594b000-7fbc0594c000 r-xp 00000000 08:02 6960454                    /usr/lib/jvm/java-7-openjdk-amd64/jre/lib/amd64/libjawt.so
7fbc0594c000-7fbc05b4b000 ---p 00001000 08:02 6960454                    /usr/lib/jvm/java-7-openjdk-amd64/jre/lib/amd64/libjawt.so
7fbc05b4b000-7fbc05b4c000 r--p 00000000 08:02 6960454                    /usr/lib/jvm/java-7-openjdk-amd64/jre/lib/amd64/libjawt.so
7fbc05b4c000-7fbc05b4d000 rw-p 00001000 08:02 6960454                    /usr/lib/jvm/java-7-openjdk-amd64/jre/lib/amd64/libjawt.so
7fbc05b4d000-7fbc05ba2000 r-xp 00000000 08:02 3300975                    /home/roah/Documents/Jmonkey/3.1/MultiverseKing_Latest_2/MultiverseKing_JME/MultiverseKingBattle/libopenal64.so
7fbc05ba2000-7fbc05da1000 ---p 00055000 08:02 3300975                    /home/roah/Documents/Jmonkey/3.1/MultiverseKing_Latest_2/MultiverseKing_JME/MultiverseKingBattle/libopenal64.so
7fbc05da1000-7fbc05da4000 r--p 00054000 08:02 3300975                    /home/roah/Documents/Jmonkey/3.1/MultiverseKing_Latest_2/MultiverseKing_JME/MultiverseKingBattle/libopenal64.so
7fbc05da4000-7fbc05da5000 rw-p 00057000 08:02 3300975                    /home/roah/Documents/Jmonkey/3.1/MultiverseKing_Latest_2/MultiverseKing_JME/MultiverseKingBattle/libopenal64.so
7fbc05da5000-7fbc05da6000 rw-p 00000000 00:00 0 
7fbc05e36000-7fbc05f0d000 rw-s 00000000 00:04 5996579                    /SYSV00000000 (deleted)
7fbc05f0d000-7fbc05f10000 ---p 00000000 00:00 0 
7fbc05f10000-7fbc0600e000 rw-p 00000000 00:00 0 
7fbc0600e000-7fbc06060000 r-xp 00000000 08:02 6960425                    /usr/lib/jvm/java-7-openjdk-amd64/jre/lib/amd64/libfontmanager.so
7fbc06060000-7fbc06260000 ---p 00052000 08:02 6960425                    /usr/lib/jvm/java-7-openjdk-amd64/jre/lib/amd64/libfontmanager.so
7fbc06260000-7fbc06263000 r--p 00052000 08:02 6960425                    /usr/lib/jvm/java-7-openjdk-amd64/jre/lib/amd64/libfontmanager.so
7fbc06263000-7fbc06264000 rw-p 00055000 08:02 6960425                    /usr/lib/jvm/java-7-openjdk-amd64/jre/lib/amd64/libfontmanager.so
7fbc06264000-7fbc06267000 ---p 00000000 00:00 0 
7fbc06267000-7fbc06365000 rw-p 00000000 00:00 0 
7fbc06365000-7fbc06368000 ---p 00000000 00:00 0 
7fbc06368000-7fbc06466000 rw-p 00000000 00:00 0 
7fbc06466000-7fbc06469000 ---p 00000000 00:00 0 
7fbc06469000-7fbc06567000 rw-p 00000000 00:00 0 
7fbc06567000-7fbc0656a000 ---p 00000000 00:00 0 
7fbc0656a000-7fbc06668000 rw-p 00000000 00:00 0 
7fbc06668000-7fbc0666d000 r-xp 00000000 08:02 6956760                    /usr/lib/x86_64-linux-gnu/libXfixes.so.3.1.0
7fbc0666d000-7fbc0686c000 ---p 00005000 08:02 6956760                    /usr/lib/x86_64-linux-gnu/libXfixes.so.3.1.0
7fbc0686c000-7fbc0686d000 r--p 00004000 08:02 6956760                    /usr/lib/x86_64-linux-gnu/libXfixes.so.3.1.0
7fbc0686d000-7fbc0686e000 rw-p 00005000 08:02 6956760                    /usr/lib/x86_64-linux-gnu/libXfixes.so.3.1.0
7fbc0686e000-7fbc06877000 r-xp 00000000 08:02 6955781                    /usr/lib/x86_64-linux-gnu/libXcursor.so.1.0.2
7fbc06877000-7fbc06a76000 ---p 00009000 08:02 6955781                    /usr/lib/x86_64-linux-gnu/libXcursor.so.1.0.2
7fbc06a76000-7fbc06a77000 r--p 00008000 08:02 6955781                    /usr/lib/x86_64-linux-gnu/libXcursor.so.1.0.2
7fbc06a77000-7fbc06a78000 rw-p 00009000 08:02 6955781                    /usr/lib/x86_64-linux-gnu/libXcursor.so.1.0.2
7fbc06a78000-7fbc06a7c000 r-xp 00000000 08:02 1052641                    /lib/x86_64-linux-gnu/libgpg-error.so.0.10.0
7fbc06a7c000-7fbc06c7b000 ---p 00004000 08:02 1052641                    /lib/x86_64-linux-gnu/libgpg-error.so.0.10.0
7fbc06c7b000-7fbc06c7c000 r--p 00003000 08:02 1052641                    /lib/x86_64-linux-gnu/libgpg-error.so.0.10.0
7fbc06c7c000-7fbc06c7d000 rw-p 00004000 08:02 1052641                    /lib/x86_64-linux-gnu/libgpg-error.so.0.10.0
7fbc06c7d000-7fbc06c7f000 r-xp 00000000 08:02 1052651                    /lib/x86_64-linux-gnu/libkeyutils.so.1.4
7fbc06c7f000-7fbc06e7f000 ---p 00002000 08:02 1052651                    /lib/x86_64-linux-gnu/libkeyutils.so.1.4
7fbc06e7f000-7fbc06e80000 r--p 00002000 08:02 1052651                    /lib/x86_64-linux-gnu/libkeyutils.so.1.4
7fbc06e80000-7fbc06e81000 rw-p 00003000 08:02 1052651                    /lib/x86_64-linux-gnu/libkeyutils.so.1.4
7fbc06e81000-7fbc06ea6000 r-xp 00000000 08:02 1055389                    /lib/x86_64-linux-gnu/libpng12.so.0.50.0
7fbc06ea6000-7fbc070a5000 ---p 00025000 08:02 1055389                    /lib/x86_64-linux-gnu/libpng12.so.0.50.0
7fbc070a5000-7fbc070a6000 r--p 00024000 08:02 1055389                    /lib/x86_64-linux-gnu/libpng12.so.0.50.0
7fbc070a6000-7fbc070a7000 rw-p 00025000 08:02 1055389                    /lib/x86_64-linux-gnu/libpng12.so.0.50.0
7fbc070a7000-7fbc070eb000 r-xp 00000000 08:02 1048742                    /lib/x86_64-linux-gnu/libdbus-1.so.3.7.6
7fbc070eb000-7fbc072ea000 ---p 00044000 08:02 1048742                    /lib/x86_64-linux-gnu/libdbus-1.so.3.7.6
7fbc072ea000-7fbc072eb000 r--p 00043000 08:02 1048742                    /lib/x86_64-linux-gnu/libdbus-1.so.3.7.6
7fbc072eb000-7fbc072ec000 rw-p 00044000 08:02 1048742                    /lib/x86_64-linux-gnu/libdbus-1.so.3.7.6
7fbc072ec000-7fbc07327000 r-xp 00000000 08:02 6956404                    /usr/lib/x86_64-linux-gnu/libp11-kit.so.0.0.0
7fbc07327000-7fbc07526000 ---p 0003b000 08:02 6956404                    /usr/lib/x86_64-linux-gnu/libp11-kit.so.0.0.0
7fbc07526000-7fbc0752c000 r--p 0003a000 08:02 6956404                    /usr/lib/x86_64-linux-gnu/libp11-kit.so.0.0.0
7fbc0752c000-7fbc0752e000 rw-p 00040000 08:02 6956404                    /usr/lib/x86_64-linux-gnu/libp11-kit.so.0.0.0
7fbc0752e000-7fbc07540000 r-xp 00000000 08:02 6953825                    /usr/lib/x86_64-linux-gnu/libtasn1.so.6.2.0
7fbc07540000-7fbc07740000 ---p 00012000 08:02 6953825                    /usr/lib/x86_64-linux-gnu/libtasn1.so.6.2.0
7fbc07740000-7fbc07741000 r--p 00012000 08:02 6953825                    /usr/lib/x86_64-linux-gnu/libtasn1.so.6.2.0
7fbc07741000-7fbc07742000 rw-p 00013000 08:02 6953825                    /usr/lib/x86_64-linux-gnu/libtasn1.so.6.2.0
7fbc07742000-7fbc077be000 r-xp 00000000 08:02 1050529                    /lib/x86_64-linux-gnu/libgcrypt.so.11.8.2
7fbc077be000-7fbc079be000 ---p 0007c000 08:02 1050529                    /lib/x86_64-linux-gnu/libgcrypt.so.11.8.2
7fbc079be000-7fbc079bf000 r--p 0007c000 08:02 1050529                    /lib/x86_64-linux-gnu/libgcrypt.so.11.8.2
7fbc079bf000-7fbc079c2000 rw-p 0007d000 08:02 1050529                    /lib/x86_64-linux-gnu/libgcrypt.so.11.8.2
7fbc079c2000-7fbc079cc000 r-xp 00000000 08:02 6947328                    /usr/lib/x86_64-linux-gnu/libkrb5support.so.0.1
7fbc079cc000-7fbc07bcb000 ---p 0000a000 08:02 6947328                    /usr/lib/x86_64-linux-gnu/libkrb5support.so.0.1
7fbc07bcb000-7fbc07bcc000 r--p 00009000 08:02 6947328                    /usr/lib/x86_64-linux-gnu/libkrb5support.so.0.1
7fbc07bcc000-7fbc07bcd000 rw-p 0000a000 08:02 6947328                    /usr/lib/x86_64-linux-gnu/libkrb5support.so.0.1
7fbc07bcd000-7fbc07bd0000 r-xp 00000000 08:02 1059573                    /lib/x86_64-linux-gnu/libcom_err.so.2.1
7fbc07bd0000-7fbc07dcf000 ---p 00003000 08:02 1059573                    /lib/x86_64-linux-gnu/libcom_err.so.2.1
7fbc07dcf000-7fbc07dd0000 r--p 00002000 08:02 1059573                    /lib/x86_64-linux-gnu/libcom_err.so.2.1
7fbc07dd0000-7fbc07dd1000 rw-p 00003000 08:02 1059573                    /lib/x86_64-linux-gnu/libcom_err.so.2.1
7fbc07dd1000-7fbc07dfd000 r-xp 00000000 08:02 6950113                    /usr/lib/x86_64-linux-gnu/libk5crypto.so.3.1
7fbc07dfd000-7fbc07ffc000 ---p 0002c000 08:02 6950113                    /usr/lib/x86_64-linux-gnu/libk5crypto.so.3.1
7fbc07ffc000-7fbc07ffe000 r--p 0002b000 08:02 6950113                    /usr/lib/x86_64-linux-gnu/libk5crypto.so.3.1
7fbc07ffe000-7fbc07fff000 rw-p 0002d000 08:02 6950113                    /usr/lib/x86_64-linux-gnu/libk5crypto.so.3.1
7fbc07fff000-7fbc08000000 rw-p 00000000 00:00 0 
7fbc08000000-7fbc08021000 rw-p 00000000 00:00 0 
7fbc08021000-7fbc0c000000 ---p 00000000 00:00 0 
7fbc0c002000-7fbc0c004000 rw-p 00000000 00:00 0 
7fbc0c072000-7fbc0c073000 rw-s f6060000 00:05 14556                      /dev/nvidia0
7fbc0c073000-7fbc0c076000 ---p 00000000 00:00 0 
7fbc0c076000-7fbc0c0ac000 rw-p 00000000 00:00 0                          [stack:7551]
7fbc0c0ac000-7fbc0c0b7000 r--s 00203000 08:02 6960387                    /usr/lib/jvm/java-7-openjdk-amd64/jre/lib/charsets.jar
7fbc0c0b7000-7fbc0c0b8000 r--s 00000000 08:02 4472121                    /var/cache/fontconfig/c05880de57d1f5e948fdfacc138775d9-le64.cache-4
7fbc0c0b8000-7fbc0c0c3000 r--s 00000000 08:02 4456549                    /var/cache/fontconfig/945677eb7aeaf62f1d50efc3fb3ec7d8-le64.cache-4
7fbc0c0c3000-7fbc0c0ce000 r--s 00000000 08:02 4472112                    /var/cache/fontconfig/a7bcf6dc40cb2a848b4d0f872ba4345e-le64.cache-4
7fbc0c0ce000-7fbc0c0d0000 r--s 00000000 08:02 4472072                    /var/cache/fontconfig/99e8ed0e538f840c565b6ed5dad60d56-le64.cache-4
7fbc0c0d0000-7fbc0c0d9000 r--s 00000000 08:02 4472060                    /var/cache/fontconfig/a6d8cf8e4ec09cdbc8633c31745a07dd-le64.cache-4
7fbc0c0d9000-7fbc0c0df000 r--s 00000000 08:02 4472056                    /var/cache/fontconfig/2cd17615ca594fa2959ae173292e504c-le64.cache-4
7fbc0c0df000-7fbc0c0e0000 r--s 00000000 08:02 4472025                    /var/cache/fontconfig/e7071f4a29fa870f4323321c154eba04-le64.cache-4
7fbc0c0e0000-7fbc0c0e1000 r--s 00000000 08:02 4471970                    /var/cache/fontconfig/0d8c3b2ac0904cb8a57a757ad11a4a08-le64.cache-4
7fbc0c0e1000-7fbc0c0f5000 r--s 00000000 08:02 4471942                    /var/cache/fontconfig/04aabc0a78ac019cf9454389977116d2-le64.cache-4
7fbc0c0f5000-7fbc0c0f8000 ---p 00000000 00:00 0 
7fbc0c0f8000-7fbc0c1f6000 rw-p 00000000 00:00 0                          [stack:7544]
7fbc0c1f6000-7fbc0c2b2000 r-xp 00000000 08:02 6947208                    /usr/lib/x86_64-linux-gnu/libkrb5.so.3.3
7fbc0c2b2000-7fbc0c4b2000 ---p 000bc000 08:02 6947208                    /usr/lib/x86_64-linux-gnu/libkrb5.so.3.3
7fbc0c4b2000-7fbc0c4bf000 r--p 000bc000 08:02 6947208                    /usr/lib/x86_64-linux-gnu/libkrb5.so.3.3
7fbc0c4bf000-7fbc0c4c1000 rw-p 000c9000 08:02 6947208                    /usr/lib/x86_64-linux-gnu/libkrb5.so.3.3
7fbc0c4c1000-7fbc0c4c6000 r-xp 00000000 08:02 6955785                    /usr/lib/x86_64-linux-gnu/libXdmcp.so.6.0.0
7fbc0c4c6000-7fbc0c6c5000 ---p 00005000 08:02 6955785                    /usr/lib/x86_64-linux-gnu/libXdmcp.so.6.0.0
7fbc0c6c5000-7fbc0c6c6000 r--p 00004000 08:02 6955785                    /usr/lib/x86_64-linux-gnu/libXdmcp.so.6.0.0
7fbc0c6c6000-7fbc0c6c7000 rw-p 00005000 08:02 6955785                    /usr/lib/x86_64-linux-gnu/libXdmcp.so.6.0.0
7fbc0c6c7000-7fbc0c6c9000 r-xp 00000000 08:02 6955774                    /usr/lib/x86_64-linux-gnu/libXau.so.6.0.0
7fbc0c6c9000-7fbc0c8c9000 ---p 00002000 08:02 6955774                    /usr/lib/x86_64-linux-gnu/libXau.so.6.0.0
7fbc0c8c9000-7fbc0c8ca000 r--p 00002000 08:02 6955774                    /usr/lib/x86_64-linux-gnu/libXau.so.6.0.0
7fbc0c8ca000-7fbc0c8cb000 rw-p 00003000 08:02 6955774                    /usr/lib/x86_64-linux-gnu/libXau.so.6.0.0
7fbc0c8cb000-7fbc0c8f2000 r-xp 00000000 08:02 1048767                    /lib/x86_64-linux-gnu/libexpat.so.1.6.0
7fbc0c8f2000-7fbc0caf2000 ---p 00027000 08:02 1048767                    /lib/x86_64-linux-gnu/libexpat.so.1.6.0
7fbc0caf2000-7fbc0caf4000 r--p 00027000 08:02 1048767                    /lib/x86_64-linux-gnu/libexpat.so.1.6.0
7fbc0caf4000-7fbc0caf5000 rw-p 00029000 08:02 1048767                    /lib/x86_64-linux-gnu/libexpat.so.1.6.0
7fbc0caf5000-7fbc0cb92000 r-xp 00000000 08:02 6947039                    /usr/lib/x86_64-linux-gnu/libfreetype.so.6.11.1
7fbc0cb92000-7fbc0cd91000 ---p 0009d000 08:02 6947039                    /usr/lib/x86_64-linux-gnu/libfreetype.so.6.11.1
7fbc0cd91000-7fbc0cd97000 r--p 0009c000 08:02 6947039                    /usr/lib/x86_64-linux-gnu/libfreetype.so.6.11.1
7fbc0cd97000-7fbc0cd98000 rw-p 000a2000 08:02 6947039                    /usr/lib/x86_64-linux-gnu/libfreetype.so.6.11.1
7fbc0cd98000-7fbc0cda7000 r-xp 00000000 08:02 6955872                    /usr/lib/x86_64-linux-gnu/libavahi-client.so.3.2.9
7fbc0cda7000-7fbc0cfa7000 ---p 0000f000 08:02 6955872                    /usr/lib/x86_64-linux-gnu/libavahi-client.so.3.2.9
7fbc0cfa7000-7fbc0cfa8000 r--p 0000f000 08:02 6955872                    /usr/lib/x86_64-linux-gnu/libavahi-client.so.3.2.9
7fbc0cfa8000-7fbc0cfa9000 rw-p 00010000 08:02 6955872                    /usr/lib/x86_64-linux-gnu/libavahi-client.so.3.2.9
7fbc0cfa9000-7fbc0cfb4000 r-xp 00000000 08:02 6955874                    /usr/lib/x86_64-linux-gnu/libavahi-common.so.3.5.3
7fbc0cfb4000-7fbc0d1b3000 ---p 0000b000 08:02 6955874                    /usr/lib/x86_64-linux-gnu/libavahi-common.so.3.5.3
7fbc0d1b3000-7fbc0d1b4000 r--p 0000a000 08:02 6955874                    /usr/lib/x86_64-linux-gnu/libavahi-common.so.3.5.3
7fbc0d1b4000-7fbc0d1b5000 rw-p 0000b000 08:02 6955874                    /usr/lib/x86_64-linux-gnu/libavahi-common.so.3.5.3
7fbc0d1b5000-7fbc0d26b000 r-xp 00000000 08:02 6947088                    /usr/lib/x86_64-linux-gnu/libgnutls.so.26.22.6
7fbc0d26b000-7fbc0d46b000 ---p 000b6000 08:02 6947088                    /usr/lib/x86_64-linux-gnu/libgnutls.so.26.22.6
7fbc0d46b000-7fbc0d471000 r--p 000b6000 08:02 6947088                    /usr/lib/x86_64-linux-gnu/libgnutls.so.26.22.6
7fbc0d471000-7fbc0d472000 rw-p 000bc000 08:02 6947088                    /usr/lib/x86_64-linux-gnu/libgnutls.so.26.22.6
7fbc0d472000-7fbc0d473000 rw-p 00000000 00:00 0 
7fbc0d473000-7fbc0d4b7000 r-xp 00000000 08:02 6946924                    /usr/lib/x86_64-linux-gnu/libgssapi_krb5.so.2.2
7fbc0d4b7000-7fbc0d6b7000 ---p 00044000 08:02 6946924                    /usr/lib/x86_64-linux-gnu/libgssapi_krb5.so.2.2
7fbc0d6b7000-7fbc0d6b8000 r--p 00044000 08:02 6946924                    /usr/lib/x86_64-linux-gnu/libgssapi_krb5.so.2.2
7fbc0d6b8000-7fbc0d6ba000 rw-p 00045000 08:02 6946924                    /usr/lib/x86_64-linux-gnu/libgssapi_krb5.so.2.2
7fbc0d6ba000-7fbc0d6d7000 r-xp 00000000 08:02 6956693                    /usr/lib/x86_64-linux-gnu/libxcb.so.1.1.0
7fbc0d6d7000-7fbc0d8d7000 ---p 0001d000 08:02 6956693                    /usr/lib/x86_64-linux-gnu/libxcb.so.1.1.0
7fbc0d8d7000-7fbc0d8d8000 r--p 0001d000 08:02 6956693                    /usr/lib/x86_64-linux-gnu/libxcb.so.1.1.0
7fbc0d8d8000-7fbc0d8d9000 rw-p 0001e000 08:02 6956693                    /usr/lib/x86_64-linux-gnu/libxcb.so.1.1.0
7fbc0d8d9000-7fbc0d913000 r-xp 00000000 08:02 6956029                    /usr/lib/x86_64-linux-gnu/libfontconfig.so.1.8.0
7fbc0d913000-7fbc0db12000 ---p 0003a000 08:02 6956029                    /usr/lib/x86_64-linux-gnu/libfontconfig.so.1.8.0
7fbc0db12000-7fbc0db14000 r--p 00039000 08:02 6956029                    /usr/lib/x86_64-linux-gnu/libfontconfig.so.1.8.0
7fbc0db14000-7fbc0db15000 rw-p 0003b000 08:02 6956029                    /usr/lib/x86_64-linux-gnu/libfontconfig.so.1.8.0
7fbc0db15000-7fbc0db81000 r-xp 00000000 08:02 6947562                    /usr/lib/x86_64-linux-gnu/libcups.so.2
7fbc0db81000-7fbc0dd81000 ---p 0006c000 08:02 6947562                    /usr/lib/x86_64-linux-gnu/libcups.so.2
7fbc0dd81000-7fbc0dd88000 r--p 0006c000 08:02 6947562                    /usr/lib/x86_64-linux-gnu/libcups.so.2
7fbc0dd88000-7fbc0dd89000 rw-p 00073000 08:02 6947562                    /usr/lib/x86_64-linux-gnu/libcups.so.2
7fbc0dd89000-7fbc0dd98000 r-xp 00000000 08:02 6958552                    /usr/lib/x86_64-linux-gnu/libXi.so.6.1.0
7fbc0dd98000-7fbc0df97000 ---p 0000f000 08:02 6958552                    /usr/lib/x86_64-linux-gnu/libXi.so.6.1.0
7fbc0df97000-7fbc0df98000 r--p 0000e000 08:02 6958552                    /usr/lib/x86_64-linux-gnu/libXi.so.6.1.0
7fbc0df98000-7fbc0df99000 rw-p 0000f000 08:02 6958552                    /usr/lib/x86_64-linux-gnu/libXi.so.6.1.0
7fbc0df99000-7fbc0df9e000 r-xp 00000000 08:02 6955815                    /usr/lib/x86_64-linux-gnu/libXtst.so.6.1.0
7fbc0df9e000-7fbc0e19d000 ---p 00005000 08:02 6955815                    /usr/lib/x86_64-linux-gnu/libXtst.so.6.1.0
7fbc0e19d000-7fbc0e19e000 r--p 00004000 08:02 6955815                    /usr/lib/x86_64-linux-gnu/libXtst.so.6.1.0
7fbc0e19e000-7fbc0e19f000 rw-p 00005000 08:02 6955815                    /usr/lib/x86_64-linux-gnu/libXtst.so.6.1.0
7fbc0e19f000-7fbc0e1a8000 r-xp 00000000 08:02 6958555                    /usr/lib/x86_64-linux-gnu/libXrender.so.1.3.0
7fbc0e1a8000-7fbc0e3a7000 ---p 00009000 08:02 6958555                    /usr/lib/x86_64-linux-gnu/libXrender.so.1.3.0
7fbc0e3a7000-7fbc0e3a8000 r--p 00008000 08:02 6958555                    /usr/lib/x86_64-linux-gnu/libXrender.so.1.3.0
7fbc0e3a8000-7fbc0e3a9000 rw-p 00009000 08:02 6958555                    /usr/lib/x86_64-linux-gnu/libXrender.so.1.3.0
7fbc0e3a9000-7fbc0e4d9000 r-xp 00000000 08:02 6955772                    /usr/lib/x86_64-linux-gnu/libX11.so.6.3.0
7fbc0e4d9000-7fbc0e6d9000 ---p 00130000 08:02 6955772                    /usr/lib/x86_64-linux-gnu/libX11.so.6.3.0
7fbc0e6d9000-7fbc0e6da000 r--p 00130000 08:02 6955772                    /usr/lib/x86_64-linux-gnu/libX11.so.6.3.0
7fbc0e6da000-7fbc0e6de000 rw-p 00131000 08:02 6955772                    /usr/lib/x86_64-linux-gnu/libX11.so.6.3.0
7fbc0e6de000-7fbc0e6ef000 r-xp 00000000 08:02 6949730                    /usr/lib/x86_64-linux-gnu/libXext.so.6.4.0
7fbc0e6ef000-7fbc0e8ee000 ---p 00011000 08:02 6949730                    /usr/lib/x86_64-linux-gnu/libXext.so.6.4.0
7fbc0e8ee000-7fbc0e8ef000 r--p 00010000 08:02 6949730                    /usr/lib/x86_64-linux-gnu/libXext.so.6.4.0
7fbc0e8ef000-7fbc0e8f0000 rw-p 00011000 08:02 6949730                    /usr/lib/x86_64-linux-gnu/libXext.so.6.4.0
7fbc0e8f0000-7fbc0e938000 r-xp 00000000 08:02 6956338                    /usr/lib/jvm/java-7-openjdk-amd64/jre/lib/amd64/xawt/libmawt.so
7fbc0e938000-7fbc0eb37000 ---p 00048000 08:02 6956338                    /usr/lib/jvm/java-7-openjdk-amd64/jre/lib/amd64/xawt/libmawt.so
7fbc0eb37000-7fbc0eb38000 r--p 00047000 08:02 6956338                    /usr/lib/jvm/java-7-openjdk-amd64/jre/lib/amd64/xawt/libmawt.so
7fbc0eb38000-7fbc0eb3b000 rw-p 00048000 08:02 6956338                    /usr/lib/jvm/java-7-openjdk-amd64/jre/lib/amd64/xawt/libmawt.so
7fbc0eb3b000-7fbc0eb3c000 rw-p 00000000 00:00 0 
7fbc0eb3c000-7fbc0ebdc000 r-xp 00000000 08:02 6960419                    /usr/lib/jvm/java-7-openjdk-amd64/jre/lib/amd64/libawt.so
7fbc0ebdc000-7fbc0eddc000 ---p 000a0000 08:02 6960419                    /usr/lib/jvm/java-7-openjdk-amd64/jre/lib/amd64/libawt.so
7fbc0eddc000-7fbc0eddd000 r--p 000a0000 08:02 6960419                    /usr/lib/jvm/java-7-openjdk-amd64/jre/lib/amd64/libawt.so
7fbc0eddd000-7fbc0ede8000 rw-p 000a1000 08:02 6960419                    /usr/lib/jvm/java-7-openjdk-amd64/jre/lib/amd64/libawt.so
7fbc0ede8000-7fbc0ee0d000 rw-p 00000000 00:00 0 
7fbc0ee0d000-7fbc0ee1d000 r-xp 00000000 08:02 6960411                    /usr/lib/jvm/java-7-openjdk-amd64/jre/lib/amd64/libnio.so
7fbc0ee1d000-7fbc0f01d000 ---p 00010000 08:02 6960411                    /usr/lib/jvm/java-7-openjdk-amd64/jre/lib/amd64/libnio.so
7fbc0f01d000-7fbc0f01e000 r--p 00010000 08:02 6960411                    /usr/lib/jvm/java-7-openjdk-amd64/jre/lib/amd64/libnio.so
7fbc0f01e000-7fbc0f01f000 rw-p 00011000 08:02 6960411                    /usr/lib/jvm/java-7-openjdk-amd64/jre/lib/amd64/libnio.so
7fbc0f01f000-7fbc0f05c000 r-xp 00000000 08:02 1050061                    /lib/x86_64-linux-gnu/libpcre.so.3.13.1
7fbc0f05c000-7fbc0f25b000 ---p 0003d000 08:02 1050061                    /lib/x86_64-linux-gnu/libpcre.so.3.13.1
7fbc0f25b000-7fbc0f25c000 r--p 0003c000 08:02 1050061                    /lib/x86_64-linux-gnu/libpcre.so.3.13.1
7fbc0f25c000-7fbc0f25d000 rw-p 0003d000 08:02 1050061                    /lib/x86_64-linux-gnu/libpcre.so.3.13.1
7fbc0f25d000-7fbc0f264000 r-xp 00000000 08:02 6947242                    /usr/lib/x86_64-linux-gnu/libffi.so.6.0.1
7fbc0f264000-7fbc0f463000 ---p 00007000 08:02 6947242                    /usr/lib/x86_64-linux-gnu/libffi.so.6.0.1
7fbc0f463000-7fbc0f464000 r--p 00006000 08:02 6947242                    /usr/lib/x86_64-linux-gnu/libffi.so.6.0.1
7fbc0f464000-7fbc0f465000 rw-p 00007000 08:02 6947242                    /usr/lib/x86_64-linux-gnu/libffi.so.6.0.1
7fbc0f465000-7fbc0f47c000 r-xp 00000000 08:02 1052929                    /lib/x86_64-linux-gnu/libresolv-2.19.so
7fbc0f47c000-7fbc0f67c000 ---p 00017000 08:02 1052929                    /lib/x86_64-linux-gnu/libresolv-2.19.so
7fbc0f67c000-7fbc0f67d000 r--p 00017000 08:02 1052929                    /lib/x86_64-linux-gnu/libresolv-2.19.so
7fbc0f67d000-7fbc0f67e000 rw-p 00018000 08:02 1052929                    /lib/x86_64-linux-gnu/libresolv-2.19.so
7fbc0f67e000-7fbc0f680000 rw-p 00000000 00:00 0 
7fbc0f680000-7fbc0f6a0000 r-xp 00000000 08:02 1052738                    /lib/x86_64-linux-gnu/libselinux.so.1
7fbc0f6a0000-7fbc0f89f000 ---p 00020000 08:02 1052738                    /lib/x86_64-linux-gnu/libselinux.so.1
7fbc0f89f000-7fbc0f8a0000 r--p 0001f000 08:02 1052738                    /lib/x86_64-linux-gnu/libselinux.so.1
7fbc0f8a0000-7fbc0f8a1000 rw-p 00020000 08:02 1052738                    /lib/x86_64-linux-gnu/libselinux.so.1
7fbc0f8a1000-7fbc0f8a3000 rw-p 00000000 00:00 0 
7fbc0f8a3000-7fbc0f8a6000 r-xp 00000000 08:02 6947275                    /usr/lib/x86_64-linux-gnu/libgmodule-2.0.so.0.4002.0
7fbc0f8a6000-7fbc0faa5000 ---p 00003000 08:02 6947275                    /usr/lib/x86_64-linux-gnu/libgmodule-2.0.so.0.4002.0
7fbc0faa5000-7fbc0faa6000 r--p 00002000 08:02 6947275                    /usr/lib/x86_64-linux-gnu/libgmodule-2.0.so.0.4002.0
7fbc0faa6000-7fbc0faa7000 rw-p 00003000 08:02 6947275                    /usr/lib/x86_64-linux-gnu/libgmodule-2.0.so.0.4002.0
7fbc0faa7000-7fbc0fbad000 r-xp 00000000 08:02 1048743                    /lib/x86_64-linux-gnu/libglib-2.0.so.0.4002.0
7fbc0fbad000-7fbc0fdac000 ---p 00106000 08:02 1048743                    /lib/x86_64-linux-gnu/libglib-2.0.so.0.4002.0
7fbc0fdac000-7fbc0fdad000 r--p 00105000 08:02 1048743                    /lib/x86_64-linux-gnu/libglib-2.0.so.0.4002.0
7fbc0fdad000-7fbc0fdae000 rw-p 00106000 08:02 1048743                    /lib/x86_64-linux-gnu/libglib-2.0.so.0.4002.0
7fbc0fdae000-7fbc0fdaf000 rw-p 00000000 00:00 0 
7fbc0fdaf000-7fbc0fdfe000 r-xp 00000000 08:02 6951170                    /usr/lib/x86_64-linux-gnu/libgobject-2.0.so.0.4002.0
7fbc0fdfe000-7fbc0fffe000 ---p 0004f000 08:02 6951170                    /usr/lib/x86_64-linux-gnu/libgobject-2.0.so.0.4002.0
7fbc0fffe000-7fbc0ffff000 r--p 0004f000 08:02 6951170                    /usr/lib/x86_64-linux-gnu/libgobject-2.0.so.0.4002.0
7fbc0ffff000-7fbc10000000 rw-p 00050000 08:02 6951170                    /usr/lib/x86_64-linux-gnu/libgobject-2.0.so.0.4002.0
7fbc10000000-7fbc10021000 rw-p 00000000 00:00 0 
7fbc10021000-7fbc14000000 ---p 00000000 00:00 0 
7fbc14000000-7fbc14021000 rw-p 00000000 00:00 0 
7fbc14021000-7fbc18000000 ---p 00000000 00:00 0 
7fbc18000000-7fbc18021000 rw-p 00000000 00:00 0 
7fbc18021000-7fbc1c000000 ---p 00000000 00:00 0 
7fbc1c000000-7fbc1c021000 rw-p 00000000 00:00 0 
7fbc1c021000-7fbc20000000 ---p 00000000 00:00 0 
7fbc20000000-7fbc20021000 rw-p 00000000 00:00 0 
7fbc20021000-7fbc24000000 ---p 00000000 00:00 0 
7fbc24000000-7fbc24007000 r--s 00000000 08:02 4471966                    /var/cache/fontconfig/a755afe4a08bf5b97852ceb7400b47bc-le64.cache-4
7fbc24007000-7fbc2400b000 r--s 00000000 08:02 4471950                    /var/cache/fontconfig/6d41288fd70b0be22e8c3a91e032eec0-le64.cache-4
7fbc2400b000-7fbc2400c000 r--s 00000000 08:02 4471923                    /var/cache/fontconfig/1ac9eb803944fde146138c791f5cc56a-le64.cache-4
7fbc2400c000-7fbc24010000 r--s 00000000 08:02 4471910                    /var/cache/fontconfig/385c0604a188198f04d133e54aba7fe7-le64.cache-4
7fbc24010000-7fbc24011000 r--s 00000000 08:02 4471897                    /var/cache/fontconfig/dc05db6664285cc2f12bf69c139ae4c3-le64.cache-4
7fbc24011000-7fbc24013000 r--s 00000000 08:02 4471892                    /var/cache/fontconfig/767a8244fc0220cfb567a839d0392e0b-le64.cache-4
7fbc24013000-7fbc24015000 r--s 00000000 08:02 4471876                    /var/cache/fontconfig/2fe16cf53f8bd2da9ea33d9eb6e69eee-le64.cache-4
7fbc24015000-7fbc24016000 r--s 00000000 08:02 4471853                    /var/cache/fontconfig/4794a0821666d79190d59a36cb4f44b5-le64.cache-4
7fbc24016000-7fbc2401b000 r--s 00000000 08:02 4471823                    /var/cache/fontconfig/8801497958630a81b71ace7c5f9b32a8-le64.cache-4
7fbc2401b000-7fbc24056000 r--s 00000000 08:02 4471821                    /var/cache/fontconfig/365b55f210c0a22e9a19e35191240f32-le64.cache-4
7fbc24056000-7fbc2405a000 r--s 00000000 08:02 4471814                    /var/cache/fontconfig/c57959a16110560c8d0fcea73374aeeb-le64.cache-4
7fbc2405a000-7fbc24061000 r--s 00000000 08:02 4471809                    /var/cache/fontconfig/3047814df9a2f067bd2d96a2b9c36e5a-le64.cache-4
7fbc24061000-7fbc24062000 r--s 00000000 08:02 4471808                    /var/cache/fontconfig/56cf4f4769d0f4abc89a4895d7bd3ae1-le64.cache-4
7fbc24062000-7fbc24063000 r--s 00000000 08:02 4471803                    /var/cache/fontconfig/b9d506c9ac06c20b433354fa67a72993-le64.cache-4
7fbc24063000-7fbc24069000 r--s 00000000 08:02 4471799                    /var/cache/fontconfig/b47c4e1ecd0709278f4910c18777a504-le64.cache-4
7fbc24069000-7fbc24072000 r--s 00000000 08:02 4471793                    /var/cache/fontconfig/52f7bdb7ce746bfd7eaa1985bd9cfa93-le64.cache-4
7fbc24072000-7fbc24085000 r--s 00000000 08:02 4471783                    /var/cache/fontconfig/d52a8644073d54c13679302ca1180695-le64.cache-4
7fbc24085000-7fbc2408e000 r--s 00000000 08:02 4471777                    /var/cache/fontconfig/3f7329c5293ffd510edef78f73874cfd-le64.cache-4
7fbc2408e000-7fbc24099000 r--s 00000000 08:02 4471774                    /var/cache/fontconfig/d589a48862398ed80a3d6066f4f56f4c-le64.cache-4
7fbc24099000-7fbc240a6000 r--s 00000000 08:02 4471650                    /var/cache/fontconfig/e13b20fdb08344e0e664864cc2ede53d-le64.cache-4
7fbc240a6000-7fbc240aa000 r--s 00000000 08:02 4456520                    /var/cache/fontconfig/7ef2298fde41cc6eeb7af42e48b7d293-le64.cache-4
7fbc240aa000-7fbc240b7000 r--s 00000000 08:02 4472132                    /var/cache/fontconfig/8f02d4cb045bd6ce15663e43f347c9f8-le64.cache-4
7fbc240b7000-7fbc240ba000 ---p 00000000 00:00 0 
7fbc240ba000-7fbc241b8000 rw-p 00000000 00:00 0                          [stack:7543]
7fbc241b8000-7fbc241c2000 r--s 000ae000 08:02 6960483                    /usr/lib/jvm/java-7-openjdk-amd64/jre/lib/resources.jar
7fbc241c2000-7fbc241c9000 r--s 00000000 08:02 10897                      /usr/lib/x86_64-linux-gnu/gconv/gconv-modules.cache
7fbc241c9000-7fbc241fa000 rw-p 00000000 00:00 0 
7fbc241fa000-7fbc24366000 r-xp 00000000 08:02 6951185                    /usr/lib/x86_64-linux-gnu/libgio-2.0.so.0.4002.0
7fbc24366000-7fbc24565000 ---p 0016c000 08:02 6951185                    /usr/lib/x86_64-linux-gnu/libgio-2.0.so.0.4002.0
7fbc24565000-7fbc24569000 r--p 0016b000 08:02 6951185                    /usr/lib/x86_64-linux-gnu/libgio-2.0.so.0.4002.0
7fbc24569000-7fbc2456b000 rw-p 0016f000 08:02 6951185                    /usr/lib/x86_64-linux-gnu/libgio-2.0.so.0.4002.0
7fbc2456b000-7fbc2456d000 rw-p 00000000 00:00 0 
7fbc2456d000-7fbc2456e000 r--s 00000000 08:02 4470914                    /var/cache/fontconfig/0c9eb80ebd1c36541ebe2852d3bb0c49-le64.cache-4
7fbc2456e000-7fbc24570000 r--s 00000000 08:02 4471700                    /var/cache/fontconfig/16326683038b281783a0ef8c680e3a10-le64.cache-4
7fbc24570000-7fbc24596000 r--p 00000000 08:02 135680                     /usr/share/locale-langpack/fr/LC_MESSAGES/libc.mo
7fbc24596000-7fbc245ad000 r-xp 00000000 08:02 6960457                    /usr/lib/jvm/java-7-openjdk-amd64/jre/lib/amd64/libnet.so
7fbc245ad000-7fbc247ac000 ---p 00017000 08:02 6960457                    /usr/lib/jvm/java-7-openjdk-amd64/jre/lib/amd64/libnet.so
7fbc247ac000-7fbc247ad000 r--p 00016000 08:02 6960457                    /usr/lib/jvm/java-7-openjdk-amd64/jre/lib/amd64/libnet.so
7fbc247ad000-7fbc247ae000 rw-p 00017000 08:02 6960457                    /usr/lib/jvm/java-7-openjdk-amd64/jre/lib/amd64/libnet.so
7fbc247ae000-7fbc247b2000 r--s 00031000 08:02 3283930                    /home/roah/jmonkeyplatform/3.1/jmonkeyplatform/libs/jme3-plugins-3.1.0-alpha1.jar
7fbc247b2000-7fbc247b5000 r--s 00080000 08:02 3283934                    /home/roah/jmonkeyplatform/3.1/jmonkeyplatform/libs/jme3-effects-3.1.0-alpha1.jar
7fbc247b5000-7fbc247b6000 r--s 00002000 08:02 3283401                    /home/roah/jmonkeyplatform/3.1/jmonkeyplatform/libs/jinput-platform-2.0.5-natives-osx.jar
7fbc247b6000-7fbc247b7000 r--s 00025000 08:02 3283173                    /home/roah/jmonkeyplatform/3.1/jmonkeyplatform/libs/jinput-platform-2.0.5-natives-windows.jar
7fbc247b7000-7fbc247b8000 r--s 00002000 08:02 3283273                    /home/roah/jmonkeyplatform/3.1/jmonkeyplatform/libs/jinput-platform-2.0.5-natives-linux.jar
7fbc247b8000-7fbc247b9000 r--s 00001000 08:02 3287542                    /home/roah/jmonkeyplatform/3.1/jmonkeyplatform/libs/jutils-1.0.0.jar
7fbc247b9000-7fbc247bd000 r--s 0002f000 08:02 3287539                    /home/roah/jmonkeyplatform/3.1/jmonkeyplatform/libs/jinput-2.0.5.jar
7fbc247bd000-7fbc247be000 r--s 00068000 08:02 3283454                    /home/roah/jmonkeyplatform/3.1/jmonkeyplatform/libs/lwjgl-platform-2.9.3-natives-osx.jar
7fbc247be000-7fbc247cd000 r--s 000f2000 08:02 3287688                    /home/roah/jmonkeyplatform/3.1/jmonkeyplatform/libs/lwjgl-2.9.3.jar
7fbc247cd000-7fbc247cf000 r--s 0000c000 08:02 3284095                    /home/roah/jmonkeyplatform/3.1/jmonkeyplatform/libs/jme3-lwjgl-3.1.0-alpha1.jar
7fbc247cf000-7fbc247d2000 r--s 0003a000 08:02 3283933                    /home/roah/jmonkeyplatform/3.1/jmonkeyplatform/libs/jme3-desktop-3.1.0-alpha1.jar
7fbc247d2000-7fbc247d7000 r--s 00041000 08:02 3287525                    /home/roah/jmonkeyplatform/3.1/jmonkeyplatform/libs/dense64-0.27.jar
7fbc247d7000-7fbc247ea000 r--s 00149000 08:02 3284161                    /home/roah/jmonkeyplatform/3.1/jmonkeyplatform/libs/jme3-core-3.1.0-alpha1.jar
7fbc247ea000-7fbc247eb000 ---p 00000000 00:00 0 
7fbc247eb000-7fbc248eb000 rw-p 00000000 00:00 0 
7fbc248eb000-7fbc248ee000 ---p 00000000 00:00 0 
7fbc248ee000-7fbc249ec000 rw-p 00000000 00:00 0                          [stack:7541]
7fbc249ec000-7fbc249ef000 ---p 00000000 00:00 0 
7fbc249ef000-7fbc24aed000 rw-p 00000000 00:00 0                          [stack:7540]
7fbc24aed000-7fbc24af0000 ---p 00000000 00:00 0 
7fbc24af0000-7fbc24bee000 rw-p 00000000 00:00 0                          [stack:7539]
7fbc24bee000-7fbc24bf1000 ---p 00000000 00:00 0 
7fbc24bf1000-7fbc24cef000 rw-p 00000000 00:00 0                          [stack:7538]
7fbc24cef000-7fbc24fbd000 r--p 00000000 08:02 6954776                    /usr/lib/locale/locale-archive
7fbc24fbd000-7fbc24fc0000 ---p 00000000 00:00 0 
7fbc24fc0000-7fbc250be000 rw-p 00000000 00:00 0                          [stack:7537]
7fbc250be000-7fbc250c1000 ---p 00000000 00:00 0 
7fbc250c1000-7fbc251bf000 rw-p 00000000 00:00 0                          [stack:7536]
7fbc251bf000-7fbc251c0000 ---p 00000000 00:00 0 
7fbc251c0000-7fbc26f04000 rw-p 00000000 00:00 0 
7fbc26f04000-7fbc270b6000 r--s 01d2e000 08:02 6960402                    /usr/lib/jvm/java-7-openjdk-amd64/jre/lib/rt.jar
7fbc270b6000-7fbc275bb000 rw-p 00000000 00:00 0 
7fbc275bb000-7fbc275bc000 ---p 00000000 00:00 0 
7fbc275bc000-7fbc276bc000 rw-p 00000000 00:00 0                          [stack:7534]
7fbc276bc000-7fbc276bd000 ---p 00000000 00:00 0 
7fbc276bd000-7fbc277bd000 rw-p 00000000 00:00 0                          [stack:7533]
7fbc277bd000-7fbc277be000 ---p 00000000 00:00 0 
7fbc277be000-7fbc278be000 rw-p 00000000 00:00 0                          [stack:7532]
7fbc278be000-7fbc278bf000 ---p 00000000 00:00 0 
7fbc278bf000-7fbc279bf000 rw-p 00000000 00:00 0                          [stack:7531]
7fbc279bf000-7fbc279c0000 ---p 00000000 00:00 0 
7fbc279c0000-7fbc27ac0000 rw-p 00000000 00:00 0                          [stack:7530]
7fbc27ac0000-7fbc27ac1000 ---p 00000000 00:00 0 
7fbc27ac1000-7fbc27bc1000 rw-p 00000000 00:00 0                          [stack:7529]
7fbc27bc1000-7fbc27bc2000 ---p 00000000 00:00 0 
7fbc27bc2000-7fbc27cec000 rw-p 00000000 00:00 0                          [stack:7528]
7fbc27cec000-7fbc27f58000 rw-p 00000000 00:00 0 
7fbc27f58000-7fbc27f65000 rw-p 00000000 00:00 0 
7fbc27f65000-7fbc27fab000 rw-p 00000000 00:00 0 
7fbc27fab000-7fbc27fd5000 rw-p 00000000 00:00 0 
7fbc27fd5000-7fbc28241000 rw-p 00000000 00:00 0 
7fbc28241000-7fbc28266000 rw-p 00000000 00:00 0 
7fbc28266000-7fbc2838c000 rw-p 00000000 00:00 0 
7fbc2838c000-7fbc2838d000 rw-p 00000000 00:00 0 
7fbc2838d000-7fbc285fd000 rwxp 00000000 00:00 0 
7fbc285fd000-7fbc2b38d000 rw-p 00000000 00:00 0 
7fbc2b38d000-7fbc2b395000 r-xp 00000000 08:02 6960417                    /usr/lib/jvm/java-7-openjdk-amd64/jre/lib/amd64/libzip.so
7fbc2b395000-7fbc2b594000 ---p 00008000 08:02 6960417                    /usr/lib/jvm/java-7-openjdk-amd64/jre/lib/amd64/libzip.so
7fbc2b594000-7fbc2b595000 r--p 00007000 08:02 6960417                    /usr/lib/jvm/java-7-openjdk-amd64/jre/lib/amd64/libzip.so
7fbc2b595000-7fbc2b596000 rw-p 00008000 08:02 6960417                    /usr/lib/jvm/java-7-openjdk-amd64/jre/lib/amd64/libzip.so
7fbc2b596000-7fbc2b5a1000 r-xp 00000000 08:02 1053713                    /lib/x86_64-linux-gnu/libnss_files-2.19.so
7fbc2b5a1000-7fbc2b7a0000 ---p 0000b000 08:02 1053713                    /lib/x86_64-linux-gnu/libnss_files-2.19.so
7fbc2b7a0000-7fbc2b7a1000 r--p 0000a000 08:02 1053713                    /lib/x86_64-linux-gnu/libnss_files-2.19.so
7fbc2b7a1000-7fbc2b7a2000 rw-p 0000b000 08:02 1053713                    /lib/x86_64-linux-gnu/libnss_files-2.19.so
7fbc2b7a2000-7fbc2b7ad000 r-xp 00000000 08:02 1053753                    /lib/x86_64-linux-gnu/libnss_nis-2.19.so
7fbc2b7ad000-7fbc2b9ac000 ---p 0000b000 08:02 1053753                    /lib/x86_64-linux-gnu/libnss_nis-2.19.so
7fbc2b9ac000-7fbc2b9ad000 r--p 0000a000 08:02 1053753                    /lib/x86_64-linux-gnu/libnss_nis-2.19.so
7fbc2b9ad000-7fbc2b9ae000 rw-p 0000b000 08:02 1053753                    /lib/x86_64-linux-gnu/libnss_nis-2.19.so
7fbc2b9ae000-7fbc2b9c5000 r-xp 00000000 08:02 1053731                    /lib/x86_64-linux-gnu/libnsl-2.19.so
7fbc2b9c5000-7fbc2bbc4000 ---p 00017000 08:02 1053731                    /lib/x86_64-linux-gnu/libnsl-2.19.so
7fbc2bbc4000-7fbc2bbc5000 r--p 00016000 08:02 1053731                    /lib/x86_64-linux-gnu/libnsl-2.19.so
7fbc2bbc5000-7fbc2bbc6000 rw-p 00017000 08:02 1053731                    /lib/x86_64-linux-gnu/libnsl-2.19.so
7fbc2bbc6000-7fbc2bbc8000 rw-p 00000000 00:00 0 
7fbc2bbc8000-7fbc2bbd1000 r-xp 00000000 08:02 1053729                    /lib/x86_64-linux-gnu/libnss_compat-2.19.so
7fbc2bbd1000-7fbc2bdd0000 ---p 00009000 08:02 1053729                    /lib/x86_64-linux-gnu/libnss_compat-2.19.so
7fbc2bdd0000-7fbc2bdd1000 r--p 00008000 08:02 1053729                    /lib/x86_64-linux-gnu/libnss_compat-2.19.so
7fbc2bdd1000-7fbc2bdd2000 rw-p 00009000 08:02 1053729                    /lib/x86_64-linux-gnu/libnss_compat-2.19.so
7fbc2bdd2000-7fbc2bdfd000 r-xp 00000000 08:02 6960429                    /usr/lib/jvm/java-7-openjdk-amd64/jre/lib/amd64/libjava.so
7fbc2bdfd000-7fbc2bffd000 ---p 0002b000 08:02 6960429                    /usr/lib/jvm/java-7-openjdk-amd64/jre/lib/amd64/libjava.so
7fbc2bffd000-7fbc2bffe000 r--p 0002b000 08:02 6960429                    /usr/lib/jvm/java-7-openjdk-amd64/jre/lib/amd64/libjava.so
7fbc2bffe000-7fbc2c000000 rw-p 0002c000 08:02 6960429                    /usr/lib/jvm/java-7-openjdk-amd64/jre/lib/amd64/libjava.so
7fbc2c000000-7fbc2c388000 rw-p 00000000 00:00 0 
7fbc2c388000-7fbc30000000 ---p 00000000 00:00 0 
7fbc30000000-7fbc30001000 r--s 0008d000 08:02 3283330                    /home/roah/jmonkeyplatform/3.1/jmonkeyplatform/libs/lwjgl-platform-2.9.3-natives-linux.jar
7fbc30001000-7fbc30003000 r--s 0000e000 08:02 3287360                    /home/roah/jmonkeyplatform/3.1/jmonkeyplatform/libs/denseC64-0.27.jar
7fbc30003000-7fbc3000b000 r--s 0006a000 08:02 3283929                    /home/roah/jmonkeyplatform/3.1/jmonkeyplatform/libs/jme3-blender-3.1.0-alpha1.jar
7fbc3000b000-7fbc30011000 r--s 0003f000 08:02 3282776                    /home/roah/Documents/Jmonkey/3.1/MultiverseKing_Latest_2/MultiverseKing_JME/externalLibs/logback-classic-1.1.3.jar
7fbc30011000-7fbc300ad000 rw-p 00000000 00:00 0 
7fbc300ad000-7fbc300ae000 ---p 00000000 00:00 0 
7fbc300ae000-7fbc301bb000 rw-p 00000000 00:00 0                          [stack:7527]
7fbc301bb000-7fbc30201000 rw-p 00000000 00:00 0 
7fbc30201000-7fbc30211000 r-xp 00000000 08:02 6960451                    /usr/lib/jvm/java-7-openjdk-amd64/jre/lib/amd64/libverify.so
7fbc30211000-7fbc30410000 ---p 00010000 08:02 6960451                    /usr/lib/jvm/java-7-openjdk-amd64/jre/lib/amd64/libverify.so
7fbc30410000-7fbc30412000 r--p 0000f000 08:02 6960451                    /usr/lib/jvm/java-7-openjdk-amd64/jre/lib/amd64/libverify.so
7fbc30412000-7fbc30413000 rw-p 00011000 08:02 6960451                    /usr/lib/jvm/java-7-openjdk-amd64/jre/lib/amd64/libverify.so
7fbc30413000-7fbc3041a000 r-xp 00000000 08:02 1053747                    /lib/x86_64-linux-gnu/librt-2.19.so
7fbc3041a000-7fbc30619000 ---p 00007000 08:02 1053747                    /lib/x86_64-linux-gnu/librt-2.19.so
7fbc30619000-7fbc3061a000 r--p 00006000 08:02 1053747                    /lib/x86_64-linux-gnu/librt-2.19.so
7fbc3061a000-7fbc3061b000 rw-p 00007000 08:02 1053747                    /lib/x86_64-linux-gnu/librt-2.19.so
7fbc3061b000-7fbc30631000 r-xp 00000000 08:02 1052693                    /lib/x86_64-linux-gnu/libgcc_s.so.1
7fbc30631000-7fbc30830000 ---p 00016000 08:02 1052693                    /lib/x86_64-linux-gnu/libgcc_s.so.1
7fbc30830000-7fbc30831000 rw-p 00015000 08:02 1052693                    /lib/x86_64-linux-gnu/libgcc_s.so.1
7fbc30831000-7fbc30936000 r-xp 00000000 08:02 1052931                    /lib/x86_64-linux-gnu/libm-2.19.so
7fbc30936000-7fbc30b35000 ---p 00105000 08:02 1052931                    /lib/x86_64-linux-gnu/libm-2.19.so
7fbc30b35000-7fbc30b36000 r--p 00104000 08:02 1052931                    /lib/x86_64-linux-gnu/libm-2.19.so
7fbc30b36000-7fbc30b37000 rw-p 00105000 08:02 1052931                    /lib/x86_64-linux-gnu/libm-2.19.so
7fbc30b37000-7fbc30c1d000 r-xp 00000000 08:02 6951687                    /usr/lib/x86_64-linux-gnu/libstdc++.so.6.0.19
7fbc30c1d000-7fbc30e1c000 ---p 000e6000 08:02 6951687                    /usr/lib/x86_64-linux-gnu/libstdc++.so.6.0.19
7fbc30e1c000-7fbc30e24000 r--p 000e5000 08:02 6951687                    /usr/lib/x86_64-linux-gnu/libstdc++.so.6.0.19
7fbc30e24000-7fbc30e26000 rw-p 000ed000 08:02 6951687                    /usr/lib/x86_64-linux-gnu/libstdc++.so.6.0.19
7fbc30e26000-7fbc30e3b000 rw-p 00000000 00:00 0 
7fbc30e3b000-7fbc3195f000 r-xp 00000000 08:02 6960438                    /usr/lib/jvm/java-7-openjdk-amd64/jre/lib/amd64/server/libjvm.so
7fbc3195f000-7fbc31b5f000 ---p 00b24000 08:02 6960438                    /usr/lib/jvm/java-7-openjdk-amd64/jre/lib/amd64/server/libjvm.so
7fbc31b5f000-7fbc31bf9000 r--p 00b24000 08:02 6960438                    /usr/lib/jvm/java-7-openjdk-amd64/jre/lib/amd64/server/libjvm.so
7fbc31bf9000-7fbc31c1c000 rw-p 00bbe000 08:02 6960438                    /usr/lib/jvm/java-7-openjdk-amd64/jre/lib/amd64/server/libjvm.so
7fbc31c1c000-7fbc31c4a000 rw-p 00000000 00:00 0 
7fbc31c4a000-7fbc31c62000 r-xp 00000000 08:02 1052769                    /lib/x86_64-linux-gnu/libz.so.1.2.8
7fbc31c62000-7fbc31e61000 ---p 00018000 08:02 1052769                    /lib/x86_64-linux-gnu/libz.so.1.2.8
7fbc31e61000-7fbc31e62000 r--p 00017000 08:02 1052769                    /lib/x86_64-linux-gnu/libz.so.1.2.8
7fbc31e62000-7fbc31e63000 rw-p 00018000 08:02 1052769                    /lib/x86_64-linux-gnu/libz.so.1.2.8
7fbc31e63000-7fbc31e7c000 r-xp 00000000 08:02 1053743                    /lib/x86_64-linux-gnu/libpthread-2.19.so
7fbc31e7c000-7fbc3207b000 ---p 00019000 08:02 1053743                    /lib/x86_64-linux-gnu/libpthread-2.19.so
7fbc3207b000-7fbc3207c000 r--p 00018000 08:02 1053743                    /lib/x86_64-linux-gnu/libpthread-2.19.so
7fbc3207c000-7fbc3207d000 rw-p 00019000 08:02 1053743                    /lib/x86_64-linux-gnu/libpthread-2.19.so
7fbc3207d000-7fbc32081000 rw-p 00000000 00:00 0 
7fbc32081000-7fbc32084000 r-xp 00000000 08:02 1053719                    /lib/x86_64-linux-gnu/libdl-2.19.so
7fbc32084000-7fbc32283000 ---p 00003000 08:02 1053719                    /lib/x86_64-linux-gnu/libdl-2.19.so
7fbc32283000-7fbc32284000 r--p 00002000 08:02 1053719                    /lib/x86_64-linux-gnu/libdl-2.19.so
7fbc32284000-7fbc32285000 rw-p 00003000 08:02 1053719                    /lib/x86_64-linux-gnu/libdl-2.19.so
7fbc32285000-7fbc32440000 r-xp 00000000 08:02 1053741                    /lib/x86_64-linux-gnu/libc-2.19.so
7fbc32440000-7fbc3263f000 ---p 001bb000 08:02 1053741                    /lib/x86_64-linux-gnu/libc-2.19.so
7fbc3263f000-7fbc32643000 r--p 001ba000 08:02 1053741                    /lib/x86_64-linux-gnu/libc-2.19.so
7fbc32643000-7fbc32645000 rw-p 001be000 08:02 1053741                    /lib/x86_64-linux-gnu/libc-2.19.so
7fbc32645000-7fbc3264a000 rw-p 00000000 00:00 0 
7fbc3264a000-7fbc32657000 r-xp 00000000 08:02 6960452                    /usr/lib/jvm/java-7-openjdk-amd64/jre/lib/amd64/jli/libjli.so
7fbc32657000-7fbc32856000 ---p 0000d000 08:02 6960452                    /usr/lib/jvm/java-7-openjdk-amd64/jre/lib/amd64/jli/libjli.so
7fbc32856000-7fbc32857000 r--p 0000c000 08:02 6960452                    /usr/lib/jvm/java-7-openjdk-amd64/jre/lib/amd64/jli/libjli.so
7fbc32857000-7fbc32858000 rw-p 0000d000 08:02 6960452                    /usr/lib/jvm/java-7-openjdk-amd64/jre/lib/amd64/jli/libjli.so
7fbc32858000-7fbc3287b000 r-xp 00000000 08:02 1053735                    /lib/x86_64-linux-gnu/ld-2.19.so
7fbc3287b000-7fbc3287c000 r--s 00095000 08:02 3283217                    /home/roah/jmonkeyplatform/3.1/jmonkeyplatform/libs/lwjgl-platform-2.9.3-natives-windows.jar
7fbc3287c000-7fbc3287e000 r--s 0000f000 08:02 3290144                    /home/roah/jmonkeyplatform/3.1/jmonkeyplatform/libs/core-0.27.jar
7fbc3287e000-7fbc32889000 r--s 00065000 08:02 3301023                    /home/roah/Documents/Jmonkey/3.1/MultiverseKing_Latest_2/MultiverseKing_JME/externalLibs/logback-core-1.1.3.jar
7fbc32889000-7fbc32893000 rw-p 00000000 00:00 0 
7fbc32893000-7fbc32949000 rw-p 00000000 00:00 0 
7fbc32949000-7fbc3294c000 ---p 00000000 00:00 0 
7fbc3294c000-7fbc32a4e000 rw-p 00000000 00:00 0 
7fbc32a4e000-7fbc32a4f000 r--s 00002000 08:02 3287691                    /home/roah/jmonkeyplatform/3.1/jmonkeyplatform/libs/simple-0.27.jar
7fbc32a4f000-7fbc32a53000 r--s 00036000 08:02 3300956                    /home/roah/Documents/Jmonkey/3.1/MultiverseKing_Latest_2/MultiverseKing_JME/externalLibs/Zay-ES.jar
7fbc32a53000-7fbc32a54000 r--s 00005000 08:02 3300955                    /home/roah/Documents/Jmonkey/3.1/MultiverseKing_Latest_2/MultiverseKing_JME/externalLibs/json-simple-1.1.1.jar
7fbc32a54000-7fbc32a56000 r--s 00005000 08:02 3300958                    /home/roah/Documents/Jmonkey/3.1/MultiverseKing_Latest_2/MultiverseKing_JME/externalLibs/slf4j-api-1.7.5.jar
7fbc32a56000-7fbc32a59000 r--s 00022000 08:02 3300961                    /home/roah/Documents/Jmonkey/3.1/MultiverseKing_Latest_2/MultiverseKing_JME/externalLibs/libnoiseforjava.jar
7fbc32a59000-7fbc32a5d000 r--s 0003c000 08:02 6960396                    /usr/lib/jvm/java-7-openjdk-amd64/jre/lib/ext/sunpkcs11.jar
7fbc32a5d000-7fbc32a5f000 r--s 00012000 08:02 6960390                    /usr/lib/jvm/java-7-openjdk-amd64/jre/lib/ext/zipfs.jar
7fbc32a5f000-7fbc32a60000 r--s 00002000 08:02 6960398                    /usr/lib/jvm/java-7-openjdk-amd64/jre/lib/ext/dnsns.jar
7fbc32a60000-7fbc32a63000 r--s 0000f000 08:02 6960393                    /usr/lib/jvm/java-7-openjdk-amd64/jre/lib/ext/icedtea-sound.jar
7fbc32a63000-7fbc32a65000 r--s 00006000 08:02 9734                       /usr/share/java/java-atk-wrapper.jar
7fbc32a65000-7fbc32a69000 r--s 00085000 08:02 6960392                    /usr/lib/jvm/java-7-openjdk-amd64/jre/lib/ext/localedata.jar
7fbc32a69000-7fbc32a6d000 r--s 00034000 08:02 6960395                    /usr/lib/jvm/java-7-openjdk-amd64/jre/lib/ext/sunjce_provider.jar
7fbc32a6d000-7fbc32a75000 rw-s 00000000 08:02 5505098                    /tmp/hsperfdata_roah/7521 (deleted)
7fbc32a75000-7fbc32a76000 rw-p 00000000 00:00 0 
7fbc32a76000-7fbc32a77000 ---p 00000000 00:00 0 
7fbc32a77000-7fbc32a7a000 rw-p 00000000 00:00 0 
7fbc32a7a000-7fbc32a7b000 r--p 00022000 08:02 1053735                    /lib/x86_64-linux-gnu/ld-2.19.so
7fbc32a7b000-7fbc32a7c000 rw-p 00023000 08:02 1053735                    /lib/x86_64-linux-gnu/ld-2.19.so
7fbc32a7c000-7fbc32a7d000 rw-p 00000000 00:00 0 
7ffe0283e000-7ffe02860000 rw-p 00000000 00:00 0                          [stack]
7ffe029b7000-7ffe029b9000 r-xp 00000000 00:00 0                          [vdso]
ffffffffff600000-ffffffffff601000 r-xp 00000000 00:00 0                  [vsyscall]

VM Arguments:
jvm_args: -Dfile.encoding=UTF-8 
java_command: org.multiverseking.battle.standalonetest.Main
Launcher Type: SUN_STANDARD

Environment Variables:
PATH=/usr/local/sbin:/usr/local/bin:/usr/sbin:/usr/bin:/sbin:/bin:/usr/games:/usr/local/games
LD_LIBRARY_PATH=/home/roah/jmonkeyplatform/3.1/bin/../jdk/jre/lib/amd64:/home/roah/jmonkeyplatform/3.1/bin/../jdk/jre/lib/i386:
SHELL=/bin/bash
DISPLAY=:0

Signal Handlers:
SIGSEGV: [libjvm.so+0x9548f0], sa_mask[0]=0x7ffbfeff, sa_flags=0x10000004
SIGBUS: [libjvm.so+0x9548f0], sa_mask[0]=0x7ffbfeff, sa_flags=0x10000004
SIGFPE: [libjvm.so+0x7cb0b0], sa_mask[0]=0x7ffbfeff, sa_flags=0x10000004
SIGPIPE: [libjvm.so+0x7cb0b0], sa_mask[0]=0x7ffbfeff, sa_flags=0x10000004
SIGXFSZ: [libjvm.so+0x7cb0b0], sa_mask[0]=0x7ffbfeff, sa_flags=0x10000004
SIGILL: [libjvm.so+0x7cb0b0], sa_mask[0]=0x7ffbfeff, sa_flags=0x10000004
SIGUSR1: SIG_DFL, sa_mask[0]=0x00000000, sa_flags=0x00000000
SIGUSR2: [libjvm.so+0x7caf50], sa_mask[0]=0x00000004, sa_flags=0x10000004
SIGHUP: [libjvm.so+0x7cb130], sa_mask[0]=0x7ffbfeff, sa_flags=0x10000004
SIGINT: SIG_IGN, sa_mask[0]=0x00000000, sa_flags=0x00000000
SIGTERM: [libjvm.so+0x7cb130], sa_mask[0]=0x7ffbfeff, sa_flags=0x10000004
SIGQUIT: [libjvm.so+0x7cb130], sa_mask[0]=0x7ffbfeff, sa_flags=0x10000004
SIGTRAP: SIG_DFL, sa_mask[0]=0x00000000, sa_flags=0x00000000


---------------  S Y S T E M  ---------------

OS:Ubuntu 14.04 (trusty)
uname:Linux 3.13.0-74-generic #118-Ubuntu SMP Thu Dec 17 22:52:10 UTC 2015 x86_64
libc:glibc 2.19 NPTL 2.19 
rlimit: STACK 8192k, CORE 0k, NPROC 61783, NOFILE 4096, AS infinity
load average:1,87 1,43 1,14

/proc/meminfo:
MemTotal:        8128140 kB
MemFree:         2518776 kB
Buffers:          508128 kB
Cached:          1846004 kB
SwapCached:            0 kB
Active:          3591988 kB
Inactive:        1482308 kB
Active(anon):    2726928 kB
Inactive(anon):    82404 kB
Active(file):     865060 kB
Inactive(file):  1399904 kB
Unevictable:          32 kB
Mlocked:              32 kB
SwapTotal:       8340476 kB
SwapFree:        8340476 kB
Dirty:               508 kB
Writeback:             0 kB
AnonPages:       2720248 kB
Mapped:           480436 kB
Shmem:             89172 kB
Slab:             319700 kB
SReclaimable:     269836 kB
SUnreclaim:        49864 kB
KernelStack:        6176 kB
PageTables:        53552 kB
NFS_Unstable:          0 kB
Bounce:                0 kB
WritebackTmp:          0 kB
CommitLimit:    12404544 kB
Committed_AS:    7630016 kB
VmallocTotal:   34359738367 kB
VmallocUsed:      126648 kB
VmallocChunk:   34359591420 kB
HardwareCorrupted:     0 kB
AnonHugePages:   1042432 kB
HugePages_Total:       0
HugePages_Free:        0
HugePages_Rsvd:        0
HugePages_Surp:        0
Hugepagesize:       2048 kB
DirectMap4k:      279452 kB
DirectMap2M:     8060928 kB


CPU:total 8 (4 cores per cpu, 2 threads per core) family 6 model 58 stepping 9, cmov, cx8, fxsr, mmx, sse, sse2, sse3, ssse3, sse4.1, sse4.2, popcnt, avx, aes, erms, ht, tsc, tscinvbit, tscinv

/proc/cpuinfo:
processor	: 0
vendor_id	: GenuineIntel
cpu family	: 6
model		: 58
model name	: Intel(R) Core(TM) i7-3770 CPU @ 3.40GHz
stepping	: 9
microcode	: 0x12
cpu MHz		: 2800.000
cache size	: 8192 KB
physical id	: 0
siblings	: 8
core id		: 0
cpu cores	: 4
apicid		: 0
initial apicid	: 0
fpu		: yes
fpu_exception	: yes
cpuid level	: 13
wp		: yes
flags		: fpu vme de pse tsc msr pae mce cx8 apic sep mtrr pge mca cmov pat pse36 clflush dts acpi mmx fxsr sse sse2 ss ht tm pbe syscall nx rdtscp lm constant_tsc arch_perfmon pebs bts rep_good nopl xtopology nonstop_tsc aperfmperf eagerfpu pni pclmulqdq dtes64 monitor ds_cpl vmx smx est tm2 ssse3 cx16 xtpr pdcm pcid sse4_1 sse4_2 x2apic popcnt tsc_deadline_timer aes xsave avx f16c rdrand lahf_lm ida arat epb xsaveopt pln pts dtherm tpr_shadow vnmi flexpriority ept vpid fsgsbase smep erms
bogomips	: 6800.31
clflush size	: 64
cache_alignment	: 64
address sizes	: 36 bits physical, 48 bits virtual
power management:

processor	: 1
vendor_id	: GenuineIntel
cpu family	: 6
model		: 58
model name	: Intel(R) Core(TM) i7-3770 CPU @ 3.40GHz
stepping	: 9
microcode	: 0x12
cpu MHz		: 2900.000
cache size	: 8192 KB
physical id	: 0
siblings	: 8
core id		: 1
cpu cores	: 4
apicid		: 2
initial apicid	: 2
fpu		: yes
fpu_exception	: yes
cpuid level	: 13
wp		: yes
flags		: fpu vme de pse tsc msr pae mce cx8 apic sep mtrr pge mca cmov pat pse36 clflush dts acpi mmx fxsr sse sse2 ss ht tm pbe syscall nx rdtscp lm constant_tsc arch_perfmon pebs bts rep_good nopl xtopology nonstop_tsc aperfmperf eagerfpu pni pclmulqdq dtes64 monitor ds_cpl vmx smx est tm2 ssse3 cx16 xtpr pdcm pcid sse4_1 sse4_2 x2apic popcnt tsc_deadline_timer aes xsave avx f16c rdrand lahf_lm ida arat epb xsaveopt pln pts dtherm tpr_shadow vnmi flexpriority ept vpid fsgsbase smep erms
bogomips	: 6800.31
clflush size	: 64
cache_alignment	: 64
address sizes	: 36 bits physical, 48 bits virtual
power management:

processor	: 2
vendor_id	: GenuineIntel
cpu family	: 6
model		: 58
model name	: Intel(R) Core(TM) i7-3770 CPU @ 3.40GHz
stepping	: 9
microcode	: 0x12
cpu MHz		: 1600.000
cache size	: 8192 KB
physical id	: 0
siblings	: 8
core id		: 2
cpu cores	: 4
apicid		: 4
initial apicid	: 4
fpu		: yes
fpu_exception	: yes
cpuid level	: 13
wp		: yes
flags		: fpu vme de pse tsc msr pae mce cx8 apic sep mtrr pge mca cmov pat pse36 clflush dts acpi mmx fxsr sse sse2 ss ht tm pbe syscall nx rdtscp lm constant_tsc arch_perfmon pebs bts rep_good nopl xtopology nonstop_tsc aperfmperf eagerfpu pni pclmulqdq dtes64 monitor ds_cpl vmx smx est tm2 ssse3 cx16 xtpr pdcm pcid sse4_1 sse4_2 x2apic popcnt tsc_deadline_timer aes xsave avx f16c rdrand lahf_lm ida arat epb xsaveopt pln pts dtherm tpr_shadow vnmi flexpriority ept vpid fsgsbase smep erms
bogomips	: 6800.31
clflush size	: 64
cache_alignment	: 64
address sizes	: 36 bits physical, 48 bits virtual
power management:

processor	: 3
vendor_id	: GenuineIntel
cpu family	: 6
model		: 58
model name	: Intel(R) Core(TM) i7-3770 CPU @ 3.40GHz
stepping	: 9
microcode	: 0x12
cpu MHz		: 3300.000
cache size	: 8192 KB
physical id	: 0
siblings	: 8
core id		: 3
cpu cores	: 4
apicid		: 6
initial apicid	: 6
fpu		: yes
fpu_exception	: yes
cpuid level	: 13
wp		: yes
flags		: fpu vme de pse tsc msr pae mce cx8 apic sep mtrr pge mca cmov pat pse36 clflush dts acpi mmx fxsr sse sse2 ss ht tm pbe syscall nx rdtscp lm constant_tsc arch_perfmon pebs bts rep_good nopl xtopology nonstop_tsc aperfmperf eagerfpu pni pclmulqdq dtes64 monitor ds_cpl vmx smx est tm2 ssse3 cx16 xtpr pdcm pcid sse4_1 sse4_2 x2apic popcnt tsc_deadline_timer aes xsave avx f16c rdrand lahf_lm ida arat epb xsaveopt pln pts dtherm tpr_shadow vnmi flexpriority ept vpid fsgsbase smep erms
bogomips	: 6800.31
clflush size	: 64
cache_alignment	: 64
address sizes	: 36 bits physical, 48 bits virtual
power management:

processor	: 4
vendor_id	: GenuineIntel
cpu family	: 6
model		: 58
model name	: Intel(R) Core(TM) i7-3770 CPU @ 3.40GHz
stepping	: 9
microcode	: 0x12
cpu MHz		: 1600.000
cache size	: 8192 KB
physical id	: 0
siblings	: 8
core id		: 0
cpu cores	: 4
apicid		: 1
initial apicid	: 1
fpu		: yes
fpu_exception	: yes
cpuid level	: 13
wp		: yes
flags		: fpu vme de pse tsc msr pae mce cx8 apic sep mtrr pge mca cmov pat pse36 clflush dts acpi mmx fxsr sse sse2 ss ht tm pbe syscall nx rdtscp lm constant_tsc arch_perfmon pebs bts rep_good nopl xtopology nonstop_tsc aperfmperf eagerfpu pni pclmulqdq dtes64 monitor ds_cpl vmx smx est tm2 ssse3 cx16 xtpr pdcm pcid sse4_1 sse4_2 x2apic popcnt tsc_deadline_timer aes xsave avx f16c rdrand lahf_lm ida arat epb xsaveopt pln pts dtherm tpr_shadow vnmi flexpriority ept vpid fsgsbase smep erms
bogomips	: 6800.31
clflush size	: 64
cache_alignment	: 64
address sizes	: 36 bits physical, 48 bits virtual
power management:

processor	: 5
vendor_id	: GenuineIntel
cpu family	: 6
model		: 58
model name	: Intel(R) Core(TM) i7-3770 CPU @ 3.40GHz
stepping	: 9
microcode	: 0x12
cpu MHz		: 3401.000
cache size	: 8192 KB
physical id	: 0
siblings	: 8
core id		: 1
cpu cores	: 4
apicid		: 3
initial apicid	: 3
fpu		: yes
fpu_exception	: yes
cpuid level	: 13
wp		: yes
flags		: fpu vme de pse tsc msr pae mce cx8 apic sep mtrr pge mca cmov pat pse36 clflush dts acpi mmx fxsr sse sse2 ss ht tm pbe syscall nx rdtscp lm constant_tsc arch_perfmon pebs bts rep_good nopl xtopology nonstop_tsc aperfmperf eagerfpu pni pclmulqdq dtes64 monitor ds_cpl vmx smx est tm2 ssse3 cx16 xtpr pdcm pcid sse4_1 sse4_2 x2apic popcnt tsc_deadline_timer aes xsave avx f16c rdrand lahf_lm ida arat epb xsaveopt pln pts dtherm tpr_shadow vnmi flexpriority ept vpid fsgsbase smep erms
bogomips	: 6800.31
clflush size	: 64
cache_alignment	: 64
address sizes	: 36 bits physical, 48 bits virtual
power management:

processor	: 6
vendor_id	: GenuineIntel
cpu family	: 6
model		: 58
model name	: Intel(R) Core(TM) i7-3770 CPU @ 3.40GHz
stepping	: 9
microcode	: 0x12
cpu MHz		: 1600.000
cache size	: 8192 KB
physical id	: 0
siblings	: 8
core id		: 2
cpu cores	: 4
apicid		: 5
initial apicid	: 5
fpu		: yes
fpu_exception	: yes
cpuid level	: 13
wp		: yes
flags		: fpu vme de pse tsc msr pae mce cx8 apic sep mtrr pge mca cmov pat pse36 clflush dts acpi mmx fxsr sse sse2 ss ht tm pbe syscall nx rdtscp lm constant_tsc arch_perfmon pebs bts rep_good nopl xtopology nonstop_tsc aperfmperf eagerfpu pni pclmulqdq dtes64 monitor ds_cpl vmx smx est tm2 ssse3 cx16 xtpr pdcm pcid sse4_1 sse4_2 x2apic popcnt tsc_deadline_timer aes xsave avx f16c rdrand lahf_lm ida arat epb xsaveopt pln pts dtherm tpr_shadow vnmi flexpriority ept vpid fsgsbase smep erms
bogomips	: 6800.31
clflush size	: 64
cache_alignment	: 64
address sizes	: 36 bits physical, 48 bits virtual
power management:

processor	: 7
vendor_id	: GenuineIntel
cpu family	: 6
model		: 58
model name	: Intel(R) Core(TM) i7-3770 CPU @ 3.40GHz
stepping	: 9
microcode	: 0x12
cpu MHz		: 3300.000
cache size	: 8192 KB
physical id	: 0
siblings	: 8
core id		: 3
cpu cores	: 4
apicid		: 7
initial apicid	: 7
fpu		: yes
fpu_exception	: yes
cpuid level	: 13
wp		: yes
flags		: fpu vme de pse tsc msr pae mce cx8 apic sep mtrr pge mca cmov pat pse36 clflush dts acpi mmx fxsr sse sse2 ss ht tm pbe syscall nx rdtscp lm constant_tsc arch_perfmon pebs bts rep_good nopl xtopology nonstop_tsc aperfmperf eagerfpu pni pclmulqdq dtes64 monitor ds_cpl vmx smx est tm2 ssse3 cx16 xtpr pdcm pcid sse4_1 sse4_2 x2apic popcnt tsc_deadline_timer aes xsave avx f16c rdrand lahf_lm ida arat epb xsaveopt pln pts dtherm tpr_shadow vnmi flexpriority ept vpid fsgsbase smep erms
bogomips	: 6800.31
clflush size	: 64
cache_alignment	: 64
address sizes	: 36 bits physical, 48 bits virtual
power management:



Memory: 4k page, physical 8128140k(2518776k free), swap 8340476k(8340476k free)

vm_info: OpenJDK 64-Bit Server VM (24.91-b01) for linux-amd64 JRE (1.7.0_91-b02), built on Nov 19 2015 06:14:37 by "buildd" with gcc 4.8.2

time: Mon Jan 25 11:23:20 2016
elapsed time: 10 seconds

