#
# A fatal error has been detected by the Java Runtime Environment:
#
#  SIGSEGV (0xb) at pc=0x0000000000000000, pid=4725, tid=140357116577536
#
# JRE version: OpenJDK Runtime Environment (7.0_79-b14) (build 1.7.0_79-b14)
# Java VM: OpenJDK 64-Bit Server VM (24.79-b02 mixed mode linux-amd64 compressed oops)
# Derivative: IcedTea 2.5.6
# Distribution: Ubuntu 14.04 LTS, package 7u79-2.5.6-0ubuntu1.14.04.1
# Problematic frame:
# C  0x0000000000000000
#
# Failed to write core dump. Core dumps have been disabled. To enable core dumping, try "ulimit -c unlimited" before starting Java again
#
# If you would like to submit a bug report, please include
# instructions on how to reproduce the bug and visit:
#   http://icedtea.classpath.org/bugzilla
#

---------------  T H R E A D  ---------------

Current thread is native thread

siginfo:si_signo=SIGSEGV: si_errno=0, si_code=1 (SEGV_MAPERR), si_addr=0x0000000000000000

Registers:
RAX=0x00007fa77210a7c0, RBX=0x0000000000000800, RCX=0x00007fa754598a80, RDX=0x00007fa754598a80
RSP=0x00007fa770133d18, RBP=0x00007fa754582910, RSI=0x0000000000000000, RDI=0x00007fa754582910
R8 =0x000000000014d000, R9 =0x0000000000000001, R10=0x00007fa754582934, R11=0x0000000000000000
R12=0x00007fa754586aa0, R13=0x0000000000012000, R14=0x0000000000002000, R15=0x00007fa770133ec8
RIP=0x0000000000000000, EFLAGS=0x0000000000010246, CSGSFS=0x0000000000000033, ERR=0x0000000000000014
  TRAPNO=0x000000000000000e

Top of Stack: (sp=0x00007fa770133d18)
0x00007fa770133d18:   00007fa771ed34d1 00000000ffffffff
0x00007fa770133d28:   00007fa73c005b60 00007fa7bb800000
0x00007fa770133d38:   00007fa7c6937899 0000000000000000
0x00007fa770133d48:   00007fa7705c9fd2 00007fa754529f60
0x00007fa770133d58:   0000000000000000 0000000000000000
0x00007fa770133d68:   0000000000000000 00007fa75459ac80
0x00007fa770133d78:   00007fa75452abd0 0000000000004000
0x00007fa770133d88:   00007fa7705d1cda 00007fa754544980
0x00007fa770133d98:   00007fa734000ce0 0000000000000000
0x00007fa770133da8:   5700000000000001 0000000000004000
0x00007fa770133db8:   00007fa7705d37eb 0000000000000000
0x00007fa770133dc8:   0000000000000000 0000000000000000
0x00007fa770133dd8:   0000000000000000 0000000000000000
0x00007fa770133de8:   0000000000004000 00007fa75452abd0
0x00007fa770133df8:   00007fa770133ec8 00007fa770133ec0
0x00007fa770133e08:   00007fa754586aa0 00007fa7705ecc80
0x00007fa770133e18:   00007fa770a3dbd2 00007fa74381e040
0x00007fa770133e28:   00007fa74383e040 0000080070133e70
0x00007fa770133e38:   00007fa770133e50 0000000000000000
0x00007fa770133e48:   00007fa770a42ea2 00001fa00000037f
0x00007fa770133e58:   00007fa7705b79ff 00007fa75459ac80
0x00007fa770133e68:   0000000000004000 00007fa754544e40
0x00007fa770133e78:   0000000000000000 00007fa754582910
0x00007fa770133e88:   0000000000000008 00007fa770133ec8
0x00007fa770133e98:   00007fa771ee9544 0000000000000000
0x00007fa770133ea8:   00007fa770133ec0 0000000000002000
0x00007fa770133eb8:   0000000000006000 00007fa74383e040
0x00007fa770133ec8:   0000000000004000 0000000000000000
0x00007fa770133ed8:   00007fa754549e60 0000000000000000
0x00007fa770133ee8:   0000000000000000 0000000000000000
0x00007fa770133ef8:   00007fa7701349c0 00007fa770134700
0x00007fa770133f08:   00007fa771edc73a 00007fa770134700 

Instructions: (pc=0x0000000000000000)
0xffffffffffffffe0:   

Register to memory mapping:

RAX=0x00007fa77210a7c0: <offset 0x2577c0> in /home/roah/Documents/Jmonkey/3.1/MultiverseKing_Latest_2/MultiverseKing_JME/MultiverseKingBattle/libopenal64.so at 0x00007fa771eb3000
RBX=0x0000000000000800 is an unknown value
RCX=0x00007fa754598a80 is an unknown value
RDX=0x00007fa754598a80 is an unknown value
RSP=0x00007fa770133d18 is an unknown value
RBP=0x00007fa754582910 is an unknown value
RSI=0x0000000000000000 is an unknown value
RDI=0x00007fa754582910 is an unknown value
R8 =0x000000000014d000 is an unknown value
R9 =0x0000000000000001 is an unknown value
R10=0x00007fa754582934 is an unknown value
R11=0x0000000000000000 is an unknown value
R12=0x00007fa754586aa0 is an unknown value
R13=0x0000000000012000 is an unknown value
R14=0x0000000000002000 is an unknown value
R15=0x00007fa770133ec8 is an unknown value


Stack: [0x00007fa770034000,0x00007fa770135000],  sp=0x00007fa770133d18,  free space=1023k

---------------  P R O C E S S  ---------------

VM state:at safepoint (shutting down)

VM Mutex/Monitor currently owned by a thread:  ([mutex/lock_event])
[0x00007fa7c0007990] Threads_lock - owner thread: 0x00007fa7c007f800

Heap
 PSYoungGen      total 37376K, used 9522K [0x00000007d6a00000, 0x00000007d9380000, 0x0000000800000000)
  eden space 32256K, 13% used [0x00000007d6a00000,0x00000007d6e4ce98,0x00000007d8980000)
  from space 5120K, 99% used [0x00000007d8e80000,0x00000007d937fb40,0x00000007d9380000)
  to  