#
# A fatal error has been detected by the Java Runtime Environment:
#
#  SIGSEGV (0xb) at pc=0x0000000000000000, pid=9489, tid=140047083038464
#
# JRE version: OpenJDK Runtime Environment (7.0_79-b14) (build 1.7.0_79-b14)
# Java VM: OpenJDK 64-Bit Server VM (24.79-b02 mixed mode linux-amd64 compressed oops)
# Derivative: IcedTea 2.5.6
# Distribution: Ubuntu 14.04 LTS, package 7u79-2.5.6-0ubuntu1.14.04.1
# Problematic frame:
# C  0x0000000000000000
#
# Failed to write core dump. Core dumps have been disabled. To enable core dumping, try "ulimit -c unlimited" before starting Java again
#
# If you would like to submit a bug report, please include
# instructions on how to reproduce the bug and visit:
#   http://icedtea.classpath.org/bugzilla
#

---------------  T H R E A D  ---------------

Current thread is native thread

siginfo:si_signo=SIGSEGV: si_errno=0, si_code=1 (SEGV_MAPERR), si_addr=0x0000000000000000

Registers:
RAX=0x00007f5f49b4e7c0, RBX=0x0000000000000400, RCX=0x00007f5eec55cd80, RDX=0x00007f5eec55cd80
RSP=0x00007f5f40a2dd18, RBP=0x00007f5eec547c20, RSI=0x0000000000000000, RDI=0x00007f5eec547c20
R8 =0x0000000000123c00, R9 =0x0000000000000001, R10=0x00007f5eec547c44, R11=0x0000000000000000
R12=0x00007f5eec54bdb0, R13=0x0000000000012000, R14=0x0000000000001000, R15=0x00007f5f40a2dec8
RIP=0x0000000000000000, EFLAGS=0x0000000000010246, CSGSFS=0x0000000000000033, ERR=0x0000000000000014
  TRAPNO=0x000000000000000e

Top of Stack: (sp=0x00007f5f40a2dd18)
0x00007f5f40a2dd18:   00007f5f499174d1 00000000ffffffff
0x00007f5f40a2dd28:   00007f5ee4005b60 00007f5ebb800000
0x00007f5f40a2dd38:   00007f5f6e04b899 0000000000000000
0x00007f5f40a2dd48:   00007f5f421f6fd2 00007f5eec5348c0
0x00007f5f40a2dd58:   0000000000000000 0000000000000000
0x00007f5f40a2dd68:   0000000000000000 00007f5eec543790
0x00007f5f40a2dd78:   00007f5eec543620 0000000000002000
0x00007f5f40a2dd88:   00007f5f421fecda 00007f5eec534d60
0x00007f5f40a2dd98:   00007f5ed4000ce0 0000000000000000
0x00007f5f40a2dda8:   5700000000000001 0000000000002000
0x00007f5f40a2ddb8:   00007f5f422007eb 0000000000000000
0x00007f5f40a2ddc8:   0000000000000000 0000000000000000
0x00007f5f40a2ddd8:   0000000000000000 0000000000000000
0x00007f5f40a2dde8:   0000000000002000 00007f5eec543620
0x00007f5f40a2ddf8:   00007f5f40a2dec8 00007f5f40a2dec0
0x00007f5f40a2de08:   00007f5eec54bdb0 00007f5f42219c80
0x00007f5f40a2de18:   00007f5f4845abd2 00007f5edc46f040
0x00007f5f40a2de28:   00007f5edc41f040 0000040040a2de70
0x00007f5f40a2de38:   00007f5f40a2de50 0000000000000000
0x00007f5f40a2de48:   00007f5f4845fea2 00001fa00000037f
0x00007f5f40a2de58:   00007f5f421e49ff 00007f5eec543790
0x00007f5f40a2de68:   0000000000002000 00007f5eec52d330
0x00007f5f40a2de78:   0000000000000000 00007f5eec547c20
0x00007f5f40a2de88:   0000000000000008 00007f5f40a2dec8
0x00007f5f40a2de98:   00007f5f4992d544 0000000000000000
0x00007f5f40a2dea8:   00007f5f40a2dec0 0000000000002000
0x00007f5f40a2deb8:   00000000000063d8 00007f5edc41f040
0x00007f5f40a2dec8:   0000000000002000 0000000000000000
0x00007f5f40a2ded8:   00007f5eec544910 0000000000000000
0x00007f5f40a2dee8:   0000000000000000 0000000000000000
0x00007f5f40a2def8:   00007f5f40a2e9c0 00007f5f40a2e700
0x00007f5f40a2df08:   00007f5f4992073a 00007f5f40a2e700 

Instructions: (pc=0x0000000000000000)
0xffffffffffffffe0:   

Register to memory mapping:

RAX=0x00007f5f49b4e7c0: <offset 0x2577c0> in /home/roah/Documents/Jmonkey/3.1/MultiverseKing_Latest_2/MultiverseKing_JME/MultiverseKingBattle/libopenal64.so at 0x00007f5f498f7000
RBX=0x0000000000000400 is an unknown value
RCX=0x00007f5eec55cd80 is an unknown value
RDX=0x00007f5eec55cd80 is an unknown value
RSP=0x00007f5f40a2dd18 is an unknown value
RBP=0x00007f5eec547c20 is an unknown value
RSI=0x0000000000000000 is an unknown value
RDI=0x00007f5eec547c20 is an unknown value
R8 =0x0000000000123c00 is an unknown value
R9 =0x0000000000000001 is an unknown value
R10=0x00007f5eec547c44 is an unknown value
R11=0x0000000000000000 is an unknown value
R12=0x00007f5eec54bdb0 is an unknown value
R13=0x0000000000012000 is an unknown value
R14=0x0000000000001000 is an unknown value
R15=0x00007f5f40a2dec8 is an unknown value


Stack: [0x00007f5f4092e000,0x00007f5f40a2f000],  sp=0x00007f5f40a2dd18,  free space=1023k

---------------  P R O C E S S  ---------------

VM state:at safepoint (shutting down)

VM Mutex/Monitor currently owned by a thread:  ([mutex/lock_event])
[0x00007f5f680079f0] Threads_lock - owner thread: 0x00007f5f6807f800

Heap
 PSYoungGen      total 37376K, used 30894K [0x00000007d6a00000, 0x00000007db300000, 0x0000000800000000)
  eden space 32256K, 79% used [0x00000007d6a00000,0x00000007d832bb00,0x00000007d8980000)
  from space 5120K, 99% used [0x00000007d8980000,0x00000007d8e7ff68,0x00000007d8e80000)
  to   space 5120K, 0% used [0x00000007dae00000,0x00000007dae00000,0x00000007db300000)
 ParOldGen       total 84480K, used 11406K [0x0000000783e00000, 0x0000000789080000, 0x00000007d6a00000)
  object space 84480K, 13% used [0x0000000783e00000,0x0000000784923a20,0x0000000789080000)
 PSPermGen       total 25600K, used 25504K [0x0000000779800000, 0x000000077b100000, 0x0000000783e00000)
  object space 25600K, 99% used [0x0000000779800000,0x000000077b0e8340,0x000000077b100000)

Card table byte_map: [0x00007f5f63d47000,0x00007f5f6417c000] byte_map_base: 0x00007f5f6017b000

Polling page: 0x00007f5f6e752000

Code Cache  [0x00007f5f6417c000, 0x00007f5f643ec000, 0x00007f5f6717c000)
 total_blobs=1017 nmethods=344 adapters=626 free_code_cache=47832Kb largest_free_block=48948288

Compilation events (10 events):
Event: 3,321 Thread 0x00007f5f680b6000  343             sun.util.logging.PlatformLogger::finest (12 bytes)
Event: 3,324 Thread 0x00007f5f680b6000 nmethod 343 0x00007f5f642cb790 code [0x00007f5f642cb940, 0x00007f5f642cbc28]
Event: 3,363 Thread 0x00007f5f680b3800  344             java.util.Arrays::fill (21 bytes)
Event: 3,366 Thread 0x00007f5f680b3800 nmethod 344 0x00007f5f642cb350 code [0x00007f5f642cb4a0, 0x00007f5f642cb698]
Event: 3,373 Thread 0x00007f5f680b6000  345             java.lang.String::indexOf (7 bytes)
Event: 3,374 Thread 0x00007f5f680b6000 nmethod 345 0x00007f5f642ca890 code [0x00007f5f642ca9e0, 0x00007f5f642caac8]
Event: 4,348 Thread 0x00007f5f680b3800  346             java.util.concurrent.locks.ReentrantLock::lock (8 bytes)
Event: 4,348 Thread 0x00007f5f680b6000  347             java.util.concurrent.locks.ReentrantLock$NonfairSync::lock (25 bytes)
Event: 4,351 Thread 0x00007f5f680b6000 nmethod 347 0x00007f5f642c8910 code [0x00007f5f642c8a80, 0x00007f5f642c8be8]
Event: 4,352 Thread 0x00007f5f680b3800 nmethod 346 0x00007f5f642c6e90 code [0x00007f5f642c7040, 0x00007f5f642c7280]

GC Heap History (6 events):
Event: 2,249 GC heap before
{Heap before GC invocations=1 (full 0):
 PSYoungGen      total 37376K, used 32256K [0x00000007d6a00000, 0x00000007d9380000, 0x0000000800000000)
  eden space 32256K, 100% used [0x00000007d6a00000,0x00000007d8980000,0x00000007d8980000)
  from space 5120K, 0% used [0x00000007d8e80000,0x00000007d8e80000,0x00000007d9380000)
  to   space 5120K, 0% used [0x00000007d8980000,0x00000007d8980000,0x00000007d8e80000)
 ParOldGen       total 84480K, used 0K [0x0000000783e00000, 0x0000000789080000, 0x00000007d6a00000)
  object space 84480K, 0% used [0x0000000783e00000,0x0000000783e00000,0x0000000789080000)
 PSPermGen       total 21504K, used 19798K [0x0000000779800000, 0x000000077ad00000, 0x0000000783e00000)
  object space 21504K, 92% used [0x0000000779800000,0x000000077ab55b08,0x000000077ad00000)
Event: 2,256 GC heap after
Heap after GC invocations=1 (full 0):
 PSYoungGen      total 37376K, used 5110K [0x00000007d6a00000, 0x00000007d9380000, 0x0000000800000000)
  eden space 32256K, 0% used [0x00000007d6a00000,0x00000007d6a00000,0x00000007d8980000)
  from space 5120K, 99% used [0x00000007d8980000,0x00000007d8e7d870,0x00000007d8e80000)
  to   space 5120K, 0% used [0x00000007d8e80000,0x00000007d8e80000,0x00000007d9380000)
 ParOldGen       total 84480K, used 5498K [0x0000000783e00000, 0x0000000789080000, 0x00000007d6a00000)
  object space 84480K, 6% used [0x0000000783e00000,0x000000078435ea90,0x0000000789080000)
 PSPermGen       total 21504K, used 19798K [0x0000000779800000, 0x000000077ad00000, 0x0000000783e00000)
  object space 21504K, 92% used [0x0000000779800000,0x000000077ab55b08,0x000000077ad00000)
}
Event: 2,775 GC heap before
{Heap before GC invocations=2 (full 0):
 PSYoungGen      total 37376K, used 37366K [0x00000007d6a00000, 0x00000007d9380000, 0x0000000800000000)
  eden space 32256K, 100% used [0x00000007d6a00000,0x00000007d8980000,0x00000007d8980000)
  from space 5120K, 99% used [0x00000007d8980000,0x00000007d8e7d870,0x00000007d8e80000)
  to   space 5120K, 0% used [0x00000007d8e80000,0x00000007d8e80000,0x00000007d9380000)
 ParOldGen       total 84480K, used 5498K [0x0000000783e00000, 0x0000000789080000, 0x00000007d6a00000)
  object space 84480K, 6% used [0x0000000783e00000,0x000000078435ea90,0x0000000789080000)
 PSPermGen       total 24064K, used 24009K [0x0000000779800000, 0x000000077af80000, 0x0000000783e00000)
  object space 24064K, 99% used [0x0000000779800000,0x000000077af72608,0x000000077af80000)
Event: 2,782 GC heap after
Heap after GC invocations=2 (full 0):
 PSYoungGen      total 37376K, used 5110K [0x00000007d6a00000, 0x00000007d9380000, 0x0000000800000000)
  eden space 32256K, 0% used [0x00000007d6a00000,0x00000007d6a00000,0x00000007d8980000)
  from space 5120K, 99% used [0x00000007d8e80000,0x00000007d937db50,0x00000007d9380000)
  to   space 5120K, 0% used [0x00000007d8980000,0x00000007d8980000,0x00000007d8e80000)
 ParOldGen       total 84480K, used 7932K [0x0000000783e00000, 0x0000000789080000, 0x00000007d6a00000)
  object space 84480K, 9% used [0x0000000783e00000,0x00000007845bf1c0,0x0000000789080000)
 PSPermGen       total 24064K, used 24009K [0x0000000779800000, 0x000000077af80000, 0x0000000783e00000)
  object space 24064K, 99% used [0x0000000779800000,0x000000077af72608,0x000000077af80000)
}
Event: 2,968 GC heap before
{Heap before GC invocations=3 (full 0):
 PSYoungGen      total 37376K, used 35962K [0x00000007d6a00000, 0x00000007d9380000, 0x0000000800000000)
  eden space 32256K, 95% used [0x00000007d6a00000,0x00000007d8820f18,0x00000007d8980000)
  from space 5120K, 99% used [0x00000007d8e80000,0x00000007d937db50,0x00000007d9380000)
  to   space 5120K, 0% used [0x00000007d8980000,0x00000007d8980000,0x00000007d8e80000)
 ParOldGen       total 84480K, used 7932K [0x0000000783e00000, 0x0000000789080000, 0x00000007d6a00000)
  object space 84480K, 9% used [0x0000000783e00000,0x00000007845bf1c0,0x0000000789080000)
 PSPermGen       total 24576K, used 24451K [0x0000000779800000, 0x000000077b000000, 0x0000000783e00000)
  object space 24576K, 99% used [0x0000000779800000,0x000000077afe0cb0,0x000000077b000000)
Event: 2,975 GC heap after
Heap after GC invocations=3 (full 0):
 PSYoungGen      total 37376K, used 5119K [0x00000007d6a00000, 0x00000007db300000, 0x0000000800000000)
  eden space 32256K, 0% used [0x00000007d6a00000,0x00000007d6a00000,0x00000007d8980000)
  from space 5120K, 99% used [0x00000007d8980000,0x00000007d8e7ff68,0x00000007d8e80000)
  to   space 5120K, 0% used [0x00000007dae00000,0x00000007dae00000,0x00000007db300000)
 ParOldGen       total 84480K, used 11406K [0x0000000783e00000, 0x0000000789080000, 0x00000007d6a00000)
  object space 84480K, 13% used [0x0000000783e00000,0x0000000784923a20,0x0000000789080000)
 PSPermGen       total 24576K, used 24451K [0x0000000779800000, 0x000000077b000000, 0x0000000783e00000)
  object space 24576K, 99% used [0x0000000779800000,0x000000077afe0cb0,0x000000077b000000)
}

Deoptimization events (10 events):
Event: 3,265 Thread 0x00007f5f68383800 Uncommon trap: reason=bimorphic action=maybe_recompile pc=0x00007f5f64257888 method=java.util.regex.Pattern$Curly.match(Ljava/util/regex/Matcher;ILjava/lang/CharSequence;)Z @ 19
Event: 3,265 Thread 0x00007f5f68383800 Uncommon trap: reason=class_check action=maybe_recompile pc=0x00007f5f6425a818 method=java.util.regex.Pattern$5.isSatisfiedBy(I)Z @ 5
Event: 3,265 Thread 0x00007f5f68383800 Uncommon trap: reason=bimorphic action=maybe_recompile pc=0x00007f5f64257888 method=java.util.regex.Pattern$Curly.match(Ljava/util/regex/Matcher;ILjava/lang/CharSequence;)Z @ 19
Event: 3,265 Thread 0x00007f5f68383800 Uncommon trap: reason=class_check action=maybe_recompile pc=0x00007f5f6425a818 method=java.util.regex.Pattern$5.isSatisfiedBy(I)Z @ 5
Event: 3,265 Thread 0x00007f5f68383800 Uncommon trap: reason=class_check action=maybe_recompile pc=0x00007f5f6425a818 method=java.util.regex.Pattern$5.isSatisfiedBy(I)Z @ 5
Event: 3,265 Thread 0x00007f5f68383800 Uncommon trap: reason=class_check action=maybe_recompile pc=0x00007f5f6425a818 method=java.util.regex.Pattern$5.isSatisfiedBy(I)Z @ 5
Event: 3,316 Thread 0x00007f5eedab8800 Uncommon trap: reason=predicate action=maybe_recompile pc=0x00007f5f6428c2a4 method=java.lang.Class.getConstructor0([Ljava/lang/Class;I)Ljava/lang/reflect/Constructor; @ 32
Event: 3,316 Thread 0x00007f5eedab8800 Uncommon trap: reason=unreached action=reinterpret pc=0x00007f5f6427f174 method=java.lang.Class.arrayContentsEq([Ljava/lang/Object;[Ljava/lang/Object;)Z @ 1
Event: 3,348 Thread 0x00007f5eedab8800 Uncommon trap: reason=unreached action=reinterpret pc=0x00007f5f64288334 method=java.lang.ref.SoftReference.get()Ljava/lang/Object; @ 6
Event: 3,348 Thread 0x00007f5eedab8800 Uncommon trap: reason=predicate action=maybe_recompile pc=0x00007f5f64291014 method=java.nio.charset.CharsetDecoder.decode(Ljava/nio/ByteBuffer;Ljava/nio/CharBuffer;Z)Ljava/nio/charset/CoderResult; @ 54

Internal exceptions (10 events):
Event: 3,316 Thread 0x00007f5eedab8800 Implicit null exception at 0x00007f5f6428bcdb to 0x00007f5f6428c27d
Event: 3,316 Thread 0x00007f5eedab8800 Implicit null exception at 0x00007f5f6427f0ec to 0x00007f5f6427f161
Event: 3,317 Thread 0x00007f5f68383800 Threw 0x00000007d7f28c20 at /build/openjdk-7-FO0dNI/openjdk-7-7u79-2.5.6/build/openjdk/hotspot/src/share/vm/prims/jvm.cpp:1284
Event: 3,345 Thread 0x00007f5f68383800 Threw 0x00000007d7f2f7f0 at /build/openjdk-7-FO0dNI/openjdk-7-7u79-2.5.6/build/openjdk/hotspot/src/share/vm/prims/jvm.cpp:1284
Event: 3,359 Thread 0x00007f5eedab8800 Threw 0x00000007d7fed690 at /build/openjdk-7-FO0dNI/openjdk-7-7u79-2.5.6/build/openjdk/hotspot/src/share/vm/prims/jvm.cpp:1284
Event: 3,363 Thread 0x00007f5f68383800 Threw 0x00000007d7f43ed0 at /build/openjdk-7-FO0dNI/openjdk-7-7u79-2.5.6/build/openjdk/hotspot/src/share/vm/prims/jvm.cpp:1284
Event: 3,405 Thread 0x00007f5eedab8800 Threw 0x00000007d800cba8 at /build/openjdk-7-FO0dNI/openjdk-7-7u79-2.5.6/build/openjdk/hotspot/src/share/vm/prims/jni.cpp:747
Event: 5,164 Thread 0x00007f5eedab8800 Threw 0x00000007d822dc90 at /build/openjdk-7-FO0dNI/openjdk-7-7u79-2.5.6/build/openjdk/hotspot/src/share/vm/prims/jni.cpp:747
Event: 5,176 Thread 0x00007f5f6836b000 Threw 0x00000007d803ace0 at /build/openjdk-7-FO0dNI/openjdk-7-7u79-2.5.6/build/openjdk/hotspot/src/share/vm/classfile/systemDictionary.cpp:183
Event: 5,176 Thread 0x00007f5f6836b000 Threw 0x00000007d803af70 at /build/openjdk-7-FO0dNI/openjdk-7-7u79-2.5.6/build/openjdk/hotspot/src/share/vm/classfile/systemDictionary.cpp:183

Events (10 events):
Event: 6,176 Thread 0x00007f5f68383800 Thread added: 0x00007f5f68383800
Event: 6,176 loading class 0x00007f5f1401c200
Event: 6,176 Thread 0x00007f5ef0078000 Thread exited: 0x00007f5ef0078000
Event: 6,176 loading class 0x00007f5f081003f0
Event: 6,176 loading class 0x00007f5f081003f0 done
Event: 6,177 loading class 0x00007f5f1401c200 done
Event: 6,177 Thread 0x00007f5f68383800 Thread exited: 0x00007f5f68383800
Event: 6,177 Thread 0x00007f5f6836f800 Thread exited: 0x00007f5f6836f800
Event: 6,177 Thread 0x00007f5f68370800 Thread exited: 0x00007f5f68370800
Event: 6,177 Thread 0x00007f5f6800b800 Thread exited: 0x00007f5f6800b800


Dynamic libraries:
00400000-00401000 r-xp 00000000 08:02 6950259                            /usr/lib/jvm/java-7-openjdk-amd64/jre/bin/java
00600000-00601000 r--p 00000000 08:02 6950259                            /usr/lib/jvm/java-7-openjdk-amd64/jre/bin/java
00601000-00602000 rw-p 00001000 08:02 6950259                            /usr/lib/jvm/java-7-openjdk-amd64/jre/bin/java
00eff000-00f20000 rw-p 00000000 00:00 0                                  [heap]
779800000-77b100000 rw-p 00000000 00:00 0 
77b100000-783e00000 rw-p 00000000 00:00 0 
783e00000-789080000 rw-p 00000000 00:00 0 
789080000-7d6a00000 rw-p 00000000 00:00 0 
7d6a00000-7db300000 rw-p 00000000 00:00 0 
7db300000-800000000 rw-p 00000000 00:00 0 
7f5ecc000000-7f5ecc241000 rw-p 00000000 00:00 0 
7f5ecc241000-7f5ed0000000 ---p 00000000 00:00 0 
7f5ed0000000-7f5ed0021000 rw-p 00000000 00:00 0 
7f5ed0021000-7f5ed4000000 ---p 00000000 00:00 0 
7f5ed4000000-7f5ed4021000 rw-p 00000000 00:00 0 
7f5ed4021000-7f5ed8000000 ---p 00000000 00:00 0 
7f5edbfff000-7f5ee0000000 rw-s 00000000 00:15 391825                     /run/shm/pulse-shm-3806048398
7f5ee0000000-7f5ee0021000 rw-p 00000000 00:00 0 
7f5ee0021000-7f5ee4000000 ---p 00000000 00:00 0 
7f5ee4000000-7f5ee4021000 rw-p 00000000 00:00 0 
7f5ee4021000-7f5ee8000000 ---p 00000000 00:00 0 
7f5ee8000000-7f5ee8024000 rw-p 00000000 00:00 0 
7f5ee8024000-7f5eec000000 ---p 00000000 00:00 0 
7f5eec000000-7f5eedac2000 rw-p 00000000 00:00 0 
7f5eedac2000-7f5ef0000000 ---p 00000000 00:00 0 
7f5ef0000000-7f5ef015f000 rw-p 00000000 00:00 0 
7f5ef015f000-7f5ef4000000 ---p 00000000 00:00 0 
7f5ef4000000-7f5ef4021000 rw-p 00000000 00:00 0 
7f5ef4021000-7f5ef8000000 ---p 00000000 00:00 0 
7f5ef8000000-7f5ef8021000 rw-p 00000000 00:00 0 
7f5ef8021000-7f5efc000000 ---p 00000000 00:00 0 
7f5efc000000-7f5efc030000 rw-p 00000000 00:00 0 
7f5efc030000-7f5f00000000 ---p 00000000 00:00 0 
7f5f00000000-7f5f00021000 rw-p 00000000 00:00 0 
7f5f00021000-7f5f04000000 ---p 00000000 00:00 0 
7f5f04000000-7f5f04021000 rw-p 00000000 00:00 0 
7f5f04021000-7f5f08000000 ---p 00000000 00:00 0 
7f5f08000000-7f5f08441000 rw-p 00000000 00:00 0 
7f5f08441000-7f5f0c000000 ---p 00000000 00:00 0 
7f5f0c000000-7f5f0c021000 rw-p 00000000 00:00 0 
7f5f0c021000-7f5f10000000 ---p 00000000 00:00 0 
7f5f10000000-7f5f10021000 rw-p 00000000 00:00 0 
7f5f10021000-7f5f14000000 ---p 00000000 00:00 0 
7f5f14000000-7f5f14845000 rw-p 00000000 00:00 0 
7f5f14845000-7f5f18000000 ---p 00000000 00:00 0 
7f5f18000000-7f5f18021000 rw-p 00000000 00:00 0 
7f5f18021000-7f5f1c000000 ---p 00000000 00:00 0 
7f5f1c000000-7f5f1c021000 rw-p 00000000 00:00 0 
7f5f1c021000-7f5f20000000 ---p 00000000 00:00 0 
7f5f20000000-7f5f20021000 rw-p 00000000 00:00 0 
7f5f20021000-7f5f24000000 ---p 00000000 00:00 0 
7f5f27cc0000-7f5f2c000000 rw-p 00000000 00:00 0 
7f5f2c000000-7f5f2c021000 rw-p 00000000 00:00 0 
7f5f2c021000-7f5f30000000 ---p 00000000 00:00 0 
7f5f34000000-7f5f34021000 rw-p 00000000 00:00 0 
7f5f34021000-7f5f38000000 ---p 00000000 00:00 0 
7f5f3a342000-7f5f3a742000 rw-s 14250f000 00:05 14583                     /dev/nvidiactl
7f5f3a742000-7f5f3a942000 rw-s 10e435000 00:05 14583                     /dev/nvidiactl
7f5f3b244000-7f5f3b247000 ---p 00000000 00:00 0 
7f5f3b247000-7f5f3b345000 rw-p 00000000 00:00 0                          [stack:9527]
7f5f3b345000-7f5f3b395000 r-xp 00000000 08:02 6956304                    /usr/lib/x86_64-linux-gnu/liblcms2.so.2.0.5
7f5f3b395000-7f5f3b594000 ---p 00050000 08:02 6956304                    /usr/lib/x86_64-linux-gnu/liblcms2.so.2.0.5
7f5f3b594000-7f5f3b595000 r--p 0004f000 08:02 6956304                    /usr/lib/x86_64-linux-gnu/liblcms2.so.2.0.5
7f5f3b595000-7f5f3b59a000 rw-p 00050000 08:02 6956304                    /usr/lib/x86_64-linux-gnu/liblcms2.so.2.0.5
7f5f3b59a000-7f5f3b59e000 r-xp 00000000 08:02 6949805                    /usr/lib/jvm/java-7-openjdk-amd64/jre/lib/amd64/libjavalcms.so
7f5f3b59e000-7f5f3b79d000 ---p 00004000 08:02 6949805                    /usr/lib/jvm/java-7-openjdk-amd64/jre/lib/amd64/libjavalcms.so
7f5f3b79d000-7f5f3b79e000 r--p 00003000 08:02 6949805                    /usr/lib/jvm/java-7-openjdk-amd64/jre/lib/amd64/libjavalcms.so
7f5f3b79e000-7f5f3b79f000 rw-p 00004000 08:02 6949805                    /usr/lib/jvm/java-7-openjdk-amd64/jre/lib/amd64/libjavalcms.so
7f5f3b79f000-7f5f3b7e2000 r-xp 00000000 08:02 6956286                    /usr/lib/x86_64-linux-gnu/libjpeg.so.8.0.2
7f5f3b7e2000-7f5f3b9e2000 ---p 00043000 08:02 6956286                    /usr/lib/x86_64-linux-gnu/libjpeg.so.8.0.2
7f5f3b9e2000-7f5f3b9e3000 r--p 00043000 08:02 6956286                    /usr/lib/x86_64-linux-gnu/libjpeg.so.8.0.2
7f5f3b9e3000-7f5f3b9e4000 rw-p 00044000 08:02 6956286                    /usr/lib/x86_64-linux-gnu/libjpeg.so.8.0.2
7f5f3b9e4000-7f5f3b9f4000 rw-p 00000000 00:00 0 
7f5f3b9f4000-7f5f3b9fe000 r-xp 00000000 08:02 6949784                    /usr/lib/jvm/java-7-openjdk-amd64/jre/lib/amd64/libjavajpeg.so
7f5f3b9fe000-7f5f3bbfd000 ---p 0000a000 08:02 6949784                    /usr/lib/jvm/java-7-openjdk-amd64/jre/lib/amd64/libjavajpeg.so
7f5f3bbfd000-7f5f3bbfe000 r--p 00009000 08:02 6949784                    /usr/lib/jvm/java-7-openjdk-amd64/jre/lib/amd64/libjavajpeg.so
7f5f3bbfe000-7f5f3bbff000 rw-p 0000a000 08:02 6949784                    /usr/lib/jvm/java-7-openjdk-amd64/jre/lib/amd64/libjavajpeg.so
7f5f3bbff000-7f5f3c000000 rw-p 00000000 00:00 0 
7f5f3c000000-7f5f3c021000 rw-p 00000000 00:00 0 
7f5f3c021000-7f5f40000000 ---p 00000000 00:00 0 
7f5f40080000-7f5f40157000 rw-s 00000000 00:04 89980972                   /SYSV00000000 (deleted)
7f5f40157000-7f5f40558000 rw-p 00000000 00:00 0 
7f5f40558000-7f5f4062c000 r-xp 00000000 08:02 6949820                    /usr/lib/jvm/java-7-openjdk-amd64/jre/lib/amd64/libmlib_image.so
7f5f4062c000-7f5f4082b000 ---p 000d4000 08:02 6949820                    /usr/lib/jvm/java-7-openjdk-amd64/jre/lib/amd64/libmlib_image.so
7f5f4082b000-7f5f4082c000 r--p 000d3000 08:02 6949820                    /usr/lib/jvm/java-7-openjdk-amd64/jre/lib/amd64/libmlib_image.so
7f5f4082c000-7f5f4082d000 rw-p 000d4000 08:02 6949820                    /usr/lib/jvm/java-7-openjdk-amd64/jre/lib/amd64/libmlib_image.so
7f5f4082d000-7f5f40830000 ---p 00000000 00:00 0 
7f5f40830000-7f5f4092e000 rw-p 00000000 00:00 0                          [stack:9523]
7f5f4092e000-7f5f4092f000 ---p 00000000 00:00 0 
7f5f4092f000-7f5f40a2f000 rw-p 00000000 00:00 0                          [stack:9522]
7f5f40a2f000-7f5f40a30000 ---p 00000000 00:00 0 
7f5f40a30000-7f5f41230000 rw-p 00000000 00:00 0                          [stack:9521]
7f5f41230000-7f5f41237000 r-xp 00000000 08:02 6956392                    /usr/lib/x86_64-linux-gnu/libogg.so.0.8.1
7f5f41237000-7f5f41437000 ---p 00007000 08:02 6956392                    /usr/lib/x86_64-linux-gnu/libogg.so.0.8.1
7f5f41437000-7f5f41438000 r--p 00007000 08:02 6956392                    /usr/lib/x86_64-linux-gnu/libogg.so.0.8.1
7f5f41438000-7f5f41439000 rw-p 00008000 08:02 6956392                    /usr/lib/x86_64-linux-gnu/libogg.so.0.8.1
7f5f41439000-7f5f41465000 r-xp 00000000 08:02 6956627                    /usr/lib/x86_64-linux-gnu/libvorbis.so.0.4.5
7f5f41465000-7f5f41664000 ---p 0002c000 08:02 6956627                    /usr/lib/x86_64-linux-gnu/libvorbis.so.0.4.5
7f5f41664000-7f5f41665000 r--p 0002b000 08:02 6956627                    /usr/lib/x86_64-linux-gnu/libvorbis.so.0.4.5
7f5f41665000-7f5f41666000 rw-p 0002c000 08:02 6956627                    /usr/lib/x86_64-linux-gnu/libvorbis.so.0.4.5
7f5f41666000-7f5f41919000 r-xp 00000000 08:02 6956629                    /usr/lib/x86_64-linux-gnu/libvorbisenc.so.2.0.8
7f5f41919000-7f5f41b18000 ---p 002b3000 08:02 6956629                    /usr/lib/x86_64-linux-gnu/libvorbisenc.so.2.0.8
7f5f41b18000-7f5f41b34000 r--p 002b2000 08:02 6956629                    /usr/lib/x86_64-linux-gnu/libvorbisenc.so.2.0.8
7f5f41b34000-7f5f41b35000 rw-p 002ce000 08:02 6956629                    /usr/lib/x86_64-linux-gnu/libvorbisenc.so.2.0.8
7f5f41b35000-7f5f41b65000 r-xp 00000000 08:02 6947501                    /usr/lib/x86_64-linux-gnu/libFLAC.so.8.3.0
7f5f41b65000-7f5f41d64000 ---p 00030000 08:02 6947501                    /usr/lib/x86_64-linux-gnu/libFLAC.so.8.3.0
7f5f41d64000-7f5f41d65000 r--p 0002f000 08:02 6947501                    /usr/lib/x86_64-linux-gnu/libFLAC.so.8.3.0
7f5f41d65000-7f5f41d66000 rw-p 00030000 08:02 6947501                    /usr/lib/x86_64-linux-gnu/libFLAC.so.8.3.0
7f5f41d66000-7f5f41d6b000 r-xp 00000000 08:02 6955860                    /usr/lib/x86_64-linux-gnu/libasyncns.so.0.3.1
7f5f41d6b000-7f5f41f6a000 ---p 00005000 08:02 6955860                    /usr/lib/x86_64-linux-gnu/libasyncns.so.0.3.1
7f5f41f6a000-7f5f41f6b000 r--p 00004000 08:02 6955860                    /usr/lib/x86_64-linux-gnu/libasyncns.so.0.3.1
7f5f41f6b000-7f5f41f6c000 rw-p 00005000 08:02 6955860                    /usr/lib/x86_64-linux-gnu/libasyncns.so.0.3.1
7f5f41f6c000-7f5f41fcd000 r-xp 00000000 08:02 6956536                    /usr/lib/x86_64-linux-gnu/libsndfile.so.1.0.25
7f5f41fcd000-7f5f421cd000 ---p 00061000 08:02 6956536                    /usr/lib/x86_64-linux-gnu/libsndfile.so.1.0.25
7f5f421cd000-7f5f421cf000 r--p 00061000 08:02 6956536                    /usr/lib/x86_64-linux-gnu/libsndfile.so.1.0.25
7f5f421cf000-7f5f421d0000 rw-p 00063000 08:02 6956536                    /usr/lib/x86_64-linux-gnu/libsndfile.so.1.0.25
7f5f421d0000-7f5f421d4000 rw-p 00000000 00:00 0 
7f5f421d4000-7f5f4223a000 r-xp 00000000 08:02 216                        /usr/lib/x86_64-linux-gnu/pulseaudio/libpulsecommon-4.0.so
7f5f4223a000-7f5f42439000 ---p 00066000 08:02 216                        /usr/lib/x86_64-linux-gnu/pulseaudio/libpulsecommon-4.0.so
7f5f42439000-7f5f4243a000 r--p 00065000 08:02 216                        /usr/lib/x86_64-linux-gnu/pulseaudio/libpulsecommon-4.0.so
7f5f4243a000-7f5f4243b000 rw-p 00066000 08:02 216                        /usr/lib/x86_64-linux-gnu/pulseaudio/libpulsecommon-4.0.so
7f5f4243b000-7f5f436a9000 r-xp 00000000 08:02 17451                      /usr/lib/nvidia-355/libnvidia-glcore.so.355.06
7f5f436a9000-7f5f436c9000 rwxp 0126e000 08:02 17451                      /usr/lib/nvidia-355/libnvidia-glcore.so.355.06
7f5f436c9000-7f5f43a38000 r-xp 0128e000 08:02 17451                      /usr/lib/nvidia-355/libnvidia-glcore.so.355.06
7f5f43a38000-7f5f43c38000 ---p 015fd000 08:02 17451                      /usr/lib/nvidia-355/libnvidia-glcore.so.355.06
7f5f43c38000-7f5f43fec000 rw-p 015fd000 08:02 17451                      /usr/lib/nvidia-355/libnvidia-glcore.so.355.06
7f5f43fec000-7f5f44000000 rw-p 00000000 00:00 0 
7f5f44000000-7f5f44021000 rw-p 00000000 00:00 0 
7f5f44021000-7f5f48000000 ---p 00000000 00:00 0 
7f5f48021000-7f5f48029000 r-xp 00000000 08:02 1052766                    /lib/x86_64-linux-gnu/libwrap.so.0.7.6
7f5f48029000-7f5f48228000 ---p 00008000 08:02 1052766                    /lib/x86_64-linux-gnu/libwrap.so.0.7.6
7f5f48228000-7f5f48229000 r--p 00007000 08:02 1052766                    /lib/x86_64-linux-gnu/libwrap.so.0.7.6
7f5f48229000-7f5f4822a000 rw-p 00008000 08:02 1052766                    /lib/x86_64-linux-gnu/libwrap.so.0.7.6
7f5f4822a000-7f5f4822b000 rw-p 00000000 00:00 0 
7f5f4822b000-7f5f48235000 r-xp 00000000 08:02 1052648                    /lib/x86_64-linux-gnu/libjson-c.so.2.0.0
7f5f48235000-7f5f48434000 ---p 0000a000 08:02 1052648                    /lib/x86_64-linux-gnu/libjson-c.so.2.0.0
7f5f48434000-7f5f48435000 r--p 00009000 08:02 1052648                    /lib/x86_64-linux-gnu/libjson-c.so.2.0.0
7f5f48435000-7f5f48436000 rw-p 0000a000 08:02 1052648                    /lib/x86_64-linux-gnu/libjson-c.so.2.0.0
7f5f48436000-7f5f4847d000 r-xp 00000000 08:02 6948083                    /usr/lib/x86_64-linux-gnu/libpulse.so.0.16.2
7f5f4847d000-7f5f4867d000 ---p 00047000 08:02 6948083                    /usr/lib/x86_64-linux-gnu/libpulse.so.0.16.2
7f5f4867d000-7f5f4867e000 r--p 00047000 08:02 6948083                    /usr/lib/x86_64-linux-gnu/libpulse.so.0.16.2
7f5f4867e000-7f5f4867f000 rw-p 00048000 08:02 6948083                    /usr/lib/x86_64-linux-gnu/libpulse.so.0.16.2
7f5f48697000-7f5f4869c000 r--s 0004d000 08:02 6948861                    /usr/lib/jvm/java-7-openjdk-amd64/jre/lib/jsse.jar
7f5f4869c000-7f5f486a8000 r--p 00000000 08:02 135613                     /usr/share/locale-langpack/fr/LC_MESSAGES/pulseaudio.mo
7f5f486a8000-7f5f486a9000 rw-p 00000000 00:00 0 
7f5f486a9000-7f5f48729000 rw-s 132d3e000 00:05 14583                     /dev/nvidiactl
7f5f4882b000-7f5f4892b000 rw-s 18e430000 00:05 14583                     /dev/nvidiactl
7f5f48a02000-7f5f48b06000 rw-s 21085b000 00:05 14583                     /dev/nvidiactl
7f5f48b06000-7f5f48b09000 r-xp 00000000 08:02 17454                      /usr/lib/nvidia-355/tls/libnvidia-tls.so.355.06
7f5f48b09000-7f5f48d09000 ---p 00003000 08:02 17454                      /usr/lib/nvidia-355/tls/libnvidia-tls.so.355.06
7f5f48d09000-7f5f48d0a000 rw-p 00003000 08:02 17454                      /usr/lib/nvidia-355/tls/libnvidia-tls.so.355.06
7f5f48d0a000-7f5f48dc7000 r-xp 00000000 08:02 17479                      /usr/lib/nvidia-355/libGL.so.355.06
7f5f48dc7000-7f5f48dfa000 rwxp 000bd000 08:02 17479                      /usr/lib/nvidia-355/libGL.so.355.06
7f5f48dfa000-7f5f48e0c000 r-xp 000f0000 08:02 17479                      /usr/lib/nvidia-355/libGL.so.355.06
7f5f48e0c000-7f5f4900b000 ---p 00102000 08:02 17479                      /usr/lib/nvidia-355/libGL.so.355.06
7f5f4900b000-7f5f49033000 rw-p 00101000 08:02 17479                      /usr/lib/nvidia-355/libGL.so.355.06
7f5f49033000-7f5f49039000 rw-p 00000000 00:00 0 
7f5f49039000-7f5f4903c000 ---p 00000000 00:00 0 
7f5f4903c000-7f5f49072000 rw-p 00000000 00:00 0                          [stack:9518]
7f5f49072000-7f5f49076000 r-xp 00000000 08:02 6955825                    /usr/lib/x86_64-linux-gnu/libXxf86vm.so.1.0.0
7f5f49076000-7f5f49276000 ---p 00004000 08:02 6955825                    /usr/lib/x86_64-linux-gnu/libXxf86vm.so.1.0.0
7f5f49276000-7f5f49277000 r--p 00004000 08:02 6955825                    /usr/lib/x86_64-linux-gnu/libXxf86vm.so.1.0.0
7f5f49277000-7f5f49278000 rw-p 00005000 08:02 6955825                    /usr/lib/x86_64-linux-gnu/libXxf86vm.so.1.0.0
7f5f49278000-7f5f49281000 r-xp 00000000 08:02 6955807                    /usr/lib/x86_64-linux-gnu/libXrandr.so.2.2.0
7f5f49281000-7f5f49480000 ---p 00009000 08:02 6955807                    /usr/lib/x86_64-linux-gnu/libXrandr.so.2.2.0
7f5f49480000-7f5f49481000 r--p 00008000 08:02 6955807                    /usr/lib/x86_64-linux-gnu/libXrandr.so.2.2.0
7f5f49481000-7f5f49482000 rw-p 00009000 08:02 6955807                    /usr/lib/x86_64-linux-gnu/libXrandr.so.2.2.0
7f5f49482000-7f5f494f2000 r-xp 00000000 08:02 3300972                    /home/roah/Documents/Jmonkey/3.1/MultiverseKing_Latest_2/MultiverseKing_JME/MultiverseKingBattle/liblwjgl64.so
7f5f494f2000-7f5f496f2000 ---p 00070000 08:02 3300972                    /home/roah/Documents/Jmonkey/3.1/MultiverseKing_Latest_2/MultiverseKing_JME/MultiverseKingBattle/liblwjgl64.so
7f5f496f2000-7f5f496f4000 r--p 00070000 08:02 3300972                    /home/roah/Documents/Jmonkey/3.1/MultiverseKing_Latest_2/MultiverseKing_JME/MultiverseKingBattle/liblwjgl64.so
7f5f496f4000-7f5f496f5000 rw-p 00072000 08:02 3300972                    /home/roah/Documents/Jmonkey/3.1/MultiverseKing_Latest_2/MultiverseKing_JME/MultiverseKingBattle/liblwjgl64.so
7f5f496f5000-7f5f496f6000 r-xp 00000000 08:02 6949809                    /usr/lib/jvm/java-7-openjdk-amd64/jre/lib/amd64/libjawt.so
7f5f496f6000-7f5f498f5000 ---p 00001000 08:02 6949809                    /usr/lib/jvm/java-7-openjdk-amd64/jre/lib/amd64/libjawt.so
7f5f498f5000-7f5f498f6000 r--p 00000000 08:02 6949809                    /usr/lib/jvm/java-7-openjdk-amd64/jre/lib/amd64/libjawt.so
7f5f498f6000-7f5f498f7000 rw-p 00001000 08:02 6949809                    /usr/lib/jvm/java-7-openjdk-amd64/jre/lib/amd64/libjawt.so
7f5f498f7000-7f5f4994c000 r-xp 00000000 08:02 3300975                    /home/roah/Documents/Jmonkey/3.1/MultiverseKing_Latest_2/MultiverseKing_JME/MultiverseKingBattle/libopenal64.so
7f5f4994c000-7f5f49b4b000 ---p 00055000 08:02 3300975                    /home/roah/Documents/Jmonkey/3.1/MultiverseKing_Latest_2/MultiverseKing_JME/MultiverseKingBattle/libopenal64.so
7f5f49b4b000-7f5f49b4e000 r--p 00054000 08:02 3300975                    /home/roah/Documents/Jmonkey/3.1/MultiverseKing_Latest_2/MultiverseKing_JME/MultiverseKingBattle/libopenal64.so
7f5f49b4e000-7f5f49b4f000 rw-p 00057000 08:02 3300975                    /home/roah/Documents/Jmonkey/3.1/MultiverseKing_Latest_2/MultiverseKing_JME/MultiverseKingBattle/libopenal64.so
7f5f49b4f000-7f5f49b50000 rw-p 00000000 00:00 0 
7f5f49c84000-7f5f49c85000 rw-p 00000000 00:00 0 
7f5f49cad000-7f5f49cb0000 ---p 00000000 00:00 0 
7f5f49cb0000-7f5f49dae000 rw-p 00000000 00:00 0 
7f5f49dae000-7f5f49db8000 r--s 00203000 08:02 6947991                    /usr/lib/jvm/java-7-openjdk-amd64/jre/lib/charsets.jar
7f5f49db8000-7f5f49e0a000 r-xp 00000000 08:02 6949788                    /usr/lib/jvm/java-7-openjdk-amd64/jre/lib/amd64/libfontmanager.so
7f5f49e0a000-7f5f4a009000 ---p 00052000 08:02 6949788                    /usr/lib/jvm/java-7-openjdk-amd64/jre/lib/amd64/libfontmanager.so
7f5f4a009000-7f5f4a00c000 r--p 00051000 08:02 6949788                    /usr/lib/jvm/java-7-openjdk-amd64/jre/lib/amd64/libfontmanager.so
7f5f4a00c000-7f5f4a00d000 rw-p 00054000 08:02 6949788                    /usr/lib/jvm/java-7-openjdk-amd64/jre/lib/amd64/libfontmanager.so
7f5f4a00d000-7f5f4a010000 ---p 00000000 00:00 0 
7f5f4a010000-7f5f4a10e000 rw-p 00000000 00:00 0 
7f5f4a10e000-7f5f4a111000 ---p 00000000 00:00 0 
7f5f4a111000-7f5f4a20f000 rw-p 00000000 00:00 0 
7f5f4a20f000-7f5f4a21a000 r--s 00000000 08:02 4456537                    /var/cache/fontconfig/945677eb7aeaf62f1d50efc3fb3ec7d8-le64.cache-4
7f5f4a21a000-7f5f4a223000 r--s 00000000 08:02 4467669                    /var/cache/fontconfig/a6d8cf8e4ec09cdbc8633c31745a07dd-le64.cache-4
7f5f4a223000-7f5f4a229000 r--s 00000000 08:02 4456522                    /var/cache/fontconfig/2cd17615ca594fa2959ae173292e504c-le64.cache-4
7f5f4a229000-7f5f4a264000 r--s 00000000 08:02 4459944                    /var/cache/fontconfig/365b55f210c0a22e9a19e35191240f32-le64.cache-4
7f5f4a264000-7f5f4a267000 ---p 00000000 00:00 0 
7f5f4a267000-7f5f4a365000 rw-p 00000000 00:00 0 
7f5f4a365000-7f5f4a368000 ---p 00000000 00:00 0 
7f5f4a368000-7f5f4a466000 rw-p 00000000 00:00 0 
7f5f4a466000-7f5f4a469000 ---p 00000000 00:00 0 
7f5f4a469000-7f5f4a567000 rw-p 00000000 00:00 0                          [stack:9511]
7f5f4a567000-7f5f4a56c000 r-xp 00000000 08:02 6956760                    /usr/lib/x86_64-linux-gnu/libXfixes.so.3.1.0
7f5f4a56c000-7f5f4a76b000 ---p 00005000 08:02 6956760                    /usr/lib/x86_64-linux-gnu/libXfixes.so.3.1.0
7f5f4a76b000-7f5f4a76c000 r--p 00004000 08:02 6956760                    /usr/lib/x86_64-linux-gnu/libXfixes.so.3.1.0
7f5f4a76c000-7f5f4a76d000 rw-p 00005000 08:02 6956760                    /usr/lib/x86_64-linux-gnu/libXfixes.so.3.1.0
7f5f4a76d000-7f5f4a776000 r-xp 00000000 08:02 6955781                    /usr/lib/x86_64-linux-gnu/libXcursor.so.1.0.2
7f5f4a776000-7f5f4a975000 ---p 00009000 08:02 6955781                    /usr/lib/x86_64-linux-gnu/libXcursor.so.1.0.2
7f5f4a975000-7f5f4a976000 r--p 00008000 08:02 6955781                    /usr/lib/x86_64-linux-gnu/libXcursor.so.1.0.2
7f5f4a976000-7f5f4a977000 rw-p 00009000 08:02 6955781                    /usr/lib/x86_64-linux-gnu/libXcursor.so.1.0.2
7f5f4a977000-7f5f4a97a000 ---p 00000000 00:00 0 
7f5f4a97a000-7f5f4aa78000 rw-p 00000000 00:00 0                          [stack:9510]
7f5f4aa78000-7f5f4aa7c000 r-xp 00000000 08:02 1052641                    /lib/x86_64-linux-gnu/libgpg-error.so.0.10.0
7f5f4aa7c000-7f5f4ac7b000 ---p 00004000 08:02 1052641                    /lib/x86_64-linux-gnu/libgpg-error.so.0.10.0
7f5f4ac7b000-7f5f4ac7c000 r--p 00003000 08:02 1052641                    /lib/x86_64-linux-gnu/libgpg-error.so.0.10.0
7f5f4ac7c000-7f5f4ac7d000 rw-p 00004000 08:02 1052641                    /lib/x86_64-linux-gnu/libgpg-error.so.0.10.0
7f5f4ac7d000-7f5f4ac7f000 r-xp 00000000 08:02 1052651                    /lib/x86_64-linux-gnu/libkeyutils.so.1.4
7f5f4ac7f000-7f5f4ae7f000 ---p 00002000 08:02 1052651                    /lib/x86_64-linux-gnu/libkeyutils.so.1.4
7f5f4ae7f000-7f5f4ae80000 r--p 00002000 08:02 1052651                    /lib/x86_64-linux-gnu/libkeyutils.so.1.4
7f5f4ae80000-7f5f4ae81000 rw-p 00003000 08:02 1052651                    /lib/x86_64-linux-gnu/libkeyutils.so.1.4
7f5f4ae81000-7f5f4aea6000 r-xp 00000000 08:02 1052723                    /lib/x86_64-linux-gnu/libpng12.so.0.50.0
7f5f4aea6000-7f5f4b0a5000 ---p 00025000 08:02 1052723                    /lib/x86_64-linux-gnu/libpng12.so.0.50.0
7f5f4b0a5000-7f5f4b0a6000 r--p 00024000 08:02 1052723                    /lib/x86_64-linux-gnu/libpng12.so.0.50.0
7f5f4b0a6000-7f5f4b0a7000 rw-p 00025000 08:02 1052723                    /lib/x86_64-linux-gnu/libpng12.so.0.50.0
7f5f4b0a7000-7f5f4b0eb000 r-xp 00000000 08:02 1048742                    /lib/x86_64-linux-gnu/libdbus-1.so.3.7.6
7f5f4b0eb000-7f5f4b2ea000 ---p 00044000 08:02 1048742                    /lib/x86_64-linux-gnu/libdbus-1.so.3.7.6
7f5f4b2ea000-7f5f4b2eb000 r--p 00043000 08:02 1048742                    /lib/x86_64-linux-gnu/libdbus-1.so.3.7.6
7f5f4b2eb000-7f5f4b2ec000 rw-p 00044000 08:02 1048742                    /lib/x86_64-linux-gnu/libdbus-1.so.3.7.6
7f5f4b2ec000-7f5f4b327000 r-xp 00000000 08:02 6956404                    /usr/lib/x86_64-linux-gnu/libp11-kit.so.0.0.0
7f5f4b327000-7f5f4b526000 ---p 0003b000 08:02 6956404                    /usr/lib/x86_64-linux-gnu/libp11-kit.so.0.0.0
7f5f4b526000-7f5f4b52c000 r--p 0003a000 08:02 6956404                    /usr/lib/x86_64-linux-gnu/libp11-kit.so.0.0.0
7f5f4b52c000-7f5f4b52e000 rw-p 00040000 08:02 6956404                    /usr/lib/x86_64-linux-gnu/libp11-kit.so.0.0.0
7f5f4b52e000-7f5f4b540000 r-xp 00000000 08:02 6953825                    /usr/lib/x86_64-linux-gnu/libtasn1.so.6.2.0
7f5f4b540000-7f5f4b740000 ---p 00012000 08:02 6953825                    /usr/lib/x86_64-linux-gnu/libtasn1.so.6.2.0
7f5f4b740000-7f5f4b741000 r--p 00012000 08:02 6953825                    /usr/lib/x86_64-linux-gnu/libtasn1.so.6.2.0
7f5f4b741000-7f5f4b742000 rw-p 00013000 08:02 6953825                    /usr/lib/x86_64-linux-gnu/libtasn1.so.6.2.0
7f5f4b742000-7f5f4b7be000 r-xp 00000000 08:02 1050529                    /lib/x86_64-linux-gnu/libgcrypt.so.11.8.2
7f5f4b7be000-7f5f4b9be000 ---p 0007c000 08:02 1050529                    /lib/x86_64-linux-gnu/libgcrypt.so.11.8.2
7f5f4b9be000-7f5f4b9bf000 r--p 0007c000 08:02 1050529                    /lib/x86_64-linux-gnu/libgcrypt.so.11.8.2
7f5f4b9bf000-7f5f4b9c2000 rw-p 0007d000 08:02 1050529                    /lib/x86_64-linux-gnu/libgcrypt.so.11.8.2
7f5f4b9c2000-7f5f4b9cc000 r-xp 00000000 08:02 6947512                    /usr/lib/x86_64-linux-gnu/libkrb5support.so.0.1
7f5f4b9cc000-7f5f4bbcb000 ---p 0000a000 08:02 6947512                    /usr/lib/x86_64-linux-gnu/libkrb5support.so.0.1
7f5f4bbcb000-7f5f4bbcc000 r--p 00009000 08:02 6947512                    /usr/lib/x86_64-linux-gnu/libkrb5support.so.0.1
7f5f4bbcc000-7f5f4bbcd000 rw-p 0000a000 08:02 6947512                    /usr/lib/x86_64-linux-gnu/libkrb5support.so.0.1
7f5f4bbcd000-7f5f4bbd0000 r-xp 00000000 08:02 1048803                    /lib/x86_64-linux-gnu/libcom_err.so.2.1
7f5f4bbd0000-7f5f4bdcf000 ---p 00003000 08:02 1048803                    /lib/x86_64-linux-gnu/libcom_err.so.2.1
7f5f4bdcf000-7f5f4bdd0000 r--p 00002000 08:02 1048803                    /lib/x86_64-linux-gnu/libcom_err.so.2.1
7f5f4bdd0000-7f5f4bdd1000 rw-p 00003000 08:02 1048803                    /lib/x86_64-linux-gnu/libcom_err.so.2.1
7f5f4bdd1000-7f5f4bdfd000 r-xp 00000000 08:02 6946844                    /usr/lib/x86_64-linux-gnu/libk5crypto.so.3.1
7f5f4bdfd000-7f5f4bffc000 ---p 0002c000 08:02 6946844                    /usr/lib/x86_64-linux-gnu/libk5crypto.so.3.1
7f5f4bffc000-7f5f4bffe000 r--p 0002b000 08:02 6946844                    /usr/lib/x86_64-linux-gnu/libk5crypto.so.3.1
7f5f4bffe000-7f5f4bfff000 rw-p 0002d000 08:02 6946844                    /usr/lib/x86_64-linux-gnu/libk5crypto.so.3.1
7f5f4bfff000-7f5f4c000000 rw-p 00000000 00:00 0 
7f5f4c000000-7f5f4c021000 rw-p 00000000 00:00 0 
7f5f4c021000-7f5f50000000 ---p 00000000 00:00 0 
7f5f50000000-7f5f50021000 rw-p 00000000 00:00 0 
7f5f50021000-7f5f54000000 ---p 00000000 00:00 0 
7f5f54000000-7f5f54021000 rw-p 00000000 00:00 0 
7f5f54021000-7f5f58000000 ---p 00000000 00:00 0 
7f5f58000000-7f5f58001000 rw-s f6060000 00:05 14584                      /dev/nvidia0
7f5f58001000-7f5f58002000 r--s 00000000 08:02 4456543                    /var/cache/fontconfig/c05880de57d1f5e948fdfacc138775d9-le64.cache-4
7f5f58002000-7f5f58004000 r--s 00000000 08:02 4467670                    /var/cache/fontconfig/99e8ed0e538f840c565b6ed5dad60d56-le64.cache-4
7f5f58004000-7f5f58005000 r--s 00000000 08:02 4456553                    /var/cache/fontconfig/e7071f4a29fa870f4323321c154eba04-le64.cache-4
7f5f58005000-7f5f58006000 r--s 00000000 08:02 4456519                    /var/cache/fontconfig/0d8c3b2ac0904cb8a57a757ad11a4a08-le64.cache-4
7f5f58006000-7f5f5800d000 r--s 00000000 08:02 4456540                    /var/cache/fontconfig/a755afe4a08bf5b97852ceb7400b47bc-le64.cache-4
7f5f5800d000-7f5f58011000 r--s 00000000 08:02 4456533                    /var/cache/fontconfig/6d41288fd70b0be22e8c3a91e032eec0-le64.cache-4
7f5f58011000-7f5f58025000 r--s 00000000 08:02 4456517                    /var/cache/fontconfig/04aabc0a78ac019cf9454389977116d2-le64.cache-4
7f5f58025000-7f5f58026000 r--s 00000000 08:02 4456521                    /var/cache/fontconfig/1ac9eb803944fde146138c791f5cc56a-le64.cache-4
7f5f58026000-7f5f5802a000 r--s 00000000 08:02 4456526                    /var/cache/fontconfig/385c0604a188198f04d133e54aba7fe7-le64.cache-4
7f5f5802a000-7f5f5802b000 r--s 00000000 08:02 4456550                    /var/cache/fontconfig/dc05db6664285cc2f12bf69c139ae4c3-le64.cache-4
7f5f5802b000-7f5f5802d000 r--s 00000000 08:02 4456535                    /var/cache/fontconfig/767a8244fc0220cfb567a839d0392e0b-le64.cache-4
7f5f5802d000-7f5f58032000 r--s 00000000 08:02 4465201                    /var/cache/fontconfig/8801497958630a81b71ace7c5f9b32a8-le64.cache-4
7f5f58032000-7f5f58036000 r--s 00000000 08:02 4473785                    /var/cache/fontconfig/c57959a16110560c8d0fcea73374aeeb-le64.cache-4
7f5f58036000-7f5f5803d000 r--s 00000000 08:02 4456524                    /var/cache/fontconfig/3047814df9a2f067bd2d96a2b9c36e5a-le64.cache-4
7f5f5803d000-7f5f58043000 r--s 00000000 08:02 4456541                    /var/cache/fontconfig/b47c4e1ecd0709278f4910c18777a504-le64.cache-4
7f5f58043000-7f5f5804c000 r--s 00000000 08:02 4467667                    /var/cache/fontconfig/52f7bdb7ce746bfd7eaa1985bd9cfa93-le64.cache-4
7f5f5804c000-7f5f5805f000 r--s 00000000 08:02 4456547                    /var/cache/fontconfig/d52a8644073d54c13679302ca1180695-le64.cache-4
7f5f5805f000-7f5f5811b000 r-xp 00000000 08:02 6947242                    /usr/lib/x86_64-linux-gnu/libkrb5.so.3.3
7f5f5811b000-7f5f5831b000 ---p 000bc000 08:02 6947242                    /usr/lib/x86_64-linux-gnu/libkrb5.so.3.3
7f5f5831b000-7f5f58328000 r--p 000bc000 08:02 6947242                    /usr/lib/x86_64-linux-gnu/libkrb5.so.3.3
7f5f58328000-7f5f5832a000 rw-p 000c9000 08:02 6947242                    /usr/lib/x86_64-linux-gnu/libkrb5.so.3.3
7f5f5832a000-7f5f5832f000 r-xp 00000000 08:02 6955785                    /usr/lib/x86_64-linux-gnu/libXdmcp.so.6.0.0
7f5f5832f000-7f5f5852e000 ---p 00005000 08:02 6955785                    /usr/lib/x86_64-linux-gnu/libXdmcp.so.6.0.0
7f5f5852e000-7f5f5852f000 r--p 00004000 08:02 6955785                    /usr/lib/x86_64-linux-gnu/libXdmcp.so.6.0.0
7f5f5852f000-7f5f58530000 rw-p 00005000 08:02 6955785                    /usr/lib/x86_64-linux-gnu/libXdmcp.so.6.0.0
7f5f58530000-7f5f58532000 r-xp 00000000 08:02 6955774                    /usr/lib/x86_64-linux-gnu/libXau.so.6.0.0
7f5f58532000-7f5f58732000 ---p 00002000 08:02 6955774                    /usr/lib/x86_64-linux-gnu/libXau.so.6.0.0
7f5f58732000-7f5f58733000 r--p 00002000 08:02 6955774                    /usr/lib/x86_64-linux-gnu/libXau.so.6.0.0
7f5f58733000-7f5f58734000 rw-p 00003000 08:02 6955774                    /usr/lib/x86_64-linux-gnu/libXau.so.6.0.0
7f5f58734000-7f5f5875b000 r-xp 00000000 08:02 1048767                    /lib/x86_64-linux-gnu/libexpat.so.1.6.0
7f5f5875b000-7f5f5895b000 ---p 00027000 08:02 1048767                    /lib/x86_64-linux-gnu/libexpat.so.1.6.0
7f5f5895b000-7f5f5895d000 r--p 00027000 08:02 1048767                    /lib/x86_64-linux-gnu/libexpat.so.1.6.0
7f5f5895d000-7f5f5895e000 rw-p 00029000 08:02 1048767                    /lib/x86_64-linux-gnu/libexpat.so.1.6.0
7f5f5895e000-7f5f589fb000 r-xp 00000000 08:02 6947040                    /usr/lib/x86_64-linux-gnu/libfreetype.so.6.11.1
7f5f589fb000-7f5f58bfa000 ---p 0009d000 08:02 6947040                    /usr/lib/x86_64-linux-gnu/libfreetype.so.6.11.1
7f5f58bfa000-7f5f58c00000 r--p 0009c000 08:02 6947040                    /usr/lib/x86_64-linux-gnu/libfreetype.so.6.11.1
7f5f58c00000-7f5f58c01000 rw-p 000a2000 08:02 6947040                    /usr/lib/x86_64-linux-gnu/libfreetype.so.6.11.1
7f5f58c01000-7f5f58c10000 r-xp 00000000 08:02 6955872                    /usr/lib/x86_64-linux-gnu/libavahi-client.so.3.2.9
7f5f58c10000-7f5f58e10000 ---p 0000f000 08:02 6955872                    /usr/lib/x86_64-linux-gnu/libavahi-client.so.3.2.9
7f5f58e10000-7f5f58e11000 r--p 0000f000 08:02 6955872                    /usr/lib/x86_64-linux-gnu/libavahi-client.so.3.2.9
7f5f58e11000-7f5f58e12000 rw-p 00010000 08:02 6955872                    /usr/lib/x86_64-linux-gnu/libavahi-client.so.3.2.9
7f5f58e12000-7f5f58e1d000 r-xp 00000000 08:02 6955874                    /usr/lib/x86_64-linux-gnu/libavahi-common.so.3.5.3
7f5f58e1d000-7f5f5901c000 ---p 0000b000 08:02 6955874                    /usr/lib/x86_64-linux-gnu/libavahi-common.so.3.5.3
7f5f5901c000-7f5f5901d000 r--p 0000a000 08:02 6955874                    /usr/lib/x86_64-linux-gnu/libavahi-common.so.3.5.3
7f5f5901d000-7f5f5901e000 rw-p 0000b000 08:02 6955874                    /usr/lib/x86_64-linux-gnu/libavahi-common.so.3.5.3
7f5f5901e000-7f5f590d4000 r-xp 00000000 08:02 6948260                    /usr/lib/x86_64-linux-gnu/libgnutls.so.26.22.6
7f5f590d4000-7f5f592d4000 ---p 000b6000 08:02 6948260                    /usr/lib/x86_64-linux-gnu/libgnutls.so.26.22.6
7f5f592d4000-7f5f592da000 r--p 000b6000 08:02 6948260                    /usr/lib/x86_64-linux-gnu/libgnutls.so.26.22.6
7f5f592da000-7f5f592db000 rw-p 000bc000 08:02 6948260                    /usr/lib/x86_64-linux-gnu/libgnutls.so.26.22.6
7f5f592db000-7f5f592dc000 rw-p 00000000 00:00 0 
7f5f592dc000-7f5f5931f000 r-xp 00000000 08:02 6946986                    /usr/lib/x86_64-linux-gnu/libgssapi_krb5.so.2.2
7f5f5931f000-7f5f5951f000 ---p 00043000 08:02 6946986                    /usr/lib/x86_64-linux-gnu/libgssapi_krb5.so.2.2
7f5f5951f000-7f5f59520000 r--p 00043000 08:02 6946986                    /usr/lib/x86_64-linux-gnu/libgssapi_krb5.so.2.2
7f5f59520000-7f5f59522000 rw-p 00044000 08:02 6946986                    /usr/lib/x86_64-linux-gnu/libgssapi_krb5.so.2.2
7f5f59522000-7f5f5953f000 r-xp 00000000 08:02 6956693                    /usr/lib/x86_64-linux-gnu/libxcb.so.1.1.0
7f5f5953f000-7f5f5973f000 ---p 0001d000 08:02 6956693                    /usr/lib/x86_64-linux-gnu/libxcb.so.1.1.0
7f5f5973f000-7f5f59740000 r--p 0001d000 08:02 6956693                    /usr/lib/x86_64-linux-gnu/libxcb.so.1.1.0
7f5f59740000-7f5f59741000 rw-p 0001e000 08:02 6956693                    /usr/lib/x86_64-linux-gnu/libxcb.so.1.1.0
7f5f59741000-7f5f5977b000 r-xp 00000000 08:02 6956029                    /usr/lib/x86_64-linux-gnu/libfontconfig.so.1.8.0
7f5f5977b000-7f5f5997a000 ---p 0003a000 08:02 6956029                    /usr/lib/x86_64-linux-gnu/libfontconfig.so.1.8.0
7f5f5997a000-7f5f5997c000 r--p 00039000 08:02 6956029                    /usr/lib/x86_64-linux-gnu/libfontconfig.so.1.8.