#
# A fatal error has been detected by the Java Runtime Environment:
#
#  SIGSEGV (0xb) at pc=0x0000000000000000, pid=13007, tid=140425305659136
#
# JRE version: OpenJDK Runtime Environment (7.0_79-b14) (build 1.7.0_79-b14)
# Java VM: OpenJDK 64-Bit Server VM (24.79-b02 mixed mode linux-amd64 compressed oops)
# Derivative: IcedTea 2.5.6
# Distribution: Ubuntu 14.04 LTS, package 7u79-2.5.6-0ubuntu1.14.04.1
# Problematic frame:
# C  0x0000000000000000
#
# Failed to write core dump. Core dumps have been disabled. To enable core dumping, try "ulimit -c unlimited" before starting Java again
#
# If you would like to submit a bug report, please include
# instructions on how to reproduce the bug and visit:
#   http://icedtea.classpath.org/bugzilla
#

---------------  T H R E A D  ---------------

Current thread is native thread

siginfo:si_signo=SIGSEGV: si_errno=0, si_code=1 (SEGV_MAPERR), si_addr=0x0000000000000000

Registers:
RAX=0x00007fb7750897c0, RBX=0x0000000000000400, RCX=0x00007fb758566480, RDX=0x00007fb758566480
RSP=0x00007fb750760d18, RBP=0x00007fb758551300, RSI=0x0000000000000000, RDI=0x00007fb758551300
R8 =0x000000000015a000, R9 =0x0000000000000001, R10=0x00007fb758551324, R11=0x0000000000000000
R12=0x00007fb758555490, R13=0x0000000000012000, R14=0x0000000000001000, R15=0x00007fb750760ec8
RIP=0x0000000000000000, EFLAGS=0x0000000000010246, CSGSFS=0x0000000000000033, ERR=0x0000000000000014
  TRAPNO=0x000000000000000e

Top of Stack: (sp=0x00007fb750760d18)
0x00007fb750760d18:   00007fb774e524d1 00000000ffffffff
0x00007fb750760d28:   00007fb740005b60 00007fb7bb800000
0x00007fb750760d38:   00007fb7c989b899 0000000000000000
0x00007fb750760d48:   00007fb751932fd2 00007fb758459470
0x00007fb750760d58:   0000000000000000 0000000000000000
0x00007fb750760d68:   0000000000000000 00007fb75852b900
0x00007fb750760d78:   00007fb7584b0350 0000000000002000
0x00007fb750760d88:   00007fb75193acda 00007fb75845b7a0
0x00007fb750760d98:   00007fb738000ce0 0000000000000000
0x00007fb750760da8:   5700000000000001 0000000000002000
0x00007fb750760db8:   00007fb75193c7eb 0000000000000000
0x00007fb750760dc8:   0000000000000000 0000000000000000
0x00007fb750760dd8:   0000000000000000 0000000000000000
0x00007fb750760de8:   0000000000002000 00007fb7584b0350
0x00007fb750760df8:   00007fb750760ec8 00007fb750760ec0
0x00007fb750760e08:   00007fb758555490 00007fb751955c80
0x00007fb750760e18:   00007fb751da6bd2 00007fb74793e040
0x00007fb750760e28:   00007fb74797e040 0000040050760e70
0x00007fb750760e38:   00007fb750760e50 0000000000000000
0x00007fb750760e48:   00007fb751dabea2 00001fa00000037f
0x00007fb750760e58:   00007fb7519209ff 00007fb75852b900
0x00007fb750760e68:   0000000000002000 00007fb7584b0260
0x00007fb750760e78:   0000000000000000 00007fb758551300
0x00007fb750760e88:   0000000000000008 00007fb750760ec8
0x00007fb750760e98:   00007fb774e68544 0000000000000000
0x00007fb750760ea8:   00007fb750760ec0 0000000000002000
0x00007fb750760eb8:   00000000000063d8 00007fb74797e040
0x00007fb750760ec8:   0000000000002000 0000000000000000
0x00007fb750760ed8:   00007fb7584afcd0 0000000000000000
0x00007fb750760ee8:   0000000000000000 0000000000000000
0x00007fb750760ef8:   00007fb7507619c0 00007fb750761700
0x00007fb750760f08:   00007fb774e5b73a 00007fb750761700 

Instructions: (pc=0x0000000000000000)
0xffffffffffffffe0:   

Register to memory mapping:

RAX=0x00007fb7750897c0: <offset 0x2577c0> in /home/roah/Documents/Jmonkey/3.1/MultiverseKing_Latest_2/MultiverseKing_JME/MultiverseKingBattle/libopenal64.so at 0x00007fb774e32000
RBX=0x0000000000000400 is an unknown value
RCX=0x00007fb758566480 is an unknown value
RDX=0x00007fb758566480 is an unknown value
RSP=0x00007fb750760d18 is an unknown value
RBP=0x00007fb758551300 is an unknown value
RSI=0x0000000000000000 is an unknown value
RDI=0x00007fb758551300 is an unknown value
R8 =0x000000000015a000 is an unknown value
R9 =0x0000000000000001 is an unknown value
R10=0x00007fb758551324 is an unknown value
R11=0x0000000000000000 is an unknown value
R12=0x00007fb758555490 is an unknown value
R13=0x0000000000012000 is an unknown value
R14=0x0000000000001000 is an unknown value
R15=0x00007fb750760ec8 is an unknown value


Stack: [0x00007fb750661000,0x00007fb750762000],  sp=0x00007fb750760d18,  free space=1023k

---------------  P R O C E S S  ---------------

VM state:at safepoint (shutting down)

VM Mutex/Monitor currently owned by a thread:  ([mutex/lock_event])
[0x00007fb7c0007990] Threads_lock - owner thread: 0x00007fb7c007f800

Heap
 PSYoungGen      total 37376K, used 9581K [0x00000007d6a00000, 0x00000007d9380000, 0x0000000800000000)
  eden space 32256K, 13% used [0x00000007d6a00000,0x00000007d6e5fd38,0x00000007d8980000)
  from space 5120K, 99% used [0x00000007d8980000,0x00000007d8e7b8c8,0x00000007d8e80000)
  to   space 5120K, 0% used [0x00000007d8e80000,0x00000007d8e80000,0x00000007d9380000)
 ParOldGen       total 84480K, used 9219K [0x0000000783e00000, 0x0000000789080000, 0x00000007d6a00000)
  object space 84480K, 10% used [0x0000000783e00000,0x0000000784700ca8,0x0000000789080000)
 PSPermGen       total 25600K, used 25431K [0x0000000779800000, 0x000000077b100000, 0x0000000783e00000)
  object space 25600K, 99% used [0x0000000779800000,0x000000077b0d5ea0,0x000000077b100000)

Card table byte_map: [0x00007fb7c6690000,0x00007fb7c6ac5000] byte_map_base: 0x00007fb7c2ac4000

Polling page: 0x00007fb7c9fa2000

Code Cache  [0x00007fb7bd000000, 0x00007fb7bd270000, 0x00007fb7c0000000)
 total_blobs=973 nmethods=300 adapters=626 free_code_cache=47879Kb largest_free_block=49001792

Compilation events (10 events):
Event: 5,255 Thread 0x00007fb7c00b3000  297             java.util.concurrent.locks.ReentrantLock::lock (8 bytes)
Event: 5,255 Thread 0x00007fb7c00b6000  298             java.util.concurrent.locks.ReentrantLock$NonfairSync::lock (25 bytes)
Event: 5,257 Thread 0x00007fb7c00b6000 nmethod 298 0x00007fb7bd13ffd0 code [0x00007fb7bd140140, 0x00007fb7bd1402a8]
Event: 5,257 Thread 0x00007fb7c00b3000 nmethod 297 0x00007fb7bd136f10 code [0x00007fb7bd1370c0, 0x00007fb7bd137300]
Event: 6,744 Thread 0x00007fb7c00b6000  300             sun.awt.SunToolkit::awtLock (7 bytes)
Event: 6,744 Thread 0x00007fb7c00b3000  301             sun.awt.SunToolkit::awtUnlock (7 bytes)
Event: 6,748 Thread 0x00007fb7c00b6000 nmethod 300 0x00007fb7bd141150 code [0x00007fb7bd141300, 0x00007fb7bd141540]
Event: 6,748 Thread 0x00007fb7c00b3000 nmethod 301 0x00007fb7bd140cd0 code [0x00007fb7bd140e20, 0x00007fb7bd140fc8]
Event: 8,479 Thread 0x00007fb7c00b6000  302             sun.awt.X11.Native::getInt (8 bytes)
Event: 8,480 Thread 0x00007fb7c00b6000 nmethod 302 0x00007fb7bd140a90 code [0x00007fb7bd140bc0, 0x00007fb7bd140c38]

GC Heap History (6 events):
Event: 2,712 GC heap before
{Heap before GC invocations=1 (full 0):
 PSYoungGen      total 37376K, used 32256K [0x00000007d6a00000, 0x00000007d9380000, 0x0000000800000000)
  eden space 32256K, 100% used [0x00000007d6a00000,0x00000007d8980000,0x00000007d8980000)
  from space 5120K, 0% used [0x00000007d8e80000,0x00000007d8e80000,0x00000007d9380000)
  to   space 5120K, 0% used [0x00000007d8980000,0x00000007d8980000,0x00000007d8e80000)
 ParOldGen       total 84480K, used 0K [0x0000000783e00000, 0x0000000789080000, 0x00000007d6a00000)
  object space 84480K, 0% used [0x0000000783e00000,0x0000000783e00000,0x0000000789080000)
 PSPermGen       total 21504K, used 20061K [0x0000000779800000, 0x000000077ad00000, 0x0000000783e00000)
  object space 21504K, 93% used [0x0000000779800000,0x000000077ab97758,0x000000077ad00000)
Event: 2,720 GC heap after
Heap after GC invocations=1 (full 0):
 PSYoungGen      total 37376K, used 5097K [0x00000007d6a00000, 0x00000007d9380000, 0x0000000800000000)
  eden space 32256K, 0% used [0x00000007d6a00000,0x00000007d6a00000,0x00000007d8980000)
  from space 5120K, 99% used [0x00000007d8980000,0x00000007d8e7a420,0x00000007d8e80000)
  to   space 5120K, 0% used [0x00000007d8e80000,0x00000007d8e80000,0x00000007d9380000)
 ParOldGen       total 84480K, used 5578K [0x0000000783e00000, 0x0000000789080000, 0x00000007d6a00000)
  object space 84480K, 6% used [0x0000000783e00000,0x0000000784372830,0x0000000789080000)
 PSPermGen       total 21504K, used 20061K [0x0000000779800000, 0x000000077ad00000, 0x0000000783e00000)
  object space 21504K, 93% used [0x0000000779800000,0x000000077ab97758,0x000000077ad00000)
}
Event: 3,272 GC heap before
{Heap before GC invocations=2 (full 0):
 PSYoungGen      total 37376K, used 37353K [0x00000007d6a00000, 0x00000007d9380000, 0x0000000800000000)
  eden space 32256K, 100% used [0x00000007d6a00000,0x00000007d8980000,0x00000007d8980000)
  from space 5120K, 99% used [0x00000007d8980000,0x00000007d8e7a420,0x00000007d8e80000)
  to   space 5120K, 0% used [0x00000007d8e80000,0x00000007d8e80000,0x00000007d9380000)
 ParOldGen       total 84480K, used 5578K [0x0000000783e00000, 0x0000000789080000, 0x00000007d6a00000)
  object space 84480K, 6% used [0x0000000783e00000,0x0000000784372830,0x0000000789080000)
 PSPermGen       total 24064K, used 23961K [0x0000000779800000, 0x000000077af80000, 0x0000000783e00000)
  object space 24064K, 99% used [0x0000000779800000,0x000000077af666f8,0x000000077af80000)
Event: 3,279 GC heap after
Heap after GC invocations=2 (full 0):
 PSYoungGen      total 37376K, used 5104K [0x00000007d6a00000, 0x00000007d9380000, 0x0000000800000000)
  eden space 32256K, 0% used [0x00000007d6a00000,0x00000007d6a00000,0x00000007d8980000)
  from space 5120K, 99% used [0x00000007d8e80000,0x00000007d937c308,0x00000007d9380000)
  to   space 5120K, 0% used [0x00000007d8980000,0x00000007d8980000,0x00000007d8e80000)
 ParOldGen       total 84480K, used 8002K [0x0000000783e00000, 0x0000000789080000, 0x00000007d6a00000)
  object space 84480K, 9% used [0x0000000783e00000,0x00000007845d0938,0x0000000789080000)
 PSPermGen       total 24064K, used 23961K [0x0000000779800000, 0x000000077af80000, 0x0000000783e00000)
  object space 24064K, 99% used [0x0000000779800000,0x000000077af666f8,0x000000077af80000)
}
Event: 3,610 GC heap before
{Heap before GC invocations=3 (full 0):
 PSYoungGen      total 37376K, used 37360K [0x00000007d6a00000, 0x00000007d9380000, 0x0000000800000000)
  eden space 32256K, 100% used [0x00000007d6a00000,0x00000007d8980000,0x00000007d8980000)
  from space 5120K, 99% used [0x00000007d8e80000,0x00000007d937c308,0x00000007d9380000)
  to   space 5120K, 0% used [0x00000007d8980000,0x00000007d8980000,0x00000007d8e80000)
 ParOldGen       total 84480K, used 8002K [0x0000000783e00000, 0x0000000789080000, 0x00000007d6a00000)
  object space 84480K, 9% used [0x0000000783e00000,0x00000007845d0938,0x0000000789080000)
 PSPermGen       total 25088K, used 24885K [0x0000000779800000, 0x000000077b080000, 0x0000000783e00000)
  object space 25088K, 99% used [0x0000000779800000,0x000000077b04d5f0,0x000000077b080000)
Event: 3,615 GC heap after
Heap after GC invocations=3 (full 0):
 PSYoungGen      total 37376K, used 5102K [0x00000007d6a00000, 0x00000007d9380000, 0x0000000800000000)
  eden space 32256K, 0% used [0x00000007d6a00000,0x00000007d6a00000,0x00000007d8980000)
  from space 5120K, 99% used [0x00000007d8980000,0x00000007d8e7b8c8,0x00000007d8e80000)
  to   space 5120K, 0% used [0x00000007d8e80000,0x00000007d8e80000,0x00000007d9380000)
 ParOldGen       total 84480K, used 9219K [0x0000000783e00000, 0x0000000789080000, 0x00000007d6a00000)
  object space 84480K, 10% used [0x0000000783e00000,0x0000000784700ca8,0x0000000789080000)
 PSPermGen       total 25088K, used 24885K [0x0000000779800000, 0x000000077b080000, 0x0000000783e00000)
  object space 25088K, 99% used [0x0000000779800000,0x000000077b04d5f0,0x000000077b080000)
}

Deoptimization events (10 events):
Event: 3,620 Thread 0x00007fb7c0392000 Uncommon trap: reason=bimorphic action=maybe_recompile pc=0x00007fb7bd0d1d4c method=java.util.regex.Pattern$Curly.match(Ljava/util/regex/Matcher;ILjava/lang/CharSequence;)Z @ 19
Event: 3,620 Thread 0x00007fb7c0392000 Uncommon trap: reason=class_check action=maybe_recompile pc=0x00007fb7bd066518 method=java.util.regex.Pattern$5.isSatisfiedBy(I)Z @ 5
Event: 3,620 Thread 0x00007fb7c0392000 Uncommon trap: reason=bimorphic action=maybe_recompile pc=0x00007fb7bd0d1d4c method=java.util.regex.Pattern$Curly.match(Ljava/util/regex/Matcher;ILjava/lang/CharSequence;)Z @ 19
Event: 3,620 Thread 0x00007fb7c0392000 Uncommon trap: reason=class_check action=maybe_recompile pc=0x00007fb7bd066518 method=java.util.regex.Pattern$5.isSatisfiedBy(I)Z @ 5
Event: 3,620 Thread 0x00007fb7c0392000 Uncommon trap: reason=class_check action=maybe_recompile pc=0x00007fb7bd066518 method=java.util.regex.Pattern$5.isSatisfiedBy(I)Z @ 5
Event: 3,620 Thread 0x00007fb7c0392000 Uncommon trap: reason=class_check action=maybe_recompile pc=0x00007fb7bd066518 method=java.util.regex.Pattern$5.isSatisfiedBy(I)Z @ 5
Event: 3,675 Thread 0x00007fb758ada000 Uncommon trap: reason=predicate action=maybe_recompile pc=0x00007fb7bd101064 method=java.lang.Class.getConstructor0([Ljava/lang/Class;I)Ljava/lang/reflect/Constructor; @ 32
Event: 3,675 Thread 0x00007fb758ada000 Uncommon trap: reason=unreached action=reinterpret pc=0x00007fb7bd0ff8b4 method=java.lang.Class.arrayContentsEq([Ljava/lang/Object;[Ljava/lang/Object;)Z @ 1
Event: 3,700 Thread 0x00007fb758ada000 Uncommon trap: reason=unreached action=reinterpret pc=0x00007fb7bd112274 method=java.lang.ref.SoftReference.get()Ljava/lang/Object; @ 6
Event: 3,700 Thread 0x00007fb758ada000 Uncommon trap: reason=predicate action=maybe_recompile pc=0x00007fb7bd134e00 method=java.nio.charset.CharsetDecoder.decode(Ljava/nio/ByteBuffer;Ljava/nio/CharBuffer;Z)Ljava/nio/charset/CoderResult; @ 54

Internal exceptions (10 events):
Event: 3,675 Thread 0x00007fb758ada000 Implicit null exception at 0x00007fb7bd100a9b to 0x00007fb7bd10103d
Event: 3,675 Thread 0x00007fb758ada000 Implicit null exception at 0x00007fb7bd0ff82c to 0x00007fb7bd0ff8a1
Event: 3,675 Thread 0x00007fb7c0392000 Threw 0x00000007d6a45c10 at /build/openjdk-7-FO0dNI/openjdk-7-7u79-2.5.6/build/openjdk/hotspot/src/share/vm/prims/jvm.cpp:1284
Event: 3,696 Thread 0x00007fb7c0392000 Threw 0x00000007d6a4d358 at /build/openjdk-7-FO0dNI/openjdk-7-7u79-2.5.6/build/openjdk/hotspot/src/share/vm/prims/jvm.cpp:1284
Event: 3,710 Thread 0x00007fb758ada000 Threw 0x00000007d6b1d638 at /build/openjdk-7-FO0dNI/openjdk-7-7u79-2.5.6/build/openjdk/hotspot/src/share/vm/prims/jvm.cpp:1284
Event: 3,713 Thread 0x00007fb7c0392000 Threw 0x00000007d6a60a98 at /build/openjdk-7-FO0dNI/openjdk-7-7u79-2.5.6/build/openjdk/hotspot/src/share/vm/interpreter/linkResolver.cpp:895
Event: 3,754 Thread 0x00007fb758ada000 Threw 0x00000007d6b3d918 at /build/openjdk-7-FO0dNI/openjdk-7-7u79-2.5.6/build/openjdk/hotspot/src/share/vm/prims/jni.cpp:747
Event: 8,429 Thread 0x00007fb758ada000 Threw 0x00000007d6d67fc8 at /build/openjdk-7-FO0dNI/openjdk-7-7u79-2.5.6/build/openjdk/hotspot/src/share/vm/prims/jni.cpp:747
Event: 8,491 Thread 0x00007fb7c036f000 Threw 0x00000007d6b75420 at /build/openjdk-7-FO0dNI/openjdk-7-7u79-2.5.6/build/openjdk/hotspot/src/share/vm/classfile/systemDictionary.cpp:183
Event: 8,491 Thread 0x00007fb7c036f000 Threw 0x00000007d6b756b0 at /build/openjdk-7-FO0dNI/openjdk-7-7u79-2.5.6/build/openjdk/hotspot/src/share/vm/classfile/systemDictionary.cpp:183

Events (10 events):
Event: 9,490 Thread 0x00007fb7c0392000 Thread added: 0x00007fb7c0392000
Event: 9,490 Thread 0x00007fb75c044000 Thread exited: 0x00007fb75c044000
Event: 9,490 loading class 0x00007fb778092f80
Event: 9,490 Thread 0x00007fb7c0373800 Thread exited: 0x00007fb7c0373800
Event: 9,491 loading class 0x00007fb7780b1fb0
Event: 9,491 loading class 0x00007fb7780b1fb0 done
Event: 9,491 loading class 0x00007fb778092f80 done
Event: 9,492 Thread 0x00007fb7c0374800 Thread exited: 0x00007fb7c0374800
Event: 9,492 Thread 0x00007fb7c0392000 Thread exited: 0x00007fb7c0392000
Event: 9,492 Thread 0x00007fb7c000b800 Thread exited: 0x00007fb7c000b800


Dynamic libraries:
00400000-00401000 r-xp 00000000 08:02 6950259                            /usr/lib/jvm/java-7-openjdk-amd64/jre/bin/java
00600000-00601000 r--p 00000000 08:02 6950259                            /usr/lib/jvm/java-7-openjdk-amd64/jre/bin/java
00601000-00602000 rw-p 00001000 08:02 6950259                            /usr/lib/jvm/java-7-openjdk-amd64/jre/bin/java
0225f000-02280000 rw-p 00000000 00:00 0                                  [heap]
779800000-77b100000 rw-p 00000000 00:00 0 
77b100000-783e00000 rw-p 00000000 00:00 0 
783e00000-789080000 rw-p 00000000 00:00 0 
789080000-7d6a00000 rw-p 00000000 00:00 0 
7d6a00000-7d9380000 rw-p 00000000 00:00 0 
7d9380000-800000000 rw-p 00000000 00:00 0 
7fb730000000-7fb730021000 rw-p 00000000 00:00 0 
7fb730021000-7fb734000000 ---p 00000000 00:00 0 
7fb738000000-7fb738021000 rw-p 00000000 00:00 0 
7fb738021000-7fb73c000000 ---p 00000000 00:00 0 
7fb73c000000-7fb73c241000 rw-p 00000000 00:00 0 
7fb73c241000-7fb740000000 ---p 00000000 00:00 0 
7fb740000000-7fb740021000 rw-p 00000000 00:00 0 
7fb740021000-7fb744000000 ---p 00000000 00:00 0 
7fb745742000-7fb745b43000 rw-p 00000000 00:00 0 
7fb746f77000-7fb74704e000 rw-s 00000000 00:04 118292516                  /SYSV00000000 (deleted)
7fb74704e000-7fb747051000 ---p 00000000 00:00 0 
7fb747051000-7fb74714f000 rw-p 00000000 00:00 0                          [stack:13047]
7fb74714f000-7fb74719f000 r-xp 00000000 08:02 6956304                    /usr/lib/x86_64-linux-gnu/liblcms2.so.2.0.5
7fb74719f000-7fb74739e000 ---p 00050000 08:02 6956304                    /usr/lib/x86_64-linux-gnu/liblcms2.so.2.0.5
7fb74739e000-7fb74739f000 r--p 0004f000 08:02 6956304                    /usr/lib/x86_64-linux-gnu/liblcms2.so.2.0.5
7fb74739f000-7fb7473a4000 rw-p 00050000 08:02 6956304                    /usr/lib/x86_64-linux-gnu/liblcms2.so.2.0.5
7fb7473a4000-7fb7473a8000 r-xp 00000000 08:02 6949805                    /usr/lib/jvm/java-7-openjdk-amd64/jre/lib/amd64/libjavalcms.so
7fb7473a8000-7fb7475a7000 ---p 00004000 08:02 6949805                    /usr/lib/jvm/java-7-openjdk-amd64/jre/lib/amd64/libjavalcms.so
7fb7475a7000-7fb7475a8000 r--p 00003000 08:02 6949805                    /usr/lib/jvm/java-7-openjdk-amd64/jre/lib/amd64/libjavalcms.so
7fb7475a8000-7fb7475a9000 rw-p 00004000 08:02 6949805                    /usr/lib/jvm/java-7-openjdk-amd64/jre/lib/amd64/libjavalcms.so
7fb7475a9000-7fb7475ec000 r-xp 00000000 08:02 6956286                    /usr/lib/x86_64-linux-gnu/libjpeg.so.8.0.2
7fb7475ec000-7fb7477ec000 ---p 00043000 08:02 6956286                    /usr/lib/x86_64-linux-gnu/libjpeg.so.8.0.2
7fb7477ec000-7fb7477ed000 r--p 00043000 08:02 6956286                    /usr/lib/x86_64-linux-gnu/libjpeg.so.8.0.2
7fb7477ed000-7fb7477ee000 rw-p 00044000 08:02 6956286                    /usr/lib/x86_64-linux-gnu/libjpeg.so.8.0.2
7fb7477ee000-7fb7477fe000 rw-p 00000000 00:00 0 
7fb7477fe000-7fb74b7ff000 rw-s 00000000 00:15 1718349                    /run/shm/pulse-shm-1131913759
7fb74b7ff000-7fb74b800000 ---p 00000000 00:00 0 
7fb74b800000-7fb74c000000 rw-p 00000000 00:00 0                          [stack:13041]
7fb74c000000-7fb74c021000 rw-p 00000000 00:00 0 
7fb74c021000-7fb750000000 ---p 00000000 00:00 0 
7fb750080000-7fb75008a000 r-xp 00000000 08:02 6949784                    /usr/lib/jvm/java-7-openjdk-amd64/jre/lib/amd64/libjavajpeg.so
7fb75008a000-7fb750289000 ---p 0000a000 08:02 6949784                    /usr/lib/jvm/java-7-openjdk-amd64/jre/lib/amd64/libjavajpeg.so
7fb750289000-7fb75028a000 r--p 00009000 08:02 6949784                    /usr/lib/jvm/java-7-openjdk-amd64/jre/lib/amd64/libjavajpeg.so
7fb75028a000-7fb75028b000 rw-p 0000a000 08:02 6949784                    /usr/lib/jvm/java-7-openjdk-amd64/jre/lib/amd64/libjavajpeg.so
7fb75028b000-7fb75035f000 r-xp 00000000 08:02 6949820                    /usr/lib/jvm/java-7-openjdk-amd64/jre/lib/amd64/libmlib_image.so
7fb75035f000-7fb75055e000 ---p 000d4000 08:02 6949820                    /usr/lib/jvm/java-7-openjdk-amd64/jre/lib/amd64/libmlib_image.so
7fb75055e000-7fb75055f000 r--p 000d3000 08:02 6949820                    /usr/lib/jvm/java-7-openjdk-amd64/jre/lib/amd64/libmlib_image.so
7fb75055f000-7fb750560000 rw-p 000d4000 08:02 6949820                    /usr/lib/jvm/java-7-openjdk-amd64/jre/lib/amd64/libmlib_image.so
7fb750560000-7fb750563000 ---p 00000000 00:00 0 
7fb750563000-7fb750661000 rw-p 00000000 00:00 0                          [stack:13043]
7fb750661000-7fb750662000 ---p 00000000 00:00 0 
7fb750662000-7fb750762000 rw-p 00000000 00:00 0                          [stack:13042]
7fb750762000-7fb750769000 r-xp 00000000 08:02 6956392                    /usr/lib/x86_64-linux-gnu/libogg.so.0.8.1
7fb750769000-7fb750969000 ---p 00007000 08:02 6956392                    /usr/lib/x86_64-linux-gnu/libogg.so.0.8.1
7fb750969000-7fb75096a000 r--p 00007000 08:02 6956392                    /usr/lib/x86_64-linux-gnu/libogg.so.0.8.1
7fb75096a000-7fb75096b000 rw-p 00008000 08:02 6956392                    /usr/lib/x86_64-linux-gnu/libogg.so.0.8.1
7fb75096b000-7fb750997000 r-xp 00000000 08:02 6956627                    /usr/lib/x86_64-linux-gnu/libvorbis.so.0.4.5
7fb750997000-7fb750b96000 ---p 0002c000 08:02 6956627                    /usr/lib/x86_64-linux-gnu/libvorbis.so.0.4.5
7fb750b96000-7fb750b97000 r--p 0002b000 08:02 6956627                    /usr/lib/x86_64-linux-gnu/libvorbis.so.0.4.5
7fb750b97000-7fb750b98000 rw-p 0002c000 08:02 6956627                    /usr/lib/x86_64-linux-gnu/libvorbis.so.0.4.5
7fb750b98000-7fb750e4b000 r-xp 00000000 08:02 6956629                    /usr/lib/x86_64-linux-gnu/libvorbisenc.so.2.0.8
7fb750e4b000-7fb75104a000 ---p 002b3000 08:02 6956629                    /usr/lib/x86_64-linux-gnu/libvorbisenc.so.2.0.8
7fb75104a000-7fb751066000 r--p 002b2000 08:02 6956629                    /usr/lib/x86_64-linux-gnu/libvorbisenc.so.2.0.8
7fb751066000-7fb751067000 rw-p 002ce000 08:02 6956629                    /usr/lib/x86_64-linux-gnu/libvorbisenc.so.2.0.8
7fb751067000-7fb751097000 r-xp 00000000 08:02 6947501                    /usr/lib/x86_64-linux-gnu/libFLAC.so.8.3.0
7fb751097000-7fb751296000 ---p 00030000 08:02 6947501                    /usr/lib/x86_64-linux-gnu/libFLAC.so.8.3.0
7fb751296000-7fb751297000 r--p 0002f000 08:02 6947501                    /usr/lib/x86_64-linux-gnu/libFLAC.so.8.3.0
7fb751297000-7fb751298000 rw-p 00030000 08:02 6947501                    /usr/lib/x86_64-linux-gnu/libFLAC.so.8.3.0
7fb751298000-7fb75129d000 r-xp 00000000 08:02 6955860                    /usr/lib/x86_64-linux-gnu/libasyncns.so.0.3.1
7fb75129d000-7fb75149c000 ---p 00005000 08:02 6955860                    /usr/lib/x86_64-linux-gnu/libasyncns.so.0.3.1
7fb75149c000-7fb75149d000 r--p 00004000 08:02 6955860                    /usr/lib/x86_64-linux-gnu/libasyncns.so.0.3.1
7fb75149d000-7fb75149e000 rw-p 00005000 08:02 6955860                    /usr/lib/x86_64-linux-gnu/libasyncns.so.0.3.1
7fb75149e000-7fb7514ff000 r-xp 00000000 08:02 6956536                    /usr/lib/x86_64-linux-gnu/libsndfile.so.1.0.25
7fb7514ff000-7fb7516ff000 ---p 00061000 08:02 6956536                    /usr/lib/x86_64-linux-gnu/libsndfile.so.1.0.25
7fb7516ff000-7fb751701000 r--p 00061000 08:02 6956536                    /usr/lib/x86_64-linux-gnu/libsndfile.so.1.0.25
7fb751701000-7fb751702000 rw-p 00063000 08:02 6956536                    /usr/lib/x86_64-linux-gnu/libsndfile.so.1.0.25
7fb751702000-7fb751706000 rw-p 00000000 00:00 0 
7fb751706000-7fb75170e000 r-xp 00000000 08:02 1052766                    /lib/x86_64-linux-gnu/libwrap.so.0.7.6
7fb75170e000-7fb75190d000 ---p 00008000 08:02 1052766                    /lib/x86_64-linux-gnu/libwrap.so.0.7.6
7fb75190d000-7fb75190e000 r--p 00007000 08:02 1052766                    /lib/x86_64-linux-gnu/libwrap.so.0.7.6
7fb75190e000-7fb75190f000 rw-p 00008000 08:02 1052766                    /lib/x86_64-linux-gnu/libwrap.so.0.7.6
7fb75190f000-7fb751910000 rw-p 00000000 00:00 0 
7fb751910000-7fb751976000 r-xp 00000000 08:02 216                        /usr/lib/x86_64-linux-gnu/pulseaudio/libpulsecommon-4.0.so
7fb751976000-7fb751b75000 ---p 00066000 08:02 216                        /usr/lib/x86_64-linux-gnu/pulseaudio/libpulsecommon-4.0.so
7fb751b75000-7fb751b76000 r--p 00065000 08:02 216                        /usr/lib/x86_64-linux-gnu/pulseaudio/libpulsecommon-4.0.so
7fb751b76000-7fb751b77000 rw-p 00066000 08:02 216                        /usr/lib/x86_64-linux-gnu/pulseaudio/libpulsecommon-4.0.so
7fb751b77000-7fb751b81000 r-xp 00000000 08:02 1052648                    /lib/x86_64-linux-gnu/libjson-c.so.2.0.0
7fb751b81000-7fb751d80000 ---p 0000a000 08:02 1052648                    /lib/x86_64-linux-gnu/libjson-c.so.2.0.0
7fb751d80000-7fb751d81000 r--p 00009000 08:02 1052648                    /lib/x86_64-linux-gnu/libjson-c.so.2.0.0
7fb751d81000-7fb751d82000 rw-p 0000a000 08:02 1052648                    /lib/x86_64-linux-gnu/libjson-c.so.2.0.0
7fb751d82000-7fb751dc9000 r-xp 00000000 08:02 6948083                    /usr/lib/x86_64-linux-gnu/libpulse.so.0.16.2
7fb751dc9000-7fb751fc9000 ---p 00047000 08:02 6948083                    /usr/lib/x86_64-linux-gnu/libpulse.so.0.16.2
7fb751fc9000-7fb751fca000 r--p 00047000 08:02 6948083                    /usr/lib/x86_64-linux-gnu/libpulse.so.0.16.2
7fb751fca000-7fb751fcb000 rw-p 00048000 08:02 6948083                    /usr/lib/x86_64-linux-gnu/libpulse.so.0.16.2
7fb751fe2000-7fb751fe7000 r--s 0004d000 08:02 6948861                    /usr/lib/jvm/java-7-openjdk-amd64/jre/lib/jsse.jar
7fb751fe7000-7fb751ff3000 r--p 00000000 08:02 135613                     /usr/share/locale-langpack/fr/LC_MESSAGES/pulseaudio.mo
7fb75243a000-7fb7536a9000 r-xp 00000000 08:02 135561                     /usr/lib/nvidia-355/libnvidia-glcore.so.355.11
7fb7536a9000-7fb7536c9000 rwxp 0126f000 08:02 135561                     /usr/lib/nvidia-355/libnvidia-glcore.so.355.11
7fb7536c9000-7fb753a38000 r-xp 0128f000 08:02 135561                     /usr/lib/nvidia-355/libnvidia-glcore.so.355.11
7fb753a38000-7fb753c38000 ---p 015fe000 08:02 135561                     /usr/lib/nvidia-355/libnvidia-glcore.so.355.11
7fb753c38000-7fb753fec000 rw-p 015fe000 08:02 135561                     /usr/lib/nvidia-355/libnvidia-glcore.so.355.11
7fb753fec000-7fb754000000 rw-p 00000000 00:00 0 
7fb754000000-7fb754024000 rw-p 00000000 00:00 0 
7fb754024000-7fb758000000 ---p 00000000 00:00 0 
7fb758000000-7fb759328000 rw-p 00000000 00:00 0 
7fb759328000-7fb75c000000 ---p 00000000 00:00 0 
7fb75c000000-7fb75c15f000 rw-p 00000000 00:00 0 
7fb75c15f000-7fb760000000 ---p 00000000 00:00 0 
7fb760000000-7fb760021000 rw-p 00000000 00:00 0 
7fb760021000-7fb764000000 ---p 00000000 00:00 0 
7fb764000000-7fb764021000 rw-p 00000000 00:00 0 
7fb764021000-7fb768000000 ---p 00000000 00:00 0 
7fb768000000-7fb768034000 rw-p 00000000 00:00 0 
7fb768034000-7fb76c000000 ---p 00000000 00:00 0 
7fb76c000000-7fb76c021000 rw-p 00000000 00:00 0 
7fb76c021000-7fb770000000 ---p 00000000 00:00 0 
7fb770000000-7fb770021000 rw-p 00000000 00:00 0 
7fb770021000-7fb774000000 ---p 00000000 00:00 0 
7fb774019000-7fb77401c000 r-xp 00000000 08:02 135542                     /usr/lib/nvidia-355/tls/libnvidia-tls.so.355.11
7fb77401c000-7fb77421c000 ---p 00003000 08:02 135542                     /usr/lib/nvidia-355/tls/libnvidia-tls.so.355.11
7fb77421c000-7fb77421d000 rw-p 00003000 08:02 135542                     /usr/lib/nvidia-355/tls/libnvidia-tls.so.355.11
7fb77421d000-7fb7742da000 r-xp 00000000 08:02 135543                     /usr/lib/nvidia-355/libGL.so.355.11
7fb7742da000-7fb77430d000 rwxp 000bd000 08:02 135543                     /usr/lib/nvidia-355/libGL.so.355.11
7fb77430d000-7fb77431f000 r-xp 000f0000 08:02 135543                 