#
# A fatal error has been detected by the Java Runtime Environment:
#
#  SIGSEGV (0xb) at pc=0x0000000000000000, pid=6128, tid=140309739235072
#
# JRE version: OpenJDK Runtime Environment (7.0_91-b02) (build 1.7.0_91-b02)
# Java VM: OpenJDK 64-Bit Server VM (24.91-b01 mixed mode linux-amd64 compressed oops)
# Derivative: IcedTea 2.6.3
# Distribution: Ubuntu 14.04 LTS, package 7u91-2.6.3-0ubuntu0.14.04.1
# Problematic frame:
# C  0x0000000000000000
#
# Failed to write core dump. Core dumps have been disabled. To enable core dumping, try "ulimit -c unlimited" before starting Java again
#
# If you would like to submit a bug report, please include
# instructions on how to reproduce the bug and visit:
#   http://icedtea.classpath.org/bugzilla
#

---------------  T H R E A D  ---------------

Current thread is native thread

siginfo:si_signo=SIGSEGV: si_errno=0, si_code=1 (SEGV_MAPERR), si_addr=0x0000000000000000

Registers:
RAX=0x00007f9c713a47c0, RBX=0x0000000000000800, RCX=0x00007f9c085a6800, RDX=0x00007f9c085a6800
RSP=0x00007f9c682a5d18, RBP=0x00007f9c08590690, RSI=0x0000000000000000, RDI=0x00007f9c08590690
R8 =0x000000000013f400, R9 =0x0000000000000001, R10=0x00007f9c085906b4, R11=0x0000000000000000
R12=0x00007f9c08594820, R13=0x0000000000012000, R14=0x0000000000002000, R15=0x00007f9c682a5ec8
RIP=0x0000000000000000, EFLAGS=0x0000000000010246, CSGSFS=0x0000000000000033, ERR=0x0000000000000014
  TRAPNO=0x000000000000000e

Top of Stack: (sp=0x00007f9c682a5d18)
0x00007f9c682a5d18:   00007f9c7116d4d1 00000000ffffffff
0x00007f9c682a5d28:   00007f9bfc005b60 00007f9bbb800000
0x00007f9c682a5d38:   00007f9c918ef899 0000000000000000
0x00007f9c682a5d48:   00007f9c69c78fd2 00007f9c0846ccc0
0x00007f9c682a5d58:   0000000000000000 0000000000000000
0x00007f9c682a5d68:   0000000000000000 00007f9c085aca30
0x00007f9c682a5d78:   00007f9c0854bdc0 0000000000004000
0x00007f9c682a5d88:   00007f9c69c80cda 00007f9c0846d0f0
0x00007f9c682a5d98:   00007f9bf4000fb0 0000000000000000
0x00007f9c682a5da8:   5700000000000001 0000000000004000
0x00007f9c682a5db8:   00007f9c69c827eb 0000000000000000
0x00007f9c682a5dc8:   0000000000000000 0000000000000000
0x00007f9c682a5dd8:   0000000000000000 0000000000000000
0x00007f9c682a5de8:   0000000000004000 00007f9c0854bdc0
0x00007f9c682a5df8:   00007f9c682a5ec8 00007f9c682a5ec0
0x00007f9c682a5e08:   00007f9c08594820 00007f9c69c9bc80
0x00007f9c682a5e18:   00007f9c6a0ecbd2 00007f9c042bf040
0x00007f9c682a5e28:   00007f9c042ef040 00000800682a5e70
0x00007f9c682a5e38:   00007f9c682a5e50 0000000000000000
0x00007f9c682a5e48:   00007f9c6a0f1ea2 00001fa00000037f
0x00007f9c682a5e58:   00007f9c69c669ff 00007f9c085aca30
0x00007f9c682a5e68:   0000000000004000 00007f9c0846d8e0
0x00007f9c682a5e78:   0000000000000000 00007f9c08590690
0x00007f9c682a5e88:   0000000000000008 00007f9c682a5ec8
0x00007f9c682a5e98:   00007f9c71183544 0000000000000000
0x00007f9c682a5ea8:   00007f9c682a5ec0 0000000000002000
0x00007f9c682a5eb8:   0000000000006000 00007f9c042ef040
0x00007f9c682a5ec8:   0000000000004000 0000000000000000
0x00007f9c682a5ed8:   00007f9c0854bec0 0000000000000000
0x00007f9c682a5ee8:   0000000000000000 0000000000000000
0x00007f9c682a5ef8:   00007f9c682a69c0 00007f9c682a6700
0x00007f9c682a5f08:   00007f9c7117673a 00007f9c682a6700 

Instructions: (pc=0x0000000000000000)
0xffffffffffffffe0:   

Register to memory mapping:

RAX=0x00007f9c713a47c0: <offset 0x2577c0> in /home/roah/Documents/Jmonkey/3.1/MultiverseKing_Latest_2/MultiverseKing_JME/MultiverseKingBattle/libopenal64.so at 0x00007f9c7114d000
RBX=0x0000000000000800 is an unknown value
RCX=0x00007f9c085a6800 is an unknown value
RDX=0x00007f9c085a6800 is an unknown value
RSP=0x00007f9c682a5d18 is an unknown value
RBP=0x00007f9c08590690 is an unknown value
RSI=0x0000000000000000 is an unknown value
RDI=0x00007f9c08590690 is an unknown value
R8 =0x000000000013f400 is an unknown value
R9 =0x0000000000000001 is an unknown value
R10=0x00007f9c085906b4 is an unknown value
R11=0x0000000000000000 is an unknown value
R12=0x00007f9c08594820 is an unknown value
R13=0x0000000000012000 is an unknown value
R14=0x0000000000002000 is an unknown value
R15=0x00007f9c682a5ec8 is an unknown value


Stack: [0x00007f9c681a6000,0x00007f9c682a7000],  sp=0x00007f9c682a5d18,  free space=1023k

---------------  P R O C E S S  ---------------

VM state:at safepoint (shutting down)

VM Mutex/Monitor currently owned by a thread:  ([mutex/lock_event])
[0x00007f9c88007990] Threads_lock - owner thread: 0x00007f9c8807f800

Heap
 PSYoungGen      total 37376K, used 31635K [0x00000007d6a00000, 0x00000007db300000, 0x0000000800000000)
  eden space 32256K, 82% used [0x00000007d6a00000,0x00000007d83e7b28,0x00000007d8980000)
  from space 5120K, 99% used [0x00000007d8980000,0x00000007d8e7d2d8,0x00000007d8e80000)
  to   space 5120K, 0% used [0x00000007dae00000,0x00000007dae00000,0x00000007db300000)
 ParOldGen       total 84480K, used 12895K [0x0000000783e00000, 0x0000000789080000, 0x00000007d6a00000)
  object space 84480K, 15% used [0x0000000783e00000,0x0000000784a97e58,0x0000000789080000)
 PSPermGen       total 26112K, used 25609K [0x0000000779800000, 0x000000077b180000, 0x0000000783e00000)
  object space 26112K, 98% used [0x0000000779800000,0x000000077b1026e0,0x000000077b180000)

Card table byte_map: [0x00007f9c8e6d8000,0x00007f9c8eb0d000] byte_map_base: 0x00007f9c8ab0c000

Polling page: 0x00007f9c91ff5000

Code Cache  [0x00007f9c85000000, 0x00007f9c85270000, 0x00007f9c88000000)
 total_blobs=1027 nmethods=351 adapters=629 free_code_cache=47824Kb largest_free_block=48922752

Compilation events (10 events):
Event: 3,023 Thread 0x00007f9c880b6000 nmethod 357 0x00007f9c8514c090 code [0x00007f9c8514c1e0, 0x00007f9c8514c2c8]
Event: 3,024 Thread 0x00007f9c880b3800 nmethod 356 0x00007f9c851547d0 code [0x00007f9c85154960, 0x00007f9c85154b80]
Event: 3,103 Thread 0x00007f9c880b6000  358             java.util.AbstractCollection::<init> (5 bytes)
Event: 3,103 Thread 0x00007f9c880b6000 nmethod 358 0x00007f9c85154ed0 code [0x00007f9c85155000, 0x00007f9c85155058]
Event: 4,261 Thread 0x00007f9c880b3800  360             sun.awt.X11.Native::getInt (8 bytes)
Event: 4,262 Thread 0x00007f9c880b3800 nmethod 360 0x00007f9c85153910 code [0x00007f9c85153a40, 0x00007f9c85153ab8]
Event: 5,077 Thread 0x00007f9c880b6000  362             java.awt.Component::getParent_NoClientCode (5 bytes)
Event: 5,078 Thread 0x00007f9c880b6000 nmethod 362 0x00007f9c851550d0 code [0x00007f9c85155200, 0x00007f9c85155278]
Event: 5,830 Thread 0x00007f9c880b3800  363             java.awt.Component::getTreeLock (4 bytes)
Event: 5,830 Thread 0x00007f9c880b3800 nmethod 363 0x00007f9c8514a810 code [0x00007f9c8514a940, 0x00007f9c8514a9b8]

GC Heap History (6 events):
Event: 1,857 GC heap before
{Heap before GC invocations=1 (full 0):
 PSYoungGen      total 37376K, used 32256K [0x00000007d6a00000, 0x00000007d9380000, 0x0000000800000000)
  eden space 32256K, 100% used [0x00000007d6a00000,0x00000007d8980000,0x00000007d8980000)
  from space 5120K, 0% used [0x00000007d8e80000,0x00000007d8e80000,0x00000007d9380000)
  to   space 5120K, 0% used [0x00000007d8980000,0x00000007d8980000,0x00000007d8e80000)
 ParOldGen       total 84480K, used 0K [0x0000000783e00000, 0x0000000789080000, 0x00000007d6a00000)
  object space 84480K, 0% used [0x0000000783e00000,0x0000000783e00000,0x0000000789080000)
 PSPermGen       total 21504K, used 20104K [0x0000000779800000, 0x000000077ad00000, 0x0000000783e00000)
  object space 21504K, 93% used [0x0000000779800000,0x000000077aba2248,0x000000077ad00000)
Event: 1,865 GC heap after
Heap after GC invocations=1 (full 0):
 PSYoungGen      total 37376K, used 5094K [0x00000007d6a00000, 0x00000007d9380000, 0x0000000800000000)
  eden space 32256K, 0% used [0x00000007d6a00000,0x00000007d6a00000,0x00000007d8980000)
  from space 5120K, 99% used [0x00000007d8980000,0x00000007d8e79860,0x00000007d8e80000)
  to   space 5120K, 0% used [0x00000007d8e80000,0x00000007d8e80000,0x00000007d9380000)
 ParOldGen       total 84480K, used 5550K [0x0000000783e00000, 0x0000000789080000, 0x00000007d6a00000)
  object space 84480K, 6% used [0x0000000783e00000,0x000000078436b800,0x0000000789080000)
 PSPermGen       total 21504K, used 20104K [0x0000000779800000, 0x000000077ad00000, 0x0000000783e00000)
  object space 21504K, 93% used [0x0000000779800000,0x000000077aba2248,0x000000077ad00000)
}
Event: 2,414 GC heap before
{Heap before GC invocations=2 (full 0):
 PSYoungGen      total 37376K, used 37350K [0x00000007d6a00000, 0x00000007d9380000, 0x0000000800000000)
  eden space 32256K, 100% used [0x00000007d6a00000,0x00000007d8980000,0x00000007d8980000)
  from space 5120K, 99% used [0x00000007d8980000,0x00000007d8e79860,0x00000007d8e80000)
  to   space 5120K, 0% used [0x00000007d8e80000,0x00000007d8e80000,0x00000007d9380000)
 ParOldGen       total 84480K, used 5550K [0x0000000783e00000, 0x0000000789080000, 0x00000007d6a00000)
  object space 84480K, 6% used [0x0000000783e00000,0x000000078436b800,0x0000000789080000)
 PSPermGen       total 24064K, used 23963K [0x0000000779800000, 0x000000077af80000, 0x0000000783e00000)
  object space 24064K, 99% used [0x0000000779800000,0x000000077af66f18,0x000000077af80000)
Event: 2,422 GC heap after
Heap after GC invocations=2 (full 0):
 PSYoungGen      total 37376K, used 5102K [0x00000007d6a00000, 0x00000007d9380000, 0x0000000800000000)
  eden space 32256K, 0% used [0x00000007d6a00000,0x00000007d6a00000,0x00000007d8980000)
  from space 5120K, 99% used [0x00000007d8e80000,0x00000007d937bb40,0x00000007d9380000)
  to   space 5120K, 0% used [0x00000007d8980000,0x00000007d8980000,0x00000007d8e80000)
 ParOldGen       total 84480K, used 10721K [0x0000000783e00000, 0x0000000789080000, 0x00000007d6a00000)
  object space 84480K, 12% used [0x0000000783e00000,0x00000007848787a0,0x0000000789080000)
 PSPermGen       total 24064K, used 23963K [0x0000000779800000, 0x000000077af80000, 0x0000000783e00000)
  object space 24064K, 99% used [0x0000000779800000,0x000000077af66f18,0x000000077af80000)
}
Event: 2,755 GC heap before
{Heap before GC invocations=3 (full 0):
 PSYoungGen      total 37376K, used 37358K [0x00000007d6a00000, 0x00000007d9380000, 0x0000000800000000)
  eden space 32256K, 100% used [0x00000007d6a00000,0x00000007d8980000,0x00000007d8980000)
  from space 5120K, 99% used [0x00000007d8e80000,0x00000007d937bb40,0x00000007d9380000)
  to   space 5120K, 0% used [0x00000007d8980000,0x00000007d8980000,0x00000007d8e80000)
 ParOldGen       total 84480K, used 10721K [0x0000000783e00000, 0x0000000789080000, 0x00000007d6a00000)
  object space 84480K, 12% used [0x0000000783e00000,0x00000007848787a0,0x0000000789080000)
 PSPermGen       total 25088K, used 24927K [0x0000000779800000, 0x000000077b080000, 0x0000000783e00000)
  object space 25088K, 99% used [0x0000000779800000,0x000000077b057f88,0x000000077b080000)
Event: 2,761 GC heap after
Heap after GC invocations=3 (full 0):
 PSYoungGen      total 37376K, used 5108K [0x00000007d6a00000, 0x00000007db300000, 0x0000000800000000)
  eden space 32256K, 0% used [0x00000007d6a00000,0x00000007d6a00000,0x00000007d8980000)
  from space 5120K, 99% used [0x00000007d8980000,0x00000007d8e7d2d8,0x00000007d8e80000)
  to   space 5120K, 0% used [0x00000007dae00000,0x00000007dae00000,0x00000007db300000)
 ParOldGen       total 84480K, used 12895K [0x0000000783e00000, 0x0000000789080000, 0x00000007d6a00000)
  object space 84480K, 15% used [0x0000000783e00000,0x0000000784a97e58,0x0000000789080000)
 PSPermGen       total 25088K, used 24927K [0x0000000779800000, 0x000000077b080000, 0x0000000783e00000)
  object space 25088K, 99% used [0x0000000779800000,0x000000077b057f88,0x000000077b080000)
}

Deoptimization events (10 events):
Event: 2,941 Thread 0x00007f9c8835a800 Uncommon trap: reason=class_check action=maybe_recompile pc=0x00007f9c850d7a60 method=java.util.regex.Pattern$5.isSatisfiedBy(I)Z @ 5
Event: 2,941 Thread 0x00007f9c8835a800 Uncommon trap: reason=bimorphic action=maybe_recompile pc=0x00007f9c850d9cdc method=java.util.regex.Pattern$Curly.match(Ljava/util/regex/Matcher;ILjava/lang/CharSequence;)Z @ 19
Event: 2,941 Thread 0x00007f9c8835a800 Uncommon trap: reason=class_check action=maybe_recompile pc=0x00007f9c850d7a60 method=java.util.regex.Pattern$5.isSatisfiedBy(I)Z @ 5
Event: 2,941 Thread 0x00007f9c8835a800 Uncommon trap: reason=class_check action=maybe_recompile pc=0x00007f9c850d7a60 method=java.util.regex.Pattern$5.isSatisfiedBy(I)Z @ 5
Event: 2,941 Thread 0x00007f9c8835a800 Uncommon trap: reason=class_check action=maybe_recompile pc=0x00007f9c850d7a60 method=java.util.regex.Pattern$5.isSatisfiedBy(I)Z @ 5
Event: 3,030 Thread 0x00007f9c09955000 Uncommon trap: reason=predicate action=maybe_recompile pc=0x00007f9c851199b4 method=java.lang.Class.getConstructor0([Ljava/lang/Class;I)Ljava/lang/reflect/Constructor; @ 32
Event: 3,030 Thread 0x00007f9c09955000 Uncommon trap: reason=unstable_if action=reinterpret pc=0x00007f9c850f8674 method=java.lang.Class.arrayContentsEq([Ljava/lang/Object;[Ljava/lang/Object;)Z @ 1
Event: 3,089 Thread 0x00007f9c09955000 Uncommon trap: reason=unstable_if action=reinterpret pc=0x00007f9c8511dff4 method=java.lang.ref.SoftReference.get()Ljava/lang/Object; @ 6
Event: 3,089 Thread 0x00007f9c09955000 Uncommon trap: reason=unstable_if action=reinterpret pc=0x00007f9c85131cf4 method=java.nio.charset.CharsetDecoder.decode(Ljava/nio/ByteBuffer;Ljava/nio/CharBuffer;Z)Ljava/nio/charset/CoderResult; @ 1
Event: 3,089 Thread 0x00007f9c09955000 Uncommon trap: reason=unstable_if action=reinterpret pc=0x00007f9c850a5968 method=java.lang.reflect.Modifier.isPublic(I)Z @ 3

Internal exceptions (10 events):
Event: 3,030 Thread 0x00007f9c09955000 Implicit null exception at 0x00007f9c851194df to 0x00007f9c85119999
Event: 3,030 Thread 0x00007f9c09955000 Implicit null exception at 0x00007f9c850f85ec to 0x00007f9c850f8661
Event: 3,031 Thread 0x00007f9c8835a800 Threw 0x00000007d7fa7790 at /build/openjdk-7-zaTxYK/openjdk-7-7u91-2.6.3/build/openjdk/hotspot/src/share/vm/prims/jvm.cpp:1322
Event: 3,084 Thread 0x00007f9c8835a800 Threw 0x00000007d7faeed8 at /build/openjdk-7-zaTxYK/openjdk-7-7u91-2.6.3/build/openjdk/hotspot/src/share/vm/prims/jvm.cpp:1322
Event: 3,099 Thread 0x00007f9c09955000 Threw 0x00000007d808b170 at /build/openjdk-7-zaTxYK/openjdk-7-7u91-2.6.3/build/openjdk/hotspot/src/share/vm/prims/jvm.cpp:1322
Event: 3,104 Thread 0x00007f9c8835a800 Threw 0x00000007d7fc5920 at /build/openjdk-7-zaTxYK/openjdk-7-7u91-2.6.3/build/openjdk/hotspot/src/share/vm/prims/jvm.cpp:1322
Event: 3,155 Thread 0x00007f9c09955000 Threw 0x00000007d80fd6e0 at /build/openjdk-7-zaTxYK/openjdk-7-7u91-2.6.3/build/openjdk/hotspot/src/share/vm/prims/jni.cpp:747
Event: 6,128 Thread 0x00007f9c09955000 Threw 0x00000007d82eb7b0 at /build/openjdk-7-zaTxYK/openjdk-7-7u91-2.6.3/build/openjdk/hotspot/src/share/vm/prims/jni.cpp:747
Event: 6,140 Thread 0x00007f9c88337800 Threw 0x00000007d80d8f30 at /build/openjdk-7-zaTxYK/openjdk-7-7u91-2.6.3/build/openjdk/hotspot/src/share/vm/classfile/systemDictionary.cpp:183
Event: 6,140 Thread 0x00007f9c88337800 Threw 0x00000007d80d91c0 at /build/openjdk-7-zaTxYK/openjdk-7-7u91-2.6.3/build/openjdk/hotspot/src/share/vm/classfile/systemDictionary.cpp:183

Events (10 events):
Event: 7,141 loading class 0x00007f9c3402b7f0
Event: 7,141 Thread 0x00007f9c8835a800 Thread added: 0x00007f9c8835a800
Event: 7,141 Thread 0x00007f9c1c042800 Thread exited: 0x00007f9c1c042800
Event: 7,141 loading class 0x00007f9c340c36d0
Event: 7,141 loading class 0x00007f9c340c36d0 done
Event: 7,141 loading class 0x00007f9c3402b7f0 done
Event: 7,141 Thread 0x00007f9c8835a800 Thread exited: 0x00007f9c8835a800
Event: 7,142 Thread 0x00007f9c8833c800 Thread exited: 0x00007f9c8833c800
Event: 7,142 Thread 0x00007f9c8833b800 Thread exited: 0x00007f9c8833b800
Event: 7,142 Thread 0x00007f9c8800b800 Thread exited: 0x00007f9c8800b800


Dynamic libraries:
00400000-00401000 r-xp 00000000 08:02 6959559                            /usr/lib/jvm/java-7-openjdk-amd64/jre/bin/java
00600000-00601000 r--p 00000000 08:02 6959559                            /usr/lib/jvm/java-7-openjdk-amd64/jre/bin/java
00601000-00602000 rw-p 00001000 08:02 6959559                            /usr/lib/jvm/java-7-openjdk-amd64/jre/bin/java
00aef000-00b10000 rw-p 00000000 00:00 0                                  [heap]
779800000-77b180000 rw-p 00000000 00:00 0 
77b180000-783e00000 rw-p 00000000 00:00 0 
783e00000-789080000 rw-p 00000000 00:00 0 
789080000-7d6a00000 rw-p 00000000 00:00 0 
7d6a00000-7db300000 rw-p 00000000 00:00 0 
7db300000-800000000 rw-p 00000000 00:00 0 
7f9bec000000-7f9bec021000 rw-p 00000000 00:00 0 
7f9bec021000-7f9bf0000000 ---p 00000000 00:00 0 
7f9bf4000000-7f9bf4021000 rw-p 00000000 00:00 0 
7f9bf4021000-7f9bf8000000 ---p 00000000 00:00 0 
7f9bf8000000-7f9bf8243000 rw-p 00000000 00:00 0 
7f9bf8243000-7f9bfc000000 ---p 00000000 00:00 0 
7f9bfc000000-7f9bfc021000 rw-p 00000000 00:00 0 
7f9bfc021000-7f9c00000000 ---p 00000000 00:00 0 
7f9c03fff000-7f9c08000000 rw-s 00000000 00:15 45145365                   /run/shm/pulse-shm-329559327
7f9c08000000-7f9c09a73000 rw-p 00000000 00:00 0 
7f9c09a73000-7f9c0c000000 ---p 00000000 00:00 0 
7f9c0c000000-7f9c0c021000 rw-p 00000000 00:00 0 
7f9c0c021000-7f9c10000000 ---p 00000000 00:00 0 
7f9c10000000-7f9c10021000 rw-p 00000000 00:00 0 
7f9c10021000-7f9c14000000 ---p 00000000 00:00 0 
7f9c14000000-7f9c14032000 rw-p 00000000 00:00 0 
7f9c14032000-7f9c18000000 ---p 00000000 00:00 0 
7f9c18000000-7f9c18030000 rw-p 00000000 00:00 0 
7f9c18030000-7f9c1c000000 ---p 00000000 00:00 0 
7f9c1c000000-7f9c1c17c000 rw-p 00000000 00:00 0 
7f9c1c17c000-7f9c20000000 ---p 00000000 00:00 0 
7f9c20000000-7f9c20021000 rw-p 00000000 00:00 0 
7f9c20021000-7f9c24000000 ---p 00000000 00:00 0 
7f9c24000000-7f9c24021000 rw-p 00000000 00:00 0 
7f9c24021000-7f9c28000000 ---p 00000000 00:00 0 
7f9c28000000-7f9c28021000 rw-p 00000000 00:00 0 
7f9c28021000-7f9c2c000000 ---p 00000000 00:00 0 
7f9c2c000000-7f9c2c021000 rw-p 00000000 00:00 0 
7f9c2c021000-7f9c30000000 ---p 00000000 00:00 0 
7f9c30000000-7f9c3065f000 rw-p 00000000 00:00 0 
7f9c3065f000-7f9c34000000 ---p 00000000 00:00 0 
7f9c34000000-7f9c346fa000 rw-p 00000000 00:00 0 
7f9c346fa000-7f9c38000000 ---p 00000000 00:00 0 
7f9c38000000-7f9c38021000 rw-p 00000000 00:00 0 
7f9c38021000-7f9c3c000000 ---p 00000000 00:00 0 
7f9c3c000000-7f9c3c021000 rw-p 00000000 00:00 0 
7f9c3c021000-7f9c40000000 ---p 00000000 00:00 0 
7f9c40000000-7f9c40021000 rw-p 00000000 00:00 0 
7f9c40021000-7f9c44000000 ---p 00000000 00:00 0 
7f9c47cc0000-7f9c4c000000 rw-p 00000000 00:00 0 
7f9c4c000000-7f9c4c021000 rw-p 00000000 00:00 0 
7f9c4c021000-7f9c50000000 ---p 00000000 00:00 0 
7f9c50000000-7f9c50021000 rw-p 00000000 00:00 0 
7f9c50021000-7f9c54000000 ---p 00000000 00:00 0 
7f9c54000000-7f9c54021000 rw-p 00000000 00:00 0 
7f9c54021000-7f9c58000000 ---p 00000000 00:00 0 
7f9c5c000000-7f9c5c021000 rw-p 00000000 00:00 0 
7f9c5c021000-7f9c60000000 ---p 00000000 00:00 0 
7f9c60e62000-7f9c61262000 rw-s 9c0a7000 00:05 529                        /dev/nvidiactl
7f9c61663000-7f9c61e65000 rw-p 00000000 00:00 0 
7f9c63370000-7f9c63373000 ---p 00000000 00:00 0 
7f9c63373000-7f9c63471000 rw-p 00000000 00:00 0                          [stack:6167]
7f9c63471000-7f9c634c1000 r-xp 00000000 08:02 6956304                    /usr/lib/x86_64-linux-gnu/liblcms2.so.2.0.5
7f9c634c1000-7f9c636c0000 ---p 00050000 08:02 6956304                    /usr/lib/x86_64-linux-gnu/liblcms2.so.2.0.5
7f9c636c0000-7f9c636c1000 r--p 0004f000 08:02 6956304                    /usr/lib/x86_64-linux-gnu/liblcms2.so.2.0.5
7f9c636c1000-7f9c636c6000 rw-p 00050000 08:02 6956304                    /usr/lib/x86_64-linux-gnu/liblcms2.so.2.0.5
7f9c636c6000-7f9c636ca000 r-xp 00000000 08:02 6960442                    /usr/lib/jvm/java-7-openjdk-amd64/jre/lib/amd64/libjavalcms.so
7f9c636ca000-7f9c638c9000 ---p 00004000 08:02 6960442                    /usr/lib/jvm/java-7-openjdk-amd64/jre/lib/amd64/libjavalcms.so
7f9c638c9000-7f9c638ca000 r--p 00003000 08:02 6960442                    /usr/lib/jvm/java-7-openjdk-amd64/jre/lib/amd64/libjavalcms.so
7f9c638ca000-7f9c638cb000 rw-p 00004000 08:02 6960442                    /usr/lib/jvm/java-7-openjdk-amd64/jre/lib/amd64/libjavalcms.so
7f9c638cb000-7f9c6390e000 r-xp 00000000 08:02 6956286                    /usr/lib/x86_64-linux-gnu/libjpeg.so.8.0.2
7f9c6390e000-7f9c63b0e000 ---p 00043000 08:02 6956286                    /usr/lib/x86_64-linux-gnu/libjpeg.so.8.0.2
7f9c63b0e000-7f9c63b0f000 r--p 00043000 08:02 6956286                    /usr/lib/x86_64-linux-gnu/libjpeg.so.8.0.2
7f9c63b0f000-7f9c63b10000 rw-p 00044000 08:02 6956286                    /usr/lib/x86_64-linux-gnu/libjpeg.so.8.0.2
7f9c63b10000-7f9c63b20000 rw-p 00000000 00:00 0 
7f9c63b20000-7f9c63b2a000 r-xp 00000000 08:02 6960420                    /usr/lib/jvm/java-7-openjdk-amd64/jre/lib/amd64/libjavajpeg.so
7f9c63b2a000-7f9c63d29000 ---p 0000a000 08:02 6960420                    /usr/lib/jvm/java-7-openjdk-amd64/jre/lib/amd64/libjavajpeg.so
7f9c63d29000-7f9c63d2a000 r--p 00009000 08:02 6960420                    /usr/lib/jvm/java-7-openjdk-amd64/jre/lib/amd64/libjavajpeg.so
7f9c63d2a000-7f9c63d2b000 rw-p 0000a000 08:02 6960420                    /usr/lib/jvm/java-7-openjdk-amd64/jre/lib/amd64/libjavajpeg.so
7f9c63d2b000-7f9c63dff000 r-xp 00000000 08:02 6960441                    /usr/lib/jvm/java-7-openjdk-amd64/jre/lib/amd64/libmlib_image.so
7f9c63dff000-7f9c63ffe000 ---p 000d4000 08:02 6960441                    /usr/lib/jvm/java-7-openjdk-amd64/jre/lib/amd64/libmlib_image.so
7f9c63ffe000-7f9c63fff000 r--p 000d3000 08:02 6960441                    /usr/lib/jvm/java-7-openjdk-amd64/jre/lib/amd64/libmlib_image.so
7f9c63fff000-7f9c64000000 rw-p 000d4000 08:02 6960441                    /usr/lib/jvm/java-7-openjdk-amd64/jre/lib/amd64/libmlib_image.so
7f9c64000000-7f9c64021000 rw-p 00000000 00:00 0 
7f9c64021000-7f9c68000000 ---p 00000000 00:00 0 
7f9c680a5000-7f9c680a8000 ---p 00000000 00:00 0 
7f9c680a8000-7f9c681a6000 rw-p 00000000 00:00 0                          [stack:6163]
7f9c681a6000-7f9c681a7000 ---p 00000000 00:00 0 
7f9c681a7000-7f9c682a7000 rw-p 00000000 00:00 0                          [stack:6162]
7f9c682a7000-7f9c682a8000 ---p 00000000 00:00 0 
7f9c682a8000-7f9c68aa8000 rw-p 00000000 00:00 0                          [stack:6161]
7f9c68aa8000-7f9c68aaf000 r-xp 00000000 08:02 6956392                    /usr/lib/x86_64-linux-gnu/libogg.so.0.8.1
7f9c68aaf000-7f9c68caf000 ---p 00007000 08:02 6956392                    /usr/lib/x86_64-linux-gnu/libogg.so.0.8.1
7f9c68caf000-7f9c68cb0000 r--p 00007000 08:02 6956392                    /usr/lib/x86_64-linux-gnu/libogg.so.0.8.1
7f9c68cb0000-7f9c68cb1000 rw-p 00008000 08:02 6956392                    /usr/lib/x86_64-linux-gnu/libogg.so.0.8.1
7f9c68cb1000-7f9c68cdd000 r-xp 00000000 08:02 6956627                    /usr/lib/x86_64-linux-gnu/libvorbis.so.0.4.5
7f9c68cdd000-7f9c68edc000 ---p 0002c000 08:02 6956627                    /usr/lib/x86_64-linux-gnu/libvorbis.so.0.4.5
7f9c68edc000-7f9c68edd000 r--p 0002b000 08:02 6956627                    /usr/lib/x86_64-linux-gnu/libvorbis.so.0.4.5
7f9c68edd000-7f9c68ede000 rw-p 0002c000 08:02 6956627                    /usr/lib/x86_64-linux-gnu/libvorbis.so.0.4.5
7f9c68ede000-7f9c69191000 r-xp 00000000 08:02 6956629                    /usr/lib/x86_64-linux-gnu/libvorbisenc.so.2.0.8
7f9c69191000-7f9c69390000 ---p 002b3000 08:02 6956629                    /usr/lib/x86_64-linux-gnu/libvorbisenc.so.2.0.8
7f9c69390000-7f9c693ac000 r--p 002b2000 08:02 6956629                    /usr/lib/x86_64-linux-gnu/libvorbisenc.so.2.0.8
7f9c693ac000-7f9c693ad000 rw-p 002ce000 08:02 6956629                    /usr/lib/x86_64-linux-gnu/libvorbisenc.so.2.0.8
7f9c693ad000-7f9c693dd000 r-xp 00000000 08:02 6947501                    /usr/lib/x86_64-linux-gnu/libFLAC.so.8.3.0
7f9c693dd000-7f9c695dc000 ---p 00030000 08:02 6947501                    /usr/lib/x86_64-linux-gnu/libFLAC.so.8.3.0
7f9c695dc000-7f9c695dd000 r--p 0002f000 08:02 6947501                    /usr/lib/x86_64-linux-gnu/libFLAC.so.8.3.0
7f9c695dd000-7f9c695de000 rw-p 00030000 08:02 6947501                    /usr/lib/x86_64-linux-gnu/libFLAC.so.8.3.0
7f9c695de000-7f9c695e3000 r-xp 00000000 08:02 6955860                    /usr/lib/x86_64-linux-gnu/libasyncns.so.0.3.1
7f9c695e3000-7f9c697e2000 ---p 00005000 08:02 6955860                    /usr/lib/x86_64-linux-gnu/libasyncns.so.0.3.1
7f9c697e2000-7f9c697e3000 r--p 00004000 08:02 6955860                    /usr/lib/x86_64-linux-gnu/libasyncns.so.0.3.1
7f9c697e3000-7f9c697e4000 rw-p 00005000 08:02 6955860                    /usr/lib/x86_64-linux-gnu/libasyncns.so.0.3.1
7f9c697e4000-7f9c69845000 r-xp 00000000 08:02 6950264                    /usr/lib/x86_64-linux-gnu/libsndfile.so.1.0.25
7f9c69845000-7f9c69a45000 ---p 00061000 08:02 6950264                    /usr/lib/x86_64-linux-gnu/libsndfile.so.1.0.25
7f9c69a45000-7f9c69a47000 r--p 00061000 08:02 6950264                    /usr/lib/x86_64-linux-gnu/libsndfile.so.1.0.25
7f9c69a47000-7f9c69a48000 rw-p 00063000 08:02 6950264                    /usr/lib/x86_64-linux-gnu/libsndfile.so.1.0.25
7f9c69a48000-7f9c69a4c000 rw-p 00000000 00:00 0 
7f9c69a4c000-7f9c69a54000 r-xp 00000000 08:02 1052766                    /lib/x86_64-linux-gnu/libwrap.so.0.7.6
7f9c69a54000-7f9c69c53000 ---p 00008000 08:02 1052766                    /lib/x86_64-linux-gnu/libwrap.so.0.7.6
7f9c69c53000-7f9c69c54000 r--p 00007000 08:02 1052766                    /lib/x86_64-linux-gnu/libwrap.so.0.7.6
7f9c69c54000-7f9c69c55000 rw-p 00008000 08:02 1052766                    /lib/x86_64-linux-gnu/libwrap.so.0.7.6
7f9c69c55000-7f9c69c56000 rw-p 00000000 00:00 0 
7f9c69c56000-7f9c69cbc000 r-xp 00000000 08:02 216                        /usr/lib/x86_64-linux-gnu/pulseaudio/libpulsecommon-4.0.so
7f9c69cbc000-7f9c69ebb000 ---p 00066000 08:02 216                        /usr/lib/x86_64-linux-gnu/pulseaudio/libpulsecommon-4.0.so
7f9c69ebb000-7f9c69ebc000 r--p 00065000 08:02 216                        /usr/lib/x86_64-linux-gnu/pulseaudio/libpulsecommon-4.0.so
7f9c69ebc000-7f9c69ebd000 rw-p 00066000 08:02 216                        /usr/lib/x86_64-linux-gnu/pulseaudio/libpulsecommon-4.0.so
7f9c69ebd000-7f9c69ec7000 r-xp 00000000 08:02 1052648                    /lib/x86_64-linux-gnu/libjson-c.so.2.0.0
7f9c69ec7000-7f9c6a0c6000 ---p 0000a000 08:02 1052648                    /lib/x86_64-linux-gnu/libjson-c.so.2.0.0
7f9c6a0c6000-7f9c6a0c7000 r--p 00009000 08:02 1052648                    /lib/x86_64-linux-gnu/libjson-c.so.2.0.0
7f9c6a0c7000-7f9c6a0c8000 rw-p 0000a000 08:02 1052648                    /lib/x86_64-linux-gnu/libjson-c.so.2.0.0
7f9c6a0c8000-7f9c6a10f000 r-xp 00000000 08:02 6948083                    /usr/lib/x86_64-linux-gnu/libpulse.so.0.16.2
7f9c6a10f000-7f9c6a30f000 ---p 00047000 08:02 6948083                    /usr/lib/x86_64-linux-gnu/libpulse.so.0.16.2
7f9c6a30f000-7f9c6a310000 r--p 00047000 08:02 6948083                    /usr/lib/x86_64-linux-gnu/libpulse.so.0.16.2
7f9c6a310000-7f9c6a311000 rw-p 00048000 08:02 6948083                    /usr/lib/x86_64-linux-gnu/libpulse.so.0.16.2
7f9c6a33a000-7f9c6a3ba000 rw-s b736b000 00:05 529                        /dev/nvidiactl
7f9c6a43a000-7f9c6b6a9000 r-xp 00000000 08:02 7100956                    /usr/lib/nvidia-355/libnvidia-glcore.so.355.11
7f9c6b6a9000-7f9c6b6c9000 rwxp 0126f000 08:02 7100956                    /usr/lib/nvidia-355/libnvidia-glcore.so.355.11
7f9c6b6c9000-7f9c6ba38000 r-xp 0128f000 08:02 7100956                    /usr/lib/nvidia-355/libnvidia-glcore.so.355.11
7f9c6ba38000-7f9c6bc38000 ---p 015fe000 08:02 7100956                    /usr/lib/nvidia-355/libnvidia-glcore.so.355.11
7f9c6bc38000-7f9c6bfec000 rw-p 015fe000 08:02 7100956                    /usr/lib/nvidia-355/libnvidia-glcore.so.355.11
7f9c6bfec000-7f9c6c000000 rw-p 00000000 00:00 0 
7f9c6c000000-7f9c6c021000 rw-p 00000000 00:00 0 
7f9c6c021000-7f9c70000000 ---p 00000000 00:00 0 
7f9c70020000-7f9c70025000 r--s 0004e000 08:02 6960473                    /usr/lib/jvm/java-7-openjdk-amd64/jre/lib/jsse.jar
7f9c70181000-7f9c70258000 rw-s 00000000 00:04 288784445                  /SYSV00000000 (deleted)
7f9c70258000-7f9c7035c000 rw-s 11d70000 00:05 529                        /dev/nvidiactl
7f9c7035c000-7f9c7035f000 r-xp 00000000 08:02 8533                       /usr/lib/nvidia-355/tls/libnvidia-tls.so.355.11
7f9c7035f000-7f9c7055f000 ---p 00003000 08:02 8533                       /usr/lib/nvidia-355/tls/libnvidia-tls.so.355.11
7f9c7055f000-7f9c70560000 rw-p 00003000 08:02 8533                       /usr/lib/nvidia-355/tls/libnvidia-tls.so.355.11
7f9c70560000-7f9c7061d000 r-xp 00000000 08:02 7100953                    /usr/lib/nvidia-355/libGL.so.355.11
7f9c7061d000-7f9c70650000 rwxp 000bd000 08:02 7100953                    /usr/lib/nvidia-355/libGL.so.355.11
7f9c70650000-7f9c70662000 r-xp 000f0000 08:02 7100953                    /usr/lib/nvidia-355/libGL.so.355.11
7f9c70662000-7f9c70861000 ---p 00102000 08:02 7100953                    /usr/lib/nvidia-355/libGL.so.355.11
7f9c70861000-7f9c70889000 rw-p 00101000 08:02 7100953                    /usr/lib/nvidia-355/libGL.so.355.11
7f9c70889000-7f9c7088f000 rw-p 00000000 00:00 0 
7f9c7088f000-7f9c70892000 ---p 00000000 00:00 0 
7f9c70892000-7f9c708c8000 rw-p 00000000 00:00 0                          [stack:6158]
7f9c708c8000-7f9c708cc000 r-xp 00000000 08:02 6955825                    /usr/lib/x86_64-linux-gnu/libXxf86vm.so.1.0.0
7f9c708cc000-7f9c70acc000 ---p 00004000 08:02 6955825                    /usr/lib/x86_64-linux-gnu/libXxf86vm.so.1.0.0
7f9c70acc000-7f9c70acd000 r--p 00004000 08:02 6955825                    /usr/lib/x86_64-linux-gnu/libXxf86vm.so.1.0.0
7f9c70acd000-7f9c70ace000 rw-p 00005000 08:02 6955825                    /usr/lib/x86_64-linux-gnu/libXxf86vm.so.1.0.0
7f9c70ace000-7f9c70ad7000 r-xp 00000000 08:02 6955807                    /usr/lib/x86_64-linux-gnu/libXrandr.so.2.2.0
7f9c70ad7000-7f9c70cd6000 ---p 00009000 08:02 6955807                    /usr/lib/x86_64-linux-gnu/libXrandr.so.2.2.0
7f9c70cd6000-7f9c70cd7000 r--p 00008000 08:02 6955807                    /usr/lib/x86_64-linux-gnu/libXrandr.so.2.2.0
7f9c70cd7000-7f9c70cd8000 rw-p 00009000 08:02 6955807                    /usr/lib/x86_64-linux-gnu/libXrandr.so.2.2.0
7f9c70cd8000-7f9c70d48000 r-xp 00000000 08:02 3300972                    /home/roah/Documents/Jmonkey/3.1/MultiverseKing_Latest_2/MultiverseKing_JME/MultiverseKingBattle/liblwjgl64.so
7f9c70d48000-7f9c70f48000 ---p 00070000 08:02 3300972                    /home/roah/Documents/Jmonkey/3.1/MultiverseKing_Latest_2/MultiverseKing_JME/MultiverseKingBattle/liblwjgl64.so
7f9c70f48000-7f9c70f4a000 r--p 00070000 08:02 3300972                    /home/roah/Documents/Jmonkey/3.1/MultiverseKing_Latest_2/MultiverseKing_JME/MultiverseKingBattle/liblwjgl64.so
7f9c70f4a000-7f9c70f4b000 rw-p 00072000 08:02 3300972                    /home/roah/Documents/Jmonkey/3.1/MultiverseKing_Latest_2/MultiverseKing_JME/MultiverseKingBattle/liblwjgl64.so
7f9c70f4b000-7f9c70f4c000 r-xp 00000000 08:02 6960454                    /usr/lib/jvm/java-7-openjdk-amd64/jre/lib/amd64/libjawt.so
7f9c70f4c000-7f9c7114b000 ---p 00001000 08:02 6960454                    /usr/lib/jvm/java-7-openjdk-amd64/jre/lib/amd64/libjawt.so
7f9c7114b000-7f9c7114c000 r--p 00000000 08:02 6960454                    /usr/lib/jvm/java-7-openjdk-amd64/jre/lib/amd64/libjawt.so
7f9c7114c000-7f9c7114d000 rw-p 00001000 08:02 6960454                    /usr/lib/jvm/java-7-openjdk-amd64/jre/lib/amd64/libjawt.so
7f9c7114d000-7f9c711a2000 r-xp 00000000 08:02 3300975                    /home/roah/Documents/Jmonkey/3.1/MultiverseKing_Latest_2/MultiverseKing_JME/MultiverseKingBattle/libopenal64.so
7f9c711a2000-7f9c713a1000 ---p 00055000 08:02 3300975                    /home/roah/Documents/Jmonkey/3.1/MultiverseKing_Latest_2/MultiverseKing_JME/MultiverseKingBattle/libopenal64.so
7f9c713a1000-7f9c713a4000 r--p 00054000 08:02 3300975                    /home/roah/Documents/Jmonkey/3.1/MultiverseKing_Latest_2/MultiverseKing_JME/MultiverseKingBattle/libopenal64.so
7f9c713a4000-7f9c713a5000 rw-p 00057000 08:02 3300975                    /home/roah/Documents/Jmonkey/3.1/MultiverseKing_Latest_2/MultiverseKing_JME/MultiverseKingBattle/libopenal64.so
7f9c713a5000-7f9c713a6000 rw-p 00000000 00:00 0 
7f9c714db000-7f9c714e7000 r--p 00000000 08:02 135613                     /usr/share/locale-langpack/fr/LC_MESSAGES/pulseaudio.mo
7f9c7150d000-7f9c71510000 ---p 00000000 00:00 0 
7f9c71510000-7f9c7160e000 rw-p 00000000 00:00 0 
7f9c7160e000-7f9c71660000 r-xp 00000000 08:02 6960425                    /usr/lib/jvm/java-7-openjdk-amd64/jre/lib/amd64/libfontmanager.so
7f9c71660000-7f9c71860000 ---p 00052000 08:02 6960425                    /usr/lib/jvm/java-7-openjdk-amd64/jre/lib/amd64/libfontmanager.so
7f9c71860000-7f9c71863000 r--p 00052000 08:02 6960425                    /usr/lib/jvm/java-7-openjdk-amd64/jre/lib/amd64/libfontmanager.so
7f9c71863000-7f9c71864000 rw-p 00055000 08:02 6960425                    /usr/lib/jvm/java-7-openjdk-amd64/jre/lib/amd64/libfontmanager.so
7f9c71864000-7f9c71867000 ---p 00000000 00:00 0 
7f9c71867000-7f9c71965000 rw-p 00000000 00:00 0 
7f9c71965000-7f9c71968000 ---p 00000000 00:00 0 
7f9c71968000-7f9c71a66000 rw-p 00000000 00:00 0 
7f9c71a66000-7f9c71a69000 ---p 00000000 00:00 0 
7f9c71a69000-7f9c71b67000 rw-p 00000000 00:00 0 
7f9c71b67000-7f9c71b6a000 ---p 00000000 00:00 0 
7f9c71b6a000-7f9c71c68000 rw-p 00000000 00:00 0 
7f9c71c68000-7f9c71c6b000 ---p 00000000 00:00 0 
7f9c71c6b000-7f9c71d69000 